Host di esecuzione: dellsrv5
Data: Wed Apr 3 16:53:04 CEST 2019
Directory: /home/jgottard/ns-3/ns-3.26
Questo job viene eseguito sui seguenti nodi:
dellsrv5
PBS_WORKDIR=/home/jgottard
Launching job for execution
after set
Start main urban
numNodes = 333
startingNode = 0
roffTest= "/home/jgottard/ns-3/ns-3.26/out/scenario-urbano/roff/roff-1554303185112.csv"
run = 0
numNodes = 333
startingNode = 0
1 
11 
15 
2.9 
2.99 
3 
end conf chan 
id= 24 nodePhase= 0 headerPhase= 0
id= 47 nodePhase= 1 headerPhase= 1
id= 72 nodePhase= 2 headerPhase= 2
id= 97 nodePhase= 3 headerPhase= 3
id= 122 nodePhase= 4 headerPhase= 4
id= 147 nodePhase= 5 headerPhase= 5
id= 172 nodePhase= 6 headerPhase= 6
id= 197 nodePhase= 7 headerPhase= 7
id= 222 nodePhase= 8 headerPhase= 8
id= 247 nodePhase= 9 headerPhase= 9
id= 272 nodePhase= 10 headerPhase= 10
id= 297 nodePhase= 11 headerPhase= 11
id= 322 nodePhase= 12 headerPhase= 12
id= 332 nodePhase= 13 headerPhase= 13
