Host di esecuzione: dellsrv2
Data: Mon Mar 4 15:16:07 CET 2019
Directory: /home/jgottard/ns-3/ns-3.26
Questo job viene eseguito sui seguenti nodi:
dellsrv2
PBS_WORKDIR=/home/jgottard
Launching job for execution
after set
Start main urban
numNodes = 1776
startingNode = 310
run = 0
numNodes = 1776
startingNode = 310
0
100
200
300
400
500
600
700
800
s= 1at time= Mon Mar  4 15:16:17 2019

0
100
200
300
400
500
600
700
800
s= 1at time= Tue Mar  5 06:56:51 2019

0
100
200
300
400
500
600
700
800
s= 1at time= Tue Mar  5 23:23:02 2019

0
100
200
300
400
500
600
700
800
s= 1at time= Wed Mar  6 17:34:55 2019

0
100
200
300
400
500
600
700
800
s= 1at time= Thu Mar  7 11:38:57 2019

