Host di esecuzione: hpblade16
Data: Sun Jan 13 16:25:03 CET 2019
Directory: /home/jgottard/ns-3/ns-3.26
Questo job viene eseguito sui seguenti nodi:
hpblade16
PBS_WORKDIR=/home/jgottard
Launching job for execution
after set
Start main urban
numNodes = 2395
startingNode = 563
run = 0
numNodes = 2395
startingNode = 782
cwMin = 16cwMax = 128
cwMin = 16cwMax = 128
cwMin = 16cwMax = 128
cwMin = 16cwMax = 128
cwMin = 16cwMax = 128
cwMin = 16cwMax = 128
cwMin = 16cwMax = 128
cwMin = 16cwMax = 128
cwMin = 16cwMax = 128
cwMin = 16cwMax = 128
cwMin = 16cwMax = 128
cwMin = 16cwMax = 128
cwMin = 16cwMax = 128
cwMin = 16cwMax = 128
cwMin = 16cwMax = 128
cwMin = 16cwMax = 128
cwMin = 16cwMax = 128
cwMin = 16cwMax = 128
cwMin = 16cwMax = 128
cwMin = 16cwMax = 128
cwMin = 16cwMax = 128
cwMin = 16cwMax = 128
cwMin = 16cwMax = 128
cwMin = 16cwMax = 128
cwMin = 16cwMax = 128
cwMin = 16cwMax = 128
cwMin = 16cwMax = 128
cwMin = 16cwMax = 128
cwMin = 16cwMax = 128
cwMin = 16cwMax = 128
cwMin = 16cwMax = 128
cwMin = 16cwMax = 128
cwMin = 16cwMax = 128
cwMin = 16cwMax = 128
cwMin = 16cwMax = 128
cwMin = 16cwMax = 128
cwMin = 16cwMax = 128
cwMin = 16cwMax = 128
cwMin = 16cwMax = 128
cwMin = 16cwMax = 128
cwMin = 16cwMax = 128
cwMin = 16cwMax = 128
cwMin = 16cwMax = 128
cwMin = 16cwMax = 128
cwMin = 16cwMax = 128
cwMin = 16cwMax = 128
cwMin = 16cwMax = 128
cwMin = 16cwMax = 128
cwMin = 16cwMax = 128
cwMin = 16cwMax = 128
cwMin = 16cwMax = 128
cwMin = 16cwMax = 128
cwMin = 16cwMax = 128
cwMin = 16cwMax = 128
cwMin = 16cwMax = 128
cwMin = 16cwMax = 128
cwMin = 16cwMax = 128
cwMin = 16cwMax = 128
cwMin = 16cwMax = 128
cwMin = 16cwMax = 128
cwMin = 16cwMax = 128
cwMin = 16cwMax = 128
cwMin = 16cwMax = 128
cwMin = 16cwMax = 128
cwMin = 16cwMax = 128
cwMin = 16cwMax = 128
cwMin = 16cwMax = 128
cwMin = 16cwMax = 128
cwMin = 16cwMax = 128
cwMin = 16cwMax = 128
cwMin = 16cwMax = 128
cwMin = 16cwMax = 128
cwMin = 16cwMax = 128
cwMin = 16cwMax = 128
cwMin = 16cwMax = 128
cwMin = 16cwMax = 128
cwMin = 16cwMax = 128
cwMin = 16cwMax = 128
cwMin = 16cwMax = 128
cwMin = 16cwMax = 128
cwMin = 16cwMax = 128
cwMin = 16cwMax = 128
cwMin = 16cwMax = 128
cwMin = 16cwMax = 128
cwMin = 16cwMax = 128
cwMin = 16cwMax = 128
cwMin = 16cwMax = 128
cwMin = 16cwMax = 128
cwMin = 16cwMax = 128
cwMin = 16cwMax = 128
cwMin = 16cwMax = 128
cwMin = 16cwMax = 128
cwMin = 16cwMax = 128
cwMin = 16cwMax = 128
cwMin = 16cwMax = 128
cwMin = 16cwMax = 128
cwMin = 16cwMax = 128
cwMin = 16cwMax = 128
cwMin = 16cwMax = 128
cwMin = 16cwMax = 128
cwMin = 16cwMax = 128
cwMin = 16cwMax = 128
cwMin = 16cwMax = 128
cwMin = 16cwMax = 128
cwMin = 16cwMax = 128
cwMin = 16cwMax = 128
cwMin = 16cwMax = 128
cwMin = 16cwMax = 128
cwMin = 16cwMax = 128
cwMin = 16cwMax = 128
cwMin = 16cwMax = 128
cwMin = 16cwMax = 128
cwMin = 16cwMax = 128
cwMin = 16cwMax = 128
cwMin = 16cwMax = 128
cwMin = 16cwMax = 128
cwMin = 16cwMax = 128
cwMin = 16cwMax = 128
cwMin = 16cwMax = 128
cwMin = 16cwMax = 128
cwMin = 16cwMax = 128
cwMin = 16cwMax = 128
cwMin = 16cwMax = 128
cwMin = 16cwMax = 128
cwMin = 16cwMax = 128
cwMin = 16cwMax = 128
cwMin = 16cwMax = 128
cwMin = 16cwMax = 128
cwMin = 16cwMax = 128
cwMin = 16cwMax = 128
cwMin = 16cwMax = 128
cwMin = 16cwMax = 128
cwMin = 16cwMax = 128
cwMin = 16cwMax = 128
cwMin = 16cwMax = 128
cwMin = 16cwMax = 128
cwMin = 16cwMax = 128
cwMin = 16cwMax = 128
cwMin = 16cwMax = 128
cwMin = 16cwMax = 128
cwMin = 16cwMax = 128
cwMin = 16cwMax = 128
cwMin = 16cwMax = 128
cwMin = 16cwMax = 128
cwMin = 16cwMax = 128
cwMin = 16cwMax = 128
cwMin = 16cwMax = 128
cwMin = 16cwMax = 128
cwMin = 16cwMax = 128
cwMin = 16cwMax = 128
cwMin = 16cwMax = 128
cwMin = 16cwMax = 128
cwMin = 16cwMax = 128
cwMin = 16cwMax = 128
cwMin = 16cwMax = 128
cwMin = 16cwMax = 128
cwMin = 16cwMax = 128
cwMin = 16cwMax = 128
cwMin = 16cwMax = 128
cwMin = 16cwMax = 128
cwMin = 16cwMax = 128
cwMin = 16cwMax = 128
cwMin = 16cwMax = 128
cwMin = 16cwMax = 128
cwMin = 16cwMax = 128
cwMin = 16cwMax = 128
cwMin = 16cwMax = 128
cwMin = 16cwMax = 128
cwMin = 16cwMax = 128
cwMin = 16cwMax = 128
cwMin = 16cwMax = 128
cwMin = 16cwMax = 128
cwMin = 16cwMax = 128
cwMin = 16cwMax = 128
cwMin = 16cwMax = 128
cwMin = 16cwMax = 128
cwMin = 16cwMax = 128
cwMin = 16cwMax = 128
cwMin = 16cwMax = 128
cwMin = 16cwMax = 128
cwMin = 16cwMax = 128
cwMin = 16cwMax = 128
cwMin = 16cwMax = 128
cwMin = 16cwMax = 128
cwMin = 16cwMax = 128
cwMin = 16cwMax = 128
cwMin = 16cwMax = 128
cwMin = 16cwMax = 128
cwMin = 16cwMax = 128
cwMin = 16cwMax = 128
cwMin = 16cwMax = 128
cwMin = 16cwMax = 128
cwMin = 16cwMax = 128
cwMin = 16cwMax = 128
cwMin = 16cwMax = 128
cwMin = 16cwMax = 128
cwMin = 16cwMax = 128
cwMin = 16cwMax = 128
cwMin = 16cwMax = 128
cwMin = 16cwMax = 128
cwMin = 16cwMax = 128
cwMin = 16cwMax = 128
cwMin = 16cwMax = 128
cwMin = 16cwMax = 128
cwMin = 16cwMax = 128
cwMin = 16cwMax = 128
cwMin = 16cwMax = 128
cwMin = 16cwMax = 128
cwMin = 16cwMax = 128
cwMin = 16cwMax = 128
cwMin = 16cwMax = 128
cwMin = 16cwMax = 128
cwMin = 16cwMax = 128
cwMin = 16cwMax = 128
cwMin = 16cwMax = 128
cwMin = 16cwMax = 128
cwMin = 16cwMax = 128
cwMin = 16cwMax = 128
cwMin = 16cwMax = 128
cwMin = 16cwMax = 128
cwMin = 16cwMax = 128
cwMin = 16cwMax = 128
cwMin = 16cwMax = 128
cwMin = 16cwMax = 128
cwMin = 16cwMax = 128
cwMin = 16cwMax = 128
cwMin = 16cwMax = 128
cwMin = 16cwMax = 128
cwMin = 16cwMax = 128
cwMin = 16cwMax = 128
cwMin = 16cwMax = 128
cwMin = 16cwMax = 128
cwMin = 16cwMax = 128
cwMin = 16cwMax = 128
cwMin = 16cwMax = 128
cwMin = 16cwMax = 128
cwMin = 16cwMax = 128
cwMin = 16cwMax = 128
cwMin = 16cwMax = 128
cwMin = 16cwMax = 128
cwMin = 16cwMax = 128
cwMin = 16cwMax = 128
cwMin = 16cwMax = 128
cwMin = 16cwMax = 128
cwMin = 16cwMax = 128
