Host di esecuzione: hpblade13
Data: Tue Jan 29 12:40:02 CET 2019
Directory: /home/jgottard/ns-3/ns-3.26
Questo job viene eseguito sui seguenti nodi:
hpblade13
PBS_WORKDIR=/home/jgottard
Launching job for execution
after set
Start main urban
numNodes = 2855
startingNode = 66
run = 0
numNodes = 2855
startingNode = 488
cwMin = 32cwMax = 1024
cwMin = 32cwMax = 1024
cwMin = 32cwMax = 1024
cwMin = 32cwMax = 1024
cwMin = 32cwMax = 1024
cwMin = 32cwMax = 1024
cwMin = 32cwMax = 1024
cwMin = 32cwMax = 1024
cwMin = 32cwMax = 1024
cwMin = 32cwMax = 1024
cwMin = 32cwMax = 1024
