Host di esecuzione: hpblade16
Data: Sun Jan 27 03:31:03 CET 2019
Directory: /home/jgottard/ns-3/ns-3.26
Questo job viene eseguito sui seguenti nodi:
hpblade16
PBS_WORKDIR=/home/jgottard
Launching job for execution
after set
Start main urban
numNodes = 1775
startingNode = 184
run = 0
numNodes = 1775
startingNode = 1494
cwMin = 16cwMax = 128
cwMin = 16cwMax = 128
cwMin = 16cwMax = 128
cwMin = 16cwMax = 128
cwMin = 16cwMax = 128
cwMin = 16cwMax = 128
cwMin = 16cwMax = 128
cwMin = 16cwMax = 128
cwMin = 16cwMax = 128
cwMin = 16cwMax = 128
cwMin = 16cwMax = 128
cwMin = 16cwMax = 128
cwMin = 16cwMax = 128
cwMin = 16cwMax = 128
cwMin = 16cwMax = 128
cwMin = 16cwMax = 128
cwMin = 16cwMax = 128
cwMin = 16cwMax = 128
cwMin = 16cwMax = 128
cwMin = 16cwMax = 128
cwMin = 16cwMax = 128
cwMin = 16cwMax = 128
cwMin = 16cwMax = 128
cwMin = 16cwMax = 128
cwMin = 16cwMax = 128
cwMin = 16cwMax = 128
cwMin = 16cwMax = 128
cwMin = 16cwMax = 128
cwMin = 16cwMax = 128
cwMin = 16cwMax = 128
cwMin = 16cwMax = 128
cwMin = 16cwMax = 128
cwMin = 16cwMax = 128
cwMin = 16cwMax = 128
cwMin = 16cwMax = 128
cwMin = 16cwMax = 128
cwMin = 16cwMax = 128
cwMin = 16cwMax = 128
cwMin = 16cwMax = 128
cwMin = 16cwMax = 128
cwMin = 16cwMax = 128
cwMin = 16cwMax = 128
cwMin = 16cwMax = 128
cwMin = 16cwMax = 128
cwMin = 16cwMax = 128
cwMin = 16cwMax = 128
cwMin = 16cwMax = 128
cwMin = 16cwMax = 128
cwMin = 16cwMax = 128
cwMin = 16cwMax = 128
cwMin = 16cwMax = 128
cwMin = 16cwMax = 128
cwMin = 16cwMax = 128
cwMin = 16cwMax = 128
cwMin = 16cwMax = 128
cwMin = 16cwMax = 128
cwMin = 16cwMax = 128
cwMin = 16cwMax = 128
cwMin = 16cwMax = 128
cwMin = 16cwMax = 128
cwMin = 16cwMax = 128
cwMin = 16cwMax = 128
cwMin = 16cwMax = 128
cwMin = 16cwMax = 128
cwMin = 16cwMax = 128
cwMin = 16cwMax = 128
cwMin = 16cwMax = 128
cwMin = 16cwMax = 128
cwMin = 16cwMax = 128
cwMin = 16cwMax = 128
cwMin = 16cwMax = 128
cwMin = 16cwMax = 128
cwMin = 16cwMax = 128
cwMin = 16cwMax = 128
cwMin = 16cwMax = 128
cwMin = 16cwMax = 128
cwMin = 16cwMax = 128
cwMin = 16cwMax = 128
cwMin = 16cwMax = 128
cwMin = 16cwMax = 128
cwMin = 16cwMax = 128
cwMin = 16cwMax = 128
cwMin = 16cwMax = 128
cwMin = 16cwMax = 128
cwMin = 16cwMax = 128
cwMin = 16cwMax = 128
cwMin = 16cwMax = 128
cwMin = 16cwMax = 128
cwMin = 16cwMax = 128
cwMin = 16cwMax = 128
cwMin = 16cwMax = 128
cwMin = 16cwMax = 128
cwMin = 16cwMax = 128
cwMin = 16cwMax = 128
cwMin = 16cwMax = 128
cwMin = 16cwMax = 128
cwMin = 16cwMax = 128
cwMin = 16cwMax = 128
cwMin = 16cwMax = 128
cwMin = 16cwMax = 128
cwMin = 16cwMax = 128
cwMin = 16cwMax = 128
cwMin = 16cwMax = 128
cwMin = 16cwMax = 128
cwMin = 16cwMax = 128
cwMin = 16cwMax = 128
cwMin = 16cwMax = 128
cwMin = 16cwMax = 128
cwMin = 16cwMax = 128
cwMin = 16cwMax = 128
cwMin = 16cwMax = 128
cwMin = 16cwMax = 128
cwMin = 16cwMax = 128
cwMin = 16cwMax = 128
cwMin = 16cwMax = 128
cwMin = 16cwMax = 128
cwMin = 16cwMax = 128
cwMin = 16cwMax = 128
cwMin = 16cwMax = 128
cwMin = 16cwMax = 128
cwMin = 16cwMax = 128
cwMin = 16cwMax = 128
cwMin = 16cwMax = 128
cwMin = 16cwMax = 128
cwMin = 16cwMax = 128
cwMin = 16cwMax = 128
cwMin = 16cwMax = 128
cwMin = 16cwMax = 128
cwMin = 16cwMax = 128
cwMin = 16cwMax = 128
cwMin = 16cwMax = 128
cwMin = 16cwMax = 128
cwMin = 16cwMax = 128
cwMin = 16cwMax = 128
cwMin = 16cwMax = 128
cwMin = 16cwMax = 128
cwMin = 16cwMax = 128
cwMin = 16cwMax = 128
cwMin = 16cwMax = 128
cwMin = 16cwMax = 128
cwMin = 16cwMax = 128
cwMin = 16cwMax = 128
cwMin = 16cwMax = 128
cwMin = 16cwMax = 128
cwMin = 16cwMax = 128
cwMin = 16cwMax = 128
cwMin = 16cwMax = 128
cwMin = 16cwMax = 128
cwMin = 16cwMax = 128
cwMin = 16cwMax = 128
cwMin = 16cwMax = 128
cwMin = 16cwMax = 128
cwMin = 16cwMax = 128
cwMin = 16cwMax = 128
cwMin = 16cwMax = 128
cwMin = 16cwMax = 128
cwMin = 16cwMax = 128
cwMin = 16cwMax = 128
cwMin = 16cwMax = 128
cwMin = 16cwMax = 128
cwMin = 16cwMax = 128
cwMin = 16cwMax = 128
cwMin = 16cwMax = 128
cwMin = 16cwMax = 128
cwMin = 16cwMax = 128
cwMin = 16cwMax = 128
cwMin = 16cwMax = 128
cwMin = 16cwMax = 128
cwMin = 16cwMax = 128
cwMin = 16cwMax = 128
cwMin = 16cwMax = 128
cwMin = 16cwMax = 128
cwMin = 16cwMax = 128
cwMin = 16cwMax = 128
cwMin = 16cwMax = 128
cwMin = 16cwMax = 128
cwMin = 16cwMax = 128
cwMin = 16cwMax = 128
cwMin = 16cwMax = 128
cwMin = 16cwMax = 128
cwMin = 16cwMax = 128
cwMin = 16cwMax = 128
cwMin = 16cwMax = 128
cwMin = 16cwMax = 128
cwMin = 16cwMax = 128
cwMin = 16cwMax = 128
cwMin = 16cwMax = 128
cwMin = 16cwMax = 128
cwMin = 16cwMax = 128
cwMin = 16cwMax = 128
cwMin = 16cwMax = 128
cwMin = 16cwMax = 128
cwMin = 16cwMax = 128
cwMin = 16cwMax = 128
cwMin = 16cwMax = 128
cwMin = 16cwMax = 128
cwMin = 16cwMax = 128
cwMin = 16cwMax = 128
cwMin = 16cwMax = 128
cwMin = 16cwMax = 128
cwMin = 16cwMax = 128
cwMin = 16cwMax = 128
cwMin = 16cwMax = 128
cwMin = 16cwMax = 128
cwMin = 16cwMax = 128
cwMin = 16cwMax = 128
cwMin = 16cwMax = 128
cwMin = 16cwMax = 128
cwMin = 16cwMax = 128
cwMin = 16cwMax = 128
cwMin = 16cwMax = 128
cwMin = 16cwMax = 128
cwMin = 16cwMax = 128
cwMin = 16cwMax = 128
cwMin = 16cwMax = 128
cwMin = 16cwMax = 128
cwMin = 16cwMax = 128
cwMin = 16cwMax = 128
cwMin = 16cwMax = 128
cwMin = 16cwMax = 128
cwMin = 16cwMax = 128
cwMin = 16cwMax = 128
cwMin = 16cwMax = 128
cwMin = 16cwMax = 128
cwMin = 16cwMax = 128
cwMin = 16cwMax = 128
cwMin = 16cwMax = 128
cwMin = 16cwMax = 128
cwMin = 16cwMax = 128
cwMin = 16cwMax = 128
cwMin = 16cwMax = 128
cwMin = 16cwMax = 128
cwMin = 16cwMax = 128
cwMin = 16cwMax = 128
cwMin = 16cwMax = 128
cwMin = 16cwMax = 128
cwMin = 16cwMax = 128
cwMin = 16cwMax = 128
cwMin = 16cwMax = 128
cwMin = 16cwMax = 128
cwMin = 16cwMax = 128
cwMin = 16cwMax = 128
cwMin = 16cwMax = 128
cwMin = 16cwMax = 128
cwMin = 16cwMax = 128
cwMin = 16cwMax = 128
cwMin = 16cwMax = 128
cwMin = 16cwMax = 128
cwMin = 16cwMax = 128
cwMin = 16cwMax = 128
cwMin = 16cwMax = 128
cwMin = 16cwMax = 128
cwMin = 16cwMax = 128
cwMin = 16cwMax = 128
cwMin = 16cwMax = 128
cwMin = 16cwMax = 128
cwMin = 16cwMax = 128
cwMin = 16cwMax = 128
cwMin = 16cwMax = 128
cwMin = 16cwMax = 128
cwMin = 16cwMax = 128
cwMin = 16cwMax = 128
cwMin = 16cwMax = 128
cwMin = 16cwMax = 128
cwMin = 16cwMax = 128
cwMin = 16cwMax = 128
cwMin = 16cwMax = 128
cwMin = 16cwMax = 128
cwMin = 16cwMax = 128
cwMin = 16cwMax = 128
cwMin = 16cwMax = 128
cwMin = 16cwMax = 128
cwMin = 16cwMax = 128
cwMin = 16cwMax = 128
cwMin = 16cwMax = 128
cwMin = 16cwMax = 128
cwMin = 16cwMax = 128
cwMin = 16cwMax = 128
cwMin = 16cwMax = 128
cwMin = 16cwMax = 128
cwMin = 16cwMax = 128
cwMin = 16cwMax = 128
cwMin = 16cwMax = 128
cwMin = 16cwMax = 128
cwMin = 16cwMax = 128
cwMin = 16cwMax = 128
cwMin = 16cwMax = 128
cwMin = 16cwMax = 128
cwMin = 16cwMax = 128
cwMin = 16cwMax = 128
cwMin = 16cwMax = 128
cwMin = 16cwMax = 128
cwMin = 16cwMax = 128
cwMin = 16cwMax = 128
cwMin = 16cwMax = 128
cwMin = 16cwMax = 128
cwMin = 16cwMax = 128
cwMin = 16cwMax = 128
cwMin = 16cwMax = 128
cwMin = 16cwMax = 128
cwMin = 16cwMax = 128
cwMin = 16cwMax = 128
cwMin = 16cwMax = 128
cwMin = 16cwMax = 128
cwMin = 16cwMax = 128
cwMin = 16cwMax = 128
cwMin = 16cwMax = 128
cwMin = 16cwMax = 128
cwMin = 16cwMax = 128
cwMin = 16cwMax = 128
cwMin = 16cwMax = 128
cwMin = 16cwMax = 128
cwMin = 16cwMax = 128
cwMin = 16cwMax = 128
cwMin = 16cwMax = 128
cwMin = 16cwMax = 128
cwMin = 16cwMax = 128
cwMin = 16cwMax = 128
cwMin = 16cwMax = 128
cwMin = 16cwMax = 128
cwMin = 16cwMax = 128
cwMin = 16cwMax = 128
cwMin = 16cwMax = 128
cwMin = 16cwMax = 128
cwMin = 16cwMax = 128
cwMin = 16cwMax = 128
cwMin = 16cwMax = 128
cwMin = 16cwMax = 128
cwMin = 16cwMax = 128
cwMin = 16cwMax = 128
cwMin = 16cwMax = 128
cwMin = 16cwMax = 128
cwMin = 16cwMax = 128
cwMin = 16cwMax = 128
cwMin = 16cwMax = 128
cwMin = 16cwMax = 128
cwMin = 16cwMax = 128
cwMin = 16cwMax = 128
cwMin = 16cwMax = 128
cwMin = 16cwMax = 128
cwMin = 16cwMax = 128
cwMin = 16cwMax = 128
cwMin = 16cwMax = 128
cwMin = 16cwMax = 128
cwMin = 16cwMax = 128
cwMin = 16cwMax = 128
cwMin = 16cwMax = 128
cwMin = 16cwMax = 128
cwMin = 16cwMax = 128
cwMin = 16cwMax = 128
cwMin = 16cwMax = 128
cwMin = 16cwMax = 128
cwMin = 16cwMax = 128
cwMin = 16cwMax = 128
cwMin = 16cwMax = 128
cwMin = 16cwMax = 128
cwMin = 16cwMax = 128
cwMin = 16cwMax = 128
cwMin = 16cwMax = 128
cwMin = 16cwMax = 128
cwMin = 16cwMax = 128
cwMin = 16cwMax = 128
cwMin = 16cwMax = 128
cwMin = 16cwMax = 128
cwMin = 16cwMax = 128
cwMin = 16cwMax = 128
cwMin = 16cwMax = 128
cwMin = 16cwMax = 128
cwMin = 16cwMax = 128
cwMin = 16cwMax = 128
cwMin = 16cwMax = 128
cwMin = 16cwMax = 128
cwMin = 16cwMax = 128
cwMin = 16cwMax = 128
cwMin = 16cwMax = 128
cwMin = 16cwMax = 128
cwMin = 16cwMax = 128
cwMin = 16cwMax = 128
cwMin = 16cwMax = 128
cwMin = 16cwMax = 128
cwMin = 16cwMax = 128
cwMin = 16cwMax = 128
cwMin = 16cwMax = 128
cwMin = 16cwMax = 128
cwMin = 16cwMax = 128
cwMin = 16cwMax = 128
cwMin = 16cwMax = 128
cwMin = 16cwMax = 128
cwMin = 16cwMax = 128
cwMin = 16cwMax = 128
cwMin = 16cwMax = 128
cwMin = 16cwMax = 128
cwMin = 16cwMax = 128
cwMin = 16cwMax = 128
cwMin = 16cwMax = 128
cwMin = 16cwMax = 128
cwMin = 16cwMax = 128
cwMin = 16cwMax = 128
cwMin = 16cwMax = 128
cwMin = 16cwMax = 128
cwMin = 16cwMax = 128
cwMin = 16cwMax = 128
cwMin = 16cwMax = 128
cwMin = 16cwMax = 128
cwMin = 16cwMax = 128
cwMin = 16cwMax = 128
cwMin = 16cwMax = 128
cwMin = 16cwMax = 128
cwMin = 16cwMax = 128
cwMin = 16cwMax = 128
cwMin = 16cwMax = 128
cwMin = 16cwMax = 128
cwMin = 16cwMax = 128
cwMin = 16cwMax = 128
cwMin = 16cwMax = 128
cwMin = 16cwMax = 128
cwMin = 16cwMax = 128
cwMin = 16cwMax = 128
cwMin = 16cwMax = 128
cwMin = 16cwMax = 128
cwMin = 16cwMax = 128
cwMin = 16cwMax = 128
cwMin = 16cwMax = 128
cwMin = 16cwMax = 128
cwMin = 16cwMax = 128
cwMin = 16cwMax = 128
cwMin = 16cwMax = 128
cwMin = 16cwMax = 128
cwMin = 16cwMax = 128
cwMin = 16cwMax = 128
cwMin = 16cwMax = 128
cwMin = 16cwMax = 128
cwMin = 16cwMax = 128
cwMin = 16cwMax = 128
cwMin = 16cwMax = 128
cwMin = 16cwMax = 128
cwMin = 16cwMax = 128
cwMin = 16cwMax = 128
cwMin = 16cwMax = 128
cwMin = 16cwMax = 128
cwMin = 16cwMax = 128
cwMin = 16cwMax = 128
cwMin = 16cwMax = 128
cwMin = 16cwMax = 128
cwMin = 16cwMax = 128
cwMin = 16cwMax = 128
cwMin = 16cwMax = 128
cwMin = 16cwMax = 128
cwMin = 16cwMax = 128
cwMin = 16cwMax = 128
cwMin = 16cwMax = 128
cwMin = 16cwMax = 128
cwMin = 16cwMax = 128
cwMin = 16cwMax = 128
cwMin = 16cwMax = 128
cwMin = 16cwMax = 128
cwMin = 16cwMax = 128
cwMin = 16cwMax = 128
cwMin = 16cwMax = 128
cwMin = 16cwMax = 128
cwMin = 16cwMax = 128
cwMin = 16cwMax = 128
cwMin = 16cwMax = 128
cwMin = 16cwMax = 128
cwMin = 16cwMax = 128
cwMin = 16cwMax = 128
cwMin = 16cwMax = 128
cwMin = 16cwMax = 128
cwMin = 16cwMax = 128
cwMin = 16cwMax = 128
cwMin = 16cwMax = 128
cwMin = 16cwMax = 128
cwMin = 16cwMax = 128
cwMin = 16cwMax = 128
cwMin = 16cwMax = 128
cwMin = 16cwMax = 128
cwMin = 16cwMax = 128
cwMin = 16cwMax = 128
cwMin = 16cwMax = 128
cwMin = 16cwMax = 128
cwMin = 16cwMax = 128
cwMin = 16cwMax = 128
cwMin = 16cwMax = 128
cwMin = 16cwMax = 128
cwMin = 16cwMax = 128
cwMin = 16cwMax = 128
cwMin = 16cwMax = 128
cwMin = 16cwMax = 128
cwMin = 16cwMax = 128
cwMin = 16cwMax = 128
cwMin = 16cwMax = 128
cwMin = 16cwMax = 128
cwMin = 16cwMax = 128
cwMin = 16cwMax = 128
cwMin = 16cwMax = 128
cwMin = 16cwMax = 128
cwMin = 16cwMax = 128
cwMin = 16cwMax = 128
cwMin = 16cwMax = 128
cwMin = 16cwMax = 128
cwMin = 16cwMax = 128
cwMin = 16cwMax = 128
cwMin = 16cwMax = 128
cwMin = 16cwMax = 128
cwMin = 16cwMax = 128
cwMin = 16cwMax = 128
cwMin = 16cwMax = 128
cwMin = 16cwMax = 128
cwMin = 16cwMax = 128
cwMin = 16cwMax = 128
cwMin = 16cwMax = 128
cwMin = 16cwMax = 128
cwMin = 16cwMax = 128
cwMin = 16cwMax = 128
cwMin = 16cwMax = 128
cwMin = 16cwMax = 128
cwMin = 16cwMax = 128
cwMin = 16cwMax = 128
cwMin = 16cwMax = 128
cwMin = 16cwMax = 128
cwMin = 16cwMax = 128
cwMin = 16cwMax = 128
cwMin = 16cwMax = 128
cwMin = 16cwMax = 128
cwMin = 16cwMax = 128
cwMin = 16cwMax = 128
cwMin = 16cwMax = 128
cwMin = 16cwMax = 128
cwMin = 16cwMax = 128
cwMin = 16cwMax = 128
cwMin = 16cwMax = 128
cwMin = 16cwMax = 128
cwMin = 16cwMax = 128
cwMin = 16cwMax = 128
cwMin = 16cwMax = 128
cwMin = 16cwMax = 128
cwMin = 16cwMax = 128
cwMin = 16cwMax = 128
cwMin = 16cwMax = 128
cwMin = 16cwMax = 128
cwMin = 16cwMax = 128
cwMin = 16cwMax = 128
cwMin = 16cwMax = 128
cwMin = 16cwMax = 128
cwMin = 16cwMax = 128
cwMin = 16cwMax = 128
cwMin = 16cwMax = 128
cwMin = 16cwMax = 128
cwMin = 16cwMax = 128
cwMin = 16cwMax = 128
cwMin = 16cwMax = 128
cwMin = 16cwMax = 128
cwMin = 16cwMax = 128
cwMin = 16cwMax = 128
cwMin = 16cwMax = 128
cwMin = 16cwMax = 128
cwMin = 16cwMax = 128
cwMin = 16cwMax = 128
cwMin = 16cwMax = 128
cwMin = 16cwMax = 128
cwMin = 16cwMax = 128
cwMin = 16cwMax = 128
cwMin = 16cwMax = 128
cwMin = 16cwMax = 128
cwMin = 16cwMax = 128
cwMin = 16cwMax = 128
cwMin = 16cwMax = 128
cwMin = 16cwMax = 128
cwMin = 16cwMax = 128
cwMin = 16cwMax = 128
cwMin = 16cwMax = 128
cwMin = 16cwMax = 128
cwMin = 16cwMax = 128
cwMin = 16cwMax = 128
cwMin = 16cwMax = 128
cwMin = 16cwMax = 128
cwMin = 16cwMax = 128
cwMin = 16cwMax = 128
cwMin = 16cwMax = 128
cwMin = 16cwMax = 128
cwMin = 16cwMax = 128
cwMin = 16cwMax = 128
cwMin = 16cwMax = 128
cwMin = 16cwMax = 128
cwMin = 16cwMax = 128
cwMin = 16cwMax = 128
