Host di esecuzione: hpblade08
Data: Fri Apr 12 12:00:05 CEST 2019
Directory: /home/jgottard/ns-3/ns-3.26
Questo job viene eseguito sui seguenti nodi:
hpblade08
PBS_WORKDIR=/home/jgottard
Launching job for execution
after set
Start main urban
numNodes = 1776
startingNode = 0
Padova-25/b0/r500/ROFF/Padova-25-b0-r500-ROFF
roffTest= "/home/jgottard/ns-3/ns-3.26/out/scenario-urbano-con-coord/Padova-25/b0/r500/ROFF/Padova-25-b0-r500-ROFF-1555063206246.csv"
run = 0
numNodes = 1776
startingNode = 0
1 
2 
generateHelloTraffic7
generateHelloTraffic6
generateHelloTraffic5
generateHelloTraffic4
generateHelloTraffic3
generateHelloTraffic2
generateHelloTraffic1
generateHelloTraffic0
