Host di esecuzione: dellsrv4
Data: Fri Apr 12 10:22:51 CEST 2019
Directory: /home/jgottard/ns-3/ns-3.26
Questo job viene eseguito sui seguenti nodi:
dellsrv4
PBS_WORKDIR=/home/jgottard
Launching job for execution
after set
Start main urban
numNodes = 1776
numNodes = 1776
startingNode = 0
Topology::LoadTableFromFile filename= ../maps/Padova-25/Padova-25.losses
fileName=Padova-25/b1/r500/Fast-Broadcast/Padova-25-b1-r500-Fast-Broadcast
run = 0
numNodes = 1776
numNodes = 1776
startingNode = 0
Topology::LoadTableFromFile filename= ../maps/Padova-25/Padova-25.losses
not found in file key= 00001517.0 00002723.8 00000000.0 00001511.5 00002382.2 00000000.0
not found in file key= 00001517.0 00002723.8 00000000.0 00000714.6 00002043.1 00000000.0
not found in file key= 00001517.0 00002723.8 00000000.0 00000748.0 00000946.8 00000000.0
not found in file key= 00000748.0 00000946.8 00000000.0 00001511.5 00002382.2 00000000.0
not found in file key= 00000748.0 00000946.8 00000000.0 00001517.0 00002723.8 00000000.0
not found in file key= 00000748.0 00000946.8 00000000.0 00000714.6 00002043.1 00000000.0
not found in file key= 00001511.5 00002382.2 00000000.0 00001517.0 00002723.8 00000000.0
not found in file key= 00001511.5 00002382.2 00000000.0 00000714.6 00002043.1 00000000.0
not found in file key= 00001511.5 00002382.2 00000000.0 00000748.0 00000946.8 00000000.0
