Host di esecuzione: hpblade07
Data: Sun Jan 27 23:18:02 CET 2019
Directory: /home/jgottard/ns-3/ns-3.26
Questo job viene eseguito sui seguenti nodi:
hpblade07
PBS_WORKDIR=/home/jgottard
Launching job for execution
after set
Start main urban
numNodes = 1775
startingNode = 1466
run = 0
numNodes = 1775
startingNode = 1227
cwMin = 32cwMax = 1024
cwMin = 32cwMax = 1024
cwMin = 32cwMax = 1024
cwMin = 32cwMax = 1024
cwMin = 32cwMax = 1024
cwMin = 32cwMax = 1024
cwMin = 32cwMax = 1024
cwMin = 32cwMax = 1024
cwMin = 32cwMax = 1024
cwMin = 32cwMax = 1024
cwMin = 32cwMax = 1024
