Host di esecuzione: dellsrv0
Data: Mon Mar 4 17:57:15 CET 2019
Directory: /home/jgottard/ns-3/ns-3.26
Questo job viene eseguito sui seguenti nodi:
dellsrv0
PBS_WORKDIR=/home/jgottard
Launching job for execution
after set
Start main urban
numNodes = 1776
startingNode = 310
run = 0
numNodes = 1776
startingNode = 310
0
100
200
300
400
500
600
700
800
s= 1at time= Mon Mar  4 17:57:22 2019

0
100
200
300
400
500
600
700
800
s= 1at time= Tue Mar  5 04:14:38 2019

0
100
200
300
400
500
600
700
800
s= 1at time= Tue Mar  5 15:11:30 2019

0
100
200
300
400
500
600
700
800
s= 1at time= Wed Mar  6 03:32:14 2019

0
100
200
300
400
500
600
700
800
s= 1at time= Wed Mar  6 14:36:43 2019

