Host di esecuzione: dellcuda1
Data: Thu Dec 6 18:35:06 CET 2018
Directory: /home/jgottard/ns-3/ns-3.26
Questo job viene eseguito sui seguenti nodi:
dellcuda1
PBS_WORKDIR=/home/jgottard
Launching job for execution
after set
boostdir = /home/jgottard/built/lib
==================================================================================================
/home/jgottard/ns-3/ns-3.26/build:/home/jgottard/ns-3/mpfr_4_0_1/lib:/home/jgottard/ns-3/CGAL_4_11/lib:/usr/local/cuda/lib64:/usr/local/cula/lib64:/usr/local/culasparse/lib64:/home/jgottard/ns-3/boost_1_54_0/lib:/usr/local/cuda/lib64:/usr/local/cula/lib64:/usr/local/culasparse/lib64:/usr/local/cuda/extras/CUPTI/lib64:/export/alt/torque/lib:/usr/lib/libibverbs
after exports
==================================================================================================STAT
  File: '/home/jgottard/ns-3/ns-3.26/build/scratch/vanet-urban'
  Size: 7         	Blocks: 27         IO Block: 32768  directory
Device: 2dh/45d	Inode: 36842149    Links: 2
Access: (0755/drwxr-xr-x)  Uid: (  814/jgottard)   Gid: (  100/   users)
Access: 2018-12-06 15:47:33.692296449 +0100
Modify: 2018-12-06 15:49:34.841307942 +0100
Change: 2018-12-06 15:49:34.841307942 +0100
 Birth: -
================================================================================================== STAT2
  File: '/home/jgottard/ns-3/ns-3.26/build/scratch/vanet-urban'
  Size: 7         	Blocks: 27         IO Block: 32768  directory
Device: 2dh/45d	Inode: 36842149    Links: 2
Access: (0755/drwxr-xr-x)  Uid: (  814/jgottard)   Gid: (  100/   users)
Access: 2018-12-06 15:47:33.692296449 +0100
Modify: 2018-12-06 15:49:34.841307942 +0100
Change: 2018-12-06 15:49:34.841307942 +0100
 Birth: -
Waf: Entering directory `/home/jgottard/ns-3/ns-3.26/build'
Waf: Leaving directory `/home/jgottard/ns-3/ns-3.26/build'
Build commands will be stored in build/compile_commands.json
'build' finished successfully (0.620s)
Start main urban