Host di esecuzione: dellsrv6
Data: Mon Mar 4 15:16:06 CET 2019
Directory: /home/jgottard/ns-3/ns-3.26
Questo job viene eseguito sui seguenti nodi:
dellsrv6
PBS_WORKDIR=/home/jgottard
Launching job for execution
after set
Start main urban
numNodes = 1776
startingNode = 310
run = 0
numNodes = 1776
startingNode = 310
0
100
200
300
400
500
600
700
800
s= 1at time= Mon Mar  4 15:16:16 2019

0
100
200
300
400
500
600
700
800
s= 1at time= Tue Mar  5 04:05:45 2019

0
100
200
300
400
500
600
700
800
s= 1at time= Tue Mar  5 19:44:15 2019

0
100
200
300
400
500
600
700
800
s= 1at time= Wed Mar  6 11:49:58 2019

0
100
200
300
400
500
600
700
800
s= 1at time= Wed Mar  6 23:11:44 2019

