Host di esecuzione: dellsrv0
Data: Fri Apr 12 11:59:08 CEST 2019
Directory: /home/jgottard/ns-3/ns-3.26
Questo job viene eseguito sui seguenti nodi:
dellsrv0
PBS_WORKDIR=/home/jgottard
Launching job for execution
after set
Start main urban
numNodes = 1344
startingNode = 0
Topology::LoadTableFromFile filename= ../maps/Grid-400/Grid-400.losses
Grid-400/b1/r500/ROFF/Grid-400-b1-r500-ROFF
roffTest= "/home/jgottard/ns-3/ns-3.26/out/scenario-urbano-con-coord/Grid-400/b1/r500/ROFF/Grid-400-b1-r500-ROFF-1555063191629.csv"
run = 0
numNodes = 1344
startingNode = 0
Topology::LoadTableFromFile filename= ../maps/Grid-400/Grid-400.losses
1 
11 
generateHelloTraffic7
generateHelloTraffic6
generateHelloTraffic5
generateHelloTraffic4
generateHelloTraffic3
generateHelloTraffic2
generateHelloTraffic1
generateHelloTraffic0
