Host di esecuzione: gpu04
Data: Wed Jan 9 18:24:01 CET 2019
Directory: /home/jgottard/ns-3/ns-3.26
Questo job viene eseguito sui seguenti nodi:
gpu04
PBS_WORKDIR=/home/jgottard
Launching job for execution
after set
Start main urban
numNodes = 1072
startingNode = 441
run = 0
numNodes = 1072
startingNode = 137
cwMin = 16cwMax = 128
cwMin = 16cwMax = 128
cwMin = 16cwMax = 128
cwMin = 16cwMax = 128
cwMin = 16cwMax = 128
cwMin = 16cwMax = 128
cwMin = 16cwMax = 128
cwMin = 16cwMax = 128
cwMin = 16cwMax = 128
cwMin = 16cwMax = 128
cwMin = 16cwMax = 128
cwMin = 16cwMax = 128
cwMin = 16cwMax = 128
