Host di esecuzione: hpblade12
Data: Mon Mar 4 15:16:05 CET 2019
Directory: /home/jgottard/ns-3/ns-3.26
Questo job viene eseguito sui seguenti nodi:
hpblade12
PBS_WORKDIR=/home/jgottard
Launching job for execution
after set
Start main urban
numNodes = 1776
startingNode = 310
run = 0
numNodes = 1776
startingNode = 310
0
100
200
300
400
500
600
700
800
s= 1at time= Mon Mar  4 15:16:15 2019

0
100
200
300
400
500
600
700
800
s= 1at time= Tue Mar  5 01:08:43 2019

0
100
200
300
400
500
600
700
800
s= 1at time= Tue Mar  5 10:55:19 2019

0
100
200
300
400
500
600
700
800
s= 1at time= Tue Mar  5 20:56:26 2019

0
100
200
300
400
500
600
700
800
s= 1at time= Wed Mar  6 06:41:04 2019

