Host di esecuzione: hpblade13
Data: Fri Apr 12 11:59:02 CEST 2019
Directory: /home/jgottard/ns-3/ns-3.26
Questo job viene eseguito sui seguenti nodi:
hpblade13
PBS_WORKDIR=/home/jgottard
Launching job for execution
after set
Start main urban
numNodes = 2112
startingNode = 0
Grid-200/b0/r300/ROFF/Grid-200-b0-r300-ROFF
roffTest= "/home/jgottard/ns-3/ns-3.26/out/scenario-urbano-con-coord/Grid-200/b0/r300/ROFF/Grid-200-b0-r300-ROFF-1555063142329.csv"
run = 0
numNodes = 2112
startingNode = 0
1 
11 
generateHelloTraffic7
generateHelloTraffic6
generateHelloTraffic5
generateHelloTraffic4
generateHelloTraffic3
generateHelloTraffic2
generateHelloTraffic1
generateHelloTraffic0
