Detected shell (./waf shell) with incorrect configuration
=========================================================
Possible reasons for this problem:
  1. You switched to another ns-3 tree from inside this shell
  2. You switched ns-3 debug level (waf configure --debug)
  3. You modified the list of built ns-3 modules
You should correct this situation before running any program.  Possible solutions:
  1. Exit this shell, and start a new one
  2. Run a new nested shell
In file included from /home/jgottard/ns-3/boost_1_54_0/include/boost/tuple/tuple.hpp:33:0,
                 from /home/jgottard/ns-3/CGAL_4_11/include/CGAL/Cartesian/Weighted_point_2.h:31,
                 from /home/jgottard/ns-3/CGAL_4_11/include/CGAL/Cartesian/Cartesian_base.h:33,
                 from /home/jgottard/ns-3/CGAL_4_11/include/CGAL/Simple_cartesian.h:28,
                 from /home/jgottard/ns-3/CGAL_4_11/include/CGAL/Exact_predicates_exact_constructions_kernel.h:28,
                 from ./ns3/obstacle.h:31,
                 from ./ns3/topology.h:25,
                 from ../scratch/vanet/fb-vanet-3d.cc:38:
/home/jgottard/ns-3/boost_1_54_0/include/boost/tuple/detail/tuple_basic.hpp: In function ‘typename boost::tuples::access_traits<typename boost::tuples::element<N, boost::tuples::cons<HT, TT> >::type>::const_type boost::tuples::get(const boost::tuples::cons<HT, TT>&)’:
/home/jgottard/ns-3/boost_1_54_0/include/boost/tuple/detail/tuple_basic.hpp:228:45: warning: typedef ‘cons_element’ locally defined but not used [-Wunused-local-typedefs]
   typedef BOOST_DEDUCED_TYPENAME impl::type cons_element;
                                             ^
In file included from /home/jgottard/ns-3/CGAL_4_11/include/CGAL/Gmp_coercion_traits.h:32:0,
                 from /home/jgottard/ns-3/CGAL_4_11/include/CGAL/Gmpz.h:33,
                 from /home/jgottard/ns-3/CGAL_4_11/include/CGAL/internal/Exact_type_selector.h:36,
                 from /home/jgottard/ns-3/CGAL_4_11/include/CGAL/Filtered_kernel.h:35,
                 from /home/jgottard/ns-3/CGAL_4_11/include/CGAL/Exact_predicates_exact_constructions_kernel.h:29,
                 from ./ns3/obstacle.h:31,
                 from ./ns3/topology.h:25,
                 from ../scratch/vanet/fb-vanet-3d.cc:38:
/home/jgottard/ns-3/CGAL_4_11/include/CGAL/GMP/Gmpfr_type.h: In member function ‘CGAL::Gmpfr CGAL::Gmpfr::kthroot(int, std::float_round_style) const’:
/home/jgottard/ns-3/CGAL_4_11/include/CGAL/GMP/Gmpfr_type.h:888:9: warning: ‘int mpfr_root(mpfr_ptr, mpfr_srcptr, long unsigned int, mpfr_rnd_t)’ is deprecated (declared at /home/jgottard/ns-3/mpfr_4_0_1/include/mpfr.h:693) [-Wdeprecated-declarations]
         mpfr_root(result.fr(),fr(),k,_gmp_rnd(r));
         ^
/home/jgottard/ns-3/CGAL_4_11/include/CGAL/GMP/Gmpfr_type.h:888:49: warning: ‘int mpfr_root(mpfr_ptr, mpfr_srcptr, long unsigned int, mpfr_rnd_t)’ is deprecated (declared at /home/jgottard/ns-3/mpfr_4_0_1/include/mpfr.h:693) [-Wdeprecated-declarations]
         mpfr_root(result.fr(),fr(),k,_gmp_rnd(r));
                                                 ^
/home/jgottard/ns-3/CGAL_4_11/include/CGAL/GMP/Gmpfr_type.h: In member function ‘CGAL::Gmpfr CGAL::Gmpfr::kthroot(int, CGAL::Gmpfr::Precision_type, std::float_round_style) const’:
/home/jgottard/ns-3/CGAL_4_11/include/CGAL/GMP/Gmpfr_type.h:898:9: warning: ‘int mpfr_root(mpfr_ptr, mpfr_srcptr, long unsigned int, mpfr_rnd_t)’ is deprecated (declared at /home/jgottard/ns-3/mpfr_4_0_1/include/mpfr.h:693) [-Wdeprecated-declarations]
         mpfr_root(result.fr(),fr(),k,_gmp_rnd(r));
         ^
/home/jgottard/ns-3/CGAL_4_11/include/CGAL/GMP/Gmpfr_type.h:898:49: warning: ‘int mpfr_root(mpfr_ptr, mpfr_srcptr, long unsigned int, mpfr_rnd_t)’ is deprecated (declared at /home/jgottard/ns-3/mpfr_4_0_1/include/mpfr.h:693) [-Wdeprecated-declarations]
         mpfr_root(result.fr(),fr(),k,_gmp_rnd(r));
                                                 ^

In file included from /home/jgottard/ns-3/boost_1_54_0/include/boost/tuple/tuple.hpp:33:0,
                 from /home/jgottard/ns-3/CGAL_4_11/include/CGAL/Cartesian/Weighted_point_2.h:31,
                 from /home/jgottard/ns-3/CGAL_4_11/include/CGAL/Cartesian/Cartesian_base.h:33,
                 from /home/jgottard/ns-3/CGAL_4_11/include/CGAL/Simple_cartesian.h:28,
                 from /home/jgottard/ns-3/CGAL_4_11/include/CGAL/Exact_predicates_exact_constructions_kernel.h:28,
                 from ./ns3/obstacle.h:31,
                 from ../src/obstacle/helper/obstacle-helper.h:5,
                 from ../src/obstacle/helper/obstacle-helper.cc:3:
/home/jgottard/ns-3/boost_1_54_0/include/boost/tuple/detail/tuple_basic.hpp: In function ‘typename boost::tuples::access_traits<typename boost::tuples::element<N, boost::tuples::cons<HT, TT> >::type>::const_type boost::tuples::get(const boost::tuples::cons<HT, TT>&)’:
/home/jgottard/ns-3/boost_1_54_0/include/boost/tuple/detail/tuple_basic.hpp:228:45: warning: typedef ‘cons_element’ locally defined but not used [-Wunused-local-typedefs]
   typedef BOOST_DEDUCED_TYPENAME impl::type cons_element;
                                             ^
In file included from /home/jgottard/ns-3/CGAL_4_11/include/CGAL/Gmp_coercion_traits.h:32:0,
                 from /home/jgottard/ns-3/CGAL_4_11/include/CGAL/Gmpz.h:33,
                 from /home/jgottard/ns-3/CGAL_4_11/include/CGAL/internal/Exact_type_selector.h:36,
                 from /home/jgottard/ns-3/CGAL_4_11/include/CGAL/Filtered_kernel.h:35,
                 from /home/jgottard/ns-3/CGAL_4_11/include/CGAL/Exact_predicates_exact_constructions_kernel.h:29,
                 from ./ns3/obstacle.h:31,
                 from ../src/obstacle/helper/obstacle-helper.h:5,
                 from ../src/obstacle/helper/obstacle-helper.cc:3:
/home/jgottard/ns-3/CGAL_4_11/include/CGAL/GMP/Gmpfr_type.h: In member function ‘CGAL::Gmpfr CGAL::Gmpfr::kthroot(int, std::float_round_style) const’:
/home/jgottard/ns-3/CGAL_4_11/include/CGAL/GMP/Gmpfr_type.h:888:9: warning: ‘int mpfr_root(mpfr_ptr, mpfr_srcptr, long unsigned int, mpfr_rnd_t)’ is deprecated (declared at /home/jgottard/ns-3/mpfr_4_0_1/include/mpfr.h:693) [-Wdeprecated-declarations]
         mpfr_root(result.fr(),fr(),k,_gmp_rnd(r));
         ^
/home/jgottard/ns-3/CGAL_4_11/include/CGAL/GMP/Gmpfr_type.h:888:49: warning: ‘int mpfr_root(mpfr_ptr, mpfr_srcptr, long unsigned int, mpfr_rnd_t)’ is deprecated (declared at /home/jgottard/ns-3/mpfr_4_0_1/include/mpfr.h:693) [-Wdeprecated-declarations]
         mpfr_root(result.fr(),fr(),k,_gmp_rnd(r));
                                                 ^
/home/jgottard/ns-3/CGAL_4_11/include/CGAL/GMP/Gmpfr_type.h: In member function ‘CGAL::Gmpfr CGAL::Gmpfr::kthroot(int, CGAL::Gmpfr::Precision_type, std::float_round_style) const’:
/home/jgottard/ns-3/CGAL_4_11/include/CGAL/GMP/Gmpfr_type.h:898:9: warning: ‘int mpfr_root(mpfr_ptr, mpfr_srcptr, long unsigned int, mpfr_rnd_t)’ is deprecated (declared at /home/jgottard/ns-3/mpfr_4_0_1/include/mpfr.h:693) [-Wdeprecated-declarations]
         mpfr_root(result.fr(),fr(),k,_gmp_rnd(r));
         ^
/home/jgottard/ns-3/CGAL_4_11/include/CGAL/GMP/Gmpfr_type.h:898:49: warning: ‘int mpfr_root(mpfr_ptr, mpfr_srcptr, long unsigned int, mpfr_rnd_t)’ is deprecated (declared at /home/jgottard/ns-3/mpfr_4_0_1/include/mpfr.h:693) [-Wdeprecated-declarations]
         mpfr_root(result.fr(),fr(),k,_gmp_rnd(r));
                                                 ^

../scratch/vanet-urban/FBApplication.cc: In member function ‘void ns3::FBApplication::HandleHelloMessage(ns3::Ptr<ns3::FBNode>, ns3::FBHeader)’:
../scratch/vanet-urban/FBApplication.cc:355:11: warning: unused variable ‘nodeId’ [-Wunused-variable]
  uint32_t nodeId = fbNode->GetNode ()->GetId ();
           ^

In file included from /home/jgottard/ns-3/boost_1_54_0/include/boost/tuple/tuple.hpp:33:0,
                 from /home/jgottard/ns-3/CGAL_4_11/include/CGAL/Cartesian/Weighted_point_2.h:31,
                 from /home/jgottard/ns-3/CGAL_4_11/include/CGAL/Cartesian/Cartesian_base.h:33,
                 from /home/jgottard/ns-3/CGAL_4_11/include/CGAL/Simple_cartesian.h:28,
                 from /home/jgottard/ns-3/CGAL_4_11/include/CGAL/Exact_predicates_exact_constructions_kernel.h:28,
                 from ./ns3/obstacle.h:31,
                 from ./ns3/topology.h:25,
                 from ../scratch/vanet-urban/fb-vanet.cc:38:
/home/jgottard/ns-3/boost_1_54_0/include/boost/tuple/detail/tuple_basic.hpp: In function ‘typename boost::tuples::access_traits<typename boost::tuples::element<N, boost::tuples::cons<HT, TT> >::type>::const_type boost::tuples::get(const boost::tuples::cons<HT, TT>&)’:
/home/jgottard/ns-3/boost_1_54_0/include/boost/tuple/detail/tuple_basic.hpp:228:45: warning: typedef ‘cons_element’ locally defined but not used [-Wunused-local-typedefs]
   typedef BOOST_DEDUCED_TYPENAME impl::type cons_element;
                                             ^
In file included from /home/jgottard/ns-3/CGAL_4_11/include/CGAL/Gmp_coercion_traits.h:32:0,
                 from /home/jgottard/ns-3/CGAL_4_11/include/CGAL/Gmpz.h:33,
                 from /home/jgottard/ns-3/CGAL_4_11/include/CGAL/internal/Exact_type_selector.h:36,
                 from /home/jgottard/ns-3/CGAL_4_11/include/CGAL/Filtered_kernel.h:35,
                 from /home/jgottard/ns-3/CGAL_4_11/include/CGAL/Exact_predicates_exact_constructions_kernel.h:29,
                 from ./ns3/obstacle.h:31,
                 from ./ns3/topology.h:25,
                 from ../scratch/vanet-urban/fb-vanet.cc:38:
/home/jgottard/ns-3/CGAL_4_11/include/CGAL/GMP/Gmpfr_type.h: In member function ‘CGAL::Gmpfr CGAL::Gmpfr::kthroot(int, std::float_round_style) const’:
/home/jgottard/ns-3/CGAL_4_11/include/CGAL/GMP/Gmpfr_type.h:888:9: warning: ‘int mpfr_root(mpfr_ptr, mpfr_srcptr, long unsigned int, mpfr_rnd_t)’ is deprecated (declared at /home/jgottard/ns-3/mpfr_4_0_1/include/mpfr.h:693) [-Wdeprecated-declarations]
         mpfr_root(result.fr(),fr(),k,_gmp_rnd(r));
         ^
/home/jgottard/ns-3/CGAL_4_11/include/CGAL/GMP/Gmpfr_type.h:888:49: warning: ‘int mpfr_root(mpfr_ptr, mpfr_srcptr, long unsigned int, mpfr_rnd_t)’ is deprecated (declared at /home/jgottard/ns-3/mpfr_4_0_1/include/mpfr.h:693) [-Wdeprecated-declarations]
         mpfr_root(result.fr(),fr(),k,_gmp_rnd(r));
                                                 ^
/home/jgottard/ns-3/CGAL_4_11/include/CGAL/GMP/Gmpfr_type.h: In member function ‘CGAL::Gmpfr CGAL::Gmpfr::kthroot(int, CGAL::Gmpfr::Precision_type, std::float_round_style) const’:
/home/jgottard/ns-3/CGAL_4_11/include/CGAL/GMP/Gmpfr_type.h:898:9: warning: ‘int mpfr_root(mpfr_ptr, mpfr_srcptr, long unsigned int, mpfr_rnd_t)’ is deprecated (declared at /home/jgottard/ns-3/mpfr_4_0_1/include/mpfr.h:693) [-Wdeprecated-declarations]
         mpfr_root(result.fr(),fr(),k,_gmp_rnd(r));
         ^
/home/jgottard/ns-3/CGAL_4_11/include/CGAL/GMP/Gmpfr_type.h:898:49: warning: ‘int mpfr_root(mpfr_ptr, mpfr_srcptr, long unsigned int, mpfr_rnd_t)’ is deprecated (declared at /home/jgottard/ns-3/mpfr_4_0_1/include/mpfr.h:693) [-Wdeprecated-declarations]
         mpfr_root(result.fr(),fr(),k,_gmp_rnd(r));
                                                 ^

In file included from /home/jgottard/ns-3/boost_1_54_0/include/boost/tuple/tuple.hpp:33:0,
                 from /home/jgottard/ns-3/CGAL_4_11/include/CGAL/Cartesian/Weighted_point_2.h:31,
                 from /home/jgottard/ns-3/CGAL_4_11/include/CGAL/Cartesian/Cartesian_base.h:33,
                 from /home/jgottard/ns-3/CGAL_4_11/include/CGAL/Simple_cartesian.h:28,
                 from /home/jgottard/ns-3/CGAL_4_11/include/CGAL/Exact_predicates_exact_constructions_kernel.h:28,
                 from ../src/obstacle/model/obstacle.h:31,
                 from ../src/obstacle/model/obstacle.cc:23:
/home/jgottard/ns-3/boost_1_54_0/include/boost/tuple/detail/tuple_basic.hpp: In function ‘typename boost::tuples::access_traits<typename boost::tuples::element<N, boost::tuples::cons<HT, TT> >::type>::const_type boost::tuples::get(const boost::tuples::cons<HT, TT>&)’:
/home/jgottard/ns-3/boost_1_54_0/include/boost/tuple/detail/tuple_basic.hpp:228:45: warning: typedef ‘cons_element’ locally defined but not used [-Wunused-local-typedefs]
   typedef BOOST_DEDUCED_TYPENAME impl::type cons_element;
                                             ^
In file included from /home/jgottard/ns-3/CGAL_4_11/include/CGAL/Gmp_coercion_traits.h:32:0,
                 from /home/jgottard/ns-3/CGAL_4_11/include/CGAL/Gmpz.h:33,
                 from /home/jgottard/ns-3/CGAL_4_11/include/CGAL/internal/Exact_type_selector.h:36,
                 from /home/jgottard/ns-3/CGAL_4_11/include/CGAL/Filtered_kernel.h:35,
                 from /home/jgottard/ns-3/CGAL_4_11/include/CGAL/Exact_predicates_exact_constructions_kernel.h:29,
                 from ../src/obstacle/model/obstacle.h:31,
                 from ../src/obstacle/model/obstacle.cc:23:
/home/jgottard/ns-3/CGAL_4_11/include/CGAL/GMP/Gmpfr_type.h: In member function ‘CGAL::Gmpfr CGAL::Gmpfr::kthroot(int, std::float_round_style) const’:
/home/jgottard/ns-3/CGAL_4_11/include/CGAL/GMP/Gmpfr_type.h:888:9: warning: ‘int mpfr_root(mpfr_ptr, mpfr_srcptr, long unsigned int, mpfr_rnd_t)’ is deprecated (declared at /home/jgottard/ns-3/mpfr_4_0_1/include/mpfr.h:693) [-Wdeprecated-declarations]
         mpfr_root(result.fr(),fr(),k,_gmp_rnd(r));
         ^
/home/jgottard/ns-3/CGAL_4_11/include/CGAL/GMP/Gmpfr_type.h:888:49: warning: ‘int mpfr_root(mpfr_ptr, mpfr_srcptr, long unsigned int, mpfr_rnd_t)’ is deprecated (declared at /home/jgottard/ns-3/mpfr_4_0_1/include/mpfr.h:693) [-Wdeprecated-declarations]
         mpfr_root(result.fr(),fr(),k,_gmp_rnd(r));
                                                 ^
/home/jgottard/ns-3/CGAL_4_11/include/CGAL/GMP/Gmpfr_type.h: In member function ‘CGAL::Gmpfr CGAL::Gmpfr::kthroot(int, CGAL::Gmpfr::Precision_type, std::float_round_style) const’:
/home/jgottard/ns-3/CGAL_4_11/include/CGAL/GMP/Gmpfr_type.h:898:9: warning: ‘int mpfr_root(mpfr_ptr, mpfr_srcptr, long unsigned int, mpfr_rnd_t)’ is deprecated (declared at /home/jgottard/ns-3/mpfr_4_0_1/include/mpfr.h:693) [-Wdeprecated-declarations]
         mpfr_root(result.fr(),fr(),k,_gmp_rnd(r));
         ^
/home/jgottard/ns-3/CGAL_4_11/include/CGAL/GMP/Gmpfr_type.h:898:49: warning: ‘int mpfr_root(mpfr_ptr, mpfr_srcptr, long unsigned int, mpfr_rnd_t)’ is deprecated (declared at /home/jgottard/ns-3/mpfr_4_0_1/include/mpfr.h:693) [-Wdeprecated-declarations]
         mpfr_root(result.fr(),fr(),k,_gmp_rnd(r));
                                                 ^

In file included from /home/jgottard/ns-3/boost_1_54_0/include/boost/tuple/tuple.hpp:33:0,
                 from /home/jgottard/ns-3/CGAL_4_11/include/CGAL/Cartesian/Weighted_point_2.h:31,
                 from /home/jgottard/ns-3/CGAL_4_11/include/CGAL/Cartesian/Cartesian_base.h:33,
                 from /home/jgottard/ns-3/CGAL_4_11/include/CGAL/Simple_cartesian.h:28,
                 from /home/jgottard/ns-3/CGAL_4_11/include/CGAL/Exact_predicates_exact_constructions_kernel.h:28,
                 from ./ns3/obstacle.h:31,
                 from ./ns3/topology.h:25,
                 from ../src/obstacle/model/obstacle-shadowing-propagation-loss-model.cc:27:
/home/jgottard/ns-3/boost_1_54_0/include/boost/tuple/detail/tuple_basic.hpp: In function ‘typename boost::tuples::access_traits<typename boost::tuples::element<N, boost::tuples::cons<HT, TT> >::type>::const_type boost::tuples::get(const boost::tuples::cons<HT, TT>&)’:
/home/jgottard/ns-3/boost_1_54_0/include/boost/tuple/detail/tuple_basic.hpp:228:45: warning: typedef ‘cons_element’ locally defined but not used [-Wunused-local-typedefs]
   typedef BOOST_DEDUCED_TYPENAME impl::type cons_element;
                                             ^
In file included from /home/jgottard/ns-3/CGAL_4_11/include/CGAL/Gmp_coercion_traits.h:32:0,
                 from /home/jgottard/ns-3/CGAL_4_11/include/CGAL/Gmpz.h:33,
                 from /home/jgottard/ns-3/CGAL_4_11/include/CGAL/internal/Exact_type_selector.h:36,
                 from /home/jgottard/ns-3/CGAL_4_11/include/CGAL/Filtered_kernel.h:35,
                 from /home/jgottard/ns-3/CGAL_4_11/include/CGAL/Exact_predicates_exact_constructions_kernel.h:29,
                 from ./ns3/obstacle.h:31,
                 from ./ns3/topology.h:25,
                 from ../src/obstacle/model/obstacle-shadowing-propagation-loss-model.cc:27:
/home/jgottard/ns-3/CGAL_4_11/include/CGAL/GMP/Gmpfr_type.h: In member function ‘CGAL::Gmpfr CGAL::Gmpfr::kthroot(int, std::float_round_style) const’:
/home/jgottard/ns-3/CGAL_4_11/include/CGAL/GMP/Gmpfr_type.h:888:9: warning: ‘int mpfr_root(mpfr_ptr, mpfr_srcptr, long unsigned int, mpfr_rnd_t)’ is deprecated (declared at /home/jgottard/ns-3/mpfr_4_0_1/include/mpfr.h:693) [-Wdeprecated-declarations]
         mpfr_root(result.fr(),fr(),k,_gmp_rnd(r));
         ^
/home/jgottard/ns-3/CGAL_4_11/include/CGAL/GMP/Gmpfr_type.h:888:49: warning: ‘int mpfr_root(mpfr_ptr, mpfr_srcptr, long unsigned int, mpfr_rnd_t)’ is deprecated (declared at /home/jgottard/ns-3/mpfr_4_0_1/include/mpfr.h:693) [-Wdeprecated-declarations]
         mpfr_root(result.fr(),fr(),k,_gmp_rnd(r));
                                                 ^
/home/jgottard/ns-3/CGAL_4_11/include/CGAL/GMP/Gmpfr_type.h: In member function ‘CGAL::Gmpfr CGAL::Gmpfr::kthroot(int, CGAL::Gmpfr::Precision_type, std::float_round_style) const’:
/home/jgottard/ns-3/CGAL_4_11/include/CGAL/GMP/Gmpfr_type.h:898:9: warning: ‘int mpfr_root(mpfr_ptr, mpfr_srcptr, long unsigned int, mpfr_rnd_t)’ is deprecated (declared at /home/jgottard/ns-3/mpfr_4_0_1/include/mpfr.h:693) [-Wdeprecated-declarations]
         mpfr_root(result.fr(),fr(),k,_gmp_rnd(r));
         ^
/home/jgottard/ns-3/CGAL_4_11/include/CGAL/GMP/Gmpfr_type.h:898:49: warning: ‘int mpfr_root(mpfr_ptr, mpfr_srcptr, long unsigned int, mpfr_rnd_t)’ is deprecated (declared at /home/jgottard/ns-3/mpfr_4_0_1/include/mpfr.h:693) [-Wdeprecated-declarations]
         mpfr_root(result.fr(),fr(),k,_gmp_rnd(r));
                                                 ^

In file included from /home/jgottard/ns-3/boost_1_54_0/include/boost/tuple/tuple.hpp:33:0,
                 from /home/jgottard/ns-3/CGAL_4_11/include/CGAL/Cartesian/Weighted_point_2.h:31,
                 from /home/jgottard/ns-3/CGAL_4_11/include/CGAL/Cartesian/Cartesian_base.h:33,
                 from /home/jgottard/ns-3/CGAL_4_11/include/CGAL/Simple_cartesian.h:28,
                 from /home/jgottard/ns-3/CGAL_4_11/include/CGAL/Exact_predicates_exact_constructions_kernel.h:28,
                 from ../src/obstacle/model/obstacle.h:31,
                 from ../src/obstacle/model/topology.h:25,
                 from ../src/obstacle/model/topology.cc:25:
/home/jgottard/ns-3/boost_1_54_0/include/boost/tuple/detail/tuple_basic.hpp: In function ‘typename boost::tuples::access_traits<typename boost::tuples::element<N, boost::tuples::cons<HT, TT> >::type>::const_type boost::tuples::get(const boost::tuples::cons<HT, TT>&)’:
/home/jgottard/ns-3/boost_1_54_0/include/boost/tuple/detail/tuple_basic.hpp:228:45: warning: typedef ‘cons_element’ locally defined but not used [-Wunused-local-typedefs]
   typedef BOOST_DEDUCED_TYPENAME impl::type cons_element;
                                             ^
In file included from /home/jgottard/ns-3/CGAL_4_11/include/CGAL/Gmp_coercion_traits.h:32:0,
                 from /home/jgottard/ns-3/CGAL_4_11/include/CGAL/Gmpz.h:33,
                 from /home/jgottard/ns-3/CGAL_4_11/include/CGAL/internal/Exact_type_selector.h:36,
                 from /home/jgottard/ns-3/CGAL_4_11/include/CGAL/Filtered_kernel.h:35,
                 from /home/jgottard/ns-3/CGAL_4_11/include/CGAL/Exact_predicates_exact_constructions_kernel.h:29,
                 from ../src/obstacle/model/obstacle.h:31,
                 from ../src/obstacle/model/topology.h:25,
                 from ../src/obstacle/model/topology.cc:25:
/home/jgottard/ns-3/CGAL_4_11/include/CGAL/GMP/Gmpfr_type.h: In member function ‘CGAL::Gmpfr CGAL::Gmpfr::kthroot(int, std::float_round_style) const’:
/home/jgottard/ns-3/CGAL_4_11/include/CGAL/GMP/Gmpfr_type.h:888:9: warning: ‘int mpfr_root(mpfr_ptr, mpfr_srcptr, long unsigned int, mpfr_rnd_t)’ is deprecated (declared at /home/jgottard/ns-3/mpfr_4_0_1/include/mpfr.h:693) [-Wdeprecated-declarations]
         mpfr_root(result.fr(),fr(),k,_gmp_rnd(r));
         ^
/home/jgottard/ns-3/CGAL_4_11/include/CGAL/GMP/Gmpfr_type.h:888:49: warning: ‘int mpfr_root(mpfr_ptr, mpfr_srcptr, long unsigned int, mpfr_rnd_t)’ is deprecated (declared at /home/jgottard/ns-3/mpfr_4_0_1/include/mpfr.h:693) [-Wdeprecated-declarations]
         mpfr_root(result.fr(),fr(),k,_gmp_rnd(r));
                                                 ^
/home/jgottard/ns-3/CGAL_4_11/include/CGAL/GMP/Gmpfr_type.h: In member function ‘CGAL::Gmpfr CGAL::Gmpfr::kthroot(int, CGAL::Gmpfr::Precision_type, std::float_round_style) const’:
/home/jgottard/ns-3/CGAL_4_11/include/CGAL/GMP/Gmpfr_type.h:898:9: warning: ‘int mpfr_root(mpfr_ptr, mpfr_srcptr, long unsigned int, mpfr_rnd_t)’ is deprecated (declared at /home/jgottard/ns-3/mpfr_4_0_1/include/mpfr.h:693) [-Wdeprecated-declarations]
         mpfr_root(result.fr(),fr(),k,_gmp_rnd(r));
         ^
/home/jgottard/ns-3/CGAL_4_11/include/CGAL/GMP/Gmpfr_type.h:898:49: warning: ‘int mpfr_root(mpfr_ptr, mpfr_srcptr, long unsigned int, mpfr_rnd_t)’ is deprecated (declared at /home/jgottard/ns-3/mpfr_4_0_1/include/mpfr.h:693) [-Wdeprecated-declarations]
         mpfr_root(result.fr(),fr(),k,_gmp_rnd(r));
                                                 ^

/home/jgottard/ns-3/boost_1_54_0/lib/libboost_thread.so: undefined reference to `std::__cxx11::basic_string<char, std::char_traits<char>, std::allocator<char> >::_M_assign(std::__cxx11::basic_string<char, std::char_traits<char>, std::allocator<char> > const&)@GLIBCXX_3.4.21'
/home/jgottard/ns-3/boost_1_54_0/lib/libboost_thread.so: undefined reference to `std::runtime_error::runtime_error(char const*)@GLIBCXX_3.4.21'
/home/jgottard/ns-3/boost_1_54_0/lib/libboost_thread.so: undefined reference to `vtable for std::__cxx11::basic_ostringstream<char, std::char_traits<char>, std::allocator<char> >@GLIBCXX_3.4.21'
/home/jgottard/ns-3/boost_1_54_0/lib/libboost_thread.so: undefined reference to `std::__cxx11::basic_string<char, std::char_traits<char>, std::allocator<char> >::_M_append(char const*, unsigned long)@GLIBCXX_3.4.21'
/home/jgottard/ns-3/boost_1_54_0/lib/libboost_thread.so: undefined reference to `vtable for std::__cxx11::basic_stringbuf<char, std::char_traits<char>, std::allocator<char> >@GLIBCXX_3.4.21'
/home/jgottard/ns-3/boost_1_54_0/lib/libboost_thread.so: undefined reference to `std::__cxx11::basic_string<char, std::char_traits<char>, std::allocator<char> >::_M_create(unsigned long&, unsigned long)@GLIBCXX_3.4.21'
/home/jgottard/ns-3/boost_1_54_0/lib/libboost_thread.so: undefined reference to `std::runtime_error::runtime_error(std::runtime_error const&)@GLIBCXX_3.4.21'
/home/jgottard/ns-3/boost_1_54_0/lib/libboost_thread.so: undefined reference to `std::__cxx11::basic_ostringstream<char, std::char_traits<char>, std::allocator<char> >::~basic_ostringstream()@GLIBCXX_3.4.21'
/home/jgottard/ns-3/boost_1_54_0/lib/libboost_thread.so: undefined reference to `std::__cxx11::basic_string<char, std::char_traits<char>, std::allocator<char> >::swap(std::__cxx11::basic_string<char, std::char_traits<char>, std::allocator<char> >&)@GLIBCXX_3.4.21'
/home/jgottard/ns-3/boost_1_54_0/lib/libboost_thread.so: undefined reference to `VTT for std::__cxx11::basic_ostringstream<char, std::char_traits<char>, std::allocator<char> >@GLIBCXX_3.4.21'
/home/jgottard/ns-3/boost_1_54_0/lib/libboost_system.so: undefined reference to `std::__cxx11::basic_string<char, std::char_traits<char>, std::allocator<char> >::~basic_string()@GLIBCXX_3.4.21'
/home/jgottard/ns-3/boost_1_54_0/lib/libboost_thread.so: undefined reference to `operator delete(void*, unsigned long)@CXXABI_1.3.9'
/home/jgottard/ns-3/boost_1_54_0/lib/libboost_thread.so: undefined reference to `std::__cxx11::basic_string<char, std::char_traits<char>, std::allocator<char> >::_M_replace(unsigned long, unsigned long, char const*, unsigned long)@GLIBCXX_3.4.21'
collect2: error: ld returned 1 exit status

Build failed
 -> task in 'bench-simulator' failed (exit status 1): 
	{task 139808537563280: cxxprogram bench-simulator.cc.2.o -> ns3.26-bench-simulator-debug}
['/usr/bin/g++', '-L/home/jgottard/ns-3/CGAL_4_11/lib', '-L/home/jgottard/ns-3/gmp_6_1_2/lib', '-L/home/jgottard/ns-3/mpfr_4_0_1/lib', '-L/home/jgottard/ns-3/boost_1_54_0/lib', '-lboost_system', '-pthread', 'utils/bench-simulator.cc.2.o', '-o', '/home/jgottard/ns-3/ns-3.26/build/utils/ns3.26-bench-simulator-debug', '-Wl,-Bstatic', '-Wl,-Bdynamic', '-Wl,--no-as-needed', '-L.', '-lCGAL', '-lCGAL_Core', '-lgmp', '-lmpfr', '-lboost_thread', '-lns3.26-core-debug', '-lrt', '-lgsl', '-lgslcblas', '-lm']
/home/jgottard/ns-3/boost_1_54_0/lib/libboost_thread.so: undefined reference to `std::__cxx11::basic_string<char, std::char_traits<char>, std::allocator<char> >::_M_assign(std::__cxx11::basic_string<char, std::char_traits<char>, std::allocator<char> > const&)@GLIBCXX_3.4.21'
/home/jgottard/ns-3/boost_1_54_0/lib/libboost_thread.so: undefined reference to `std::runtime_error::runtime_error(char const*)@GLIBCXX_3.4.21'
/home/jgottard/ns-3/boost_1_54_0/lib/libboost_thread.so: undefined reference to `vtable for std::__cxx11::basic_ostringstream<char, std::char_traits<char>, std::allocator<char> >@GLIBCXX_3.4.21'
/home/jgottard/ns-3/boost_1_54_0/lib/libboost_thread.so: undefined reference to `std::__cxx11::basic_string<char, std::char_traits<char>, std::allocator<char> >::_M_append(char const*, unsigned long)@GLIBCXX_3.4.21'
/home/jgottard/ns-3/boost_1_54_0/lib/libboost_thread.so: undefined reference to `vtable for std::__cxx11::basic_stringbuf<char, std::char_traits<char>, std::allocator<char> >@GLIBCXX_3.4.21'
/home/jgottard/ns-3/boost_1_54_0/lib/libboost_thread.so: undefined reference to `std::__cxx11::basic_string<char, std::char_traits<char>, std::allocator<char> >::_M_create(unsigned long&, unsigned long)@GLIBCXX_3.4.21'
/home/jgottard/ns-3/boost_1_54_0/lib/libboost_thread.so: undefined reference to `std::runtime_error::runtime_error(std::runtime_error const&)@GLIBCXX_3.4.21'
/home/jgottard/ns-3/boost_1_54_0/lib/libboost_thread.so: undefined reference to `std::__cxx11::basic_ostringstream<char, std::char_traits<char>, std::allocator<char> >::~basic_ostringstream()@GLIBCXX_3.4.21'
/home/jgottard/ns-3/boost_1_54_0/lib/libboost_thread.so: undefined reference to `std::__cxx11::basic_string<char, std::char_traits<char>, std::allocator<char> >::swap(std::__cxx11::basic_string<char, std::char_traits<char>, std::allocator<char> >&)@GLIBCXX_3.4.21'
/home/jgottard/ns-3/boost_1_54_0/lib/libboost_thread.so: undefined reference to `VTT for std::__cxx11::basic_ostringstream<char, std::char_traits<char>, std::allocator<char> >@GLIBCXX_3.4.21'
/home/jgottard/ns-3/boost_1_54_0/lib/libboost_system.so: undefined reference to `std::__cxx11::basic_string<char, std::char_traits<char>, std::allocator<char> >::~basic_string()@GLIBCXX_3.4.21'
/home/jgottard/ns-3/boost_1_54_0/lib/libboost_thread.so: undefined reference to `operator delete(void*, unsigned long)@CXXABI_1.3.9'
/home/jgottard/ns-3/boost_1_54_0/lib/libboost_thread.so: undefined reference to `std::__cxx11::basic_string<char, std::char_traits<char>, std::allocator<char> >::_M_replace(unsigned long, unsigned long, char const*, unsigned long)@GLIBCXX_3.4.21'
collect2: error: ld returned 1 exit status

Build failed
 -> task in 'bench-simulator' failed (exit status 1): 
	{task 140403969582864: cxxprogram bench-simulator.cc.2.o -> ns3.26-bench-simulator-debug}
['/usr/bin/g++', '-L/home/jgottard/ns-3/CGAL_4_11/lib', '-L/home/jgottard/ns-3/gmp_6_1_2/lib', '-L/home/jgottard/ns-3/mpfr_4_0_1/lib', '-L/home/jgottard/ns-3/boost_1_54_0/lib', '-lboost_system', '-pthread', 'utils/bench-simulator.cc.2.o', '-o', '/home/jgottard/ns-3/ns-3.26/build/utils/ns3.26-bench-simulator-debug', '-Wl,-Bstatic', '-Wl,-Bdynamic', '-Wl,--no-as-needed', '-L.', '-lCGAL', '-lCGAL_Core', '-lgmp', '-lmpfr', '-lboost_thread', '-lns3.26-core-debug', '-lrt', '-lgsl', '-lgslcblas', '-lm']
