Host di esecuzione: hpblade07
Data: Mon Jan 28 07:36:02 CET 2019
Directory: /home/jgottard/ns-3/ns-3.26
Questo job viene eseguito sui seguenti nodi:
hpblade07
PBS_WORKDIR=/home/jgottard
Launching job for execution
after set
Start main urban
numNodes = 1317
startingNode = 101
run = 0
numNodes = 1317
startingNode = 256
cwMin = 32cwMax = 1024
cwMin = 32cwMax = 1024
cwMin = 32cwMax = 1024
cwMin = 32cwMax = 1024
cwMin = 32cwMax = 1024
cwMin = 32cwMax = 1024
cwMin = 32cwMax = 1024
cwMin = 32cwMax = 1024
cwMin = 32cwMax = 1024
cwMin = 32cwMax = 1024
cwMin = 32cwMax = 1024
cwMin = 32cwMax = 1024
cwMin = 32cwMax = 1024
cwMin = 32cwMax = 1024
cwMin = 32cwMax = 1024
cwMin = 32cwMax = 1024
cwMin = 32cwMax = 1024
cwMin = 32cwMax = 1024
cwMin = 32cwMax = 1024
cwMin = 32cwMax = 1024
cwMin = 32cwMax = 1024
cwMin = 32cwMax = 1024
cwMin = 32cwMax = 1024
cwMin = 32cwMax = 1024
cwMin = 32cwMax = 1024
cwMin = 32cwMax = 1024
cwMin = 32cwMax = 1024
cwMin = 32cwMax = 1024
cwMin = 32cwMax = 1024
cwMin = 32cwMax = 1024
cwMin = 32cwMax = 1024
cwMin = 32cwMax = 1024
cwMin = 32cwMax = 1024
cwMin = 32cwMax = 1024
cwMin = 32cwMax = 1024
cwMin = 32cwMax = 1024
cwMin = 32cwMax = 1024
cwMin = 32cwMax = 1024
cwMin = 32cwMax = 1024
cwMin = 32cwMax = 1024
cwMin = 32cwMax = 1024
cwMin = 32cwMax = 1024
cwMin = 32cwMax = 1024
cwMin = 32cwMax = 1024
cwMin = 32cwMax = 1024
cwMin = 32cwMax = 1024
cwMin = 32cwMax = 1024
cwMin = 32cwMax = 1024
cwMin = 32cwMax = 1024
cwMin = 32cwMax = 1024
cwMin = 32cwMax = 1024
cwMin = 32cwMax = 1024
cwMin = 32cwMax = 1024
cwMin = 32cwMax = 1024
cwMin = 32cwMax = 1024
cwMin = 32cwMax = 1024
cwMin = 32cwMax = 1024
cwMin = 32cwMax = 1024
cwMin = 32cwMax = 1024
cwMin = 32cwMax = 1024
cwMin = 32cwMax = 1024
cwMin = 32cwMax = 1024
cwMin = 32cwMax = 1024
cwMin = 32cwMax = 1024
cwMin = 32cwMax = 1024
cwMin = 32cwMax = 1024
cwMin = 32cwMax = 1024
cwMin = 32cwMax = 1024
cwMin = 32cwMax = 1024
cwMin = 32cwMax = 1024
cwMin = 32cwMax = 1024
cwMin = 32cwMax = 1024
cwMin = 32cwMax = 1024
cwMin = 32cwMax = 1024
cwMin = 32cwMax = 1024
cwMin = 32cwMax = 1024
cwMin = 32cwMax = 1024
cwMin = 32cwMax = 1024
cwMin = 32cwMax = 1024
cwMin = 32cwMax = 1024
cwMin = 32cwMax = 1024
cwMin = 32cwMax = 1024
cwMin = 32cwMax = 1024
cwMin = 32cwMax = 1024
cwMin = 32cwMax = 1024
cwMin = 32cwMax = 1024
cwMin = 32cwMax = 1024
cwMin = 32cwMax = 1024
cwMin = 32cwMax = 1024
cwMin = 32cwMax = 1024
cwMin = 32cwMax = 1024
cwMin = 32cwMax = 1024
cwMin = 32cwMax = 1024
cwMin = 32cwMax = 1024
cwMin = 32cwMax = 1024
cwMin = 32cwMax = 1024
cwMin = 32cwMax = 1024
cwMin = 32cwMax = 1024
cwMin = 32cwMax = 1024
cwMin = 32cwMax = 1024
cwMin = 32cwMax = 1024
cwMin = 32cwMax = 1024
cwMin = 32cwMax = 1024
cwMin = 32cwMax = 1024
cwMin = 32cwMax = 1024
cwMin = 32cwMax = 1024
cwMin = 32cwMax = 1024
cwMin = 32cwMax = 1024
cwMin = 32cwMax = 1024
cwMin = 32cwMax = 1024
cwMin = 32cwMax = 1024
cwMin = 32cwMax = 1024
cwMin = 32cwMax = 1024
cwMin = 32cwMax = 1024
cwMin = 32cwMax = 1024
cwMin = 32cwMax = 1024
cwMin = 32cwMax = 1024
cwMin = 32cwMax = 1024
cwMin = 32cwMax = 1024
cwMin = 32cwMax = 1024
cwMin = 32cwMax = 1024
cwMin = 32cwMax = 1024
cwMin = 32cwMax = 1024
cwMin = 32cwMax = 1024
cwMin = 32cwMax = 1024
cwMin = 32cwMax = 1024
cwMin = 32cwMax = 1024
cwMin = 32cwMax = 1024
cwMin = 32cwMax = 1024
cwMin = 32cwMax = 1024
cwMin = 32cwMax = 1024
cwMin = 32cwMax = 1024
cwMin = 32cwMax = 1024
cwMin = 32cwMax = 1024
cwMin = 32cwMax = 1024
cwMin = 32cwMax = 1024
cwMin = 32cwMax = 1024
cwMin = 32cwMax = 1024
cwMin = 32cwMax = 1024
cwMin = 32cwMax = 1024
cwMin = 32cwMax = 1024
cwMin = 32cwMax = 1024
cwMin = 32cwMax = 1024
cwMin = 32cwMax = 1024
cwMin = 32cwMax = 1024
cwMin = 32cwMax = 1024
cwMin = 32cwMax = 1024
cwMin = 32cwMax = 1024
cwMin = 32cwMax = 1024
cwMin = 32cwMax = 1024
