Host di esecuzione: dellsrv2
Data: Mon Mar 4 15:16:07 CET 2019
Directory: /home/jgottard/ns-3/ns-3.26
Questo job viene eseguito sui seguenti nodi:
dellsrv2
PBS_WORKDIR=/home/jgottard
Launching job for execution
after set
Start main urban
numNodes = 1776
startingNode = 310
run = 0
numNodes = 1776
startingNode = 310
0
100
200
300
400
500
600
700
800
s= 1at time= Mon Mar  4 15:16:18 2019

0
100
200
300
400
500
600
700
800
s= 1at time= Tue Mar  5 06:42:37 2019

0
100
200
300
400
500
600
700
800
s= 1at time= Tue Mar  5 21:25:06 2019

0
100
200
300
400
500
600
700
800
s= 1at time= Wed Mar  6 14:04:15 2019

0
100
200
300
400
500
600
700
800
s= 1at time= Thu Mar  7 07:06:40 2019

