Host di esecuzione: hpblade08
Data: Fri Apr 12 10:18:22 CEST 2019
Directory: /home/jgottard/ns-3/ns-3.26
Questo job viene eseguito sui seguenti nodi:
hpblade08
PBS_WORKDIR=/home/jgottard
Launching job for execution
after set
Start main urban
numNodes = 1465
numNodes = 1465
startingNode = 0
Topology::LoadTableFromFile filename= ../maps/LA-25/LA-25.losses
fileName=LA-25/b1/r500/Fast-Broadcast/LA-25-b1-r500-Fast-Broadcast
run = 0
numNodes = 1465
numNodes = 1465
startingNode = 0
Topology::LoadTableFromFile filename= ../maps/LA-25/LA-25.losses
not found in file key= 00002085.3 00001422.7 00000000.0 00001182.2 00001206.9 00000000.0
not found in file key= 00002085.3 00001422.7 00000000.0 00001423.3 00001128.4 00000000.0
not found in file key= 00001182.2 00001206.9 00000000.0 00002085.3 00001422.7 00000000.0
not found in file key= 00001182.2 00001206.9 00000000.0 00001423.3 00001128.4 00000000.0
not found in file key= 00001423.3 00001128.4 00000000.0 00002085.3 00001422.7 00000000.0
not found in file key= 00001423.3 00001128.4 00000000.0 00001182.2 00001206.9 00000000.0
