Host di esecuzione: hpblade13
Data: Mon Mar 4 15:16:06 CET 2019
Directory: /home/jgottard/ns-3/ns-3.26
Questo job viene eseguito sui seguenti nodi:
hpblade13
PBS_WORKDIR=/home/jgottard
Launching job for execution
after set
Start main urban
numNodes = 1776
startingNode = 310
run = 0
numNodes = 1776
startingNode = 310
0
100
200
300
400
500
600
700
800
s= 1at time= Mon Mar  4 15:16:21 2019

0
100
200
300
400
500
600
700
800
s= 1at time= Tue Mar  5 05:03:59 2019

0
100
200
300
400
500
600
700
800
s= 1at time= Tue Mar  5 19:45:12 2019

0
100
200
300
400
500
600
700
800
s= 1at time= Wed Mar  6 09:40:22 2019

0
100
200
300
400
500
600
700
800
s= 1at time= Wed Mar  6 23:52:55 2019

