Host di esecuzione: dellsrv2
Data: Mon Mar 4 15:16:07 CET 2019
Directory: /home/jgottard/ns-3/ns-3.26
Questo job viene eseguito sui seguenti nodi:
dellsrv2
PBS_WORKDIR=/home/jgottard
Launching job for execution
after set
Start main urban
numNodes = 1776
startingNode = 310
run = 0
numNodes = 1776
startingNode = 310
0
100
200
300
400
500
600
700
800
s= 1at time= Mon Mar  4 15:16:17 2019

0
100
200
300
400
500
600
700
800
s= 1at time= Tue Mar  5 08:37:10 2019

0
100
200
300
400
500
600
700
800
s= 1at time= Wed Mar  6 00:22:11 2019

0
100
200
300
400
500
600
700
800
s= 1at time= Wed Mar  6 19:53:21 2019

0
100
200
300
400
500
600
700
800
s= 1at time= Thu Mar  7 13:26:17 2019

