Host di esecuzione: hpblade12
Data: Mon Mar 4 15:16:05 CET 2019
Directory: /home/jgottard/ns-3/ns-3.26
Questo job viene eseguito sui seguenti nodi:
hpblade12
PBS_WORKDIR=/home/jgottard
Launching job for execution
after set
Start main urban
numNodes = 1776
startingNode = 310
run = 0
numNodes = 1776
startingNode = 310
0
100
200
300
400
500
600
700
800
s= 1at time= Mon Mar  4 15:16:14 2019

0
100
200
300
400
500
600
700
800
s= 1at time= Tue Mar  5 00:39:38 2019

0
100
200
300
400
500
600
700
800
s= 1at time= Tue Mar  5 10:28:08 2019

0
100
200
300
400
500
600
700
800
s= 1at time= Tue Mar  5 20:16:33 2019

0
100
200
300
400
500
600
700
800
s= 1at time= Wed Mar  6 06:08:26 2019

