Host di esecuzione: hpblade07
Data: Mon Mar 4 15:16:04 CET 2019
Directory: /home/jgottard/ns-3/ns-3.26
Questo job viene eseguito sui seguenti nodi:
hpblade07
PBS_WORKDIR=/home/jgottard
Launching job for execution
after set
Start main urban
numNodes = 1776
startingNode = 310
run = 0
numNodes = 1776
startingNode = 310
0
100
200
300
400
500
600
700
800
s= 1at time= Mon Mar  4 15:16:13 2019

0
100
200
300
400
500
600
700
800
s= 1at time= Tue Mar  5 00:12:31 2019

0
100
200
300
400
500
600
700
800
s= 1at time= Tue Mar  5 08:55:31 2019

0
100
200
300
400
500
600
700
800
s= 1at time= Tue Mar  5 17:31:43 2019

0
100
200
300
400
500
600
700
800
s= 1at time= Wed Mar  6 02:04:38 2019

