Host di esecuzione: dellsrv2
Data: Fri Apr 12 10:20:03 CEST 2019
Directory: /home/jgottard/ns-3/ns-3.26
Questo job viene eseguito sui seguenti nodi:
dellsrv2
PBS_WORKDIR=/home/jgottard
Launching job for execution
after set
Start main urban
numNodes = 1465
startingNode = 0
Topology::LoadTableFromFile filename= ../maps/LA-25/LA-25.losses
LA-25/b1/r500/ROFF/LA-25-b1-r500-ROFF
roffTest= "/home/jgottard/ns-3/ns-3.26/out/scenario-urbano-con-coord/LA-25/b1/r500/ROFF/LA-25-b1-r500-ROFF-1555057213639.csv"
run = 0
numNodes = 1465
startingNode = 0
Topology::LoadTableFromFile filename= ../maps/LA-25/LA-25.losses
1 
2 
not found in file key= 00002085.3 00001422.7 00000000.0 00001182.2 00001206.9 00000000.0
not found in file key= 00002085.3 00001422.7 00000000.0 00001423.3 00001128.4 00000000.0
not found in file key= 00001423.3 00001128.4 00000000.0 00002085.3 00001422.7 00000000.0
not found in file key= 00001423.3 00001128.4 00000000.0 00001182.2 00001206.9 00000000.0
not found in file key= 00001182.2 00001206.9 00000000.0 00002085.3 00001422.7 00000000.0
not found in file key= 00001182.2 00001206.9 00000000.0 00001423.3 00001128.4 00000000.0
