Host di esecuzione: hpblade11
Data: Mon Mar 4 15:16:03 CET 2019
Directory: /home/jgottard/ns-3/ns-3.26
Questo job viene eseguito sui seguenti nodi:
hpblade11
PBS_WORKDIR=/home/jgottard
Launching job for execution
after set
Start main urban
numNodes = 1776
startingNode = 310
run = 0
numNodes = 1776
startingNode = 310
0
100
200
300
400
500
600
700
800
s= 1at time= Mon Mar  4 15:16:11 2019

0
100
200
300
400
500
600
700
800
s= 1at time= Tue Mar  5 02:15:36 2019

0
100
200
300
400
500
600
700
800
s= 1at time= Tue Mar  5 14:09:03 2019

0
100
200
300
400
500
600
700
800
s= 1at time= Tue Mar  5 22:15:08 2019

0
100
200
300
400
500
600
700
800
s= 1at time= Wed Mar  6 09:20:03 2019

