Host di esecuzione: hpblade11
Data: Thu Dec 6 13:39:49 CET 2018
Directory: /home/jgottard/ns-3/ns-3.26
Questo job viene eseguito sui seguenti nodi:
hpblade11
PBS_WORKDIR=/home/jgottard/ns-3
Launching job for execution
after set
boostdir = /home/jgottard/built/lib
==================================================================================================
/home/jgottard/ns-3/ns-3.26/build:/home/jgottard/ns-3/mpfr_4_0_1/lib:/home/jgottard/ns-3/CGAL_4_11/lib:/usr/local/cuda/lib64:/usr/local/cula/lib64:/usr/local/culasparse/lib64:/usr/lib:/export/alt/torque/lib:/usr/lib/ibibverbs
after exports
==================================================================================================STAT
  File: ‘/home/jgottard/ns-3/ns-3.26/build/scratch/vanet-urban’
  Size: 7         	Blocks: 27         IO Block: 32768  directory
Device: 1ch/28d	Inode: 36842149    Links: 2
Access: (0755/drwxr-xr-x)  Uid: (  814/jgottard)   Gid: (  100/   users)
Access: 2018-12-06 13:33:44.606068275 +0100
Modify: 2018-12-06 13:35:12.618928013 +0100
Change: 2018-12-06 13:35:12.618928013 +0100
 Birth: -
'clean' finished successfully (0.445s)
Setting top to                           : /home/jgottard/ns-3/ns-3.26 
Setting out to                           : /home/jgottard/ns-3/ns-3.26/build 
================================================================================================================================================================================================
<waflib.Configure.ConfigurationContext object at 0x7f26ffdfb510>
Checking for 'gcc' (C compiler)          : /usr/bin/gcc 
Checking for cc version                  : 4.8.4 
Checking for 'g++' (C++ compiler)        : /usr/bin/g++ 
Checking for compilation flag -Wl,--soname=foo support : ok 
Checking for program 'python'                          : /usr/bin/python 
Checking for python version                            : (2, 7, 6, 'final', 0) 
python-config                                          : /usr/bin/python-config 
Asking python-config for pyembed '--cflags --libs --ldflags' flags : yes 
Testing pyembed configuration                                      : yes 
Asking python-config for pyext '--cflags --libs --ldflags' flags   : yes 
Testing pyext configuration                                        : yes 
Checking for compilation flag -fvisibility=hidden support          : ok 
Checking for compilation flag -Wno-array-bounds support            : ok 
Checking for pybindgen location                                    : ../pybindgen-0.17.0.post57+nga6376f2 (guessed) 
Checking for python module 'pybindgen'                             : 0.17.0.post57+nga6376f2 
Checking for pybindgen version                                     : 0.17.0.post57+nga6376f2 
Checking for code snippet                                          : yes 
Checking for types uint64_t and unsigned long equivalence          : no 
Checking for code snippet                                          : no 
Checking for types uint64_t and unsigned long long equivalence     : yes 
Checking for the apidefs that can be used for Python bindings      : gcc-LP64 
Checking for internal GCC cxxabi                                   : complete 
Checking for python module 'pygccxml'                              : not found 
Checking boost includes                                            : 1_54 
Checking boost libs                                                : ok 
Checking for boost linkage                                         : ok 
Checking for click location                                        : not found 
Checking for program 'pkg-config'                                  : /usr/bin/pkg-config 
Checking for 'gtk+-2.0' >= 2.12                                    : yes 
Checking for 'libxml-2.0' >= 2.7                                   : yes 
Checking for type uint128_t                                        : not found 
Checking for type __uint128_t                                      : yes 
Checking high precision implementation                             : 128-bit integer (default) 
Checking for header stdint.h                                       : yes 
Checking for header inttypes.h                                     : yes 
Checking for header sys/inttypes.h                                 : not found 
Checking for header sys/types.h                                    : yes 
Checking for header sys/stat.h                                     : yes 
Checking for header dirent.h                                       : yes 
Checking for header stdlib.h                                       : yes 
Checking for header signal.h                                       : yes 
Checking for header pthread.h                                      : yes 
Checking for header stdint.h                                       : yes 
Checking for header inttypes.h                                     : yes 
Checking for header sys/inttypes.h                                 : not found 
Checking for library rt                                            : yes 
Checking for header sys/ioctl.h                                    : yes 
Checking for header net/if.h                                       : yes 
Checking for header net/ethernet.h                                 : yes 
Checking for header linux/if_tun.h                                 : yes 
Checking for header netpacket/packet.h                             : yes 
Checking for NSC location                                          : not found 
Checking for OpenFlow location                                     : not found 
Checking for 'sqlite3'                                             : not found 
Checking for header linux/if_tun.h                                 : yes 
Checking for python module 'gtk'                                   : ok 
Checking for python module 'goocanvas'                             : not found 
Checking for python module 'pygraphviz'                            : not found 
Checking for program 'sudo'                                        : /usr/bin/sudo 
Checking for program 'valgrind'                                    : not found 
Checking for 'gsl'                                                 : yes 
python-config                                                      : not found 
Checking for compilation flag -Wno-error=deprecated-d... support   : ok 
Checking for compilation flag -fstrict-aliasing support            : ok 
Checking for compilation flag -Wstrict-aliasing support            : ok 
Checking for program 'doxygen'                                     : not found 
---- Summary of optional NS-3 features:
Build profile                 : debug
Build directory               : 
BRITE Integration             : not enabled (BRITE not enabled (see option --with-brite))
DES Metrics event collection  : not enabled (defaults to disabled)
Emulation FdNetDevice         : enabled
Examples                      : not enabled (based on configuration file)
File descriptor NetDevice     : enabled
GNU Scientific Library (GSL)  : enabled
Gcrypt library                : not enabled (libgcrypt not found: you can use libgcrypt-config to find its location.)
GtkConfigStore                : enabled
MPI Support                   : not enabled (option --enable-mpi not selected)
NS-3 Click Integration        : not enabled (nsclick not enabled (see option --with-nsclick))
NS-3 OpenFlow Integration     : not enabled (OpenFlow not enabled (see option --with-openflow))
Network Simulation Cradle     : not enabled (NSC not found (see option --with-nsc))
PlanetLab FdNetDevice         : not enabled (PlanetLab operating system not detected (see option --force-planetlab))
PyViz visualizer              : not enabled (Missing python modules: goocanvas, pygraphviz)
Python API Scanning Support   : not enabled (Missing 'pygccxml' Python module)
Python Bindings               : enabled
Real Time Simulator           : enabled
SQlite stats data output      : not enabled (library 'sqlite3' not found)
Tap Bridge                    : enabled
Tap FdNetDevice               : enabled
Tests                         : not enabled (based on configuration file)
Threading Primitives          : enabled
Use sudo to set suid bit      : not enabled (option --enable-sudo not selected)
XmlIo                         : enabled
'configure' finished successfully (4.347s)
Waf: Entering directory `/home/jgottard/ns-3/ns-3.26/build'
[   1/1406] Compiling install-ns3-header: ns3/antenna-model.h
[   2/1406] Compiling install-ns3-header: ns3/isotropic-antenna-model.h
[   3/1406] Compiling install-ns3-header: ns3/angles.h
[   4/1406] Compiling install-ns3-header: ns3/parabolic-antenna-model.h
[   6/1406] Compiling install-ns3-header: ns3/cosine-antenna-model.h
[  14/1406] Compiling install-ns3-header: ns3/udp-client.h
[  15/1406] Compiling install-ns3-header: ns3/bulk-send-application.h
[  16/1406] Compiling install-ns3-header: ns3/on-off-helper.h
[  17/1406] Compiling install-ns3-header: ns3/udp-client-server-helper.h
[  18/1406] Compiling install-ns3-header: ns3/udp-trace-client.h
[  19/1406] Compiling install-ns3-header: ns3/udp-echo-server.h
[  20/1406] Compiling install-ns3-header: ns3/packet-sink.h
[  21/1406] Compiling install-ns3-header: ns3/bulk-send-helper.h
[  22/1406] Compiling install-ns3-header: ns3/udp-server.h
[  23/1406] Compiling install-ns3-header: ns3/packet-sink-helper.h
[  24/1406] Compiling install-ns3-header: ns3/udp-echo-client.h
[  25/1406] Compiling install-ns3-header: ns3/onoff-application.h
[  26/1406] Compiling install-ns3-header: ns3/packet-loss-counter.h
[  27/1406] Compiling install-ns3-header: ns3/udp-echo-helper.h
[  28/1406] Compiling install-ns3-header: ns3/application-packet-probe.h
[  29/1406] Compiling install-ns3-header: ns3/seq-ts-header.h
[  30/1406] Processing command (${PYTHON}): ../bindings/python/ns3modulegen-modular.py ../src/applications/bindings/modulegen__gcc_LP64.py ../src/applications/bindings/modulegen_customizations.py -> src/applications/bindings/ns3module.cc src/applications/bindings/ns3module.h src/applications/bindings/ns3modulegen.log

[  31/1406] Compiling install-ns3-header: ns3/bridge-net-device.h
[  32/1406] Compiling install-ns3-header: ns3/bridge-channel.h
[  34/1406] Compiling install-ns3-header: ns3/bridge-helper.h
[  45/1406] Compiling install-ns3-header: ns3/file-config.h
[  46/1406] Compiling install-ns3-header: ns3/gtk-config-store.h
[  47/1406] Compiling install-ns3-header: ns3/config-store.h
[  48/1406] Compiling install-ns3-header: ns3/log.h
[  49/1406] Compiling install-ns3-header: ns3/calendar-scheduler.h
[  50/1406] Compiling install-ns3-header: ns3/rng-seed-manager.h
[  51/1406] Compiling install-ns3-header: ns3/pointer.h
[  52/1406] Compiling install-ns3-header: ns3/object.h
[  53/1406] Compiling install-ns3-header: ns3/timer-impl.h
[  54/1406] Compiling install-ns3-header: ns3/int64x64.h
[  55/1406] Compiling install-ns3-header: ns3/math.h
[  56/1406] Compiling install-ns3-header: ns3/log-macros-disabled.h
[  57/1406] Compiling install-ns3-header: ns3/int64x64-double.h
[  58/1406] Compiling install-ns3-header: ns3/traced-value.h
[  59/1406] Compiling install-ns3-header: ns3/event-id.h
[  60/1406] Compiling install-ns3-header: ns3/attribute-construction-list.h
[  61/1406] Compiling install-ns3-header: ns3/global-value.h
[  62/1406] Compiling install-ns3-header: ns3/object-factory.h
[  63/1406] Compiling install-ns3-header: ns3/integer.h
[  64/1406] Compiling install-ns3-header: ns3/command-line.h
[  65/1406] Compiling install-ns3-header: ns3/fatal-impl.h
[  66/1406] Compiling install-ns3-header: ns3/int-to-type.h
[  67/1406] Compiling install-ns3-header: ns3/attribute-helper.h
[  68/1406] Compiling install-ns3-header: ns3/singleton.h
[  69/1406] Compiling install-ns3-header: ns3/type-name.h
[  70/1406] Compiling install-ns3-header: ns3/random-variable-stream.h
[  71/1406] Compiling install-ns3-header: ns3/timer.h
[  72/1406] Compiling install-ns3-header: ns3/build-profile.h
[  73/1406] Compiling install-ns3-header: ns3/unix-fd-reader.h
[  74/1406] Compiling install-ns3-header: ns3/map-scheduler.h
[  75/1406] Compiling install-ns3-header: ns3/traced-callback.h
[  76/1406] Compiling install-ns3-header: ns3/uinteger.h
[  77/1406] Compiling install-ns3-header: ns3/breakpoint.h
[  78/1406] Compiling install-ns3-header: ns3/fatal-error.h
[  79/1406] Compiling install-ns3-header: ns3/simple-ref-count.h
[  80/1406] Compiling install-ns3-header: ns3/attribute-accessor-helper.h
[  81/1406] Compiling install-ns3-header: ns3/ptr.h
[  82/1406] Compiling install-ns3-header: ns3/enum.h
[  83/1406] Compiling install-ns3-header: ns3/system-wall-clock-ms.h
[  84/1406] Compiling install-ns3-header: ns3/type-id.h
[  85/1406] Compiling install-ns3-header: ns3/system-path.h
[  86/1406] Compiling install-ns3-header: ns3/scheduler.h
[  87/1406] Compiling install-ns3-header: ns3/simulator.h
[  88/1406] Compiling install-ns3-header: ns3/system-mutex.h
[  90/1406] Compiling install-ns3-header: ns3/system-condition.h
[  90/1406] Compiling install-ns3-header: ns3/assert.h
[  91/1406] Compiling install-ns3-header: ns3/make-event.h
[  92/1406] Compiling install-ns3-header: ns3/synchronizer.h
[  93/1406] Compiling install-ns3-header: ns3/hash-murmur3.h
[  94/1406] Compiling install-ns3-header: ns3/event-garbage-collector.h
[  95/1406] Compiling install-ns3-header: ns3/wall-clock-synchronizer.h
[  96/1406] Compiling install-ns3-header: ns3/hash-function.h
[  97/1406] Compiling install-ns3-header: ns3/watchdog.h
[  98/1406] Compiling install-ns3-header: ns3/object-ptr-container.h
[  99/1406] Compiling install-ns3-header: ns3/random-variable-stream-helper.h
[ 100/1406] Compiling install-ns3-header: ns3/object-base.h
[ 101/1406] Compiling install-ns3-header: ns3/event-impl.h
[ 102/1406] Compiling install-ns3-header: ns3/heap-scheduler.h
[ 103/1406] Compiling install-ns3-header: ns3/simulation-singleton.h
[ 104/1406] Compiling install-ns3-header: ns3/abort.h
[ 105/1406] Compiling install-ns3-header: ns3/nstime.h
[ 106/1406] Compiling install-ns3-header: ns3/int64x64-128.h
[ 107/1406] Compiling install-ns3-header: ns3/empty.h
[ 108/1406] Compiling install-ns3-header: ns3/object-vector.h
[ 109/1406] Compiling install-ns3-header: ns3/hash.h
[ 110/1406] Compiling install-ns3-header: ns3/object-map.h
[ 111/1406] Compiling install-ns3-header: ns3/vector.h
[ 112/1406] Compiling install-ns3-header: ns3/names.h
[ 113/1406] Compiling install-ns3-header: ns3/type-traits.h
[ 114/1406] Compiling install-ns3-header: ns3/boolean.h
[ 115/1406] Compiling install-ns3-header: ns3/trace-source-accessor.h
[ 116/1406] Compiling install-ns3-header: ns3/callback.h
[ 117/1406] Compiling install-ns3-header: ns3/valgrind.h
[ 118/1406] Compiling install-ns3-header: ns3/test.h
[ 119/1406] Compiling install-ns3-header: ns3/des-metrics.h
[ 120/1406] Compiling install-ns3-header: ns3/deprecated.h
[ 121/1406] Compiling install-ns3-header: ns3/log-macros-enabled.h
[ 122/1406] Compiling install-ns3-header: ns3/default-simulator-impl.h
[ 123/1406] Compiling install-ns3-header: ns3/non-copyable.h
[ 124/1406] Compiling install-ns3-header: ns3/unused.h
[ 125/1406] Compiling install-ns3-header: ns3/attribute.h
[ 126/1406] Compiling install-ns3-header: ns3/ref-count-base.h
[ 127/1406] Compiling install-ns3-header: ns3/simulator-impl.h
[ 128/1406] Compiling install-ns3-header: ns3/realtime-simulator-impl.h
[ 129/1406] Compiling install-ns3-header: ns3/list-scheduler.h
[ 130/1406] Compiling install-ns3-header: ns3/hash-fnv.h
[ 131/1406] Compiling install-ns3-header: ns3/system-thread.h
[ 132/1406] Compiling install-ns3-header: ns3/rng-stream.h
[ 133/1406] Compiling install-ns3-header: ns3/config.h
[ 134/1406] Compiling install-ns3-header: ns3/default-deleter.h
[ 135/1406] Compiling install-ns3-header: ns3/double.h
[ 136/1406] Compiling install-ns3-header: ns3/string.h
[ 161/1406] Compiling install-ns3-header: ns3/basic-energy-harvester.h
[ 162/1406] Compiling install-ns3-header: ns3/energy-harvester-helper.h
[ 163/1406] Compiling install-ns3-header: ns3/energy-source.h
[ 164/1406] Compiling install-ns3-header: ns3/simple-device-energy-model.h
[ 165/1406] Compiling install-ns3-header: ns3/energy-harvester-container.h
[ 166/1406] Compiling install-ns3-header: ns3/energy-source-container.h
[ 167/1406] Compiling install-ns3-header: ns3/device-energy-model-container.h
[ 168/1406] Compiling install-ns3-header: ns3/energy-harvester.h
[ 169/1406] Compiling install-ns3-header: ns3/energy-model-helper.h
[ 170/1406] Compiling install-ns3-header: ns3/li-ion-energy-source-helper.h
[ 171/1406] Compiling install-ns3-header: ns3/device-energy-model.h
[ 172/1406] Compiling install-ns3-header: ns3/li-ion-energy-source.h
[ 173/1406] Compiling install-ns3-header: ns3/basic-energy-harvester-helper.h
[ 174/1406] Compiling install-ns3-header: ns3/rv-battery-model.h
[ 175/1406] Compiling install-ns3-header: ns3/rv-battery-model-helper.h
[ 176/1406] Compiling install-ns3-header: ns3/basic-energy-source-helper.h
[ 179/1406] Compiling install-ns3-header: ns3/basic-energy-source.h
[ 191/1406] Compiling install-ns3-header: ns3/private/tcp-option-ts.h
[ 192/1406] Compiling install-ns3-header: ns3/private/tcp-option-winscale.h
[ 193/1406] Compiling install-ns3-header: ns3/private/tcp-option-rfc793.h
[ 194/1406] Compiling install-ns3-header: ns3/rip-header.h
[ 195/1406] Compiling install-ns3-header: ns3/ipv4-global-routing-helper.h
[ 196/1406] Compiling install-ns3-header: ns3/arp-cache.h
[ 197/1406] Compiling install-ns3-header: ns3/ipv4-raw-socket-factory.h
[ 198/1406] Compiling install-ns3-header: ns3/icmpv6-header.h
[ 199/1406] Compiling install-ns3-header: ns3/tcp-congestion-ops.h
[ 200/1406] Compiling install-ns3-header: ns3/ipv4-raw-socket-impl.h
[ 201/1406] Compiling install-ns3-header: ns3/ipv6-extension.h
[ 202/1406] Compiling install-ns3-header: ns3/ndisc-cache.h
[ 203/1406] Compiling install-ns3-header: ns3/tcp-header.h
[ 204/1406] Compiling install-ns3-header: ns3/tcp-vegas.h
[ 205/1406] Compiling install-ns3-header: ns3/ipv6-header.h
[ 206/1406] Compiling install-ns3-header: ns3/ipv4-interface.h
[ 207/1406] Compiling install-ns3-header: ns3/loopback-net-device.h
[ 208/1406] Compiling install-ns3-header: ns3/ipv6-packet-probe.h
[ 209/1406] Compiling install-ns3-header: ns3/arp-header.h
[ 210/1406] Compiling install-ns3-header: ns3/global-router-interface.h
[ 211/1406] Compiling install-ns3-header: ns3/ipv6-static-routing-helper.h
[ 212/1406] Compiling install-ns3-header: ns3/tcp-option.h
[ 213/1406] Compiling install-ns3-header: ns3/rtt-estimator.h
[ 214/1406] Compiling install-ns3-header: ns3/tcp-highspeed.h
[ 215/1406] Compiling install-ns3-header: ns3/ipv6-list-routing.h
[ 216/1406] Compiling install-ns3-header: ns3/ipv4-routing-table-entry.h
[ 217/1406] Compiling install-ns3-header: ns3/ipv4-routing-protocol.h
[ 218/1406] Compiling install-ns3-header: ns3/ipv4-static-routing.h
[ 219/1406] Compiling install-ns3-header: ns3/tcp-rx-buffer.h
[ 220/1406] Compiling install-ns3-header: ns3/ipv6-address-helper.h
[ 221/1406] Compiling install-ns3-header: ns3/arp-l3-protocol.h
[ 222/1406] Compiling install-ns3-header: ns3/ipv6-interface-address.h
[ 223/1406] Compiling install-ns3-header: ns3/tcp-illinois.h
[ 224/1406] Compiling install-ns3-header: ns3/ipv6-routing-helper.h
[ 225/1406] Compiling install-ns3-header: ns3/ripng-header.h
[ 226/1406] Compiling install-ns3-header: ns3/ipv4-queue-disc-item.h
[ 227/1406] Compiling install-ns3-header: ns3/ipv6-routing-table-entry.h
[ 228/1406] Compiling install-ns3-header: ns3/ipv6-interface.h
[ 229/1406] Compiling install-ns3-header: ns3/ipv6-packet-info-tag.h
[ 230/1406] Compiling install-ns3-header: ns3/ipv6-address-generator.h
[ 231/1406] Compiling install-ns3-header: ns3/ipv4-packet-info-tag.h
[ 232/1406] Compiling install-ns3-header: ns3/ipv4-routing-helper.h
[ 233/1406] Compiling install-ns3-header: ns3/ripng.h
[ 234/1406] Compiling install-ns3-header: ns3/global-route-manager-impl.h
[ 235/1406] Compiling install-ns3-header: ns3/candidate-queue.h
[ 236/1406] Compiling install-ns3-header: ns3/tcp-socket-factory.h
[ 237/1406] Compiling install-ns3-header: ns3/rip.h
[ 238/1406] Compiling install-ns3-header: ns3/ipv6-pmtu-cache.h
[ 239/1406] Compiling install-ns3-header: ns3/ipv4-address-generator.h
[ 240/1406] Compiling install-ns3-header: ns3/ipv4-header.h
[ 241/1406] Compiling install-ns3-header: ns3/udp-socket-factory.h
[ 242/1406] Compiling install-ns3-header: ns3/tcp-scalable.h
[ 243/1406] Compiling install-ns3-header: ns3/tcp-yeah.h
[ 244/1406] Compiling install-ns3-header: ns3/ipv6-queue-disc-item.h
[ 245/1406] Compiling install-ns3-header: ns3/ipv4-packet-filter.h
[ 246/1406] Compiling install-ns3-header: ns3/ipv4-list-routing.h
[ 247/1406] Compiling install-ns3-header: ns3/ipv6-static-routing.h
[ 248/1406] Compiling install-ns3-header: ns3/ipv4-route.h
[ 249/1406] Compiling install-ns3-header: ns3/udp-l4-protocol.h
[ 250/1406] Compiling install-ns3-header: ns3/rip-helper.h
[ 251/1406] Compiling install-ns3-header: ns3/udp-header.h
[ 252/1406] Compiling install-ns3-header: ns3/tcp-hybla.h
[ 253/1406] Compiling install-ns3-header: ns3/ipv6-routing-protocol.h
[ 254/1406] Compiling install-ns3-header: ns3/ip-l4-protocol.h
[ 255/1406] Compiling install-ns3-header: ns3/tcp-westwood.h
[ 256/1406] Compiling install-ns3-header: ns3/tcp-veno.h
[ 257/1406] Compiling install-ns3-header: ns3/ipv6-option-header.h
[ 258/1406] Compiling install-ns3-header: ns3/ipv4-l3-protocol.h
[ 259/1406] Compiling install-ns3-header: ns3/tcp-l4-protocol.h
[ 260/1406] Compiling install-ns3-header: ns3/ipv4-interface-container.h
[ 261/1406] Compiling install-ns3-header: ns3/icmpv4.h
[ 262/1406] Compiling install-ns3-header: ns3/icmpv4-l4-protocol.h
[ 263/1406] Compiling install-ns3-header: ns3/ipv4-interface-address.h
[ 264/1406] Compiling install-ns3-header: ns3/tcp-bic.h
[ 265/1406] Compiling install-ns3-header: ns3/ipv4-global-routing.h
[ 266/1406] Compiling install-ns3-header: ns3/ipv6-l3-protocol.h
[ 267/1406] Compiling install-ns3-header: ns3/tcp-htcp.h
[ 268/1406] Compiling install-ns3-header: ns3/ipv4-packet-probe.h
[ 269/1406] Compiling install-ns3-header: ns3/icmpv6-l4-protocol.h
[ 270/1406] Compiling install-ns3-header: ns3/ipv6-raw-socket-factory.h
[ 271/1406] Compiling install-ns3-header: ns3/ipv4-address-helper.h
[ 272/1406] Compiling install-ns3-header: ns3/ipv6-list-routing-helper.h
[ 273/1406] Compiling install-ns3-header: ns3/tcp-socket-base.h
[ 274/1406] Compiling install-ns3-header: ns3/ipv6-packet-filter.h
[ 275/1406] Compiling install-ns3-header: ns3/ipv6-extension-demux.h
[ 276/1406] Compiling install-ns3-header: ns3/global-route-manager.h
[ 277/1406] Compiling install-ns3-header: ns3/ipv4-list-routing-helper.h
[ 278/1406] Compiling install-ns3-header: ns3/ipv4.h
[ 279/1406] Compiling install-ns3-header: ns3/internet-trace-helper.h
[ 280/1406] Compiling install-ns3-header: ns3/ipv6-interface-container.h
[ 281/1406] Compiling install-ns3-header: ns3/ipv4-static-routing-helper.h
[ 282/1406] Compiling install-ns3-header: ns3/udp-socket.h
[ 283/1406] Compiling install-ns3-header: ns3/internet-stack-helper.h
[ 284/1406] Compiling install-ns3-header: ns3/ipv6-extension-header.h
[ 285/1406] Compiling install-ns3-header: ns3/ipv6.h
[ 286/1406] Compiling install-ns3-header: ns3/ripng-helper.h
[ 287/1406] Compiling install-ns3-header: ns3/ipv6-route.h
[ 288/1406] Compiling install-ns3-header: ns3/tcp-tx-buffer.h
[ 289/1406] Compiling install-ns3-header: ns3/tcp-socket.h
[ 290/1406] Processing command (${PYTHON}): ../bindings/python/ns3modulegen-modular.py ../src/internet/bindings/modulegen__gcc_LP64.py -> src/internet/bindings/ns3module.cc src/internet/bindings/ns3module.h src/internet/bindings/ns3modulegen.log

[ 456/1406] Compiling install-ns3-header: ns3/gauss-markov-mobility-model.h
[ 457/1406] Compiling install-ns3-header: ns3/steady-state-random-waypoint-mobility-model.h
[ 458/1406] Compiling install-ns3-header: ns3/box.h
[ 459/1406] Compiling install-ns3-header: ns3/geographic-positions.h
[ 460/1406] Compiling install-ns3-header: ns3/constant-velocity-mobility-model.h
[ 461/1406] Compiling install-ns3-header: ns3/position-allocator.h
[ 462/1406] Compiling install-ns3-header: ns3/constant-acceleration-mobility-model.h
[ 463/1406] Compiling install-ns3-header: ns3/rectangle.h
[ 464/1406] Compiling install-ns3-header: ns3/random-walk-2d-mobility-model.h
[ 465/1406] Compiling install-ns3-header: ns3/waypoint.h
[ 466/1406] Compiling install-ns3-header: ns3/ns2-mobility-helper.h
[ 467/1406] Compiling install-ns3-header: ns3/waypoint-mobility-model.h
[ 468/1406] Compiling install-ns3-header: ns3/hierarchical-mobility-model.h
[ 469/1406] Compiling install-ns3-header: ns3/constant-position-mobility-model.h
[ 470/1406] Compiling install-ns3-header: ns3/random-waypoint-mobility-model.h
[ 471/1406] Compiling install-ns3-header: ns3/random-direction-2d-mobility-model.h
[ 472/1406] Compiling install-ns3-header: ns3/mobility-helper.h
[ 473/1406] Compiling install-ns3-header: ns3/constant-velocity-helper.h
[ 474/1406] Compiling install-ns3-header: ns3/mobility-model.h
[ 475/1406] Compiling install-ns3-header: ns3/parallel-communication-interface.h
[ 476/1406] Compiling install-ns3-header: ns3/mpi-receiver.h
[ 478/1406] Compiling install-ns3-header: ns3/mpi-interface.h
[ 479/1406] Compiling install-ns3-header: ns3/trace-helper.h
[ 480/1406] Compiling install-ns3-header: ns3/mac64-address.h
[ 481/1406] Compiling install-ns3-header: ns3/output-stream-wrapper.h
[ 482/1406] Compiling install-ns3-header: ns3/ascii-test.h
[ 483/1406] Compiling install-ns3-header: ns3/llc-snap-header.h
[ 484/1406] Compiling install-ns3-header: ns3/dynamic-queue-limits.h
[ 485/1406] Compiling install-ns3-header: ns3/pcap-file-wrapper.h
[ 486/1406] Compiling install-ns3-header: ns3/simple-channel.h
[ 487/1406] Compiling install-ns3-header: ns3/drop-tail-queue.h
[ 488/1406] Compiling install-ns3-header: ns3/ipv6-address.h
[ 489/1406] Compiling install-ns3-header: ns3/net-device-container.h
[ 490/1406] Compiling install-ns3-header: ns3/pcap-file.h
[ 491/1406] Compiling install-ns3-header: ns3/crc32.h
[ 492/1406] Compiling install-ns3-header: ns3/packet-socket-factory.h
[ 493/1406] Compiling install-ns3-header: ns3/packet-socket.h
[ 494/1406] Compiling install-ns3-header: ns3/node-list.h
[ 495/1406] Compiling install-ns3-header: ns3/header.h
[ 496/1406] Compiling install-ns3-header: ns3/ipv4-address.h
[ 497/1406] Compiling install-ns3-header: ns3/node.h
[ 498/1406] Compiling install-ns3-header: ns3/net-device.h
[ 499/1406] Compiling install-ns3-header: ns3/radiotap-header.h
[ 500/1406] Compiling install-ns3-header: ns3/address.h
[ 501/1406] Compiling install-ns3-header: ns3/simple-net-device-helper.h
[ 502/1406] Compiling install-ns3-header: ns3/packet-metadata.h
[ 503/1406] Compiling install-ns3-header: ns3/ascii-file.h
[ 504/1406] Compiling install-ns3-header: ns3/packet-tag-list.h
[ 505/1406] Compiling install-ns3-header: ns3/application.h
[ 506/1406] Compiling install-ns3-header: ns3/chunk.h
[ 507/1406] Compiling install-ns3-header: ns3/packet-probe.h
[ 508/1406] Compiling install-ns3-header: ns3/packet.h
[ 509/1406] Compiling install-ns3-header: ns3/queue.h
[ 510/1406] Compiling install-ns3-header: ns3/sgi-hashmap.h
[ 511/1406] Compiling install-ns3-header: ns3/channel.h
[ 512/1406] Compiling install-ns3-header: ns3/byte-tag-list.h
[ 513/1406] Compiling install-ns3-header: ns3/delay-jitter-estimation.h
[ 514/1406] Compiling install-ns3-header: ns3/pcap-test.h
[ 515/1406] Compiling install-ns3-header: ns3/error-model.h
[ 516/1406] Compiling install-ns3-header: ns3/address-utils.h
[ 517/1406] Compiling install-ns3-header: ns3/flow-id-tag.h
[ 518/1406] Compiling install-ns3-header: ns3/node-container.h
[ 519/1406] Compiling install-ns3-header: ns3/simple-net-device.h
[ 520/1406] Compiling install-ns3-header: ns3/data-rate.h
[ 521/1406] Compiling install-ns3-header: ns3/packet-socket-helper.h
[ 522/1406] Compiling install-ns3-header: ns3/tag-buffer.h
[ 523/1406] Compiling install-ns3-header: ns3/generic-phy.h
[ 524/1406] Compiling install-ns3-header: ns3/packet-socket-client.h
[ 525/1406] Compiling install-ns3-header: ns3/inet-socket-address.h
[ 526/1406] Compiling install-ns3-header: ns3/packet-socket-server.h
[ 527/1406] Compiling install-ns3-header: ns3/buffer.h
[ 528/1406] Compiling install-ns3-header: ns3/queue-limits.h
[ 529/1406] Compiling install-ns3-header: ns3/packet-burst.h
[ 530/1406] Compiling install-ns3-header: ns3/sll-header.h
[ 531/1406] Compiling install-ns3-header: ns3/application-container.h
[ 532/1406] Compiling install-ns3-header: ns3/mac48-address.h
[ 533/1406] Compiling install-ns3-header: ns3/packet-data-calculators.h
[ 534/1406] Compiling install-ns3-header: ns3/mac16-address.h
[ 535/1406] Compiling install-ns3-header: ns3/tag.h
[ 536/1406] Compiling install-ns3-header: ns3/socket.h
[ 537/1406] Compiling install-ns3-header: ns3/packetbb.h
[ 538/1406] Compiling install-ns3-header: ns3/sequence-number.h
[ 539/1406] Compiling install-ns3-header: ns3/inet6-socket-address.h
[ 540/1406] Compiling install-ns3-header: ns3/ethernet-header.h
[ 541/1406] Compiling install-ns3-header: ns3/ethernet-trailer.h
[ 542/1406] Compiling install-ns3-header: ns3/socket-factory.h
[ 543/1406] Compiling install-ns3-header: ns3/trailer.h
[ 544/1406] Compiling install-ns3-header: ns3/channel-list.h
[ 545/1406] Compiling install-ns3-header: ns3/packet-socket-address.h
[ 546/1406] Compiling install-ns3-header: ns3/nix-vector.h
[ 549/1406] Compiling install-ns3-header: ns3/obstacle-shadowing-propagation-loss-model.h
[ 550/1406] Compiling install-ns3-header: ns3/obstacle.h
[ 551/1406] Compiling install-ns3-header: ns3/obstacle-helper.h
[ 552/1406] Compiling install-ns3-header: ns3/topology.h
[ 566/1406] Compiling install-ns3-header: ns3/jakes-process.h
[ 567/1406] Compiling install-ns3-header: ns3/cost231-propagation-loss-model.h
[ 568/1406] Compiling install-ns3-header: ns3/kun-2600-mhz-propagation-loss-model.h
[ 569/1406] Compiling install-ns3-header: ns3/propagation-delay-model.h
[ 570/1406] Compiling install-ns3-header: ns3/propagation-loss-model.h
[ 571/1406] Compiling install-ns3-header: ns3/jakes-propagation-loss-model.h
[ 572/1406] Compiling install-ns3-header: ns3/okumura-hata-propagation-loss-model.h
[ 573/1406] Compiling install-ns3-header: ns3/propagation-cache.h
[ 574/1406] Compiling install-ns3-header: ns3/itu-r-1411-nlos-over-rooftop-propagation-loss-model.h
[ 575/1406] Compiling install-ns3-header: ns3/propagation-environment.h
[ 578/1406] Compiling install-ns3-header: ns3/itu-r-1411-los-propagation-loss-model.h
[ 580/1406] Compiling install-ns3-header: ns3/microwave-oven-spectrum-value-helper.h
[ 581/1406] Compiling install-ns3-header: ns3/spectrum-value.h
[ 582/1406] Compiling install-ns3-header: ns3/waveform-generator-helper.h
[ 583/1406] Compiling install-ns3-header: ns3/half-duplex-ideal-phy.h
[ 584/1406] Compiling install-ns3-header: ns3/spectrum-model-300kHz-300GHz-log.h
[ 585/1406] Compiling install-ns3-header: ns3/spectrum-helper.h
[ 586/1406] Compiling install-ns3-header: ns3/half-duplex-ideal-phy-signal-parameters.h
[ 587/1406] Compiling install-ns3-header: ns3/spectrum-error-model.h
[ 588/1406] Compiling install-ns3-header: ns3/multi-model-spectrum-channel.h
[ 589/1406] Compiling install-ns3-header: ns3/single-model-spectrum-channel.h
[ 590/1406] Compiling install-ns3-header: ns3/spectrum-propagation-loss-model.h
[ 591/1406] Compiling install-ns3-header: ns3/aloha-noack-mac-header.h
[ 592/1406] Compiling install-ns3-header: ns3/spectrum-test.h
[ 593/1406] Compiling install-ns3-header: ns3/tv-spectrum-transmitter-helper.h
[ 594/1406] Compiling install-ns3-header: ns3/wifi-spectrum-value-helper.h
[ 595/1406] Compiling install-ns3-header: ns3/spectrum-converter.h
[ 596/1406] Compiling install-ns3-header: ns3/adhoc-aloha-noack-ideal-phy-helper.h
[ 597/1406] Compiling install-ns3-header: ns3/spectrum-analyzer-helper.h
[ 598/1406] Compiling install-ns3-header: ns3/spectrum-channel.h
[ 599/1406] Compiling install-ns3-header: ns3/waveform-generator.h
[ 600/1406] Compiling install-ns3-header: ns3/constant-spectrum-propagation-loss.h
[ 601/1406] Compiling install-ns3-header: ns3/spectrum-signal-parameters.h
[ 602/1406] Compiling install-ns3-header: ns3/spectrum-interference.h
[ 603/1406] Compiling install-ns3-header: ns3/spectrum-model.h
[ 604/1406] Compiling install-ns3-header: ns3/aloha-noack-net-device.h
[ 605/1406] Compiling install-ns3-header: ns3/spectrum-model-ism2400MHz-res1MHz.h
[ 606/1406] Compiling install-ns3-header: ns3/spectrum-phy.h
[ 607/1406] Compiling install-ns3-header: ns3/spectrum-analyzer.h
[ 608/1406] Compiling install-ns3-header: ns3/tv-spectrum-transmitter.h
[ 609/1406] Compiling install-ns3-header: ns3/friis-spectrum-propagation-loss.h
[ 610/1406] Compiling install-ns3-header: ns3/non-communicating-net-device.h
[ 611/1406] Compiling install-ns3-header: ns3/basic-data-calculators.h
[ 612/1406] Compiling install-ns3-header: ns3/boolean-probe.h
[ 613/1406] Compiling install-ns3-header: ns3/data-collection-object.h
[ 614/1406] Compiling install-ns3-header: ns3/gnuplot.h
[ 615/1406] Compiling install-ns3-header: ns3/time-data-calculators.h
[ 616/1406] Compiling install-ns3-header: ns3/data-calculator.h
[ 617/1406] Compiling install-ns3-header: ns3/gnuplot-helper.h
[ 618/1406] Compiling install-ns3-header: ns3/uinteger-16-probe.h
[ 619/1406] Compiling install-ns3-header: ns3/gnuplot-aggregator.h
[ 620/1406] Compiling install-ns3-header: ns3/probe.h
[ 621/1406] Compiling install-ns3-header: ns3/uinteger-32-probe.h
[ 622/1406] Compiling install-ns3-header: ns3/file-helper.h
[ 623/1406] Compiling install-ns3-header: ns3/double-probe.h
[ 624/1406] Compiling install-ns3-header: ns3/uinteger-8-probe.h
[ 625/1406] Compiling install-ns3-header: ns3/omnet-data-output.h
[ 626/1406] Compiling install-ns3-header: ns3/file-aggregator.h
[ 627/1406] Compiling install-ns3-header: ns3/data-collector.h
[ 628/1406] Compiling install-ns3-header: ns3/time-series-adaptor.h
[ 629/1406] Compiling install-ns3-header: ns3/time-probe.h
[ 630/1406] Compiling install-ns3-header: ns3/data-output-interface.h
[ 631/1406] Compiling install-ns3-header: ns3/get-wildcard-matches.h
[ 636/1406] Compiling install-ns3-header: ns3/average.h
[ 641/1406] Compiling install-ns3-header: ns3/pie-queue-disc.h
[ 642/1406] Compiling install-ns3-header: ns3/packet-filter.h
[ 643/1406] Compiling install-ns3-header: ns3/queue-disc-container.h
[ 644/1406] Compiling install-ns3-header: ns3/traffic-control-helper.h
[ 645/1406] Compiling install-ns3-header: ns3/queue-disc.h
[ 646/1406] Compiling install-ns3-header: ns3/fq-codel-queue-disc.h
[ 647/1406] Compiling install-ns3-header: ns3/red-queue-disc.h
[ 648/1406] Compiling install-ns3-header: ns3/codel-queue-disc.h
[ 649/1406] Compiling install-ns3-header: ns3/pfifo-fast-queue-disc.h
[ 650/1406] Compiling install-ns3-header: ns3/traffic-control-layer.h
[ 676/1406] Compiling install-ns3-header: ns3/vendor-specific-action.h
[ 677/1406] Compiling install-ns3-header: ns3/wifi-80211p-helper.h
[ 678/1406] Compiling install-ns3-header: ns3/wave-net-device.h
[ 679/1406] Compiling install-ns3-header: ns3/higher-tx-tag.h
[ 680/1406] Compiling install-ns3-header: ns3/wave-helper.h
[ 681/1406] Compiling install-ns3-header: ns3/wave-mac-low.h
[ 682/1406] Compiling install-ns3-header: ns3/wave-mac-helper.h
[ 683/1406] Compiling install-ns3-header: ns3/wave-bsm-stats.h
[ 684/1406] Compiling install-ns3-header: ns3/channel-coordinator.h
[ 685/1406] Compiling install-ns3-header: ns3/channel-manager.h
[ 686/1406] Compiling install-ns3-header: ns3/vsa-manager.h
[ 687/1406] Compiling install-ns3-header: ns3/ocb-wifi-mac.h
[ 688/1406] Compiling install-ns3-header: ns3/bsm-application.h
[ 689/1406] Compiling install-ns3-header: ns3/default-channel-scheduler.h
[ 690/1406] Compiling install-ns3-header: ns3/channel-scheduler.h
[ 691/1406] Compiling install-ns3-header: ns3/wave-bsm-helper.h
[ 692/1406] Processing command (${PYTHON}): ../bindings/python/ns3modulegen-modular.py ../src/wave/bindings/modulegen__gcc_LP64.py -> src/wave/bindings/ns3module.cc src/wave/bindings/ns3module.h src/wave/bindings/ns3modulegen.log

[ 693/1406] Compiling install-ns3-header: ns3/wifi-mac.h
[ 694/1406] Compiling install-ns3-header: ns3/spectrum-wifi-phy.h
[ 695/1406] Compiling install-ns3-header: ns3/capability-information.h
[ 696/1406] Compiling install-ns3-header: ns3/wifi-information-element.h
[ 697/1406] Compiling install-ns3-header: ns3/onoe-wifi-manager.h
[ 698/1406] Compiling install-ns3-header: ns3/wifi-radio-energy-model-helper.h
[ 699/1406] Compiling install-ns3-header: ns3/qos-utils.h
[ 700/1406] Compiling install-ns3-header: ns3/block-ack-manager.h
[ 701/1406] Compiling install-ns3-header: ns3/edca-parameter-set.h
[ 702/1406] Compiling install-ns3-header: ns3/parf-wifi-manager.h
[ 703/1406] Compiling install-ns3-header: ns3/interference-helper.h
[ 704/1406] Compiling install-ns3-header: ns3/amrr-wifi-manager.h
[ 705/1406] Compiling install-ns3-header: ns3/wifi-information-element-vector.h
[ 706/1406] Compiling install-ns3-header: ns3/minstrel-wifi-manager.h
[ 708/1406] Compiling install-ns3-header: ns3/aarfcd-wifi-manager.h
[ 708/1406] Compiling install-ns3-header: ns3/dcf.h
[ 709/1406] Compiling install-ns3-header: ns3/wifi-mac-header.h
[ 710/1406] Compiling install-ns3-header: ns3/ht-operations.h
[ 711/1406] Compiling install-ns3-header: ns3/wifi-channel.h
[ 712/1406] Compiling install-ns3-header: ns3/rraa-wifi-manager.h
[ 713/1406] Compiling install-ns3-header: ns3/nist-error-rate-model.h
[ 714/1406] Compiling install-ns3-header: ns3/originator-block-ack-agreement.h
[ 715/1406] Compiling install-ns3-header: ns3/ssid.h
[ 716/1406] Compiling install-ns3-header: ns3/minstrel-ht-wifi-manager.h
[ 717/1406] Compiling install-ns3-header: ns3/wifi-net-device.h
[ 718/1406] Compiling install-ns3-header: ns3/wifi-mode.h
[ 719/1406] Compiling install-ns3-header: ns3/wifi-tx-current-model.h
[ 720/1406] Compiling install-ns3-header: ns3/athstats-helper.h
[ 721/1406] Compiling install-ns3-header: ns3/adhoc-wifi-mac.h
[ 722/1406] Compiling install-ns3-header: ns3/wifi-mac-trailer.h
[ 723/1406] Compiling install-ns3-header: ns3/mac-tx-middle.h
[ 724/1406] Compiling install-ns3-header: ns3/vht-wifi-mac-helper.h
[ 725/1406] Compiling install-ns3-header: ns3/constant-rate-wifi-manager.h
[ 726/1406] Compiling install-ns3-header: ns3/mgt-headers.h
[ 728/1406] Compiling install-ns3-header: ns3/sta-wifi-mac.h
[ 728/1406] Compiling install-ns3-header: ns3/mpdu-aggregator.h
[ 729/1406] Compiling install-ns3-header: ns3/ctrl-headers.h
[ 730/1406] Compiling install-ns3-header: ns3/amsdu-subframe-header.h
[ 731/1406] Compiling install-ns3-header: ns3/spectrum-wifi-helper.h
[ 732/1406] Compiling install-ns3-header: ns3/mac-low.h
[ 733/1406] Compiling install-ns3-header: ns3/yans-wifi-phy.h
[ 734/1406] Compiling install-ns3-header: ns3/error-rate-model.h
[ 735/1406] Compiling install-ns3-header: ns3/wifi-tx-vector.h
[ 736/1406] Compiling install-ns3-header: ns3/yans-wifi-helper.h
[ 737/1406] Compiling install-ns3-header: ns3/qos-wifi-mac-helper.h
[ 738/1406] Compiling install-ns3-header: ns3/arf-wifi-manager.h
[ 739/1406] Compiling install-ns3-header: ns3/block-ack-cache.h
[ 740/1406] Compiling install-ns3-header: ns3/wifi-phy-tag.h
[ 741/1406] Compiling install-ns3-header: ns3/mac-rx-middle.h
[ 742/1406] Compiling install-ns3-header: ns3/ampdu-subframe-header.h
[ 743/1406] Compiling install-ns3-header: ns3/wifi-spectrum-phy-interface.h
[ 744/1406] Compiling install-ns3-header: ns3/dsss-parameter-set.h
[ 745/1406] Compiling install-ns3-header: ns3/edca-txop-n.h
[ 746/1406] Compiling install-ns3-header: ns3/cara-wifi-manager.h
[ 747/1406] Compiling install-ns3-header: ns3/nqos-wifi-mac-helper.h
[ 748/1406] Compiling install-ns3-header: ns3/wifi-phy-standard.h
[ 749/1406] Compiling install-ns3-header: ns3/wifi-radio-energy-model.h
[ 751/1406] Compiling install-ns3-header: ns3/wifi-preamble.h
[ 751/1406] Compiling install-ns3-header: ns3/wifi-helper.h
[ 752/1406] Compiling install-ns3-header: ns3/supported-rates.h
[ 753/1406] Compiling install-ns3-header: ns3/yans-wifi-channel.h
[ 754/1406] Compiling install-ns3-header: ns3/msdu-standard-aggregator.h
[ 755/1406] Compiling install-ns3-header: ns3/regular-wifi-mac.h
[ 756/1406] Compiling install-ns3-header: ns3/dcf-manager.h
[ 757/1406] Compiling install-ns3-header: ns3/wifi-spectrum-signal-parameters.h
[ 758/1406] Compiling install-ns3-header: ns3/yans-error-rate-model.h
[ 759/1406] Compiling install-ns3-header: ns3/dsss-error-rate-model.h
[ 760/1406] Compiling install-ns3-header: ns3/status-code.h
[ 761/1406] Compiling install-ns3-header: ns3/ht-wifi-mac-helper.h
[ 762/1406] Compiling install-ns3-header: ns3/aarf-wifi-manager.h
[ 763/1406] Compiling install-ns3-header: ns3/wifi-mac-queue.h
[ 764/1406] Compiling install-ns3-header: ns3/wifi-mac-helper.h
[ 765/1406] Compiling install-ns3-header: ns3/wifi-remote-station-manager.h
[ 766/1406] Compiling install-ns3-header: ns3/block-ack-agreement.h
[ 767/1406] Compiling install-ns3-header: ns3/mpdu-standard-aggregator.h
[ 768/1406] Compiling install-ns3-header: ns3/wifi-phy.h
[ 769/1406] Compiling install-ns3-header: ns3/dca-txop.h
[ 770/1406] Compiling install-ns3-header: ns3/wifi-phy-state-helper.h
[ 771/1406] Compiling install-ns3-header: ns3/ht-capabilities.h
[ 772/1406] Compiling install-ns3-header: ns3/ampdu-tag.h
[ 773/1406] Compiling install-ns3-header: ns3/ap-wifi-mac.h
[ 774/1406] Compiling install-ns3-header: ns3/ideal-wifi-manager.h
[ 775/1406] Compiling install-ns3-header: ns3/erp-information.h
[ 776/1406] Compiling install-ns3-header: ns3/snr-tag.h
[ 777/1406] Compiling install-ns3-header: ns3/vht-capabilities.h
[ 778/1406] Compiling install-ns3-header: ns3/aparf-wifi-manager.h
[ 779/1406] Compiling install-ns3-header: ns3/msdu-aggregator.h
[ 780/1406] Processing command (${PYTHON}): ../bindings/python/ns3modulegen-modular.py ../src/wifi/bindings/modulegen__gcc_LP64.py ../src/wifi/bindings/modulegen_customizations.py -> src/wifi/bindings/ns3module.cc src/wifi/bindings/ns3module.h src/wifi/bindings/ns3modulegen.log

[ 825/1406] Processing gen-module-header: ns3/antenna-module.h
[ 826/1406] Processing gen-module-header: ns3/applications-module.h
[ 827/1406] Processing gen-module-header: ns3/bridge-module.h
[ 828/1406] Processing gen-module-header: ns3/config-store-module.h
[ 830/1406] Processing gen-module-header: ns3/energy-module.h
[ 831/1406] Processing gen-module-header: ns3/core-module.h
[ 832/1406] Processing gen-module-header: ns3/mobility-module.h
[ 832/1406] Processing gen-module-header: ns3/internet-module.h
[ 833/1406] Processing gen-module-header: ns3/mpi-module.h
[ 835/1406] Processing gen-module-header: ns3/obstacle-module.h
[ 836/1406] Processing gen-module-header: ns3/network-module.h
[ 836/1406] Processing gen-module-header: ns3/propagation-module.h
[ 837/1406] Processing gen-module-header: ns3/spectrum-module.h
[ 838/1406] Processing gen-module-header: ns3/stats-module.h
[ 840/1406] Processing gen-module-header: ns3/wave-module.h
[ 840/1406] Processing gen-module-header: ns3/traffic-control-module.h
[ 842/1406] Creating build/bindings/python/ns3.py
[ 842/1406] Processing gen-module-header: ns3/wifi-module.h
[ 843/1406] Compiling bindings/python/ns__init__.py
[ 844/1406] Compiling src/network/helper/node-container.cc
[ 845/1406] Compiling src/stats/helper/gnuplot-helper.cc
[ 846/1406] Compiling src/wifi/model/wifi-mac-queue.cc
[ 847/1406] Compiling src/mobility/model/geographic-positions.cc
[ 848/1406] Compiling src/wifi/model/cara-wifi-manager.cc
[ 849/1406] Compiling src/network/utils/mac48-address.cc
[ 850/1406] Compiling src/internet/model/tcp-l4-protocol.cc
[ 851/1406] Compiling src/wifi/model/sta-wifi-mac.cc
[ 852/1406] Compiling src/internet/helper/ipv6-list-routing-helper.cc
[ 853/1406] Compiling scratch/vanet/FBNode.cc
[ 854/1406] Compiling src/wifi/model/supported-rates.cc
[ 855/1406] Compiling src/internet/model/ipv4-l3-protocol.cc
[ 856/1406] Compiling src/wifi/model/wifi-remote-station-manager.cc
[ 857/1406] Compiling src/network/utils/radiotap-header.cc
[ 858/1406] Compiling src/core/model/synchronizer.cc
[ 859/1406] Compiling src/spectrum/model/wifi-spectrum-value-helper.cc
[ 860/1406] Compiling src/wifi/model/qos-utils.cc
[ 861/1406] Compiling src/network/utils/packet-data-calculators.cc
[ 862/1406] Compiling src/mobility/model/waypoint.cc
[ 863/1406] Compiling src/mobility/model/hierarchical-mobility-model.cc
[ 864/1406] Compiling src/spectrum/model/spectrum-channel.cc
[ 865/1406] Compiling src/wifi/helper/nqos-wifi-mac-helper.cc
[ 866/1406] Compiling src/internet/model/tcp-rx-buffer.cc
[ 867/1406] Compiling src/network/utils/output-stream-wrapper.cc
[ 868/1406] Compiling src/internet/model/loopback-net-device.cc
[ 869/1406] Compiling src/wifi/model/wifi-mac-header.cc
[ 870/1406] Compiling src/core/model/unix-system-mutex.cc
[ 871/1406] Compiling src/internet/model/icmpv4.cc
[ 872/1406] Compiling scratch/vanet-urban/fb-vanet.cc
[ 873/1406] Compiling src/wifi/model/wifi-channel.cc
[ 874/1406] Compiling src/core/model/integer.cc
[ 875/1406] Compiling src/core/model/attribute.cc
[ 876/1406] Compiling src/wifi/helper/ht-wifi-mac-helper.cc
[ 877/1406] Compiling src/internet/model/ipv6-extension-header.cc
[ 878/1406] Compiling src/propagation/model/okumura-hata-propagation-loss-model.cc
[ 879/1406] Compiling src/core/model/wall-clock-synchronizer.cc
[ 880/1406] Compiling src/spectrum/model/spectrum-signal-parameters.cc
[ 881/1406] Compiling src/internet/model/udp-header.cc
[ 882/1406] Compiling src/spectrum/model/spectrum-model-300kHz-300GHz-log.cc
[ 883/1406] Compiling src/wave/model/vendor-specific-action.cc
[ 884/1406] Compiling src/energy/helper/energy-model-helper.cc
[ 885/1406] Compiling src/internet/helper/ipv4-address-helper.cc
[ 886/1406] Compiling src/internet/helper/ipv6-routing-helper.cc
[ 887/1406] Compiling src/core/model/event-impl.cc
[ 888/1406] Compiling src/wifi/helper/vht-wifi-mac-helper.cc
[ 889/1406] Compiling src/internet/model/ipv4-address-generator.cc
[ 890/1406] Compiling src/internet/model/ip-l4-protocol.cc
[ 891/1406] Compiling src/energy/model/energy-harvester.cc
[ 892/1406] Compiling src/network/model/packet-metadata.cc
[ 893/1406] Compiling src/spectrum/model/spectrum-model-ism2400MHz-res1MHz.cc
[ 894/1406] Compiling src/spectrum/helper/adhoc-aloha-noack-ideal-phy-helper.cc
[ 895/1406] Compiling src/stats/model/data-collector.cc
[ 896/1406] Compiling scratch/vanet-urban/FBApplication.cc
[ 897/1406] Compiling src/propagation/model/jakes-process.cc
[ 898/1406] Compiling src/internet/model/ipv4-packet-filter.cc
[ 899/1406] Compiling src/traffic-control/model/pie-queue-disc.cc
[ 900/1406] Compiling src/wifi/model/constant-rate-wifi-manager.cc
[ 901/1406] Compiling src/config-store/model/file-config.cc
[ 902/1406] Compiling src/wifi/helper/yans-wifi-helper.cc
[ 903/1406] Compiling src/config-store/model/attribute-iterator.cc
[ 904/1406] Compiling src/network/model/node-list.cc
[ 905/1406] Compiling src/spectrum/model/spectrum-error-model.cc
[ 906/1406] Compiling src/energy/model/basic-energy-harvester.cc
[ 907/1406] Compiling src/core/model/test.cc
[ 908/1406] Compiling src/applications/model/packet-loss-counter.cc
[ 909/1406] Compiling src/spectrum/model/microwave-oven-spectrum-value-helper.cc
[ 910/1406] Compiling src/internet/model/ipv4-route.cc
[ 911/1406] Compiling src/stats/model/uinteger-8-probe.cc
[ 912/1406] Compiling src/internet/model/tcp-option.cc
[ 913/1406] Compiling src/wifi/model/wifi-information-element-vector.cc
[ 914/1406] Compiling src/internet/model/tcp-westwood.cc
[ 915/1406] Compiling src/config-store/model/attribute-default-iterator.cc
[ 916/1406] Compiling src/wifi/model/wifi-mac.cc
[ 917/1406] Compiling src/core/model/unix-system-condition.cc
[ 918/1406] Compiling src/mpi/model/granted-time-window-mpi-interface.cc
[ 919/1406] Compiling src/spectrum/model/waveform-generator.cc
[ 920/1406] Compiling src/wifi/model/minstrel-wifi-manager.cc
[ 921/1406] Compiling src/applications/model/udp-trace-client.cc
[ 922/1406] Compiling src/traffic-control/model/red-queue-disc.cc
[ 923/1406] Compiling src/stats/model/gnuplot-aggregator.cc
[ 924/1406] Compiling src/core/model/type-name.cc
[ 925/1406] Compiling src/wifi/model/wifi-phy-tag.cc
[ 926/1406] Compiling src/core/model/event-id.cc
[ 927/1406] Compiling src/core/model/int64x64-128.cc
[ 928/1406] Compiling src/internet/model/ipv6-l3-protocol.cc
[ 929/1406] Compiling src/network/utils/pcap-file-wrapper.cc
[ 930/1406] Compiling src/wifi/model/status-code.cc
[ 931/1406] Compiling src/wifi/model/aparf-wifi-manager.cc
[ 932/1406] Compiling src/internet/model/global-route-manager.cc
[ 933/1406] Compiling src/internet/model/ipv6-autoconfigured-prefix.cc
[ 934/1406] Compiling utils/test-runner.cc
[ 935/1406] Compiling src/applications/model/packet-sink.cc
[ 936/1406] Compiling src/internet/model/tcp-header.cc
[ 937/1406] Compiling src/mobility/model/constant-velocity-helper.cc
[ 938/1406] Compiling src/network/utils/ascii-file.cc
[ 939/1406] Compiling src/bridge/model/bridge-channel.cc
[ 940/1406] Compiling src/stats/model/uinteger-32-probe.cc
[ 941/1406] Compiling src/wifi/model/mpdu-aggregator.cc
[ 942/1406] Compiling src/network/utils/address-utils.cc
[ 943/1406] Compiling src/wifi/model/ideal-wifi-manager.cc
[ 944/1406] Compiling src/wifi/model/wifi-tx-vector.cc
[ 945/1406] Compiling src/energy/helper/basic-energy-source-helper.cc
[ 946/1406] Compiling src/network/utils/packet-socket-client.cc
[ 947/1406] Compiling src/stats/model/gnuplot.cc
[ 948/1406] Compiling src/wifi/model/ampdu-subframe-header.cc
[ 949/1406] Compiling src/energy/model/device-energy-model.cc
[ 950/1406] Compiling src/internet/model/ipv6-packet-probe.cc
[ 951/1406] Compiling src/core/helper/event-garbage-collector.cc
[ 952/1406] Compiling src/internet/model/ipv4-packet-info-tag.cc
[ 953/1406] Compiling src/internet/model/ipv4-interface-address.cc
[ 954/1406] Compiling src/internet/helper/ripng-helper.cc
[ 955/1406] Compiling src/spectrum/model/tv-spectrum-transmitter.cc
[ 956/1406] Compiling src/mobility/model/gauss-markov-mobility-model.cc
[ 957/1406] Compiling src/internet/model/ipv6-interface.cc
[ 958/1406] Compiling src/internet/model/ipv4-list-routing.cc
[ 959/1406] Compiling src/network/utils/packetbb.cc
[ 960/1406] Compiling src/energy/helper/energy-source-container.cc
[ 961/1406] Compiling src/core/model/simulator.cc
[ 962/1406] Compiling src/wifi/model/dca-txop.cc
[ 963/1406] Compiling src/mpi/model/mpi-receiver.cc
[ 964/1406] Compiling src/core/model/callback.cc
[ 965/1406] Compiling src/internet/model/global-router-interface.cc
[ 966/1406] Compiling src/internet/model/arp-header.cc
[ 967/1406] Compiling src/network/model/socket.cc
[ 968/1406] Compiling src/core/model/attribute-construction-list.cc
[ 969/1406] Compiling src/core/model/fatal-impl.cc
[ 970/1406] Compiling src/internet/model/ipv6-address-generator.cc
[ 971/1406] Compiling src/wifi/model/ampdu-tag.cc
[ 972/1406] Compiling build/src/internet/bindings/ns3module.cc
[ 973/1406] Compiling src/applications/helper/udp-echo-helper.cc
[ 974/1406] Compiling src/wifi/model/wifi-spectrum-signal-parameters.cc
[ 975/1406] Compiling src/spectrum/model/friis-spectrum-propagation-loss.cc
[ 976/1406] Compiling src/internet/model/tcp-highspeed.cc
[ 977/1406] Compiling src/wifi/model/wifi-phy.cc
[ 978/1406] Compiling src/wave/model/channel-scheduler.cc
[ 979/1406] Compiling src/network/model/address.cc
[ 980/1406] Compiling src/core/model/object-base.cc
[ 981/1406] Compiling src/core/model/ref-count-base.cc
[ 982/1406] Compiling src/network/utils/queue.cc
[ 983/1406] Compiling src/internet/model/udp-socket-factory.cc
[ 984/1406] Compiling src/stats/model/get-wildcard-matches.cc
[ 985/1406] Compiling src/core/model/double.cc
[ 986/1406] Compiling src/core/model/int64x64.cc
[ 987/1406] Compiling src/internet/model/tcp-bic.cc
[ 988/1406] Compiling src/core/model/calendar-scheduler.cc
[ 989/1406] Compiling src/internet/model/ipv6-route.cc
[ 990/1406] Compiling src/energy/model/device-energy-model-container.cc
[ 991/1406] Compiling src/wifi/helper/spectrum-wifi-helper.cc
[ 992/1406] Compiling src/internet/model/ipv4-global-routing.cc
[ 993/1406] Compiling src/internet/model/ipv6-interface-address.cc
[ 994/1406] Compiling src/network/utils/simple-channel.cc
[ 995/1406] Compiling src/mobility/model/box.cc
[ 996/1406] Compiling src/network/helper/trace-helper.cc
[ 997/1406] Compiling scratch/vanet/FBApplication.cc
[ 998/1406] Compiling src/network/utils/ipv6-address.cc
[ 999/1406] Compiling scratch/vanet-urban/FBNode.cc
[1000/1406] Compiling src/network/helper/net-device-container.cc
[1001/1406] Compiling src/energy/helper/rv-battery-model-helper.cc
[1002/1406] Compiling src/stats/model/data-calculator.cc
[1003/1406] Compiling src/antenna/model/parabolic-antenna-model.cc
[1004/1406] Compiling src/wifi/model/block-ack-agreement.cc
[1005/1406] Compiling src/internet/model/pending-data.cc
[1006/1406] Compiling src/wifi/model/mac-rx-middle.cc
[1007/1406] Compiling src/wifi/model/ap-wifi-mac.cc
[1008/1406] Compiling src/applications/helper/bulk-send-helper.cc
[1009/1406] Compiling src/energy/model/basic-energy-source.cc
[1010/1406] Compiling src/core/model/rng-seed-manager.cc
[1011/1406] Compiling src/spectrum/model/aloha-noack-mac-header.cc
[1012/1406] Compiling src/applications/model/udp-client.cc
[1013/1406] Compiling src/mpi/model/remote-channel-bundle-manager.cc
[1014/1406] Compiling scratch/vanet-urban/FBHeader.cc
[1015/1406] Compiling src/network/utils/error-model.cc
[1016/1406] Compiling src/core/model/enum.cc
[1017/1406] Compiling src/internet/model/ipv4-raw-socket-impl.cc
[1018/1406] Compiling src/core/model/unix-fd-reader.cc
[1019/1406] Compiling src/mpi/model/null-message-simulator-impl.cc
[1020/1406] Compiling src/network/utils/queue-limits.cc
[1021/1406] Compiling src/config-store/model/xml-config.cc
[1022/1406] Compiling src/applications/helper/packet-sink-helper.cc
[1023/1406] Compiling src/wave/model/wave-mac-low.cc
[1024/1406] Compiling src/network/model/byte-tag-list.cc
[1025/1406] Compiling src/internet/model/ipv4-routing-table-entry.cc
[1026/1406] Compiling src/wifi/model/wifi-phy-state-helper.cc
[1027/1406] Compiling src/traffic-control/model/queue-disc.cc
[1028/1406] Compiling src/network/utils/data-rate.cc
[1029/1406] Compiling src/network/model/chunk.cc
[1030/1406] Compiling src/mobility/model/constant-position-mobility-model.cc
[1031/1406] Compiling src/wave/model/channel-coordinator.cc
[1032/1406] Compiling src/propagation/model/cost231-propagation-loss-model.cc
[1033/1406] Compiling src/wave/model/ocb-wifi-mac.cc
[1034/1406] Compiling src/internet/model/ndisc-cache.cc
[1035/1406] Compiling src/spectrum/helper/spectrum-helper.cc
[1036/1406] Compiling src/core/model/vector.cc
[1037/1406] Compiling src/core/model/realtime-simulator-impl.cc
[1038/1406] Compiling src/mpi/model/mpi-interface.cc
[1039/1406] Compiling src/spectrum/model/non-communicating-net-device.cc
[1040/1406] Compiling src/spectrum/model/spectrum-model.cc
[1041/1406] Compiling src/traffic-control/model/pfifo-fast-queue-disc.cc
[1042/1406] Compiling src/mpi/model/distributed-simulator-impl.cc
[1043/1406] Compiling src/wifi/model/spectrum-wifi-phy.cc
[1044/1406] Compiling src/internet/helper/ipv6-interface-container.cc
[1045/1406] Compiling src/antenna/model/angles.cc
[1046/1406] Compiling src/network/utils/ethernet-trailer.cc
[1047/1406] Compiling src/core/model/names.cc
[1048/1406] Compiling src/wifi/model/ht-operations.cc
[1049/1406] Compiling src/internet/model/ipv6-pmtu-cache.cc
[1050/1406] Compiling src/network/model/tag.cc
[1051/1406] Compiling src/energy/helper/basic-energy-harvester-helper.cc
[1052/1406] Compiling src/internet/helper/ipv6-address-helper.cc
[1053/1406] Compiling src/wifi/model/mpdu-standard-aggregator.cc
[1054/1406] Compiling src/wifi/model/error-rate-model.cc
[1055/1406] Compiling src/core/model/log.cc
[1056/1406] Compiling src/spectrum/model/multi-model-spectrum-channel.cc
[1057/1406] Compiling src/internet/model/icmpv6-l4-protocol.cc
[1058/1406] Compiling src/network/model/header.cc
[1059/1406] Compiling src/wifi/model/yans-error-rate-model.cc
[1060/1406] Compiling src/spectrum/helper/spectrum-analyzer-helper.cc
[1061/1406] Compiling src/internet/model/icmpv4-l4-protocol.cc
[1062/1406] Compiling src/spectrum/model/single-model-spectrum-channel.cc
[1063/1406] Compiling src/network/helper/simple-net-device-helper.cc
[1064/1406] Compiling src/internet/model/ipv4-header.cc
[1065/1406] Compiling src/internet/helper/ipv4-static-routing-helper.cc
[1066/1406] Compiling src/core/model/boolean.cc
[1067/1406] Compiling src/core/model/string.cc
[1068/1406] Compiling src/wifi/model/erp-information.cc
[1069/1406] Compiling utils/bench-simulator.cc
[1070/1406] Compiling src/wifi/model/random-stream.cc
[1071/1406] Compiling src/stats/model/data-output-interface.cc
[1072/1406] Compiling src/network/utils/dynamic-queue-limits.cc
[1073/1406] Compiling src/wave/model/default-channel-scheduler.cc
[1074/1406] Compiling src/mobility/helper/mobility-helper.cc
[1075/1406] Compiling src/stats/model/data-collection-object.cc
[1076/1406] Compiling src/network/utils/drop-tail-queue.cc
[1077/1406] Compiling src/mpi/model/null-message-mpi-interface.cc
[1078/1406] Compiling src/wave/model/channel-manager.cc
[1079/1406] Compiling src/internet/helper/ipv4-global-routing-helper.cc
[1080/1406] Compiling src/wifi/model/yans-wifi-phy.cc
[1081/1406] Compiling src/network/utils/ethernet-header.cc
[1082/1406] Compiling src/wifi/model/dcf-manager.cc
[1083/1406] Compiling src/internet/model/rip-header.cc
[1084/1406] Compiling src/internet/model/tcp-vegas.cc
[1085/1406] Compiling src/stats/model/time-probe.cc
[1086/1406] Compiling src/wifi/model/wifi-spectrum-phy-interface.cc
[1087/1406] Compiling src/wifi/helper/qos-wifi-mac-helper.cc
[1088/1406] Compiling src/spectrum/model/constant-spectrum-propagation-loss.cc
[1089/1406] Compiling src/internet/model/ipv6-end-point.cc
[1090/1406] Compiling src/stats/model/probe.cc
[1091/1406] Compiling src/internet/model/icmpv6-header.cc
[1092/1406] Compiling src/network/utils/llc-snap-header.cc
[1093/1406] Compiling src/internet/model/tcp-veno.cc
[1094/1406] Compiling src/propagation/model/kun-2600-mhz-propagation-loss-model.cc
[1095/1406] Compiling src/internet/model/tcp-yeah.cc
[1096/1406] Compiling src/internet/model/ipv6-raw-socket-factory-impl.cc
[1097/1406] Compiling src/antenna/model/cosine-antenna-model.cc
[1098/1406] Compiling src/internet/model/tcp-socket-base.cc
[1099/1406] Compiling src/network/model/trailer.cc
[1100/1406] Compiling src/network/model/application.cc
[1101/1406] Compiling src/core/model/list-scheduler.cc
[1102/1406] Compiling src/obstacle/helper/obstacle-helper.cc
[1103/1406] Compiling src/applications/model/seq-ts-header.cc
[1104/1406] Compiling src/spectrum/model/half-duplex-ideal-phy-signal-parameters.cc
[1105/1406] Compiling src/internet/model/ipv6-packet-info-tag.cc
[1106/1406] Compiling src/network/utils/packet-socket-factory.cc
[1107/1406] Compiling build/src/applications/bindings/ns3module.cc
[1108/1406] Compiling src/internet/model/udp-l4-protocol.cc
[1109/1406] Compiling src/internet/model/tcp-scalable.cc
[1110/1406] Compiling src/propagation/model/jakes-propagation-loss-model.cc
[1111/1406] Compiling src/core/model/command-line.cc
[1112/1406] Compiling src/wifi/model/edca-parameter-set.cc
[1113/1406] Compiling src/mobility/helper/ns2-mobility-helper.cc
[1114/1406] Compiling src/mobility/model/constant-velocity-mobility-model.cc
[1115/1406] Compiling src/wave/model/bsm-application.cc
[1116/1406] Compiling utils/print-introspected-doxygen.cc
[1117/1406] Compiling src/internet/helper/ipv6-static-routing-helper.cc
[1118/1406] Compiling src/wifi/model/block-ack-cache.cc
[1119/1406] Compiling src/config-store/model/model-node-creator.cc
[1120/1406] Compiling src/internet/model/rtt-estimator.cc
[1121/1406] Compiling src/network/utils/inet6-socket-address.cc
[1122/1406] Compiling src/wifi/model/capability-information.cc
[1123/1406] Compiling src/network/utils/mac16-address.cc
[1124/1406] Compiling src/mobility/model/random-direction-2d-mobility-model.cc
[1125/1406] Compiling src/stats/model/time-data-calculators.cc
[1126/1406] Compiling src/wave/helper/wave-helper.cc
[1127/1406] Compiling src/mobility/model/constant-acceleration-mobility-model.cc
[1128/1406] Compiling src/wave/helper/wave-bsm-helper.cc
[1129/1406] Compiling src/energy/helper/energy-harvester-helper.cc
[1130/1406] Compiling src/wifi/model/snr-tag.cc
[1131/1406] Compiling src/internet/model/ipv4-interface.cc
[1132/1406] Compiling src/config-store/model/config-store.cc
[1133/1406] Compiling src/internet/helper/internet-trace-helper.cc
[1134/1406] Compiling src/network/model/node.cc
[1135/1406] Compiling src/spectrum/model/spectrum-interference.cc
[1136/1406] Compiling src/network/helper/delay-jitter-estimation.cc
[1137/1406] Compiling scratch/vanet/fb-vanet-3d.cc
[1138/1406] Compiling src/core/model/random-variable-stream.cc
[1139/1406] Compiling src/wifi/model/regular-wifi-mac.cc
[1140/1406] Compiling src/spectrum/model/spectrum-analyzer.cc
[1141/1406] Compiling src/mobility/model/steady-state-random-waypoint-mobility-model.cc
[1142/1406] Compiling src/wifi/model/wifi-net-device.cc
[1143/1406] Compiling src/stats/model/double-probe.cc
[1144/1406] Compiling src/config-store/model/gtk-config-store.cc
[1145/1406] Compiling src/propagation/model/itu-r-1411-los-propagation-loss-model.cc
[1146/1406] Compiling src/applications/model/udp-echo-server.cc
[1147/1406] Compiling src/internet/model/ipv4-static-routing.cc
[1148/1406] Compiling src/obstacle/model/obstacle-shadowing-propagation-loss-model.cc
[1149/1406] Compiling src/internet/model/ripng.cc
[1150/1406] Compiling src/wifi/model/minstrel-ht-wifi-manager.cc
[1151/1406] Compiling src/network/utils/packet-burst.cc
[1152/1406] Compiling src/applications/helper/on-off-helper.cc
[1153/1406] Compiling src/stats/model/boolean-probe.cc
[1154/1406] Compiling src/internet/model/ipv6-end-point-demux.cc
[1155/1406] Compiling src/core/model/uinteger.cc
[1156/1406] Compiling src/core/model/object-factory.cc
[1157/1406] Compiling src/wifi/model/interference-helper.cc
[1158/1406] Compiling src/internet/helper/rip-helper.cc
[1159/1406] Compiling src/internet/model/tcp-hybla.cc
[1160/1406] Compiling src/wifi/model/mgt-headers.cc
[1161/1406] Compiling src/internet/model/rip.cc
[1162/1406] Compiling src/core/model/timer.cc
[1163/1406] Compiling src/core/model/system-path.cc
[1164/1406] Compiling src/spectrum/helper/tv-spectrum-transmitter-helper.cc
[1165/1406] Compiling src/energy/model/simple-device-energy-model.cc
[1166/1406] Compiling src/traffic-control/model/traffic-control-layer.cc
[1167/1406] Compiling src/network/helper/application-container.cc
[1168/1406] Compiling src/wave/model/higher-tx-tag.cc
[1169/1406] Compiling src/internet/model/tcp-illinois.cc
[1170/1406] Compiling src/config-store/model/display-functions.cc
[1171/1406] Compiling src/spectrum/model/half-duplex-ideal-phy.cc
[1172/1406] Compiling src/obstacle/model/topology.cc
[1173/1406] Compiling src/core/model/make-event.cc
[1174/1406] Compiling src/spectrum/model/spectrum-phy.cc
[1175/1406] Compiling src/config-store/model/raw-text-config.cc
[1176/1406] Compiling src/network/utils/packet-socket.cc
[1177/1406] Compiling src/traffic-control/model/fq-codel-queue-disc.cc
[1178/1406] Compiling src/antenna/model/antenna-model.cc
[1179/1406] Compiling src/internet/model/tcp-socket.cc
[1180/1406] Compiling src/config-store/model/model-typeid-creator.cc
[1181/1406] Compiling src/network/utils/crc32.cc
[1182/1406] Compiling src/core/model/watchdog.cc
[1183/1406] Compiling src/wave/helper/wifi-80211p-helper.cc
[1184/1406] Compiling src/applications/model/onoff-application.cc
[1185/1406] Compiling src/core/model/heap-scheduler.cc
[1186/1406] Compiling src/applications/helper/udp-client-server-helper.cc
[1187/1406] Compiling src/wifi/model/amrr-wifi-manager.cc
[1188/1406] Compiling src/traffic-control/helper/queue-disc-container.cc
[1189/1406] Compiling src/wifi/model/dsss-parameter-set.cc
[1190/1406] Compiling src/internet/model/ipv6-static-routing.cc
[1191/1406] Compiling src/core/model/pointer.cc
[1192/1406] Compiling src/internet/model/ipv4-routing-protocol.cc
[1193/1406] Compiling src/internet/helper/ipv4-interface-container.cc
[1194/1406] Compiling src/wave/model/wave-net-device.cc
[1195/1406] Compiling src/wifi/model/vht-capabilities.cc
[1196/1406] Compiling src/network/model/net-device.cc
[1197/1406] Compiling src/spectrum/model/spectrum-propagation-loss-model.cc
[1198/1406] Compiling src/network/model/buffer.cc
[1199/1406] Compiling src/core/model/des-metrics.cc
[1200/1406] Compiling src/wifi/model/dsss-error-rate-model.cc
[1201/1406] Compiling src/network/model/packet-tag-list.cc
[1202/1406] Compiling src/network/utils/inet-socket-address.cc
[1203/1406] Compiling src/internet/model/ipv6-routing-protocol.cc
[1204/1406] Compiling src/network/utils/flow-id-tag.cc
[1205/1406] Compiling src/network/utils/pcap-file.cc
[1206/1406] Compiling src/network/model/packet.cc
[1207/1406] Compiling src/mobility/model/position-allocator.cc
[1208/1406] Compiling src/network/model/socket-factory.cc
[1209/1406] Compiling src/wifi/model/wifi-tx-current-model.cc
[1210/1406] Compiling src/internet/model/ipv6-extension.cc
[1211/1406] Compiling src/stats/model/time-series-adaptor.cc
[1212/1406] Compiling src/internet/model/ipv6-routing-table-entry.cc
[1213/1406] Compiling src/core/model/unix-system-wall-clock-ms.cc
[1214/1406] Compiling src/internet/model/ipv6-option.cc
[1215/1406] Compiling src/wifi/model/adhoc-wifi-mac.cc
[1216/1406] Compiling src/internet/model/ipv6-header.cc
[1217/1406] Compiling build/src/wave/bindings/ns3module.cc
[1218/1406] Compiling src/internet/model/ipv6.cc
[1219/1406] Compiling src/wifi/model/mac-low.cc
[1220/1406] Compiling src/core/model/rng-stream.cc
[1221/1406] Compiling src/wifi/model/qos-blocked-destinations.cc
[1222/1406] Compiling src/core/model/hash-murmur3.cc
[1223/1406] Compiling src/wifi/model/onoe-wifi-manager.cc
[1224/1406] Compiling src/core/model/hash-fnv.cc
[1225/1406] Compiling src/traffic-control/model/packet-filter.cc
[1226/1406] Compiling src/internet/model/ipv6-option-demux.cc
[1227/1406] Compiling src/stats/model/omnet-data-output.cc
[1228/1406] Compiling src/stats/model/file-aggregator.cc
[1229/1406] Compiling scratch/vanet/FBHeader.cc
[1230/1406] Compiling src/core/model/global-value.cc
[1231/1406] Compiling src/internet/model/ipv4-raw-socket-factory-impl.cc
[1232/1406] Compiling src/obstacle/model/obstacle.cc
[1233/1406] Compiling src/internet/model/ipv6-extension-demux.cc
[1234/1406] Compiling src/network/utils/packet-probe.cc
[1235/1406] Compiling src/spectrum/helper/waveform-generator-helper.cc
[1236/1406] Compiling src/mobility/model/waypoint-mobility-model.cc
[1237/1406] Compiling src/wifi/model/aarfcd-wifi-manager.cc
[1238/1406] Compiling src/wifi/model/wifi-information-element.cc
[1239/1406] Compiling src/internet/model/udp-socket-impl.cc
[1240/1406] Compiling src/internet/model/tcp-option-ts.cc
[1241/1406] Compiling src/mobility/model/rectangle.cc
[1242/1406] Compiling src/core/model/object.cc
[1243/1406] Compiling src/internet/model/tcp-option-rfc793.cc
[1244/1406] Compiling src/energy/helper/li-ion-energy-source-helper.cc
[1245/1406] Compiling src/bridge/model/bridge-net-device.cc
[1246/1406] Compiling src/wifi/model/rraa-wifi-manager.cc
[1247/1406] Compiling src/wifi/model/nist-error-rate-model.cc
[1248/1406] Compiling src/propagation/model/propagation-loss-model.cc
[1249/1406] Compiling src/network/utils/packet-socket-address.cc
[1250/1406] Compiling src/core/model/object-ptr-container.cc
[1251/1406] Compiling src/internet/model/ipv6-option-header.cc
[1252/1406] Compiling src/internet/model/tcp-option-winscale.cc
[1253/1406] Compiling src/wifi/model/yans-wifi-channel.cc
[1254/1406] Compiling src/internet/model/ipv6-list-routing.cc
[1255/1406] Compiling src/internet/helper/internet-stack-helper.cc
[1256/1406] Compiling src/internet/model/ipv4-raw-socket-factory.cc
[1257/1406] Compiling src/core/model/type-id.cc
[1258/1406] Compiling src/internet/model/ripng-header.cc
[1259/1406] Compiling src/core/model/hash-function.cc
[1260/1406] Compiling src/energy/model/li-ion-energy-source.cc
[1261/1406] Compiling src/wifi/model/ht-capabilities.cc
[1262/1406] Compiling src/internet/model/arp-cache.cc
[1263/1406] Compiling src/wifi/model/wifi-radio-energy-model.cc
[1264/1406] Compiling src/internet/model/udp-socket-factory-impl.cc
[1265/1406] Compiling src/wifi/model/amsdu-subframe-header.cc
[1266/1406] Compiling src/spectrum/model/spectrum-converter.cc
[1267/1406] Compiling src/core/model/simulator-impl.cc
[1268/1406] Compiling src/spectrum/model/spectrum-value.cc
[1269/1406] Compiling src/applications/model/application-packet-probe.cc
[1270/1406] Compiling src/wifi/model/arf-wifi-manager.cc
[1271/1406] Compiling src/traffic-control/helper/traffic-control-helper.cc
[1272/1406] Compiling src/internet/helper/ipv4-routing-helper.cc
[1273/1406] Compiling src/internet/model/ipv6-raw-socket-impl.cc
[1274/1406] Compiling src/network/utils/simple-net-device.cc
[1275/1406] Compiling src/wifi/model/ssid.cc
[1276/1406] Compiling src/network/utils/mac64-address.cc
[1277/1406] Compiling src/internet/model/ipv4-queue-disc-item.cc
[1278/1406] Compiling src/bridge/helper/bridge-helper.cc
[1279/1406] Compiling src/internet/model/tcp-htcp.cc
[1280/1406] Compiling src/internet/model/ipv4-packet-probe.cc
[1281/1406] Compiling src/energy/model/energy-source.cc
[1282/1406] Compiling src/mobility/model/random-waypoint-mobility-model.cc
[1283/1406] Compiling src/wifi/model/msdu-aggregator.cc
[1284/1406] Compiling src/applications/model/bulk-send-application.cc
[1285/1406] Compiling src/energy/helper/energy-harvester-container.cc
[1286/1406] Compiling src/core/model/map-scheduler.cc
[1287/1406] Compiling src/spectrum/model/aloha-noack-net-device.cc
[1288/1406] Compiling src/traffic-control/model/codel-queue-disc.cc
[1289/1406] Compiling src/wifi/model/edca-txop-n.cc
[1290/1406] Compiling src/internet/model/tcp-socket-factory-impl.cc
[1291/1406] Compiling src/wifi/model/parf-wifi-manager.cc
[1292/1406] Compiling src/propagation/model/itu-r-1411-nlos-over-rooftop-propagation-loss-model.cc
[1293/1406] Compiling src/core/helper/random-variable-stream-helper.cc
[1294/1406] Compiling src/wifi/helper/athstats-helper.cc
[1295/1406] Compiling src/internet/model/tcp-socket-factory.cc
[1296/1406] Compiling src/core/model/scheduler.cc
[1297/1406] Compiling src/mobility/model/mobility-model.cc
[1298/1406] Compiling src/wifi/model/dcf.cc
[1299/1406] Compiling src/core/model/default-simulator-impl.cc
[1300/1406] Compiling src/internet/model/ipv6-raw-socket-factory.cc
[1301/1406] Compiling src/stats/helper/file-helper.cc
[1302/1406] Compiling src/internet/helper/ipv4-list-routing-helper.cc
[1303/1406] Compiling src/internet/model/ipv6-queue-disc-item.cc
[1304/1406] Compiling src/wifi/helper/wifi-radio-energy-model-helper.cc
[1305/1406] Compiling src/wave/helper/wave-mac-helper.cc
[1306/1406] Compiling src/wifi/model/msdu-standard-aggregator.cc
[1307/1406] Compiling src/network/utils/ipv4-address.cc
[1308/1406] Compiling src/stats/model/uinteger-16-probe.cc
[1309/1406] Compiling src/internet/model/ipv4-end-point.cc
[1310/1406] Compiling build/src/wifi/bindings/ns3module.cc
[1311/1406] Compiling src/network/model/channel.cc
[1312/1406] Compiling src/core/model/hash.cc
[1313/1406] Compiling src/core/model/trace-source-accessor.cc
[1314/1406] Compiling src/internet/model/candidate-queue.cc
[1315/1406] Compiling src/core/model/system-thread.cc
[1316/1406] Compiling src/internet/model/ipv4.cc
[1317/1406] Compiling src/internet/model/tcp-congestion-ops.cc
[1318/1406] Compiling src/applications/model/udp-echo-client.cc
[1319/1406] Compiling src/wifi/helper/wifi-helper.cc
[1320/1406] Compiling src/core/model/config.cc
[1321/1406] Compiling src/internet/model/ipv4-end-point-demux.cc
[1322/1406] Compiling utils/bench-packets.cc
[1323/1406] Compiling src/wifi/model/mac-tx-middle.cc
[1324/1406] Compiling src/wifi/model/ctrl-headers.cc
[1325/1406] Compiling src/energy/model/rv-battery-model.cc
[1326/1406] Compiling src/mpi/model/remote-channel-bundle.cc
[1327/1406] Compiling src/network/model/nix-vector.cc
[1328/1406] Compiling src/internet/model/arp-l3-protocol.cc
[1329/1406] Compiling src/network/helper/packet-socket-helper.cc
[1330/1406] Compiling src/core/model/time.cc
[1331/1406] Compiling src/mobility/model/random-walk-2d-mobility-model.cc
[1332/1406] Compiling src/wifi/model/block-ack-manager.cc
[1333/1406] Compiling src/network/model/tag-buffer.cc
[1334/1406] Compiling src/applications/model/udp-server.cc
[1335/1406] Compiling src/wifi/model/originator-block-ack-agreement.cc
[1336/1406] Compiling src/network/utils/packet-socket-server.cc
[1337/1406] Compiling src/internet/model/ipv6-packet-filter.cc
[1338/1406] Compiling src/antenna/model/isotropic-antenna-model.cc
[1339/1406] Compiling src/core/model/breakpoint.cc
[1340/1406] Compiling src/network/utils/sll-header.cc
[1341/1406] Compiling src/internet/model/global-route-manager-impl.cc
[1342/1406] Compiling src/internet/model/tcp-tx-buffer.cc
[1343/1406] Compiling src/wifi/model/aarf-wifi-manager.cc
[1344/1406] Compiling src/wifi/model/wifi-mac-trailer.cc
[1345/1406] Compiling src/propagation/model/propagation-delay-model.cc
[1346/1406] Compiling src/wave/model/vsa-manager.cc
[1347/1406] Compiling src/network/model/channel-list.cc
[1348/1406] Compiling src/wave/helper/wave-bsm-stats.cc
[1349/1406] Compiling src/wifi/model/wifi-mode.cc
[1350/1406] Compiling src/internet/model/udp-socket.cc
[1351/1406] Compiling src/wifi/helper/wifi-mac-helper.cc
[1352/1406] Linking build/libns3.26-core-debug.so
[1353/1406] Linking build/libns3.26-antenna-debug.so
[1354/1406] Linking build/libns3.26-stats-debug.so
[1355/1406] Linking build/utils/ns3.26-bench-simulator-debug
[1356/1406] Linking build/libns3.26-network-debug.so
[1357/1406] Linking build/libns3.26-bridge-debug.so
[1358/1406] Linking build/libns3.26-config-store-debug.so
[1359/1406] Linking build/libns3.26-mobility-debug.so
[1360/1406] Linking build/libns3.26-mpi-debug.so
[1362/1406] Linking build/libns3.26-energy-debug.so
[1363/1406] Linking build/libns3.26-traffic-control-debug.so
[1363/1406] Linking build/utils/ns3.26-bench-packets-debug
[1364/1406] Linking build/libns3.26-propagation-debug.so
[1365/1406] Linking build/libns3.26-internet-debug.so
[1367/1406] Linking build/libns3.26-spectrum-debug.so
[1367/1406] Linking build/libns3.26-obstacle-debug.so
[1368/1406] Linking build/libns3.26-wifi-debug.so
[1369/1406] Linking build/libns3.26-applications-debug.so
[1370/1406] Linking build/libns3.26-wave-debug.so
[1372/1406] Linking build/utils/ns3.26-print-introspected-doxygen-debug
[1376/1406] Linking build/bindings/python/ns/wave.so
[1374/1406] Linking build/scratch/vanet-urban/vanet-urban
[1374/1406] Linking build/bindings/python/ns/internet.so
[1376/1406] Linking build/utils/ns3.26-test-runner-debug
[1376/1406] Linking build/bindings/python/ns/applications.so
[1377/1406] Linking build/scratch/vanet/vanet
[1381/1406] Creating pcfile: src/config-store/libns3.26-config-store-debug.pc

[1381/1406] Linking build/bindings/python/ns/wifi.so
[1381/1406] Creating pcfile: src/antenna/libns3.26-antenna-debug.pc

[1384/1406] Creating pcfile: src/core/libns3.26-core-debug.pc

[1384/1406] Creating pcfile: src/energy/libns3.26-energy-debug.pc

[1385/1406] Creating pcfile: src/mpi/libns3.26-mpi-debug.pc

[1385/1406] Creating pcfile: src/stats/libns3.26-stats-debug.pc

[1389/1406] Creating pcfile: src/internet/libns3.26-internet-debug.pc

[1387/1406] Creating pcfile: src/obstacle/libns3.26-obstacle-debug.pc

[1388/1406] Creating pcfile: src/spectrum/libns3.26-spectrum-debug.pc

[1388/1406] Creating pcfile: src/applications/libns3.26-applications-debug.pc

[1386/1406] Creating pcfile: src/network/libns3.26-network-debug.pc

[1390/1406] Creating pcfile: src/wifi/libns3.26-wifi-debug.pc

[1391/1406] Creating pcfile: src/propagation/libns3.26-propagation-debug.pc

[1392/1406] Creating pcfile: src/wave/libns3.26-wave-debug.pc

[1393/1406] Creating pcfile: src/mobility/libns3.26-mobility-debug.pc

[1394/1406] Creating pcfile: src/traffic-control/libns3.26-traffic-control-debug.pc

[1395/1406] Creating pcfile: src/bridge/libns3.26-bridge-debug.pc

[1396/1406] Compiling src/fd-net-device/helper/tap-device-creator.cc
[1397/1406] Compiling src/fd-net-device/helper/encode-decode.cc
[1398/1406] Compiling src/fd-net-device/helper/creator-utils.cc
[1399/1406] Linking build/src/fd-net-device/ns3.26-tap-device-creator-debug
[1400/1406] Compiling src/fd-net-device/helper/raw-sock-creator.cc
[1402/1406] Compiling src/fd-net-device/helper/encode-decode.cc
[1402/1406] Compiling src/fd-net-device/helper/creator-utils.cc
[1403/1406] Linking build/src/fd-net-device/ns3.26-raw-sock-creator-debug
[1404/1406] Compiling src/tap-bridge/model/tap-creator.cc
[1405/1406] Compiling src/tap-bridge/model/tap-encode-decode.cc
[1406/1406] Linking build/src/tap-bridge/ns3.26-tap-creator-debug
Waf: Leaving directory `/home/jgottard/ns-3/ns-3.26/build'
Build commands will be stored in build/compile_commands.json
'build' finished successfully (1m29.502s)

Modules built:
antenna                   applications              bridge                    
config-store              core                      energy                    
internet                  mobility                  mpi                       
network                   obstacle (no Python)      propagation               
spectrum                  stats                     traffic-control           
wave                      wifi                      

Modules not built (see ns-3 tutorial for explanation):
brite                     click                     openflow                  
visualizer                

================================================================================================== STAT2
  File: ‘/home/jgottard/ns-3/ns-3.26/build/scratch/vanet-urban’
  Size: 7         	Blocks: 27         IO Block: 32768  directory
Device: 1ch/28d	Inode: 36842149    Links: 2
Access: (0755/drwxr-xr-x)  Uid: (  814/jgottard)   Gid: (  100/   users)
Access: 2018-12-06 13:39:49.553224134 +0100
Modify: 2018-12-06 13:41:11.984664161 +0100
Change: 2018-12-06 13:41:11.984664161 +0100
 Birth: -
Waf: Entering directory `/home/jgottard/ns-3/ns-3.26/build'
Waf: Leaving directory `/home/jgottard/ns-3/ns-3.26/build'
Build commands will be stored in build/compile_commands.json
'build' finished successfully (1.312s)
Start main urban