Host di esecuzione: dellcuda1
Data: Thu Dec 6 15:47:32 CET 2018
Directory: /home/jgottard/ns-3/ns-3.26
Questo job viene eseguito sui seguenti nodi:
dellcuda1
PBS_WORKDIR=/home/jgottard
Launching job for execution
after set
boostdir = /home/jgottard/built/lib
==================================================================================================
/home/jgottard/ns-3/ns-3.26/build:/home/jgottard/ns-3/mpfr_4_0_1/lib:/home/jgottard/ns-3/CGAL_4_11/lib:/usr/local/cuda/lib64:/usr/local/cula/lib64:/usr/local/culasparse/lib64:/home/jgottard/ns-3/boost_1_54_0/lib:/usr/local/cuda/lib64:/usr/local/cula/lib64:/usr/local/culasparse/lib64:/usr/local/cuda/extras/CUPTI/lib64:/export/alt/torque/lib:/usr/lib/libibverbs
after exports
==================================================================================================STAT
  File: '/home/jgottard/ns-3/ns-3.26/build/scratch/vanet-urban'
  Size: 7         	Blocks: 27         IO Block: 32768  directory
Device: 2dh/45d	Inode: 36842149    Links: 2
Access: (0755/drwxr-xr-x)  Uid: (  814/jgottard)   Gid: (  100/   users)
Access: 2018-12-06 15:41:49.866116005 +0100
Modify: 2018-12-06 15:43:10.578073558 +0100
Change: 2018-12-06 15:43:10.578073558 +0100
 Birth: -
'clean' finished successfully (0.718s)
Setting top to                           : /home/jgottard/ns-3/ns-3.26 
Setting out to                           : /home/jgottard/ns-3/ns-3.26/build 
================================================================================================================================================================================================
<waflib.Configure.ConfigurationContext object at 0x7fd950341350>
Checking for 'gcc' (C compiler)          : /usr/bin/gcc 
Checking for cc version                  : 5.4.0 
Checking for 'g++' (C++ compiler)        : /usr/bin/g++ 
Checking for compilation flag -Wl,--soname=foo support : ok 
Checking for program 'python'                          : /usr/bin/python 
Checking for python version                            : (2, 7, 12, 'final', 0) 
python-config                                          : /usr/bin/python-config 
Asking python-config for pyembed '--cflags --libs --ldflags' flags : yes 
Testing pyembed configuration                                      : yes 
Asking python-config for pyext '--cflags --libs --ldflags' flags   : yes 
Testing pyext configuration                                        : yes 
Checking for compilation flag -fvisibility=hidden support          : ok 
Checking for compilation flag -Wno-array-bounds support            : ok 
Checking for pybindgen location                                    : ../pybindgen-0.17.0.post57+nga6376f2 (guessed) 
Checking for python module 'pybindgen'                             : 0.17.0.post57+nga6376f2 
Checking for pybindgen version                                     : 0.17.0.post57+nga6376f2 
Checking for code snippet                                          : yes 
Checking for types uint64_t and unsigned long equivalence          : no 
Checking for code snippet                                          : no 
Checking for types uint64_t and unsigned long long equivalence     : yes 
Checking for the apidefs that can be used for Python bindings      : gcc-LP64 
Checking for internal GCC cxxabi                                   : complete 
Checking for python module 'pygccxml'                              : not found 
Checking boost includes                                            : 1_54 
Checking boost libs                                                : lib signals not found in /usr/lib/x86_64-linux-gnu 
Checking boost includes                                            : 1_54 
Checking boost libs                                                : lib signals not found in /usr/lib/x86_64-linux-gnu 
Checking for click location                                        : not found 
Checking for program 'pkg-config'                                  : /usr/bin/pkg-config 
Checking for 'gtk+-2.0' >= 2.12                                    : not found 
Checking for 'libxml-2.0' >= 2.7                                   : not found 
Checking for type uint128_t                                        : not found 
Checking for type __uint128_t                                      : yes 
Checking high precision implementation                             : 128-bit integer (default) 
Checking for header stdint.h                                       : yes 
Checking for header inttypes.h                                     : yes 
Checking for header sys/inttypes.h                                 : not found 
Checking for header sys/types.h                                    : yes 
Checking for header sys/stat.h                                     : yes 
Checking for header dirent.h                                       : yes 
Checking for header stdlib.h                                       : yes 
Checking for header signal.h                                       : yes 
Checking for header pthread.h                                      : yes 
Checking for header stdint.h                                       : yes 
Checking for header inttypes.h                                     : yes 
Checking for header sys/inttypes.h                                 : not found 
Checking for library rt                                            : yes 
Checking for header sys/ioctl.h                                    : yes 
Checking for header net/if.h                                       : yes 
Checking for header net/ethernet.h                                 : yes 
Checking for header linux/if_tun.h                                 : yes 
Checking for header netpacket/packet.h                             : yes 
Checking for NSC location                                          : not found 
Checking for 'sqlite3'                                             : not found 
Checking for header linux/if_tun.h                                 : yes 
Checking for python module 'gtk'                                   : ok 
Checking for python module 'goocanvas'                             : not found 
Checking for python module 'pygraphviz'                            : not found 
Checking for program 'sudo'                                        : /usr/bin/sudo 
Checking for program 'valgrind'                                    : not found 
Checking for 'gsl'                                                 : not found 
python-config                                                      : not found 
Checking for compilation flag -Wno-error=deprecated-d... support   : ok 
Checking for compilation flag -fstrict-aliasing support            : ok 
Checking for compilation flag -Wstrict-aliasing support            : ok 
Checking for program 'doxygen'                                     : not found 
---- Summary of optional NS-3 features:
Build profile                 : debug
Build directory               : 
BRITE Integration             : not enabled (BRITE not enabled (see option --with-brite))
DES Metrics event collection  : not enabled (defaults to disabled)
Emulation FdNetDevice         : enabled
Examples                      : not enabled (based on configuration file)
File descriptor NetDevice     : enabled
GNU Scientific Library (GSL)  : not enabled (GSL not found)
Gcrypt library                : not enabled (libgcrypt not found: you can use libgcrypt-config to find its location.)
GtkConfigStore                : not enabled (library 'gtk+-2.0 >= 2.12' not found)
MPI Support                   : not enabled (option --enable-mpi not selected)
NS-3 Click Integration        : not enabled (nsclick not enabled (see option --with-nsclick))
NS-3 OpenFlow Integration     : not enabled (Required boost libraries not found)
Network Simulation Cradle     : not enabled (NSC not found (see option --with-nsc))
PlanetLab FdNetDevice         : not enabled (PlanetLab operating system not detected (see option --force-planetlab))
PyViz visualizer              : not enabled (Missing python modules: goocanvas, pygraphviz)
Python API Scanning Support   : not enabled (Missing 'pygccxml' Python module)
Python Bindings               : enabled
Real Time Simulator           : enabled
SQlite stats data output      : not enabled (library 'sqlite3' not found)
Tap Bridge                    : enabled
Tap FdNetDevice               : enabled
Tests                         : not enabled (based on configuration file)
Threading Primitives          : enabled
Use sudo to set suid bit      : not enabled (option --enable-sudo not selected)
XmlIo                         : not enabled (library 'libxml-2.0 >= 2.7' not found)
'configure' finished successfully (13.847s)
Waf: Entering directory `/home/jgottard/ns-3/ns-3.26/build'
[   2/1400] Compiling install-ns3-header: ns3/antenna-model.h
[   2/1400] Compiling install-ns3-header: ns3/isotropic-antenna-model.h
[   3/1400] Compiling install-ns3-header: ns3/angles.h
[  13/1400] Compiling install-ns3-header: ns3/cosine-antenna-model.h
[  14/1400] Compiling install-ns3-header: ns3/udp-client.h
[  14/1400] Compiling install-ns3-header: ns3/parabolic-antenna-model.h
[  15/1400] Compiling install-ns3-header: ns3/bulk-send-application.h
[  16/1400] Compiling install-ns3-header: ns3/on-off-helper.h
[  17/1400] Compiling install-ns3-header: ns3/udp-client-server-helper.h
[  18/1400] Compiling install-ns3-header: ns3/udp-trace-client.h
[  19/1400] Compiling install-ns3-header: ns3/udp-echo-server.h
[  20/1400] Compiling install-ns3-header: ns3/packet-sink.h
[  21/1400] Compiling install-ns3-header: ns3/bulk-send-helper.h
[  22/1400] Compiling install-ns3-header: ns3/udp-server.h
[  23/1400] Compiling install-ns3-header: ns3/packet-sink-helper.h
[  24/1400] Compiling install-ns3-header: ns3/udp-echo-client.h
[  25/1400] Compiling install-ns3-header: ns3/onoff-application.h
[  26/1400] Compiling install-ns3-header: ns3/packet-loss-counter.h
[  27/1400] Compiling install-ns3-header: ns3/udp-echo-helper.h
[  28/1400] Compiling install-ns3-header: ns3/application-packet-probe.h
[  29/1400] Compiling install-ns3-header: ns3/seq-ts-header.h
[  30/1400] Processing command (${PYTHON}): ../bindings/python/ns3modulegen-modular.py ../src/applications/bindings/modulegen__gcc_LP64.py ../src/applications/bindings/modulegen_customizations.py -> src/applications/bindings/ns3module.cc src/applications/bindings/ns3module.h src/applications/bindings/ns3modulegen.log

[  31/1400] Compiling install-ns3-header: ns3/bridge-net-device.h
[  32/1400] Compiling install-ns3-header: ns3/bridge-channel.h
[  33/1400] Compiling install-ns3-header: ns3/bridge-helper.h
[  45/1400] Compiling install-ns3-header: ns3/file-config.h
[  46/1400] Compiling install-ns3-header: ns3/config-store.h
[  47/1400] Compiling install-ns3-header: ns3/log.h
[  48/1400] Compiling install-ns3-header: ns3/calendar-scheduler.h
[  49/1400] Compiling install-ns3-header: ns3/rng-seed-manager.h
[  50/1400] Compiling install-ns3-header: ns3/pointer.h
[  51/1400] Compiling install-ns3-header: ns3/object.h
[  52/1400] Compiling install-ns3-header: ns3/timer-impl.h
[  53/1400] Compiling install-ns3-header: ns3/int64x64.h
[  54/1400] Compiling install-ns3-header: ns3/math.h
[  55/1400] Compiling install-ns3-header: ns3/log-macros-disabled.h
[  56/1400] Compiling install-ns3-header: ns3/int64x64-double.h
[  57/1400] Compiling install-ns3-header: ns3/traced-value.h
[  58/1400] Compiling install-ns3-header: ns3/event-id.h
[  59/1400] Compiling install-ns3-header: ns3/attribute-construction-list.h
[  60/1400] Compiling install-ns3-header: ns3/global-value.h
[  61/1400] Compiling install-ns3-header: ns3/object-factory.h
[  62/1400] Compiling install-ns3-header: ns3/integer.h
[  63/1400] Compiling install-ns3-header: ns3/command-line.h
[  64/1400] Compiling install-ns3-header: ns3/fatal-impl.h
[  65/1400] Compiling install-ns3-header: ns3/int-to-type.h
[  66/1400] Compiling install-ns3-header: ns3/attribute-helper.h
[  67/1400] Compiling install-ns3-header: ns3/singleton.h
[  68/1400] Compiling install-ns3-header: ns3/type-name.h
[  69/1400] Compiling install-ns3-header: ns3/random-variable-stream.h
[  70/1400] Compiling install-ns3-header: ns3/timer.h
[  71/1400] Compiling install-ns3-header: ns3/build-profile.h
[  72/1400] Compiling install-ns3-header: ns3/unix-fd-reader.h
[  73/1400] Compiling install-ns3-header: ns3/map-scheduler.h
[  74/1400] Compiling install-ns3-header: ns3/traced-callback.h
[  75/1400] Compiling install-ns3-header: ns3/uinteger.h
[  76/1400] Compiling install-ns3-header: ns3/breakpoint.h
[  77/1400] Compiling install-ns3-header: ns3/fatal-error.h
[  78/1400] Compiling install-ns3-header: ns3/simple-ref-count.h
[  79/1400] Compiling install-ns3-header: ns3/attribute-accessor-helper.h
[  80/1400] Compiling install-ns3-header: ns3/ptr.h
[  81/1400] Compiling install-ns3-header: ns3/enum.h
[  82/1400] Compiling install-ns3-header: ns3/system-wall-clock-ms.h
[  83/1400] Compiling install-ns3-header: ns3/type-id.h
[  84/1400] Compiling install-ns3-header: ns3/system-path.h
[  85/1400] Compiling install-ns3-header: ns3/scheduler.h
[  86/1400] Compiling install-ns3-header: ns3/simulator.h
[  87/1400] Compiling install-ns3-header: ns3/system-mutex.h
[  88/1400] Compiling install-ns3-header: ns3/system-condition.h
[  89/1400] Compiling install-ns3-header: ns3/assert.h
[  90/1400] Compiling install-ns3-header: ns3/make-event.h
[  91/1400] Compiling install-ns3-header: ns3/synchronizer.h
[  92/1400] Compiling install-ns3-header: ns3/hash-murmur3.h
[  93/1400] Compiling install-ns3-header: ns3/event-garbage-collector.h
[  94/1400] Compiling install-ns3-header: ns3/wall-clock-synchronizer.h
[  95/1400] Compiling install-ns3-header: ns3/hash-function.h
[  96/1400] Compiling install-ns3-header: ns3/watchdog.h
[  97/1400] Compiling install-ns3-header: ns3/object-ptr-container.h
[  98/1400] Compiling install-ns3-header: ns3/random-variable-stream-helper.h
[  99/1400] Compiling install-ns3-header: ns3/object-base.h
[ 100/1400] Compiling install-ns3-header: ns3/event-impl.h
[ 101/1400] Compiling install-ns3-header: ns3/heap-scheduler.h
[ 102/1400] Compiling install-ns3-header: ns3/simulation-singleton.h
[ 103/1400] Compiling install-ns3-header: ns3/abort.h
[ 104/1400] Compiling install-ns3-header: ns3/nstime.h
[ 105/1400] Compiling install-ns3-header: ns3/int64x64-128.h
[ 106/1400] Compiling install-ns3-header: ns3/empty.h
[ 107/1400] Compiling install-ns3-header: ns3/object-vector.h
[ 108/1400] Compiling install-ns3-header: ns3/hash.h
[ 109/1400] Compiling install-ns3-header: ns3/object-map.h
[ 110/1400] Compiling install-ns3-header: ns3/vector.h
[ 111/1400] Compiling install-ns3-header: ns3/names.h
[ 112/1400] Compiling install-ns3-header: ns3/type-traits.h
[ 113/1400] Compiling install-ns3-header: ns3/boolean.h
[ 114/1400] Compiling install-ns3-header: ns3/trace-source-accessor.h
[ 115/1400] Compiling install-ns3-header: ns3/callback.h
[ 116/1400] Compiling install-ns3-header: ns3/valgrind.h
[ 117/1400] Compiling install-ns3-header: ns3/test.h
[ 118/1400] Compiling install-ns3-header: ns3/des-metrics.h
[ 119/1400] Compiling install-ns3-header: ns3/deprecated.h
[ 120/1400] Compiling install-ns3-header: ns3/log-macros-enabled.h
[ 121/1400] Compiling install-ns3-header: ns3/default-simulator-impl.h
[ 122/1400] Compiling install-ns3-header: ns3/non-copyable.h
[ 123/1400] Compiling install-ns3-header: ns3/unused.h
[ 124/1400] Compiling install-ns3-header: ns3/attribute.h
[ 125/1400] Compiling install-ns3-header: ns3/ref-count-base.h
[ 126/1400] Compiling install-ns3-header: ns3/simulator-impl.h
[ 127/1400] Compiling install-ns3-header: ns3/realtime-simulator-impl.h
[ 128/1400] Compiling install-ns3-header: ns3/list-scheduler.h
[ 129/1400] Compiling install-ns3-header: ns3/hash-fnv.h
[ 130/1400] Compiling install-ns3-header: ns3/system-thread.h
[ 131/1400] Compiling install-ns3-header: ns3/rng-stream.h
[ 132/1400] Compiling install-ns3-header: ns3/config.h
[ 133/1400] Compiling install-ns3-header: ns3/default-deleter.h
[ 134/1400] Compiling install-ns3-header: ns3/double.h
[ 135/1400] Compiling install-ns3-header: ns3/string.h
[ 160/1400] Compiling install-ns3-header: ns3/basic-energy-harvester.h
[ 161/1400] Compiling install-ns3-header: ns3/energy-harvester-helper.h
[ 162/1400] Compiling install-ns3-header: ns3/energy-source.h
[ 163/1400] Compiling install-ns3-header: ns3/simple-device-energy-model.h
[ 164/1400] Compiling install-ns3-header: ns3/energy-harvester-container.h
[ 165/1400] Compiling install-ns3-header: ns3/energy-source-container.h
[ 166/1400] Compiling install-ns3-header: ns3/device-energy-model-container.h
[ 167/1400] Compiling install-ns3-header: ns3/energy-harvester.h
[ 168/1400] Compiling install-ns3-header: ns3/energy-model-helper.h
[ 169/1400] Compiling install-ns3-header: ns3/li-ion-energy-source-helper.h
[ 170/1400] Compiling install-ns3-header: ns3/device-energy-model.h
[ 171/1400] Compiling install-ns3-header: ns3/li-ion-energy-source.h
[ 172/1400] Compiling install-ns3-header: ns3/basic-energy-harvester-helper.h
[ 173/1400] Compiling install-ns3-header: ns3/rv-battery-model.h
[ 174/1400] Compiling install-ns3-header: ns3/rv-battery-model-helper.h
[ 175/1400] Compiling install-ns3-header: ns3/basic-energy-source-helper.h
[ 176/1400] Compiling install-ns3-header: ns3/basic-energy-source.h
[ 190/1400] Compiling install-ns3-header: ns3/private/tcp-option-ts.h
[ 191/1400] Compiling install-ns3-header: ns3/private/tcp-option-winscale.h
[ 192/1400] Compiling install-ns3-header: ns3/private/tcp-option-rfc793.h
[ 193/1400] Compiling install-ns3-header: ns3/rip-header.h
[ 194/1400] Compiling install-ns3-header: ns3/ipv4-global-routing-helper.h
[ 195/1400] Compiling install-ns3-header: ns3/arp-cache.h
[ 196/1400] Compiling install-ns3-header: ns3/ipv4-raw-socket-factory.h
[ 197/1400] Compiling install-ns3-header: ns3/icmpv6-header.h
[ 198/1400] Compiling install-ns3-header: ns3/tcp-congestion-ops.h
[ 199/1400] Compiling install-ns3-header: ns3/ipv4-raw-socket-impl.h
[ 200/1400] Compiling install-ns3-header: ns3/ipv6-extension.h
[ 201/1400] Compiling install-ns3-header: ns3/ndisc-cache.h
[ 202/1400] Compiling install-ns3-header: ns3/tcp-header.h
[ 203/1400] Compiling install-ns3-header: ns3/tcp-vegas.h
[ 204/1400] Compiling install-ns3-header: ns3/ipv6-header.h
[ 205/1400] Compiling install-ns3-header: ns3/ipv4-interface.h
[ 206/1400] Compiling install-ns3-header: ns3/loopback-net-device.h
[ 207/1400] Compiling install-ns3-header: ns3/ipv6-packet-probe.h
[ 208/1400] Compiling install-ns3-header: ns3/arp-header.h
[ 209/1400] Compiling install-ns3-header: ns3/global-router-interface.h
[ 210/1400] Compiling install-ns3-header: ns3/ipv6-static-routing-helper.h
[ 211/1400] Compiling install-ns3-header: ns3/tcp-option.h
[ 212/1400] Compiling install-ns3-header: ns3/rtt-estimator.h
[ 213/1400] Compiling install-ns3-header: ns3/tcp-highspeed.h
[ 214/1400] Compiling install-ns3-header: ns3/ipv6-list-routing.h
[ 215/1400] Compiling install-ns3-header: ns3/ipv4-routing-table-entry.h
[ 216/1400] Compiling install-ns3-header: ns3/ipv4-routing-protocol.h
[ 217/1400] Compiling install-ns3-header: ns3/ipv4-static-routing.h
[ 218/1400] Compiling install-ns3-header: ns3/tcp-rx-buffer.h
[ 219/1400] Compiling install-ns3-header: ns3/ipv6-address-helper.h
[ 220/1400] Compiling install-ns3-header: ns3/arp-l3-protocol.h
[ 221/1400] Compiling install-ns3-header: ns3/ipv6-interface-address.h
[ 222/1400] Compiling install-ns3-header: ns3/tcp-illinois.h
[ 223/1400] Compiling install-ns3-header: ns3/ipv6-routing-helper.h
[ 224/1400] Compiling install-ns3-header: ns3/ripng-header.h
[ 225/1400] Compiling install-ns3-header: ns3/ipv4-queue-disc-item.h
[ 226/1400] Compiling install-ns3-header: ns3/ipv6-routing-table-entry.h
[ 227/1400] Compiling install-ns3-header: ns3/ipv6-interface.h
[ 228/1400] Compiling install-ns3-header: ns3/ipv6-packet-info-tag.h
[ 229/1400] Compiling install-ns3-header: ns3/ipv6-address-generator.h
[ 230/1400] Compiling install-ns3-header: ns3/ipv4-packet-info-tag.h
[ 231/1400] Compiling install-ns3-header: ns3/ipv4-routing-helper.h
[ 232/1400] Compiling install-ns3-header: ns3/ripng.h
[ 233/1400] Compiling install-ns3-header: ns3/global-route-manager-impl.h
[ 234/1400] Compiling install-ns3-header: ns3/candidate-queue.h
[ 235/1400] Compiling install-ns3-header: ns3/tcp-socket-factory.h
[ 236/1400] Compiling install-ns3-header: ns3/rip.h
[ 237/1400] Compiling install-ns3-header: ns3/ipv6-pmtu-cache.h
[ 238/1400] Compiling install-ns3-header: ns3/ipv4-address-generator.h
[ 239/1400] Compiling install-ns3-header: ns3/ipv4-header.h
[ 240/1400] Compiling install-ns3-header: ns3/udp-socket-factory.h
[ 241/1400] Compiling install-ns3-header: ns3/tcp-scalable.h
[ 242/1400] Compiling install-ns3-header: ns3/tcp-yeah.h
[ 243/1400] Compiling install-ns3-header: ns3/ipv6-queue-disc-item.h
[ 244/1400] Compiling install-ns3-header: ns3/ipv4-packet-filter.h
[ 245/1400] Compiling install-ns3-header: ns3/ipv4-list-routing.h
[ 246/1400] Compiling install-ns3-header: ns3/ipv6-static-routing.h
[ 247/1400] Compiling install-ns3-header: ns3/ipv4-route.h
[ 248/1400] Compiling install-ns3-header: ns3/udp-l4-protocol.h
[ 249/1400] Compiling install-ns3-header: ns3/rip-helper.h
[ 250/1400] Compiling install-ns3-header: ns3/udp-header.h
[ 251/1400] Compiling install-ns3-header: ns3/tcp-hybla.h
[ 252/1400] Compiling install-ns3-header: ns3/ipv6-routing-protocol.h
[ 253/1400] Compiling install-ns3-header: ns3/ip-l4-protocol.h
[ 254/1400] Compiling install-ns3-header: ns3/tcp-westwood.h
[ 255/1400] Compiling install-ns3-header: ns3/tcp-veno.h
[ 256/1400] Compiling install-ns3-header: ns3/ipv6-option-header.h
[ 257/1400] Compiling install-ns3-header: ns3/ipv4-l3-protocol.h
[ 258/1400] Compiling install-ns3-header: ns3/tcp-l4-protocol.h
[ 259/1400] Compiling install-ns3-header: ns3/ipv4-interface-container.h
[ 260/1400] Compiling install-ns3-header: ns3/icmpv4.h
[ 261/1400] Compiling install-ns3-header: ns3/icmpv4-l4-protocol.h
[ 262/1400] Compiling install-ns3-header: ns3/ipv4-interface-address.h
[ 263/1400] Compiling install-ns3-header: ns3/tcp-bic.h
[ 264/1400] Compiling install-ns3-header: ns3/ipv4-global-routing.h
[ 265/1400] Compiling install-ns3-header: ns3/ipv6-l3-protocol.h
[ 266/1400] Compiling install-ns3-header: ns3/tcp-htcp.h
[ 267/1400] Compiling install-ns3-header: ns3/ipv4-packet-probe.h
[ 268/1400] Compiling install-ns3-header: ns3/icmpv6-l4-protocol.h
[ 269/1400] Compiling install-ns3-header: ns3/ipv6-raw-socket-factory.h
[ 270/1400] Compiling install-ns3-header: ns3/ipv4-address-helper.h
[ 271/1400] Compiling install-ns3-header: ns3/ipv6-list-routing-helper.h
[ 272/1400] Compiling install-ns3-header: ns3/tcp-socket-base.h
[ 273/1400] Compiling install-ns3-header: ns3/ipv6-packet-filter.h
[ 274/1400] Compiling install-ns3-header: ns3/ipv6-extension-demux.h
[ 275/1400] Compiling install-ns3-header: ns3/global-route-manager.h
[ 276/1400] Compiling install-ns3-header: ns3/ipv4-list-routing-helper.h
[ 277/1400] Compiling install-ns3-header: ns3/ipv4.h
[ 278/1400] Compiling install-ns3-header: ns3/internet-trace-helper.h
[ 279/1400] Compiling install-ns3-header: ns3/ipv6-interface-container.h
[ 280/1400] Compiling install-ns3-header: ns3/ipv4-static-routing-helper.h
[ 281/1400] Compiling install-ns3-header: ns3/udp-socket.h
[ 282/1400] Compiling install-ns3-header: ns3/internet-stack-helper.h
[ 283/1400] Compiling install-ns3-header: ns3/ipv6-extension-header.h
[ 284/1400] Compiling install-ns3-header: ns3/ipv6.h
[ 285/1400] Compiling install-ns3-header: ns3/ripng-helper.h
[ 286/1400] Compiling install-ns3-header: ns3/ipv6-route.h
[ 287/1400] Compiling install-ns3-header: ns3/tcp-tx-buffer.h
[ 288/1400] Compiling install-ns3-header: ns3/tcp-socket.h
[ 289/1400] Processing command (${PYTHON}): ../bindings/python/ns3modulegen-modular.py ../src/internet/bindings/modulegen__gcc_LP64.py -> src/internet/bindings/ns3module.cc src/internet/bindings/ns3module.h src/internet/bindings/ns3modulegen.log

[ 455/1400] Compiling install-ns3-header: ns3/gauss-markov-mobility-model.h
[ 456/1400] Compiling install-ns3-header: ns3/steady-state-random-waypoint-mobility-model.h
[ 457/1400] Compiling install-ns3-header: ns3/box.h
[ 458/1400] Compiling install-ns3-header: ns3/geographic-positions.h
[ 459/1400] Compiling install-ns3-header: ns3/constant-velocity-mobility-model.h
[ 460/1400] Compiling install-ns3-header: ns3/position-allocator.h
[ 461/1400] Compiling install-ns3-header: ns3/constant-acceleration-mobility-model.h
[ 462/1400] Compiling install-ns3-header: ns3/rectangle.h
[ 463/1400] Compiling install-ns3-header: ns3/random-walk-2d-mobility-model.h
[ 464/1400] Compiling install-ns3-header: ns3/waypoint.h
[ 465/1400] Compiling install-ns3-header: ns3/ns2-mobility-helper.h
[ 466/1400] Compiling install-ns3-header: ns3/waypoint-mobility-model.h
[ 467/1400] Compiling install-ns3-header: ns3/hierarchical-mobility-model.h
[ 468/1400] Compiling install-ns3-header: ns3/constant-position-mobility-model.h
[ 469/1400] Compiling install-ns3-header: ns3/random-waypoint-mobility-model.h
[ 470/1400] Compiling install-ns3-header: ns3/random-direction-2d-mobility-model.h
[ 471/1400] Compiling install-ns3-header: ns3/mobility-helper.h
[ 472/1400] Compiling install-ns3-header: ns3/constant-velocity-helper.h
[ 473/1400] Compiling install-ns3-header: ns3/mobility-model.h
[ 474/1400] Compiling install-ns3-header: ns3/parallel-communication-interface.h
[ 475/1400] Compiling install-ns3-header: ns3/mpi-receiver.h
[ 477/1400] Compiling install-ns3-header: ns3/mpi-interface.h
[ 478/1400] Compiling install-ns3-header: ns3/trace-helper.h
[ 479/1400] Compiling install-ns3-header: ns3/mac64-address.h
[ 480/1400] Compiling install-ns3-header: ns3/output-stream-wrapper.h
[ 481/1400] Compiling install-ns3-header: ns3/ascii-test.h
[ 482/1400] Compiling install-ns3-header: ns3/llc-snap-header.h
[ 483/1400] Compiling install-ns3-header: ns3/dynamic-queue-limits.h
[ 484/1400] Compiling install-ns3-header: ns3/pcap-file-wrapper.h
[ 485/1400] Compiling install-ns3-header: ns3/simple-channel.h
[ 486/1400] Compiling install-ns3-header: ns3/drop-tail-queue.h
[ 487/1400] Compiling install-ns3-header: ns3/ipv6-address.h
[ 488/1400] Compiling install-ns3-header: ns3/net-device-container.h
[ 489/1400] Compiling install-ns3-header: ns3/pcap-file.h
[ 490/1400] Compiling install-ns3-header: ns3/crc32.h
[ 491/1400] Compiling install-ns3-header: ns3/packet-socket-factory.h
[ 492/1400] Compiling install-ns3-header: ns3/packet-socket.h
[ 493/1400] Compiling install-ns3-header: ns3/node-list.h
[ 494/1400] Compiling install-ns3-header: ns3/header.h
[ 495/1400] Compiling install-ns3-header: ns3/ipv4-address.h
[ 496/1400] Compiling install-ns3-header: ns3/node.h
[ 497/1400] Compiling install-ns3-header: ns3/net-device.h
[ 498/1400] Compiling install-ns3-header: ns3/radiotap-header.h
[ 499/1400] Compiling install-ns3-header: ns3/address.h
[ 500/1400] Compiling install-ns3-header: ns3/simple-net-device-helper.h
[ 501/1400] Compiling install-ns3-header: ns3/packet-metadata.h
[ 502/1400] Compiling install-ns3-header: ns3/ascii-file.h
[ 503/1400] Compiling install-ns3-header: ns3/packet-tag-list.h
[ 504/1400] Compiling install-ns3-header: ns3/application.h
[ 505/1400] Compiling install-ns3-header: ns3/chunk.h
[ 506/1400] Compiling install-ns3-header: ns3/packet-probe.h
[ 508/1400] Compiling install-ns3-header: ns3/packet.h
[ 508/1400] Compiling install-ns3-header: ns3/queue.h
[ 509/1400] Compiling install-ns3-header: ns3/sgi-hashmap.h
[ 510/1400] Compiling install-ns3-header: ns3/channel.h
[ 511/1400] Compiling install-ns3-header: ns3/byte-tag-list.h
[ 512/1400] Compiling install-ns3-header: ns3/delay-jitter-estimation.h
[ 513/1400] Compiling install-ns3-header: ns3/pcap-test.h
[ 514/1400] Compiling install-ns3-header: ns3/error-model.h
[ 515/1400] Compiling install-ns3-header: ns3/address-utils.h
[ 516/1400] Compiling install-ns3-header: ns3/flow-id-tag.h
[ 517/1400] Compiling install-ns3-header: ns3/node-container.h
[ 518/1400] Compiling install-ns3-header: ns3/simple-net-device.h
[ 519/1400] Compiling install-ns3-header: ns3/data-rate.h
[ 520/1400] Compiling install-ns3-header: ns3/packet-socket-helper.h
[ 521/1400] Compiling install-ns3-header: ns3/tag-buffer.h
[ 522/1400] Compiling install-ns3-header: ns3/generic-phy.h
[ 523/1400] Compiling install-ns3-header: ns3/packet-socket-client.h
[ 524/1400] Compiling install-ns3-header: ns3/inet-socket-address.h
[ 525/1400] Compiling install-ns3-header: ns3/packet-socket-server.h
[ 526/1400] Compiling install-ns3-header: ns3/buffer.h
[ 527/1400] Compiling install-ns3-header: ns3/queue-limits.h
[ 528/1400] Compiling install-ns3-header: ns3/packet-burst.h
[ 529/1400] Compiling install-ns3-header: ns3/sll-header.h
[ 530/1400] Compiling install-ns3-header: ns3/application-container.h
[ 531/1400] Compiling install-ns3-header: ns3/mac48-address.h
[ 532/1400] Compiling install-ns3-header: ns3/packet-data-calculators.h
[ 533/1400] Compiling install-ns3-header: ns3/mac16-address.h
[ 534/1400] Compiling install-ns3-header: ns3/tag.h
[ 535/1400] Compiling install-ns3-header: ns3/socket.h
[ 536/1400] Compiling install-ns3-header: ns3/packetbb.h
[ 537/1400] Compiling install-ns3-header: ns3/sequence-number.h
[ 538/1400] Compiling install-ns3-header: ns3/inet6-socket-address.h
[ 539/1400] Compiling install-ns3-header: ns3/ethernet-header.h
[ 540/1400] Compiling install-ns3-header: ns3/ethernet-trailer.h
[ 541/1400] Compiling install-ns3-header: ns3/socket-factory.h
[ 542/1400] Compiling install-ns3-header: ns3/trailer.h
[ 543/1400] Compiling install-ns3-header: ns3/channel-list.h
[ 544/1400] Compiling install-ns3-header: ns3/packet-socket-address.h
[ 546/1400] Compiling install-ns3-header: ns3/nix-vector.h
[ 548/1400] Compiling install-ns3-header: ns3/obstacle-shadowing-propagation-loss-model.h
[ 549/1400] Compiling install-ns3-header: ns3/obstacle.h
[ 550/1400] Compiling install-ns3-header: ns3/obstacle-helper.h
[ 551/1400] Compiling install-ns3-header: ns3/topology.h
[ 565/1400] Compiling install-ns3-header: ns3/jakes-process.h
[ 566/1400] Compiling install-ns3-header: ns3/cost231-propagation-loss-model.h
[ 567/1400] Compiling install-ns3-header: ns3/kun-2600-mhz-propagation-loss-model.h
[ 568/1400] Compiling install-ns3-header: ns3/propagation-delay-model.h
[ 569/1400] Compiling install-ns3-header: ns3/propagation-loss-model.h
[ 570/1400] Compiling install-ns3-header: ns3/jakes-propagation-loss-model.h
[ 571/1400] Compiling install-ns3-header: ns3/okumura-hata-propagation-loss-model.h
[ 572/1400] Compiling install-ns3-header: ns3/propagation-cache.h
[ 573/1400] Compiling install-ns3-header: ns3/itu-r-1411-nlos-over-rooftop-propagation-loss-model.h
[ 574/1400] Compiling install-ns3-header: ns3/propagation-environment.h
[ 578/1400] Compiling install-ns3-header: ns3/itu-r-1411-los-propagation-loss-model.h
[ 579/1400] Compiling install-ns3-header: ns3/microwave-oven-spectrum-value-helper.h
[ 580/1400] Compiling install-ns3-header: ns3/spectrum-value.h
[ 581/1400] Compiling install-ns3-header: ns3/waveform-generator-helper.h
[ 582/1400] Compiling install-ns3-header: ns3/half-duplex-ideal-phy.h
[ 583/1400] Compiling install-ns3-header: ns3/spectrum-model-300kHz-300GHz-log.h
[ 584/1400] Compiling install-ns3-header: ns3/spectrum-helper.h
[ 585/1400] Compiling install-ns3-header: ns3/half-duplex-ideal-phy-signal-parameters.h
[ 586/1400] Compiling install-ns3-header: ns3/spectrum-error-model.h
[ 587/1400] Compiling install-ns3-header: ns3/multi-model-spectrum-channel.h
[ 588/1400] Compiling install-ns3-header: ns3/single-model-spectrum-channel.h
[ 589/1400] Compiling install-ns3-header: ns3/spectrum-propagation-loss-model.h
[ 590/1400] Compiling install-ns3-header: ns3/aloha-noack-mac-header.h
[ 591/1400] Compiling install-ns3-header: ns3/spectrum-test.h
[ 592/1400] Compiling install-ns3-header: ns3/tv-spectrum-transmitter-helper.h
[ 593/1400] Compiling install-ns3-header: ns3/wifi-spectrum-value-helper.h
[ 594/1400] Compiling install-ns3-header: ns3/spectrum-converter.h
[ 595/1400] Compiling install-ns3-header: ns3/adhoc-aloha-noack-ideal-phy-helper.h
[ 596/1400] Compiling install-ns3-header: ns3/spectrum-analyzer-helper.h
[ 597/1400] Compiling install-ns3-header: ns3/spectrum-channel.h
[ 598/1400] Compiling install-ns3-header: ns3/waveform-generator.h
[ 599/1400] Compiling install-ns3-header: ns3/constant-spectrum-propagation-loss.h
[ 600/1400] Compiling install-ns3-header: ns3/spectrum-signal-parameters.h
[ 601/1400] Compiling install-ns3-header: ns3/spectrum-interference.h
[ 602/1400] Compiling install-ns3-header: ns3/spectrum-model.h
[ 603/1400] Compiling install-ns3-header: ns3/aloha-noack-net-device.h
[ 604/1400] Compiling install-ns3-header: ns3/spectrum-model-ism2400MHz-res1MHz.h
[ 605/1400] Compiling install-ns3-header: ns3/spectrum-phy.h
[ 606/1400] Compiling install-ns3-header: ns3/spectrum-analyzer.h
[ 607/1400] Compiling install-ns3-header: ns3/tv-spectrum-transmitter.h
[ 608/1400] Compiling install-ns3-header: ns3/friis-spectrum-propagation-loss.h
[ 609/1400] Compiling install-ns3-header: ns3/non-communicating-net-device.h
[ 610/1400] Compiling install-ns3-header: ns3/basic-data-calculators.h
[ 611/1400] Compiling install-ns3-header: ns3/boolean-probe.h
[ 612/1400] Compiling install-ns3-header: ns3/data-collection-object.h
[ 613/1400] Compiling install-ns3-header: ns3/gnuplot.h
[ 614/1400] Compiling install-ns3-header: ns3/time-data-calculators.h
[ 615/1400] Compiling install-ns3-header: ns3/data-calculator.h
[ 616/1400] Compiling install-ns3-header: ns3/gnuplot-helper.h
[ 617/1400] Compiling install-ns3-header: ns3/uinteger-16-probe.h
[ 618/1400] Compiling install-ns3-header: ns3/gnuplot-aggregator.h
[ 619/1400] Compiling install-ns3-header: ns3/probe.h
[ 620/1400] Compiling install-ns3-header: ns3/uinteger-32-probe.h
[ 621/1400] Compiling install-ns3-header: ns3/file-helper.h
[ 622/1400] Compiling install-ns3-header: ns3/double-probe.h
[ 623/1400] Compiling install-ns3-header: ns3/uinteger-8-probe.h
[ 624/1400] Compiling install-ns3-header: ns3/omnet-data-output.h
[ 625/1400] Compiling install-ns3-header: ns3/file-aggregator.h
[ 626/1400] Compiling install-ns3-header: ns3/data-collector.h
[ 627/1400] Compiling install-ns3-header: ns3/time-series-adaptor.h
[ 628/1400] Compiling install-ns3-header: ns3/time-probe.h
[ 629/1400] Compiling install-ns3-header: ns3/data-output-interface.h
[ 630/1400] Compiling install-ns3-header: ns3/get-wildcard-matches.h
[ 631/1400] Compiling install-ns3-header: ns3/average.h
[ 640/1400] Compiling install-ns3-header: ns3/pie-queue-disc.h
[ 641/1400] Compiling install-ns3-header: ns3/packet-filter.h
[ 642/1400] Compiling install-ns3-header: ns3/queue-disc-container.h
[ 643/1400] Compiling install-ns3-header: ns3/traffic-control-helper.h
[ 644/1400] Compiling install-ns3-header: ns3/queue-disc.h
[ 645/1400] Compiling install-ns3-header: ns3/fq-codel-queue-disc.h
[ 646/1400] Compiling install-ns3-header: ns3/red-queue-disc.h
[ 647/1400] Compiling install-ns3-header: ns3/codel-queue-disc.h
[ 648/1400] Compiling install-ns3-header: ns3/pfifo-fast-queue-disc.h
[ 649/1400] Compiling install-ns3-header: ns3/traffic-control-layer.h
[ 675/1400] Compiling install-ns3-header: ns3/vendor-specific-action.h
[ 676/1400] Compiling install-ns3-header: ns3/wifi-80211p-helper.h
[ 677/1400] Compiling install-ns3-header: ns3/wave-net-device.h
[ 678/1400] Compiling install-ns3-header: ns3/higher-tx-tag.h
[ 679/1400] Compiling install-ns3-header: ns3/wave-helper.h
[ 680/1400] Compiling install-ns3-header: ns3/wave-mac-low.h
[ 681/1400] Compiling install-ns3-header: ns3/wave-mac-helper.h
[ 682/1400] Compiling install-ns3-header: ns3/wave-bsm-stats.h
[ 683/1400] Compiling install-ns3-header: ns3/channel-coordinator.h
[ 684/1400] Compiling install-ns3-header: ns3/channel-manager.h
[ 685/1400] Compiling install-ns3-header: ns3/vsa-manager.h
[ 686/1400] Compiling install-ns3-header: ns3/ocb-wifi-mac.h
[ 687/1400] Compiling install-ns3-header: ns3/bsm-application.h
[ 688/1400] Compiling install-ns3-header: ns3/default-channel-scheduler.h
[ 689/1400] Compiling install-ns3-header: ns3/channel-scheduler.h
[ 690/1400] Compiling install-ns3-header: ns3/wave-bsm-helper.h
[ 691/1400] Processing command (${PYTHON}): ../bindings/python/ns3modulegen-modular.py ../src/wave/bindings/modulegen__gcc_LP64.py -> src/wave/bindings/ns3module.cc src/wave/bindings/ns3module.h src/wave/bindings/ns3modulegen.log

[ 692/1400] Compiling install-ns3-header: ns3/wifi-mac.h
[ 693/1400] Compiling install-ns3-header: ns3/spectrum-wifi-phy.h
[ 694/1400] Compiling install-ns3-header: ns3/capability-information.h
[ 695/1400] Compiling install-ns3-header: ns3/wifi-information-element.h
[ 696/1400] Compiling install-ns3-header: ns3/onoe-wifi-manager.h
[ 697/1400] Compiling install-ns3-header: ns3/wifi-radio-energy-model-helper.h
[ 698/1400] Compiling install-ns3-header: ns3/qos-utils.h
[ 699/1400] Compiling install-ns3-header: ns3/block-ack-manager.h
[ 700/1400] Compiling install-ns3-header: ns3/edca-parameter-set.h
[ 701/1400] Compiling install-ns3-header: ns3/parf-wifi-manager.h
[ 702/1400] Compiling install-ns3-header: ns3/interference-helper.h
[ 703/1400] Compiling install-ns3-header: ns3/amrr-wifi-manager.h
[ 704/1400] Compiling install-ns3-header: ns3/wifi-information-element-vector.h
[ 705/1400] Compiling install-ns3-header: ns3/minstrel-wifi-manager.h
[ 706/1400] Compiling install-ns3-header: ns3/aarfcd-wifi-manager.h
[ 707/1400] Compiling install-ns3-header: ns3/dcf.h
[ 708/1400] Compiling install-ns3-header: ns3/wifi-mac-header.h
[ 709/1400] Compiling install-ns3-header: ns3/ht-operations.h
[ 710/1400] Compiling install-ns3-header: ns3/wifi-channel.h
[ 711/1400] Compiling install-ns3-header: ns3/rraa-wifi-manager.h
[ 712/1400] Compiling install-ns3-header: ns3/nist-error-rate-model.h
[ 713/1400] Compiling install-ns3-header: ns3/originator-block-ack-agreement.h
[ 714/1400] Compiling install-ns3-header: ns3/ssid.h
[ 715/1400] Compiling install-ns3-header: ns3/minstrel-ht-wifi-manager.h
[ 716/1400] Compiling install-ns3-header: ns3/wifi-net-device.h
[ 717/1400] Compiling install-ns3-header: ns3/wifi-mode.h
[ 718/1400] Compiling install-ns3-header: ns3/wifi-tx-current-model.h
[ 719/1400] Compiling install-ns3-header: ns3/athstats-helper.h
[ 720/1400] Compiling install-ns3-header: ns3/adhoc-wifi-mac.h
[ 721/1400] Compiling install-ns3-header: ns3/wifi-mac-trailer.h
[ 722/1400] Compiling install-ns3-header: ns3/mac-tx-middle.h
[ 723/1400] Compiling install-ns3-header: ns3/vht-wifi-mac-helper.h
[ 724/1400] Compiling install-ns3-header: ns3/constant-rate-wifi-manager.h
[ 725/1400] Compiling install-ns3-header: ns3/mgt-headers.h
[ 726/1400] Compiling install-ns3-header: ns3/mpdu-aggregator.h
[ 727/1400] Compiling install-ns3-header: ns3/sta-wifi-mac.h
[ 728/1400] Compiling install-ns3-header: ns3/ctrl-headers.h
[ 729/1400] Compiling install-ns3-header: ns3/amsdu-subframe-header.h
[ 730/1400] Compiling install-ns3-header: ns3/spectrum-wifi-helper.h
[ 731/1400] Compiling install-ns3-header: ns3/mac-low.h
[ 732/1400] Compiling install-ns3-header: ns3/yans-wifi-phy.h
[ 733/1400] Compiling install-ns3-header: ns3/error-rate-model.h
[ 734/1400] Compiling install-ns3-header: ns3/wifi-tx-vector.h
[ 735/1400] Compiling install-ns3-header: ns3/yans-wifi-helper.h
[ 736/1400] Compiling install-ns3-header: ns3/qos-wifi-mac-helper.h
[ 737/1400] Compiling install-ns3-header: ns3/arf-wifi-manager.h
[ 738/1400] Compiling install-ns3-header: ns3/block-ack-cache.h
[ 739/1400] Compiling install-ns3-header: ns3/wifi-phy-tag.h
[ 740/1400] Compiling install-ns3-header: ns3/mac-rx-middle.h
[ 741/1400] Compiling install-ns3-header: ns3/ampdu-subframe-header.h
[ 742/1400] Compiling install-ns3-header: ns3/wifi-spectrum-phy-interface.h
[ 743/1400] Compiling install-ns3-header: ns3/dsss-parameter-set.h
[ 744/1400] Compiling install-ns3-header: ns3/edca-txop-n.h
[ 745/1400] Compiling install-ns3-header: ns3/cara-wifi-manager.h
[ 746/1400] Compiling install-ns3-header: ns3/nqos-wifi-mac-helper.h
[ 747/1400] Compiling install-ns3-header: ns3/wifi-phy-standard.h
[ 748/1400] Compiling install-ns3-header: ns3/wifi-radio-energy-model.h
[ 749/1400] Compiling install-ns3-header: ns3/wifi-helper.h
[ 750/1400] Compiling install-ns3-header: ns3/wifi-preamble.h
[ 751/1400] Compiling install-ns3-header: ns3/supported-rates.h
[ 752/1400] Compiling install-ns3-header: ns3/yans-wifi-channel.h
[ 753/1400] Compiling install-ns3-header: ns3/msdu-standard-aggregator.h
[ 754/1400] Compiling install-ns3-header: ns3/regular-wifi-mac.h
[ 755/1400] Compiling install-ns3-header: ns3/dcf-manager.h
[ 756/1400] Compiling install-ns3-header: ns3/wifi-spectrum-signal-parameters.h
[ 757/1400] Compiling install-ns3-header: ns3/yans-error-rate-model.h
[ 758/1400] Compiling install-ns3-header: ns3/dsss-error-rate-model.h
[ 759/1400] Compiling install-ns3-header: ns3/status-code.h
[ 760/1400] Compiling install-ns3-header: ns3/ht-wifi-mac-helper.h
[ 761/1400] Compiling install-ns3-header: ns3/aarf-wifi-manager.h
[ 762/1400] Compiling install-ns3-header: ns3/wifi-mac-queue.h
[ 763/1400] Compiling install-ns3-header: ns3/wifi-mac-helper.h
[ 764/1400] Compiling install-ns3-header: ns3/wifi-remote-station-manager.h
[ 765/1400] Compiling install-ns3-header: ns3/block-ack-agreement.h
[ 766/1400] Compiling install-ns3-header: ns3/mpdu-standard-aggregator.h
[ 767/1400] Compiling install-ns3-header: ns3/wifi-phy.h
[ 768/1400] Compiling install-ns3-header: ns3/dca-txop.h
[ 769/1400] Compiling install-ns3-header: ns3/wifi-phy-state-helper.h
[ 770/1400] Compiling install-ns3-header: ns3/ht-capabilities.h
[ 771/1400] Compiling install-ns3-header: ns3/ampdu-tag.h
[ 772/1400] Compiling install-ns3-header: ns3/ap-wifi-mac.h
[ 773/1400] Compiling install-ns3-header: ns3/ideal-wifi-manager.h
[ 774/1400] Compiling install-ns3-header: ns3/erp-information.h
[ 775/1400] Compiling install-ns3-header: ns3/snr-tag.h
[ 776/1400] Compiling install-ns3-header: ns3/vht-capabilities.h
[ 777/1400] Compiling install-ns3-header: ns3/aparf-wifi-manager.h
[ 778/1400] Compiling install-ns3-header: ns3/msdu-aggregator.h
[ 779/1400] Processing command (${PYTHON}): ../bindings/python/ns3modulegen-modular.py ../src/wifi/bindings/modulegen__gcc_LP64.py ../src/wifi/bindings/modulegen_customizations.py -> src/wifi/bindings/ns3module.cc src/wifi/bindings/ns3module.h src/wifi/bindings/ns3modulegen.log

[ 824/1400] Processing gen-module-header: ns3/antenna-module.h
[ 825/1400] Processing gen-module-header: ns3/applications-module.h
[ 826/1400] Processing gen-module-header: ns3/bridge-module.h
[ 827/1400] Processing gen-module-header: ns3/config-store-module.h
[ 828/1400] Processing gen-module-header: ns3/core-module.h
[ 829/1400] Processing gen-module-header: ns3/energy-module.h
[ 830/1400] Processing gen-module-header: ns3/internet-module.h
[ 831/1400] Processing gen-module-header: ns3/mobility-module.h
[ 832/1400] Processing gen-module-header: ns3/mpi-module.h
[ 833/1400] Processing gen-module-header: ns3/network-module.h
[ 834/1400] Processing gen-module-header: ns3/obstacle-module.h
[ 835/1400] Processing gen-module-header: ns3/propagation-module.h
[ 836/1400] Processing gen-module-header: ns3/spectrum-module.h
[ 837/1400] Processing gen-module-header: ns3/stats-module.h
[ 838/1400] Processing gen-module-header: ns3/traffic-control-module.h
[ 839/1400] Processing gen-module-header: ns3/wave-module.h
[ 840/1400] Processing gen-module-header: ns3/wifi-module.h
[ 841/1400] Creating build/bindings/python/ns3.py
[ 842/1400] Compiling bindings/python/ns__init__.py
[ 843/1400] Compiling utils/print-introspected-doxygen.cc
[ 844/1400] Compiling utils/bench-packets.cc
[ 845/1400] Compiling utils/bench-simulator.cc
[ 846/1400] Compiling utils/test-runner.cc
[ 847/1400] Compiling scratch/vanet-urban/fb-vanet.cc
[ 848/1400] Compiling scratch/vanet-urban/FBHeader.cc
[ 849/1400] Compiling scratch/vanet-urban/FBApplication.cc
[ 850/1400] Compiling scratch/vanet/fb-vanet-3d.cc
[ 851/1400] Compiling scratch/vanet/FBNode.cc
[ 852/1400] Compiling scratch/vanet/FBHeader.cc
[ 853/1400] Compiling scratch/vanet/FBApplication.cc
[ 854/1400] Compiling src/wifi/helper/wifi-mac-helper.cc
[ 855/1400] Compiling src/wifi/helper/spectrum-wifi-helper.cc
[ 856/1400] Compiling src/wifi/helper/vht-wifi-mac-helper.cc
[ 857/1400] Compiling src/wifi/helper/wifi-radio-energy-model-helper.cc
[ 858/1400] Compiling src/wifi/model/dsss-parameter-set.cc
[ 859/1400] Compiling src/wifi/model/ht-operations.cc
[ 860/1400] Compiling src/wifi/model/erp-information.cc
[ 861/1400] Compiling src/wifi/model/vht-capabilities.cc
[ 862/1400] Compiling src/wifi/model/wifi-tx-current-model.cc
[ 863/1400] Compiling src/wifi/model/ampdu-tag.cc
[ 864/1400] Compiling src/wifi/model/mpdu-standard-aggregator.cc
[ 865/1400] Compiling src/wifi/model/ampdu-subframe-header.cc
[ 866/1400] Compiling src/wifi/model/aparf-wifi-manager.cc
[ 867/1400] Compiling src/wifi/model/ht-capabilities.cc
[ 868/1400] Compiling src/wifi/model/block-ack-manager.cc
[ 869/1400] Compiling src/wifi/model/block-ack-agreement.cc
[ 870/1400] Compiling src/wifi/model/ctrl-headers.cc
[ 871/1400] Compiling src/wifi/model/dcf.cc
[ 872/1400] Compiling src/wifi/model/msdu-standard-aggregator.cc
[ 873/1400] Compiling src/wifi/model/edca-txop-n.cc
[ 874/1400] Compiling src/wifi/model/qos-utils.cc
[ 875/1400] Compiling src/wifi/model/minstrel-ht-wifi-manager.cc
[ 876/1400] Compiling src/wifi/model/minstrel-wifi-manager.cc
[ 877/1400] Compiling src/wifi/model/cara-wifi-manager.cc
[ 878/1400] Compiling src/wifi/model/aarfcd-wifi-manager.cc
[ 879/1400] Compiling src/wifi/model/rraa-wifi-manager.cc
[ 880/1400] Compiling src/wifi/model/ideal-wifi-manager.cc
[ 881/1400] Compiling src/wifi/model/adhoc-wifi-mac.cc
[ 882/1400] Compiling src/wifi/model/sta-wifi-mac.cc
[ 883/1400] Compiling src/wifi/model/ap-wifi-mac.cc
[ 884/1400] Compiling src/wifi/model/wifi-mac.cc
[ 885/1400] Compiling src/wifi/model/status-code.cc
[ 886/1400] Compiling src/wifi/model/capability-information.cc
[ 887/1400] Compiling src/wifi/model/dca-txop.cc
[ 888/1400] Compiling src/wifi/model/spectrum-wifi-phy.cc
[ 889/1400] Compiling src/wifi/model/yans-wifi-channel.cc
[ 890/1400] Compiling src/wifi/model/dsss-error-rate-model.cc
[ 891/1400] Compiling src/wifi/model/nist-error-rate-model.cc
[ 892/1400] Compiling src/wifi/model/error-rate-model.cc
[ 893/1400] Compiling src/wifi/model/wifi-phy-state-helper.cc
[ 894/1400] Compiling src/wave/helper/wave-bsm-helper.cc
[ 895/1400] Compiling src/wave/helper/wifi-80211p-helper.cc
[ 896/1400] Compiling src/wave/model/wave-net-device.cc
[ 897/1400] Compiling src/wave/model/higher-tx-tag.cc
[ 898/1400] Compiling src/wave/model/bsm-application.cc
[ 899/1400] Compiling src/wave/model/channel-scheduler.cc
[ 900/1400] Compiling src/traffic-control/model/pie-queue-disc.cc
[ 901/1400] Compiling src/traffic-control/model/red-queue-disc.cc
[ 902/1400] Compiling src/traffic-control/model/pfifo-fast-queue-disc.cc
[ 903/1400] Compiling src/traffic-control/model/queue-disc.cc
[ 904/1400] Compiling src/traffic-control/model/traffic-control-layer.cc
[ 905/1400] Compiling src/stats/model/get-wildcard-matches.cc
[ 906/1400] Compiling src/stats/model/gnuplot-aggregator.cc
[ 907/1400] Compiling src/stats/model/file-aggregator.cc
[ 908/1400] Compiling src/stats/model/time-series-adaptor.cc
[ 909/1400] Compiling src/stats/model/uinteger-16-probe.cc
[ 910/1400] Compiling src/stats/model/uinteger-8-probe.cc
[ 911/1400] Compiling src/stats/model/double-probe.cc
[ 912/1400] Compiling src/stats/model/boolean-probe.cc
[ 913/1400] Compiling src/stats/model/gnuplot.cc
[ 914/1400] Compiling src/stats/model/omnet-data-output.cc
[ 915/1400] Compiling src/stats/model/data-calculator.cc
[ 916/1400] Compiling src/stats/helper/gnuplot-helper.cc
[ 917/1400] Compiling src/stats/helper/file-helper.cc
[ 918/1400] Compiling src/spectrum/helper/waveform-generator-helper.cc
[ 919/1400] Compiling src/spectrum/helper/adhoc-aloha-noack-ideal-phy-helper.cc
[ 920/1400] Compiling src/spectrum/helper/spectrum-helper.cc
[ 921/1400] Compiling src/spectrum/model/tv-spectrum-transmitter.cc
[ 922/1400] Compiling src/spectrum/model/half-duplex-ideal-phy.cc
[ 923/1400] Compiling src/spectrum/model/aloha-noack-mac-header.cc
[ 924/1400] Compiling src/spectrum/model/spectrum-analyzer.cc
[ 925/1400] Compiling src/spectrum/model/spectrum-model-ism2400MHz-res1MHz.cc
[ 926/1400] Compiling src/spectrum/model/single-model-spectrum-channel.cc
[ 927/1400] Compiling src/spectrum/model/spectrum-channel.cc
[ 928/1400] Compiling src/spectrum/model/spectrum-phy.cc
[ 929/1400] Compiling src/spectrum/model/constant-spectrum-propagation-loss.cc
[ 930/1400] Compiling src/spectrum/model/spectrum-propagation-loss-model.cc
[ 931/1400] Compiling src/spectrum/model/spectrum-converter.cc
[ 932/1400] Compiling src/propagation/model/okumura-hata-propagation-loss-model.cc
[ 933/1400] Compiling src/propagation/model/jakes-process.cc
[ 934/1400] Compiling src/obstacle/model/obstacle.cc
[ 935/1400] Compiling src/network/helper/delay-jitter-estimation.cc
[ 936/1400] Compiling src/network/helper/node-container.cc
[ 937/1400] Compiling src/network/helper/net-device-container.cc
[ 938/1400] Compiling src/network/utils/packet-probe.cc
[ 939/1400] Compiling src/network/utils/packet-socket-server.cc
[ 940/1400] Compiling src/network/utils/radiotap-header.cc
[ 941/1400] Compiling src/network/utils/queue.cc
[ 942/1400] Compiling src/network/utils/pcap-file-wrapper.cc
[ 943/1400] Compiling src/network/utils/pcap-file.cc
[ 944/1400] Compiling src/network/utils/packet-socket-address.cc
[ 945/1400] Compiling src/network/utils/packet-burst.cc
[ 946/1400] Compiling src/network/utils/output-stream-wrapper.cc
[ 947/1400] Compiling src/network/utils/mac64-address.cc
[ 948/1400] Compiling src/network/utils/mac16-address.cc
[ 949/1400] Compiling src/network/utils/inet6-socket-address.cc
[ 950/1400] Compiling src/network/utils/flow-id-tag.cc
[ 951/1400] Compiling src/network/utils/ethernet-trailer.cc
[ 952/1400] Compiling src/network/utils/error-model.cc
[ 953/1400] Compiling src/network/utils/drop-tail-queue.cc
[ 954/1400] Compiling src/network/model/socket-factory.cc
[ 955/1400] Compiling src/network/model/socket.cc
[ 956/1400] Compiling src/network/model/packet-tag-list.cc
[ 957/1400] Compiling src/network/model/packet.cc
[ 958/1400] Compiling src/network/model/nix-vector.cc
[ 959/1400] Compiling src/network/model/chunk.cc
[ 960/1400] Compiling src/network/model/channel-list.cc
[ 961/1400] Compiling src/network/model/channel.cc
[ 962/1400] Compiling src/network/model/buffer.cc
[ 963/1400] Compiling src/mpi/model/null-message-mpi-interface.cc
[ 964/1400] Compiling src/mpi/model/null-message-simulator-impl.cc
[ 965/1400] Compiling src/mpi/model/mpi-receiver.cc
[ 966/1400] Compiling src/mobility/model/waypoint.cc
[ 967/1400] Compiling src/mobility/model/steady-state-random-waypoint-mobility-model.cc
[ 968/1400] Compiling src/mobility/model/random-direction-2d-mobility-model.cc
[ 969/1400] Compiling src/mobility/model/geographic-positions.cc
[ 970/1400] Compiling src/mobility/model/constant-velocity-helper.cc
[ 971/1400] Compiling src/mobility/model/constant-position-mobility-model.cc
[ 972/1400] Compiling src/mobility/model/constant-acceleration-mobility-model.cc
[ 973/1400] Compiling src/mobility/model/box.cc
[ 974/1400] Compiling src/internet/helper/rip-helper.cc
[ 975/1400] Compiling src/internet/model/rip-header.cc
[ 976/1400] Compiling src/internet/helper/ripng-helper.cc
[ 977/1400] Compiling src/internet/model/ripng.cc
[ 978/1400] Compiling src/internet/model/ipv6-pmtu-cache.cc
[ 979/1400] Compiling src/internet/model/ipv6-packet-probe.cc
[ 980/1400] Compiling src/internet/model/ipv6-address-generator.cc
[ 981/1400] Compiling src/internet/helper/ipv6-routing-helper.cc
[ 982/1400] Compiling src/internet/helper/ipv6-interface-container.cc
[ 983/1400] Compiling src/internet/helper/ipv6-address-helper.cc
[ 984/1400] Compiling src/internet/helper/ipv4-routing-helper.cc
[ 985/1400] Compiling src/internet/helper/ipv4-address-helper.cc
[ 986/1400] Compiling src/internet/helper/internet-trace-helper.cc
[ 987/1400] Compiling src/internet/model/candidate-queue.cc
[ 988/1400] Compiling src/internet/model/global-route-manager-impl.cc
[ 989/1400] Compiling src/internet/model/global-route-manager.cc
[ 990/1400] Compiling src/internet/model/global-router-interface.cc
[ 991/1400] Compiling src/internet/helper/ipv4-static-routing-helper.cc
[ 992/1400] Compiling src/internet/model/ipv6-static-routing.cc
[ 993/1400] Compiling src/internet/model/ipv4-routing-table-entry.cc
[ 994/1400] Compiling src/internet/helper/ipv6-list-routing-helper.cc
[ 995/1400] Compiling src/internet/model/ipv6-list-routing.cc
[ 996/1400] Compiling src/internet/model/ipv4-list-routing.cc
[ 997/1400] Compiling src/internet/model/ipv6-routing-protocol.cc
[ 998/1400] Compiling src/internet/model/ipv6-route.cc
[ 999/1400] Compiling src/internet/model/ipv6-packet-filter.cc
[1000/1400] Compiling src/internet/model/ipv6-queue-disc-item.cc
[1001/1400] Compiling src/internet/model/udp-socket.cc
[1002/1400] Compiling src/internet/model/ipv4-routing-protocol.cc
[1003/1400] Compiling src/internet/model/ipv4-route.cc
[1004/1400] Compiling src/internet/model/ipv4-packet-filter.cc
[1005/1400] Compiling src/internet/model/ipv4-header.cc
[1006/1400] Compiling src/internet/model/ipv4-address-generator.cc
[1007/1400] Compiling src/internet/model/ipv4-packet-info-tag.cc
[1008/1400] Compiling src/internet/model/tcp-option-ts.cc
[1009/1400] Compiling src/internet/model/tcp-option-winscale.cc
[1010/1400] Compiling src/internet/model/tcp-option.cc
[1011/1400] Compiling src/internet/model/tcp-tx-buffer.cc
[1012/1400] Compiling src/internet/model/tcp-rx-buffer.cc
[1013/1400] Compiling src/internet/model/tcp-illinois.cc
[1014/1400] Compiling src/internet/model/tcp-yeah.cc
[1015/1400] Compiling src/internet/model/tcp-vegas.cc
[1016/1400] Compiling src/internet/model/tcp-hybla.cc
[1017/1400] Compiling src/internet/model/tcp-highspeed.cc
[1018/1400] Compiling src/internet/model/tcp-socket-base.cc
[1019/1400] Compiling src/internet/model/ipv6-option-demux.cc
[1020/1400] Compiling src/internet/model/ipv6-option-header.cc
[1021/1400] Compiling src/internet/model/ipv6-option.cc
[1022/1400] Compiling src/internet/model/ipv6-extension-demux.cc
[1023/1400] Compiling src/internet/model/ipv6-extension-header.cc
[1024/1400] Compiling src/internet/model/ipv6-extension.cc
[1025/1400] Compiling src/internet/model/ipv6-raw-socket-factory-impl.cc
[1026/1400] Compiling src/internet/model/ipv6-end-point-demux.cc
[1027/1400] Compiling src/internet/model/icmpv6-header.cc
[1028/1400] Compiling src/internet/model/ipv6-interface.cc
[1029/1400] Compiling src/internet/model/icmpv4-l4-protocol.cc
[1030/1400] Compiling src/internet/model/icmpv4.cc
[1031/1400] Compiling src/internet/model/ipv4-raw-socket-impl.cc
[1032/1400] Compiling src/internet/model/ipv4-raw-socket-factory-impl.cc
[1033/1400] Compiling src/internet/model/rtt-estimator.cc
[1034/1400] Compiling src/internet/model/udp-socket-factory-impl.cc
[1035/1400] Compiling src/internet/model/udp-socket-impl.cc
[1036/1400] Compiling src/internet/model/arp-l3-protocol.cc
[1037/1400] Compiling src/internet/model/udp-l4-protocol.cc
[1038/1400] Compiling src/internet/model/ipv4-l3-protocol.cc
[1039/1400] Compiling src/internet/model/ipv4-interface.cc
[1040/1400] Compiling src/internet/model/tcp-header.cc
[1041/1400] Compiling src/internet/model/ip-l4-protocol.cc
[1042/1400] Compiling src/energy/helper/energy-harvester-container.cc
[1043/1400] Compiling src/energy/helper/energy-model-helper.cc
[1044/1400] Compiling src/energy/helper/energy-source-container.cc
[1045/1400] Compiling src/energy/model/energy-harvester.cc
[1046/1400] Compiling src/energy/model/device-energy-model-container.cc
[1047/1400] Compiling src/energy/model/li-ion-energy-source.cc
[1048/1400] Compiling src/core/model/unix-system-condition.cc
[1049/1400] Compiling src/core/model/unix-system-mutex.cc
[1050/1400] Compiling src/core/model/unix-fd-reader.cc
[1051/1400] Compiling src/core/model/system-thread.cc
[1052/1400] Compiling src/core/model/int64x64-128.cc
[1053/1400] Compiling src/core/model/hash.cc
[1054/1400] Compiling src/core/model/hash-fnv.cc
[1055/1400] Compiling src/core/model/hash-murmur3.cc
[1056/1400] Compiling src/core/model/system-path.cc
[1057/1400] Compiling src/core/model/vector.cc
[1058/1400] Compiling src/core/model/names.cc
[1059/1400] Compiling src/core/model/callback.cc
[1060/1400] Compiling src/core/model/object-factory.cc
[1061/1400] Compiling src/core/model/object-ptr-container.cc
[1062/1400] Compiling src/core/model/boolean.cc
[1063/1400] Compiling src/core/model/type-name.cc
[1064/1400] Compiling src/core/model/command-line.cc
[1065/1400] Compiling src/core/model/test.cc
[1066/1400] Compiling src/core/model/object.cc
[1067/1400] Compiling src/core/model/object-base.cc
[1068/1400] Compiling src/core/model/attribute-construction-list.cc
[1069/1400] Compiling src/core/model/breakpoint.cc
[1070/1400] Compiling src/core/model/log.cc
[1071/1400] Compiling src/core/model/make-event.cc
[1072/1400] Compiling src/core/model/default-simulator-impl.cc
[1073/1400] Compiling src/core/model/event-impl.cc
[1074/1400] Compiling src/core/model/calendar-scheduler.cc
[1075/1400] Compiling src/core/model/heap-scheduler.cc
[1076/1400] Compiling src/core/model/map-scheduler.cc
[1077/1400] Compiling src/core/model/list-scheduler.cc
[1078/1400] Compiling src/core/model/scheduler.cc
[1079/1400] Compiling src/core/model/time.cc
[1080/1400] Compiling src/config-store/model/raw-text-config.cc
[1081/1400] Compiling src/config-store/model/file-config.cc
[1082/1400] Compiling src/config-store/model/attribute-default-iterator.cc
[1083/1400] Compiling src/config-store/model/attribute-iterator.cc
[1084/1400] Compiling src/bridge/helper/bridge-helper.cc
[1085/1400] Compiling src/bridge/model/bridge-channel.cc
[1086/1400] Compiling src/bridge/model/bridge-net-device.cc
[1087/1400] Compiling src/applications/helper/packet-sink-helper.cc
[1088/1400] Compiling src/applications/helper/on-off-helper.cc
[1089/1400] Compiling src/applications/model/application-packet-probe.cc
[1090/1400] Compiling src/applications/model/udp-echo-server.cc
[1091/1400] Compiling src/applications/model/udp-trace-client.cc
[1092/1400] Compiling src/applications/model/seq-ts-header.cc
[1093/1400] Compiling src/applications/model/packet-sink.cc
[1094/1400] Compiling src/applications/model/onoff-application.cc
[1095/1400] Compiling src/antenna/model/parabolic-antenna-model.cc
[1096/1400] Compiling src/antenna/model/cosine-antenna-model.cc
[1097/1400] Compiling src/antenna/model/isotropic-antenna-model.cc
[1098/1400] Compiling src/antenna/model/antenna-model.cc
[1099/1400] Compiling src/antenna/model/angles.cc
[1100/1400] Compiling src/applications/model/bulk-send-application.cc
[1101/1400] Compiling src/applications/model/udp-client.cc
[1102/1400] Compiling src/applications/model/udp-server.cc
[1103/1400] Compiling src/applications/model/packet-loss-counter.cc
[1104/1400] Compiling src/applications/model/udp-echo-client.cc
[1105/1400] Compiling src/applications/helper/bulk-send-helper.cc
[1106/1400] Compiling src/applications/helper/udp-client-server-helper.cc
[1107/1400] Compiling src/applications/helper/udp-echo-helper.cc
[1108/1400] Compiling build/src/applications/bindings/ns3module.cc
[1109/1400] Compiling src/config-store/model/config-store.cc
[1110/1400] Compiling src/core/model/event-id.cc
[1111/1400] Compiling src/core/model/simulator.cc
[1112/1400] Compiling src/core/model/simulator-impl.cc
[1113/1400] Compiling src/core/model/timer.cc
[1114/1400] Compiling src/core/model/watchdog.cc
[1115/1400] Compiling src/core/model/synchronizer.cc
[1116/1400] Compiling src/core/model/type-id.cc
[1117/1400] Compiling src/core/model/ref-count-base.cc
[1118/1400] Compiling src/core/model/random-variable-stream.cc
[1119/1400] Compiling src/core/model/rng-seed-manager.cc
[1120/1400] Compiling src/core/model/rng-stream.cc
[1121/1400] Compiling src/core/model/attribute.cc
[1122/1400] Compiling src/core/model/integer.cc
[1123/1400] Compiling src/core/model/uinteger.cc
[1124/1400] Compiling src/core/model/enum.cc
[1125/1400] Compiling src/core/model/double.cc
[1126/1400] Compiling src/core/model/int64x64.cc
[1127/1400] Compiling src/core/model/string.cc
[1128/1400] Compiling src/core/model/pointer.cc
[1129/1400] Compiling src/core/model/global-value.cc
[1130/1400] Compiling src/core/model/trace-source-accessor.cc
[1131/1400] Compiling src/core/model/config.cc
[1132/1400] Compiling src/core/model/fatal-impl.cc
[1133/1400] Compiling src/core/helper/random-variable-stream-helper.cc
[1134/1400] Compiling src/core/helper/event-garbage-collector.cc
[1135/1400] Compiling src/core/model/hash-function.cc
[1136/1400] Compiling src/core/model/des-metrics.cc
[1137/1400] Compiling src/core/model/unix-system-wall-clock-ms.cc
[1138/1400] Compiling src/core/model/realtime-simulator-impl.cc
[1139/1400] Compiling src/core/model/wall-clock-synchronizer.cc
[1140/1400] Compiling src/energy/model/energy-source.cc
[1141/1400] Compiling src/energy/model/basic-energy-source.cc
[1142/1400] Compiling src/energy/model/rv-battery-model.cc
[1143/1400] Compiling src/energy/model/device-energy-model.cc
[1144/1400] Compiling src/energy/model/simple-device-energy-model.cc
[1145/1400] Compiling src/energy/model/basic-energy-harvester.cc
[1146/1400] Compiling src/energy/helper/basic-energy-source-helper.cc
[1147/1400] Compiling src/energy/helper/li-ion-energy-source-helper.cc
[1148/1400] Compiling src/energy/helper/rv-battery-model-helper.cc
[1149/1400] Compiling src/energy/helper/energy-harvester-helper.cc
[1150/1400] Compiling src/energy/helper/basic-energy-harvester-helper.cc
[1151/1400] Compiling src/internet/model/udp-header.cc
[1152/1400] Compiling src/internet/model/ipv4-end-point.cc
[1153/1400] Compiling src/internet/model/tcp-l4-protocol.cc
[1154/1400] Compiling src/internet/model/arp-header.cc
[1155/1400] Compiling src/internet/model/arp-cache.cc
[1156/1400] Compiling src/internet/model/ipv4-end-point-demux.cc
[1157/1400] Compiling src/internet/model/tcp-socket-factory-impl.cc
[1158/1400] Compiling src/internet/model/pending-data.cc
[1159/1400] Compiling src/internet/model/loopback-net-device.cc
[1160/1400] Compiling src/internet/model/ndisc-cache.cc
[1161/1400] Compiling src/internet/model/ipv6-l3-protocol.cc
[1162/1400] Compiling src/internet/model/ipv6-end-point.cc
[1163/1400] Compiling src/internet/model/ipv6-raw-socket-impl.cc
[1164/1400] Compiling src/internet/model/ipv6-autoconfigured-prefix.cc
[1165/1400] Compiling src/internet/model/icmpv6-l4-protocol.cc
[1166/1400] Compiling src/internet/model/tcp-congestion-ops.cc
[1167/1400] Compiling src/internet/model/tcp-westwood.cc
[1168/1400] Compiling src/internet/model/tcp-scalable.cc
[1169/1400] Compiling src/internet/model/tcp-veno.cc
[1170/1400] Compiling src/internet/model/tcp-bic.cc
[1171/1400] Compiling src/internet/model/tcp-htcp.cc
[1172/1400] Compiling src/internet/model/tcp-option-rfc793.cc
[1173/1400] Compiling src/internet/model/ipv6-packet-info-tag.cc
[1174/1400] Compiling src/internet/model/ipv4-interface-address.cc
[1175/1400] Compiling src/internet/model/ipv4-queue-disc-item.cc
[1176/1400] Compiling src/internet/model/udp-socket-factory.cc
[1177/1400] Compiling src/internet/model/tcp-socket.cc
[1178/1400] Compiling src/internet/model/tcp-socket-factory.cc
[1179/1400] Compiling src/internet/model/ipv4.cc
[1180/1400] Compiling src/internet/model/ipv4-raw-socket-factory.cc
[1181/1400] Compiling src/internet/model/ipv6-header.cc
[1182/1400] Compiling src/internet/model/ipv6-interface-address.cc
[1183/1400] Compiling src/internet/model/ipv6.cc
[1184/1400] Compiling src/internet/model/ipv6-raw-socket-factory.cc
[1185/1400] Compiling src/internet/helper/ipv4-list-routing-helper.cc
[1186/1400] Compiling src/internet/model/ipv4-static-routing.cc
[1187/1400] Compiling src/internet/model/ipv6-routing-table-entry.cc
[1188/1400] Compiling src/internet/helper/ipv6-static-routing-helper.cc
[1189/1400] Compiling src/internet/model/ipv4-global-routing.cc
[1190/1400] Compiling src/internet/helper/ipv4-global-routing-helper.cc
[1191/1400] Compiling src/internet/helper/internet-stack-helper.cc
[1192/1400] Compiling src/internet/helper/ipv4-interface-container.cc
[1193/1400] Compiling src/internet/model/ipv4-packet-probe.cc
[1194/1400] Compiling src/internet/model/ripng-header.cc
[1195/1400] Compiling src/internet/model/rip.cc
[1196/1400] Compiling src/mobility/model/constant-velocity-mobility-model.cc
[1197/1400] Compiling src/mobility/model/gauss-markov-mobility-model.cc
[1198/1400] Compiling src/mobility/model/hierarchical-mobility-model.cc
[1199/1400] Compiling src/mobility/model/mobility-model.cc
[1200/1400] Compiling src/mobility/model/position-allocator.cc
[1201/1400] Compiling src/mobility/model/random-walk-2d-mobility-model.cc
[1202/1400] Compiling src/mobility/model/random-waypoint-mobility-model.cc
[1203/1400] Compiling src/mobility/model/rectangle.cc
[1204/1400] Compiling src/mobility/model/waypoint-mobility-model.cc
[1205/1400] Compiling src/mobility/helper/mobility-helper.cc
[1206/1400] Compiling src/mobility/helper/ns2-mobility-helper.cc
[1207/1400] Compiling src/mpi/model/distributed-simulator-impl.cc
[1208/1400] Compiling src/mpi/model/granted-time-window-mpi-interface.cc
[1209/1400] Compiling src/mpi/model/remote-channel-bundle.cc
[1210/1400] Compiling src/mpi/model/remote-channel-bundle-manager.cc
[1211/1400] Compiling src/mpi/model/mpi-interface.cc
[1212/1400] Compiling src/network/model/address.cc
[1213/1400] Compiling src/network/model/application.cc
[1214/1400] Compiling src/network/model/byte-tag-list.cc
[1215/1400] Compiling src/network/model/header.cc
[1216/1400] Compiling src/network/model/node.cc
[1217/1400] Compiling src/network/model/node-list.cc
[1218/1400] Compiling src/network/model/net-device.cc
[1219/1400] Compiling src/network/model/packet-metadata.cc
[1220/1400] Compiling src/network/model/tag.cc
[1221/1400] Compiling src/network/model/tag-buffer.cc
[1222/1400] Compiling src/network/model/trailer.cc
[1223/1400] Compiling src/network/utils/address-utils.cc
[1224/1400] Compiling src/network/utils/ascii-file.cc
[1225/1400] Compiling src/network/utils/crc32.cc
[1226/1400] Compiling src/network/utils/data-rate.cc
[1227/1400] Compiling src/network/utils/dynamic-queue-limits.cc
[1228/1400] Compiling src/network/utils/ethernet-header.cc
[1229/1400] Compiling src/network/utils/inet-socket-address.cc
[1230/1400] Compiling src/network/utils/ipv4-address.cc
[1231/1400] Compiling src/network/utils/ipv6-address.cc
[1232/1400] Compiling src/network/utils/mac48-address.cc
[1233/1400] Compiling src/network/utils/llc-snap-header.cc
[1234/1400] Compiling src/network/utils/packetbb.cc
[1235/1400] Compiling src/network/utils/packet-socket.cc
[1236/1400] Compiling src/network/utils/packet-socket-factory.cc
[1237/1400] Compiling src/network/utils/queue-limits.cc
[1238/1400] Compiling src/network/utils/simple-channel.cc
[1239/1400] Compiling src/network/utils/simple-net-device.cc
[1240/1400] Compiling src/network/utils/sll-header.cc
[1241/1400] Compiling src/network/utils/packet-socket-client.cc
[1242/1400] Compiling src/network/utils/packet-data-calculators.cc
[1243/1400] Compiling src/network/helper/application-container.cc
[1244/1400] Compiling src/network/helper/packet-socket-helper.cc
[1245/1400] Compiling src/network/helper/trace-helper.cc
[1246/1400] Compiling src/network/helper/simple-net-device-helper.cc
[1247/1400] Compiling src/obstacle/model/topology.cc
[1248/1400] Compiling src/obstacle/model/obstacle-shadowing-propagation-loss-model.cc
[1249/1400] Compiling src/obstacle/helper/obstacle-helper.cc
[1250/1400] Compiling src/propagation/model/propagation-delay-model.cc
[1251/1400] Compiling src/propagation/model/propagation-loss-model.cc
[1252/1400] Compiling src/propagation/model/jakes-propagation-loss-model.cc
[1253/1400] Compiling src/propagation/model/cost231-propagation-loss-model.cc
[1254/1400] Compiling src/propagation/model/itu-r-1411-los-propagation-loss-model.cc
[1255/1400] Compiling src/propagation/model/itu-r-1411-nlos-over-rooftop-propagation-loss-model.cc
[1256/1400] Compiling src/propagation/model/kun-2600-mhz-propagation-loss-model.cc
[1257/1400] Compiling src/spectrum/model/spectrum-model.cc
[1258/1400] Compiling src/spectrum/model/spectrum-value.cc
[1259/1400] Compiling src/spectrum/model/spectrum-signal-parameters.cc
[1260/1400] Compiling src/spectrum/model/friis-spectrum-propagation-loss.cc
[1261/1400] Compiling src/spectrum/model/multi-model-spectrum-channel.cc
[1262/1400] Compiling src/spectrum/model/spectrum-interference.cc
[1263/1400] Compiling src/spectrum/model/spectrum-error-model.cc
[1264/1400] Compiling src/spectrum/model/spectrum-model-300kHz-300GHz-log.cc
[1265/1400] Compiling src/spectrum/model/wifi-spectrum-value-helper.cc
[1266/1400] Compiling src/spectrum/model/waveform-generator.cc
[1267/1400] Compiling src/spectrum/model/aloha-noack-net-device.cc
[1268/1400] Compiling src/spectrum/model/half-duplex-ideal-phy-signal-parameters.cc
[1269/1400] Compiling src/spectrum/model/non-communicating-net-device.cc
[1270/1400] Compiling src/spectrum/model/microwave-oven-spectrum-value-helper.cc
[1271/1400] Compiling src/spectrum/helper/spectrum-analyzer-helper.cc
[1272/1400] Compiling src/spectrum/helper/tv-spectrum-transmitter-helper.cc
[1273/1400] Compiling src/stats/model/time-data-calculators.cc
[1274/1400] Compiling src/stats/model/data-output-interface.cc
[1275/1400] Compiling src/stats/model/data-collector.cc
[1276/1400] Compiling src/stats/model/data-collection-object.cc
[1277/1400] Compiling src/stats/model/probe.cc
[1278/1400] Compiling src/stats/model/time-probe.cc
[1279/1400] Compiling src/stats/model/uinteger-32-probe.cc
[1280/1400] Compiling src/traffic-control/model/packet-filter.cc
[1281/1400] Compiling src/traffic-control/model/codel-queue-disc.cc
[1282/1400] Compiling src/traffic-control/model/fq-codel-queue-disc.cc
[1283/1400] Compiling src/traffic-control/helper/traffic-control-helper.cc
[1284/1400] Compiling src/traffic-control/helper/queue-disc-container.cc
[1285/1400] Compiling src/wave/model/wave-mac-low.cc
[1286/1400] Compiling src/wave/model/ocb-wifi-mac.cc
[1287/1400] Compiling src/wave/model/vendor-specific-action.cc
[1288/1400] Compiling src/wave/model/channel-coordinator.cc
[1289/1400] Compiling src/wave/model/default-channel-scheduler.cc
[1290/1400] Compiling src/wave/model/channel-manager.cc
[1291/1400] Compiling src/wave/model/vsa-manager.cc
[1292/1400] Compiling src/wave/helper/wave-bsm-stats.cc
[1293/1400] Compiling src/wave/helper/wave-mac-helper.cc
[1294/1400] Compiling src/wave/helper/wave-helper.cc
[1295/1400] Compiling src/wifi/model/wifi-information-element.cc
[1296/1400] Compiling src/wifi/model/wifi-information-element-vector.cc
[1297/1400] Compiling src/wifi/model/wifi-channel.cc
[1298/1400] Compiling src/wifi/model/wifi-mode.cc
[1299/1400] Compiling src/wifi/model/ssid.cc
[1300/1400] Compiling src/wifi/model/wifi-phy.cc
[1301/1400] Compiling src/wifi/model/yans-error-rate-model.cc
[1302/1400] Compiling src/wifi/model/interference-helper.cc
[1303/1400] Compiling src/wifi/model/yans-wifi-phy.cc
[1304/1400] Compiling src/wifi/model/wifi-phy-tag.cc
[1305/1400] Compiling src/wifi/model/wifi-spectrum-phy-interface.cc
[1306/1400] Compiling src/wifi/model/wifi-spectrum-signal-parameters.cc
[1307/1400] Compiling src/wifi/model/wifi-mac-header.cc
[1308/1400] Compiling src/wifi/model/wifi-mac-trailer.cc
[1309/1400] Compiling src/wifi/model/mac-low.cc
[1310/1400] Compiling src/wifi/model/wifi-mac-queue.cc
[1311/1400] Compiling src/wifi/model/mac-tx-middle.cc
[1312/1400] Compiling src/wifi/model/mac-rx-middle.cc
[1313/1400] Compiling src/wifi/model/supported-rates.cc
[1314/1400] Compiling src/wifi/model/mgt-headers.cc
[1315/1400] Compiling src/wifi/model/random-stream.cc
[1316/1400] Compiling src/wifi/model/dcf-manager.cc
[1317/1400] Compiling src/wifi/model/regular-wifi-mac.cc
[1318/1400] Compiling src/wifi/model/wifi-remote-station-manager.cc
[1319/1400] Compiling src/wifi/model/wifi-net-device.cc
[1320/1400] Compiling src/wifi/model/arf-wifi-manager.cc
[1321/1400] Compiling src/wifi/model/aarf-wifi-manager.cc
[1322/1400] Compiling src/wifi/model/constant-rate-wifi-manager.cc
[1323/1400] Compiling src/wifi/model/amrr-wifi-manager.cc
[1324/1400] Compiling src/wifi/model/onoe-wifi-manager.cc
[1325/1400] Compiling src/wifi/model/msdu-aggregator.cc
[1326/1400] Compiling src/wifi/model/amsdu-subframe-header.cc
[1327/1400] Compiling src/wifi/model/originator-block-ack-agreement.cc
[1328/1400] Compiling src/wifi/model/qos-blocked-destinations.cc
[1329/1400] Compiling src/wifi/model/block-ack-cache.cc
[1330/1400] Compiling src/wifi/model/snr-tag.cc
[1331/1400] Compiling src/wifi/model/wifi-tx-vector.cc
[1332/1400] Compiling src/wifi/model/parf-wifi-manager.cc
[1333/1400] Compiling src/wifi/model/mpdu-aggregator.cc
[1334/1400] Compiling src/wifi/model/wifi-radio-energy-model.cc
[1335/1400] Compiling src/wifi/model/edca-parameter-set.cc
[1336/1400] Compiling src/wifi/helper/ht-wifi-mac-helper.cc
[1337/1400] Compiling src/wifi/helper/athstats-helper.cc
[1338/1400] Compiling src/wifi/helper/wifi-helper.cc
[1339/1400] Compiling src/wifi/helper/yans-wifi-helper.cc
[1340/1400] Compiling src/wifi/helper/nqos-wifi-mac-helper.cc
[1341/1400] Compiling src/wifi/helper/qos-wifi-mac-helper.cc
[1342/1400] Compiling build/src/wifi/bindings/ns3module.cc
[1343/1400] Compiling scratch/vanet-urban/FBNode.cc
[1344/1400] Compiling build/src/internet/bindings/ns3module.cc
[1345/1400] Compiling build/src/wave/bindings/ns3module.cc
[1346/1400] Linking build/libns3.26-core-debug.so
[1347/1400] Linking build/utils/ns3.26-bench-simulator-debug
[1348/1400] Linking build/libns3.26-antenna-debug.so
[1349/1400] Linking build/libns3.26-stats-debug.so
[1350/1400] Linking build/libns3.26-network-debug.so
[1351/1400] Linking build/libns3.26-config-store-debug.so
[1352/1400] Linking build/libns3.26-bridge-debug.so
[1353/1400] Linking build/libns3.26-mpi-debug.so
[1354/1400] Linking build/libns3.26-traffic-control-debug.so
[1355/1400] Linking build/libns3.26-energy-debug.so
[1356/1400] Linking build/utils/ns3.26-bench-packets-debug
[1357/1400] Linking build/libns3.26-mobility-debug.so
[1358/1400] Linking build/libns3.26-internet-debug.so
[1359/1400] Linking build/libns3.26-propagation-debug.so
[1360/1400] Linking build/libns3.26-spectrum-debug.so
[1361/1400] Linking build/libns3.26-wifi-debug.so
[1362/1400] Linking build/libns3.26-applications-debug.so
[1363/1400] Linking build/libns3.26-wave-debug.so
[1364/1400] Linking build/libns3.26-obstacle-debug.so
[1365/1400] Linking build/utils/ns3.26-print-introspected-doxygen-debug
[1366/1400] Linking build/scratch/vanet/vanet
[1367/1400] Linking build/scratch/vanet-urban/vanet-urban
[1368/1400] Linking build/utils/ns3.26-test-runner-debug
[1369/1400] Linking build/bindings/python/ns/wave.so
[1370/1400] Linking build/bindings/python/ns/applications.so
[1371/1400] Linking build/bindings/python/ns/wifi.so
[1372/1400] Creating pcfile: src/core/libns3.26-core-debug.pc

[1373/1400] Linking build/bindings/python/ns/internet.so
[1375/1400] Creating pcfile: src/antenna/libns3.26-antenna-debug.pc

[1376/1400] Creating pcfile: src/config-store/libns3.26-config-store-debug.pc

[1377/1400] Creating pcfile: src/mpi/libns3.26-mpi-debug.pc

[1378/1400] Creating pcfile: src/traffic-control/libns3.26-traffic-control-debug.pc

[1379/1400] Creating pcfile: src/internet/libns3.26-internet-debug.pc

[1380/1400] Creating pcfile: src/applications/libns3.26-applications-debug.pc

[1381/1400] Creating pcfile: src/wave/libns3.26-wave-debug.pc

[1382/1400] Creating pcfile: src/network/libns3.26-network-debug.pc

[1383/1400] Creating pcfile: src/stats/libns3.26-stats-debug.pc

[1384/1400] Creating pcfile: src/propagation/libns3.26-propagation-debug.pc

[1385/1400] Creating pcfile: src/mobility/libns3.26-mobility-debug.pc

[1386/1400] Creating pcfile: src/obstacle/libns3.26-obstacle-debug.pc

[1386/1400] Creating pcfile: src/energy/libns3.26-energy-debug.pc

[1388/1400] Creating pcfile: src/spectrum/libns3.26-spectrum-debug.pc

[1389/1400] Creating pcfile: src/bridge/libns3.26-bridge-debug.pc

[1389/1400] Creating pcfile: src/wifi/libns3.26-wifi-debug.pc

[1390/1400] Compiling src/fd-net-device/helper/tap-device-creator.cc
[1391/1400] Compiling src/fd-net-device/helper/encode-decode.cc
[1392/1400] Compiling src/fd-net-device/helper/creator-utils.cc
[1393/1400] Linking build/src/fd-net-device/ns3.26-tap-device-creator-debug
[1394/1400] Compiling src/fd-net-device/helper/raw-sock-creator.cc
[1395/1400] Compiling src/fd-net-device/helper/encode-decode.cc
[1396/1400] Compiling src/fd-net-device/helper/creator-utils.cc
[1397/1400] Linking build/src/fd-net-device/ns3.26-raw-sock-creator-debug
[1398/1400] Compiling src/tap-bridge/model/tap-creator.cc
[1399/1400] Compiling src/tap-bridge/model/tap-encode-decode.cc
[1400/1400] Linking build/src/tap-bridge/ns3.26-tap-creator-debug
Waf: Leaving directory `/home/jgottard/ns-3/ns-3.26/build'
Build commands will be stored in build/compile_commands.json
'build' finished successfully (2m32.056s)

Modules built:
antenna                   applications              bridge                    
config-store              core                      energy                    
internet                  mobility                  mpi                       
network                   obstacle (no Python)      propagation               
spectrum                  stats                     traffic-control           
wave                      wifi                      

Modules not built (see ns-3 tutorial for explanation):
brite                     click                     openflow                  
visualizer                

================================================================================================== STAT2
  File: '/home/jgottard/ns-3/ns-3.26/build/scratch/vanet-urban'
  Size: 7         	Blocks: 27         IO Block: 32768  directory
Device: 2dh/45d	Inode: 36842149    Links: 2
Access: (0755/drwxr-xr-x)  Uid: (  814/jgottard)   Gid: (  100/   users)
Access: 2018-12-06 15:47:33.692296449 +0100
Modify: 2018-12-06 15:49:34.841307942 +0100
Change: 2018-12-06 15:49:34.841307942 +0100
 Birth: -
Waf: Entering directory `/home/jgottard/ns-3/ns-3.26/build'
Waf: Leaving directory `/home/jgottard/ns-3/ns-3.26/build'
Build commands will be stored in build/compile_commands.json
'build' finished successfully (3.757s)
Start main urban