Host di esecuzione: dellsrv0
Data: Fri Apr 12 10:20:05 CEST 2019
Directory: /home/jgottard/ns-3/ns-3.26
Questo job viene eseguito sui seguenti nodi:
dellsrv0
PBS_WORKDIR=/home/jgottard
Launching job for execution
after set
Start main urban
numNodes = 1083
startingNode = 0
Topology::LoadTableFromFile filename= ../maps/LA-35/LA-35.losses
LA-35/b1/r100/ROFF/LA-35-b1-r100-ROFF
roffTest= "/home/jgottard/ns-3/ns-3.26/out/scenario-urbano-con-coord/LA-35/b1/r100/ROFF/LA-35-b1-r100-ROFF-1555057215062.csv"
run = 0
numNodes = 1083
startingNode = 0
Topology::LoadTableFromFile filename= ../maps/LA-35/LA-35.losses
1 
2 
not found in file key= 00001288.0 00001677.3 00000000.0 00001287.5 00001561.0 00000000.0
not found in file key= 00001287.5 00001561.0 00000000.0 00001288.0 00001677.3 00000000.0
