Host di esecuzione: dellsrv2
Data: Fri Apr 12 11:59:17 CEST 2019
Directory: /home/jgottard/ns-3/ns-3.26
Questo job viene eseguito sui seguenti nodi:
dellsrv2
PBS_WORKDIR=/home/jgottard
Launching job for execution
after set
Start main urban
numNodes = 1465
startingNode = 0
Topology::LoadTableFromFile filename= ../maps/LA-25/LA-25.losses
LA-25/b1/r300/ROFF/LA-25-b1-r300-ROFF
roffTest= "/home/jgottard/ns-3/ns-3.26/out/scenario-urbano-con-coord/LA-25/b1/r300/ROFF/LA-25-b1-r300-ROFF-1555063167662.csv"
run = 0
numNodes = 1465
startingNode = 0
Topology::LoadTableFromFile filename= ../maps/LA-25/LA-25.losses
1 
2 
generateHelloTraffic7
generateHelloTraffic6
generateHelloTraffic5
generateHelloTraffic4
generateHelloTraffic3
generateHelloTraffic2
generateHelloTraffic1
generateHelloTraffic0
