Host di esecuzione: dellsrv6
Data: Mon Mar 4 15:16:06 CET 2019
Directory: /home/jgottard/ns-3/ns-3.26
Questo job viene eseguito sui seguenti nodi:
dellsrv6
PBS_WORKDIR=/home/jgottard
Launching job for execution
after set
Start main urban
numNodes = 1776
startingNode = 310
run = 0
numNodes = 1776
startingNode = 310
0
100
200
300
400
500
600
700
800
s= 1at time= Mon Mar  4 15:16:20 2019

0
100
200
300
400
500
600
700
800
s= 1at time= Tue Mar  5 08:58:52 2019

0
100
200
300
400
500
600
700
800
s= 1at time= Wed Mar  6 02:59:05 2019

0
100
200
300
400
500
600
700
800
s= 1at time= Wed Mar  6 19:02:48 2019

0
100
200
300
400
500
600
700
800
s= 1at time= Thu Mar  7 06:29:32 2019

