Host di esecuzione: hpblade01
Data: Fri Apr 12 10:18:17 CEST 2019
Directory: /home/jgottard/ns-3/ns-3.26
Questo job viene eseguito sui seguenti nodi:
hpblade01
PBS_WORKDIR=/home/jgottard
Launching job for execution
after set
Start main urban
numNodes = 2396
numNodes = 2396
startingNode = 0
Topology::LoadTableFromFile filename= ../maps/LA-15/LA-15.losses
fileName=LA-15/b1/r100/STATIC-500/LA-15-b1-r100-STATIC-500
run = 0
numNodes = 2396
numNodes = 2396
startingNode = 0
Topology::LoadTableFromFile filename= ../maps/LA-15/LA-15.losses
not found in file key= 00002305.8 00002262.0 00000000.0 00001408.3 00001128.6 00000000.0
not found in file key= 00002305.8 00002262.0 00000000.0 00002392.3 00001118.1 00000000.0
not found in file key= 00002305.8 00002262.0 00000000.0 00002104.7 00001030.6 00000000.0
not found in file key= 00002305.8 00002262.0 00000000.0 00001809.1 00000968.2 00000000.0
not found in file key= 00002305.8 00002262.0 00000000.0 00001993.7 00001092.7 00000000.0
not found in file key= 00002305.8 00002262.0 00000000.0 00001539.9 00001811.0 00000000.0
not found in file key= 00002305.8 00002262.0 00000000.0 00001889.1 00001480.9 00000000.0
not found in file key= 00002305.8 00002262.0 00000000.0 00002295.2 00001737.7 00000000.0
not found in file key= 00002305.8 00002262.0 00000000.0 00002398.2 00001627.3 00000000.0
not found in file key= 00002305.8 00002262.0 00000000.0 00001564.9 00000892.5 00000000.0
not found in file key= 00002305.8 00002262.0 00000000.0 00001406.2 00001048.8 00000000.0
not found in file key= 00002305.8 00002262.0 00000000.0 00001860.2 00001311.1 00000000.0
not found in file key= 00002305.8 00002262.0 00000000.0 00002108.0 00002278.6 00000000.0
not found in file key= 00002305.8 00002262.0 00000000.0 00001287.9 00001662.3 00000000.0
not found in file key= 00002305.8 00002262.0 00000000.0 00001767.9 00002317.8 00000000.0
not found in file key= 00002305.8 00002262.0 00000000.0 00000582.1 00001708.6 00000000.0
not found in file key= 00002305.8 00002262.0 00000000.0 00001031.1 00002366.0 00000000.0
not found in file key= 00002305.8 00002262.0 00000000.0 00000760.1 00002578.4 00000000.0
not found in file key= 00002305.8 00002262.0 00000000.0 00000687.9 00002309.0 00000000.0
not found in file key= 00002305.8 00002262.0 00000000.0 00000998.3 00002019.8 00000000.0
not found in file key= 00002305.8 00002262.0 00000000.0 00001289.8 00002005.8 00000000.0
not found in file key= 00002305.8 00002262.0 00000000.0 00000874.4 00001021.0 00000000.0
not found in file key= 00002305.8 00002262.0 00000000.0 00001525.8 00001413.5 00000000.0
