Host di esecuzione: dellsrv5
Data: Fri Apr 12 11:59:03 CEST 2019
Directory: /home/jgottard/ns-3/ns-3.26
Questo job viene eseguito sui seguenti nodi:
dellsrv5
PBS_WORKDIR=/home/jgottard
Launching job for execution
after set
Start main urban
numNodes = 2112
startingNode = 0
Topology::LoadTableFromFile filename= ../maps/Grid-200/Grid-200.losses
Grid-200/b1/r300/ROFF/Grid-200-b1-r300-ROFF
roffTest= "/home/jgottard/ns-3/ns-3.26/out/scenario-urbano-con-coord/Grid-200/b1/r300/ROFF/Grid-200-b1-r300-ROFF-1555063179677.csv"
run = 0
numNodes = 2112
startingNode = 0
Topology::LoadTableFromFile filename= ../maps/Grid-200/Grid-200.losses
1 
11 
generateHelloTraffic7
generateHelloTraffic6
generateHelloTraffic5
generateHelloTraffic4
generateHelloTraffic3
generateHelloTraffic2
generateHelloTraffic1
generateHelloTraffic0
