Host di esecuzione: hpblade13
Data: Thu Jan 31 14:37:03 CET 2019
Directory: /home/jgottard/ns-3/ns-3.26
Questo job viene eseguito sui seguenti nodi:
hpblade13
PBS_WORKDIR=/home/jgottard
Launching job for execution
after set
Start main urban
numNodes = 1775
startingNode = 1406
run = 0
numNodes = 1775
startingNode = 1069
cwMin = 32cwMax = 1024
cwMin = 32cwMax = 1024
cwMin = 32cwMax = 1024
cwMin = 32cwMax = 1024
cwMin = 32cwMax = 1024
cwMin = 32cwMax = 1024
cwMin = 32cwMax = 1024
cwMin = 32cwMax = 1024
cwMin = 32cwMax = 1024
cwMin = 32cwMax = 1024
cwMin = 32cwMax = 1024
cwMin = 32cwMax = 1024
cwMin = 32cwMax = 1024
cwMin = 32cwMax = 1024
cwMin = 32cwMax = 1024
cwMin = 32cwMax = 1024
