Host di esecuzione: dellsrv4
Data: Fri Apr 12 10:18:04 CEST 2019
Directory: /home/jgottard/ns-3/ns-3.26
Questo job viene eseguito sui seguenti nodi:
dellsrv4
PBS_WORKDIR=/home/jgottard
Launching job for execution
after set
Start main urban
numNodes = 2112
numNodes = 2112
startingNode = 0
Topology::LoadTableFromFile filename= ../maps/Grid-200/Grid-200.losses
fileName=Grid-200/b1/r100/STATIC-300/Grid-200-b1-r100-STATIC-300
run = 0
numNodes = 2112
numNodes = 2112
startingNode = 0
Topology::LoadTableFromFile filename= ../maps/Grid-200/Grid-200.losses
not found in file key= 00002050.0 00000700.0 00000000.0 00000100.0 00000175.0 00000000.0
not found in file key= 00002050.0 00000700.0 00000000.0 00000100.0 00000675.0 00000000.0
not found in file key= 00002050.0 00000700.0 00000000.0 00000300.0 00001625.0 00000000.0
not found in file key= 00002050.0 00000700.0 00000000.0 00000500.0 00001600.0 00000000.0
not found in file key= 00002050.0 00000700.0 00000000.0 00000700.0 00000850.0 00000000.0
not found in file key= 00002050.0 00000700.0 00000000.0 00001700.0 00001425.0 00000000.0
not found in file key= 00002050.0 00000700.0 00000000.0 00002100.0 00000475.0 00000000.0
not found in file key= 00002050.0 00000700.0 00000000.0 00002100.0 00002050.0 00000000.0
not found in file key= 00002050.0 00000700.0 00000000.0 00001400.0 00000100.0 00000000.0
not found in file key= 00002050.0 00000700.0 00000000.0 00001050.0 00000300.0 00000000.0
not found in file key= 00002050.0 00000700.0 00000000.0 00001600.0 00001300.0 00000000.0
not found in file key= 00002050.0 00000700.0 00000000.0 00001875.0 00001700.0 00000000.0
not found in file key= 00002050.0 00000700.0 00000000.0 00000575.0 00001900.0 00000000.0
not found in file key= 00002050.0 00000700.0 00000000.0 00000475.0 00002100.0 00000000.0
not found in file key= 00002050.0 00000700.0 00000000.0 00001125.0 00002100.0 00000000.0
not found in file key= 00002050.0 00000700.0 00000000.0 00001850.0 00002300.0 00000000.0
not found in file key= 00002100.0 00000475.0 00000000.0 00000100.0 00000175.0 00000000.0
not found in file key= 00002100.0 00000475.0 00000000.0 00000100.0 00000675.0 00000000.0
not found in file key= 00002100.0 00000475.0 00000000.0 00000300.0 00001625.0 00000000.0
not found in file key= 00002100.0 00000475.0 00000000.0 00000500.0 00001600.0 00000000.0
not found in file key= 00002100.0 00000475.0 00000000.0 00000700.0 00000850.0 00000000.0
not found in file key= 00002100.0 00000475.0 00000000.0 00001700.0 00001425.0 00000000.0
not found in file key= 00002100.0 00000475.0 00000000.0 00002100.0 00002050.0 00000000.0
not found in file key= 00002100.0 00000475.0 00000000.0 00001400.0 00000100.0 00000000.0
not found in file key= 00002100.0 00000475.0 00000000.0 00001050.0 00000300.0 00000000.0
not found in file key= 00002100.0 00000475.0 00000000.0 00002050.0 00000700.0 00000000.0
not found in file key= 00002100.0 00000475.0 00000000.0 00001600.0 00001300.0 00000000.0
not found in file key= 00002100.0 00000475.0 00000000.0 00001875.0 00001700.0 00000000.0
not found in file key= 00002100.0 00000475.0 00000000.0 00000575.0 00001900.0 00000000.0
not found in file key= 00002100.0 00000475.0 00000000.0 00000475.0 00002100.0 00000000.0
not found in file key= 00002100.0 00000475.0 00000000.0 00001125.0 00002100.0 00000000.0
not found in file key= 00002100.0 00000475.0 00000000.0 00001850.0 00002300.0 00000000.0
not found in file key= 00002100.0 00002050.0 00000000.0 00000100.0 00000175.0 00000000.0
not found in file key= 00002100.0 00002050.0 00000000.0 00000100.0 00000675.0 00000000.0
not found in file key= 00002100.0 00002050.0 00000000.0 00000300.0 00001625.0 00000000.0
not found in file key= 00002100.0 00002050.0 00000000.0 00000500.0 00001600.0 00000000.0
not found in file key= 00002100.0 00002050.0 00000000.0 00000700.0 00000850.0 00000000.0
not found in file key= 00002100.0 00002050.0 00000000.0 00001700.0 00001425.0 00000000.0
not found in file key= 00002100.0 00002050.0 00000000.0 00002100.0 00000475.0 00000000.0
not found in file key= 00002100.0 00002050.0 00000000.0 00001400.0 00000100.0 00000000.0
not found in file key= 00002100.0 00002050.0 00000000.0 00001050.0 00000300.0 00000000.0
not found in file key= 00002100.0 00002050.0 00000000.0 00002050.0 00000700.0 00000000.0
not found in file key= 00002100.0 00002050.0 00000000.0 00001600.0 00001300.0 00000000.0
not found in file key= 00002100.0 00002050.0 00000000.0 00001875.0 00001700.0 00000000.0
not found in file key= 00002100.0 00002050.0 00000000.0 00000575.0 00001900.0 00000000.0
not found in file key= 00002100.0 00002050.0 00000000.0 00000475.0 00002100.0 00000000.0
not found in file key= 00002100.0 00002050.0 00000000.0 00001125.0 00002100.0 00000000.0
not found in file key= 00002100.0 00002050.0 00000000.0 00001850.0 00002300.0 00000000.0
