Host di esecuzione: dellsrv1
Data: Mon Mar 4 15:16:07 CET 2019
Directory: /home/jgottard/ns-3/ns-3.26
Questo job viene eseguito sui seguenti nodi:
dellsrv1
PBS_WORKDIR=/home/jgottard
Launching job for execution
after set
Start main urban
numNodes = 1776
startingNode = 310
run = 0
numNodes = 1776
startingNode = 310
0
100
200
300
400
500
600
700
800
s= 1at time= Mon Mar  4 15:16:16 2019

0
100
200
300
400
500
600
700
800
s= 1at time= Tue Mar  5 06:42:03 2019

0
100
200
300
400
500
600
700
800
s= 1at time= Tue Mar  5 22:48:38 2019

0
100
200
300
400
500
600
700
800
s= 1at time= Wed Mar  6 13:57:57 2019

0
100
200
300
400
500
600
700
800
s= 1at time= Thu Mar  7 04:47:04 2019

