Host di esecuzione: hpblade01
Data: Tue Jan 29 11:37:03 CET 2019
Directory: /home/jgottard/ns-3/ns-3.26
Questo job viene eseguito sui seguenti nodi:
hpblade01
PBS_WORKDIR=/home/jgottard
Launching job for execution
after set
Start main urban
numNodes = 2855
startingNode = 1103
run = 0
numNodes = 2855
startingNode = 2081
cwMin = 32cwMax = 1024
cwMin = 32cwMax = 1024
cwMin = 32cwMax = 1024
cwMin = 32cwMax = 1024
cwMin = 32cwMax = 1024
cwMin = 32cwMax = 1024
cwMin = 32cwMax = 1024
cwMin = 32cwMax = 1024
cwMin = 32cwMax = 1024
cwMin = 32cwMax = 1024
cwMin = 32cwMax = 1024
cwMin = 32cwMax = 1024
cwMin = 32cwMax = 1024
cwMin = 32cwMax = 1024
cwMin = 32cwMax = 1024
cwMin = 32cwMax = 1024
cwMin = 32cwMax = 1024
cwMin = 32cwMax = 1024
cwMin = 32cwMax = 1024
cwMin = 32cwMax = 1024
cwMin = 32cwMax = 1024
cwMin = 32cwMax = 1024
cwMin = 32cwMax = 1024
cwMin = 32cwMax = 1024
cwMin = 32cwMax = 1024
cwMin = 32cwMax = 1024
cwMin = 32cwMax = 1024
cwMin = 32cwMax = 1024
cwMin = 32cwMax = 1024
cwMin = 32cwMax = 1024
cwMin = 32cwMax = 1024
cwMin = 32cwMax = 1024
cwMin = 32cwMax = 1024
cwMin = 32cwMax = 1024
cwMin = 32cwMax = 1024
cwMin = 32cwMax = 1024
cwMin = 32cwMax = 1024
cwMin = 32cwMax = 1024
cwMin = 32cwMax = 1024
cwMin = 32cwMax = 1024
cwMin = 32cwMax = 1024
cwMin = 32cwMax = 1024
cwMin = 32cwMax = 1024
cwMin = 32cwMax = 1024
cwMin = 32cwMax = 1024
cwMin = 32cwMax = 1024
cwMin = 32cwMax = 1024
cwMin = 32cwMax = 1024
cwMin = 32cwMax = 1024
cwMin = 32cwMax = 1024
cwMin = 32cwMax = 1024
cwMin = 32cwMax = 1024
cwMin = 32cwMax = 1024
cwMin = 32cwMax = 1024
cwMin = 32cwMax = 1024
cwMin = 32cwMax = 1024
cwMin = 32cwMax = 1024
cwMin = 32cwMax = 1024
cwMin = 32cwMax = 1024
cwMin = 32cwMax = 1024
cwMin = 32cwMax = 1024
cwMin = 32cwMax = 1024
cwMin = 32cwMax = 1024
cwMin = 32cwMax = 1024
cwMin = 32cwMax = 1024
cwMin = 32cwMax = 1024
cwMin = 32cwMax = 1024
cwMin = 32cwMax = 1024
cwMin = 32cwMax = 1024
cwMin = 32cwMax = 1024
cwMin = 32cwMax = 1024
cwMin = 32cwMax = 1024
cwMin = 32cwMax = 1024
cwMin = 32cwMax = 1024
cwMin = 32cwMax = 1024
cwMin = 32cwMax = 1024
cwMin = 32cwMax = 1024
cwMin = 32cwMax = 1024
cwMin = 32cwMax = 1024
cwMin = 32cwMax = 1024
cwMin = 32cwMax = 1024
cwMin = 32cwMax = 1024
cwMin = 32cwMax = 1024
cwMin = 32cwMax = 1024
cwMin = 32cwMax = 1024
cwMin = 32cwMax = 1024
cwMin = 32cwMax = 1024
cwMin = 32cwMax = 1024
cwMin = 32cwMax = 1024
cwMin = 32cwMax = 1024
cwMin = 32cwMax = 1024
cwMin = 32cwMax = 1024
cwMin = 32cwMax = 1024
cwMin = 32cwMax = 1024
cwMin = 32cwMax = 1024
cwMin = 32cwMax = 1024
cwMin = 32cwMax = 1024
cwMin = 32cwMax = 1024
cwMin = 32cwMax = 1024
cwMin = 32cwMax = 1024
cwMin = 32cwMax = 1024
cwMin = 32cwMax = 1024
cwMin = 32cwMax = 1024
cwMin = 32cwMax = 1024
cwMin = 32cwMax = 1024
cwMin = 32cwMax = 1024
cwMin = 32cwMax = 1024
cwMin = 32cwMax = 1024
cwMin = 32cwMax = 1024
cwMin = 32cwMax = 1024
cwMin = 32cwMax = 1024
cwMin = 32cwMax = 1024
cwMin = 32cwMax = 1024
cwMin = 32cwMax = 1024
cwMin = 32cwMax = 1024
cwMin = 32cwMax = 1024
cwMin = 32cwMax = 1024
cwMin = 32cwMax = 1024
cwMin = 32cwMax = 1024
cwMin = 32cwMax = 1024
cwMin = 32cwMax = 1024
cwMin = 32cwMax = 1024
cwMin = 32cwMax = 1024
cwMin = 32cwMax = 1024
cwMin = 32cwMax = 1024
cwMin = 32cwMax = 1024
cwMin = 32cwMax = 1024
cwMin = 32cwMax = 1024
cwMin = 32cwMax = 1024
cwMin = 32cwMax = 1024
cwMin = 32cwMax = 1024
cwMin = 32cwMax = 1024
cwMin = 32cwMax = 1024
cwMin = 32cwMax = 1024
cwMin = 32cwMax = 1024
cwMin = 32cwMax = 1024
cwMin = 32cwMax = 1024
cwMin = 32cwMax = 1024
cwMin = 32cwMax = 1024
cwMin = 32cwMax = 1024
cwMin = 32cwMax = 1024
cwMin = 32cwMax = 1024
cwMin = 32cwMax = 1024
cwMin = 32cwMax = 1024
cwMin = 32cwMax = 1024
cwMin = 32cwMax = 1024
cwMin = 32cwMax = 1024
cwMin = 32cwMax = 1024
cwMin = 32cwMax = 1024
cwMin = 32cwMax = 1024
cwMin = 32cwMax = 1024
cwMin = 32cwMax = 1024
cwMin = 32cwMax = 1024
cwMin = 32cwMax = 1024
cwMin = 32cwMax = 1024
cwMin = 32cwMax = 1024
cwMin = 32cwMax = 1024
cwMin = 32cwMax = 1024
cwMin = 32cwMax = 1024
cwMin = 32cwMax = 1024
cwMin = 32cwMax = 1024
cwMin = 32cwMax = 1024
cwMin = 32cwMax = 1024
cwMin = 32cwMax = 1024
cwMin = 32cwMax = 1024
cwMin = 32cwMax = 1024
cwMin = 32cwMax = 1024
cwMin = 32cwMax = 1024
cwMin = 32cwMax = 1024
cwMin = 32cwMax = 1024
cwMin = 32cwMax = 1024
cwMin = 32cwMax = 1024
cwMin = 32cwMax = 1024
cwMin = 32cwMax = 1024
cwMin = 32cwMax = 1024
cwMin = 32cwMax = 1024
cwMin = 32cwMax = 1024
cwMin = 32cwMax = 1024
cwMin = 32cwMax = 1024
cwMin = 32cwMax = 1024
cwMin = 32cwMax = 1024
cwMin = 32cwMax = 1024
cwMin = 32cwMax = 1024
cwMin = 32cwMax = 1024
cwMin = 32cwMax = 1024
cwMin = 32cwMax = 1024
cwMin = 32cwMax = 1024
cwMin = 32cwMax = 1024
cwMin = 32cwMax = 1024
cwMin = 32cwMax = 1024
cwMin = 32cwMax = 1024
cwMin = 32cwMax = 1024
cwMin = 32cwMax = 1024
cwMin = 32cwMax = 1024
cwMin = 32cwMax = 1024
cwMin = 32cwMax = 1024
cwMin = 32cwMax = 1024
cwMin = 32cwMax = 1024
cwMin = 32cwMax = 1024
cwMin = 32cwMax = 1024
cwMin = 32cwMax = 1024
cwMin = 32cwMax = 1024
cwMin = 32cwMax = 1024
cwMin = 32cwMax = 1024
cwMin = 32cwMax = 1024
cwMin = 32cwMax = 1024
cwMin = 32cwMax = 1024
cwMin = 32cwMax = 1024
cwMin = 32cwMax = 1024
cwMin = 32cwMax = 1024
cwMin = 32cwMax = 1024
cwMin = 32cwMax = 1024
cwMin = 32cwMax = 1024
cwMin = 32cwMax = 1024
cwMin = 32cwMax = 1024
cwMin = 32cwMax = 1024
cwMin = 32cwMax = 1024
cwMin = 32cwMax = 1024
cwMin = 32cwMax = 1024
cwMin = 32cwMax = 1024
cwMin = 32cwMax = 1024
cwMin = 32cwMax = 1024
cwMin = 32cwMax = 1024
cwMin = 32cwMax = 1024
cwMin = 32cwMax = 1024
cwMin = 32cwMax = 1024
cwMin = 32cwMax = 1024
cwMin = 32cwMax = 1024
cwMin = 32cwMax = 1024
cwMin = 32cwMax = 1024
cwMin = 32cwMax = 1024
cwMin = 32cwMax = 1024
cwMin = 32cwMax = 1024
cwMin = 32cwMax = 1024
cwMin = 32cwMax = 1024
cwMin = 32cwMax = 1024
cwMin = 32cwMax = 1024
cwMin = 32cwMax = 1024
cwMin = 32cwMax = 1024
cwMin = 32cwMax = 1024
cwMin = 32cwMax = 1024
cwMin = 32cwMax = 1024
