Host di esecuzione: hpblade01
Data: Fri Apr 12 10:22:05 CEST 2019
Directory: /home/jgottard/ns-3/ns-3.26
Questo job viene eseguito sui seguenti nodi:
hpblade01
PBS_WORKDIR=/home/jgottard
Launching job for execution
after set
Start main urban
numNodes = 2856
numNodes = 2856
startingNode = 0
Topology::LoadTableFromFile filename= ../maps/Padova-15/Padova-15.losses
fileName=Padova-15/b1/r500/Fast-Broadcast/Padova-15-b1-r500-Fast-Broadcast
run = 0
numNodes = 2856
numNodes = 2856
startingNode = 0
Topology::LoadTableFromFile filename= ../maps/Padova-15/Padova-15.losses
not found in file key= 00001930.2 00001472.2 00000000.0 00000431.0 00001295.8 00000000.0
not found in file key= 00001930.2 00001472.2 00000000.0 00000982.0 00002359.6 00000000.0
not found in file key= 00001930.2 00001472.2 00000000.0 00000381.0 00001820.8 00000000.0
not found in file key= 00001930.2 00001472.2 00000000.0 00000559.4 00000973.8 00000000.0
not found in file key= 00001930.2 00001472.2 00000000.0 00000588.9 00001543.0 00000000.0
not found in file key= 00000431.0 00001295.8 00000000.0 00001930.2 00001472.2 00000000.0
not found in file key= 00000431.0 00001295.8 00000000.0 00000982.0 00002359.6 00000000.0
not found in file key= 00000431.0 00001295.8 00000000.0 00000381.0 00001820.8 00000000.0
not found in file key= 00000431.0 00001295.8 00000000.0 00000559.4 00000973.8 00000000.0
not found in file key= 00000431.0 00001295.8 00000000.0 00000588.9 00001543.0 00000000.0
not found in file key= 00000559.4 00000973.8 00000000.0 00000431.0 00001295.8 00000000.0
not found in file key= 00000559.4 00000973.8 00000000.0 00001930.2 00001472.2 00000000.0
not found in file key= 00000559.4 00000973.8 00000000.0 00000982.0 00002359.6 00000000.0
not found in file key= 00000559.4 00000973.8 00000000.0 00000381.0 00001820.8 00000000.0
not found in file key= 00000559.4 00000973.8 00000000.0 00000588.9 00001543.0 00000000.0
not found in file key= 00000588.9 00001543.0 00000000.0 00000431.0 00001295.8 00000000.0
not found in file key= 00000588.9 00001543.0 00000000.0 00001930.2 00001472.2 00000000.0
not found in file key= 00000588.9 00001543.0 00000000.0 00000982.0 00002359.6 00000000.0
not found in file key= 00000588.9 00001543.0 00000000.0 00000381.0 00001820.8 00000000.0
not found in file key= 00000588.9 00001543.0 00000000.0 00000559.4 00000973.8 00000000.0
