Host di esecuzione: dellsrv1
Data: Fri Apr 12 10:18:11 CEST 2019
Directory: /home/jgottard/ns-3/ns-3.26
Questo job viene eseguito sui seguenti nodi:
dellsrv1
PBS_WORKDIR=/home/jgottard
Launching job for execution
after set
Start main urban
numNodes = 1344
numNodes = 1344
startingNode = 0
Topology::LoadTableFromFile filename= ../maps/Grid-400/Grid-400.losses
fileName=Grid-400/b1/r500/STATIC-300/Grid-400-b1-r500-STATIC-300
run = 0
numNodes = 1344
numNodes = 1344
startingNode = 0
Topology::LoadTableFromFile filename= ../maps/Grid-400/Grid-400.losses
not found in file key= 00001700.0 00000950.0 00000000.0 00000500.0 00002350.0 00000000.0
not found in file key= 00001700.0 00000950.0 00000000.0 00001300.0 00001950.0 00000000.0
not found in file key= 00001700.0 00000950.0 00000000.0 00001700.0 00000750.0 00000000.0
not found in file key= 00001700.0 00000950.0 00000000.0 00002500.0 00000550.0 00000000.0
not found in file key= 00001700.0 00000950.0 00000000.0 00002500.0 00000725.0 00000000.0
not found in file key= 00001700.0 00000950.0 00000000.0 00002500.0 00001750.0 00000000.0
not found in file key= 00001700.0 00000950.0 00000000.0 00001425.0 00000500.0 00000000.0
not found in file key= 00001700.0 00000950.0 00000000.0 00001675.0 00000500.0 00000000.0
not found in file key= 00001700.0 00000950.0 00000000.0 00001475.0 00001300.0 00000000.0
not found in file key= 00001700.0 00000950.0 00000000.0 00002300.0 00002500.0 00000000.0
not found in file key= 00002500.0 00001750.0 00000000.0 00000500.0 00002350.0 00000000.0
not found in file key= 00002500.0 00001750.0 00000000.0 00001300.0 00001950.0 00000000.0
not found in file key= 00002500.0 00001750.0 00000000.0 00001700.0 00000750.0 00000000.0
not found in file key= 00002500.0 00001750.0 00000000.0 00001700.0 00000950.0 00000000.0
not found in file key= 00002500.0 00001750.0 00000000.0 00002500.0 00000550.0 00000000.0
not found in file key= 00002500.0 00001750.0 00000000.0 00002500.0 00000725.0 00000000.0
not found in file key= 00002500.0 00001750.0 00000000.0 00001425.0 00000500.0 00000000.0
not found in file key= 00002500.0 00001750.0 00000000.0 00001675.0 00000500.0 00000000.0
not found in file key= 00002500.0 00001750.0 00000000.0 00001475.0 00001300.0 00000000.0
not found in file key= 00002500.0 00001750.0 00000000.0 00002300.0 00002500.0 00000000.0
not found in file key= 00002300.0 00002500.0 00000000.0 00000500.0 00002350.0 00000000.0
not found in file key= 00002300.0 00002500.0 00000000.0 00001300.0 00001950.0 00000000.0
not found in file key= 00002300.0 00002500.0 00000000.0 00001700.0 00000750.0 00000000.0
not found in file key= 00002300.0 00002500.0 00000000.0 00001700.0 00000950.0 00000000.0
not found in file key= 00002300.0 00002500.0 00000000.0 00002500.0 00000550.0 00000000.0
not found in file key= 00002300.0 00002500.0 00000000.0 00002500.0 00000725.0 00000000.0
not found in file key= 00002300.0 00002500.0 00000000.0 00002500.0 00001750.0 00000000.0
not found in file key= 00002300.0 00002500.0 00000000.0 00001425.0 00000500.0 00000000.0
not found in file key= 00002300.0 00002500.0 00000000.0 00001675.0 00000500.0 00000000.0
not found in file key= 00002300.0 00002500.0 00000000.0 00001475.0 00001300.0 00000000.0
