Host di esecuzione: hpblade16
Data: Mon Jan 28 05:21:02 CET 2019
Directory: /home/jgottard/ns-3/ns-3.26
Questo job viene eseguito sui seguenti nodi:
hpblade16
PBS_WORKDIR=/home/jgottard
Launching job for execution
after set
Start main urban
numNodes = 1317
startingNode = 1163
run = 0
numNodes = 1317
startingNode = 138
cwMin = 16cwMax = 128
cwMin = 16cwMax = 128
cwMin = 16cwMax = 128
cwMin = 16cwMax = 128
cwMin = 16cwMax = 128
cwMin = 16cwMax = 128
cwMin = 16cwMax = 128
cwMin = 16cwMax = 128
cwMin = 16cwMax = 128
cwMin = 16cwMax = 128
cwMin = 16cwMax = 128
cwMin = 16cwMax = 128
cwMin = 16cwMax = 128
cwMin = 16cwMax = 128
cwMin = 16cwMax = 128
cwMin = 16cwMax = 128
cwMin = 16cwMax = 128
cwMin = 16cwMax = 128
cwMin = 16cwMax = 128
cwMin = 16cwMax = 128
cwMin = 16cwMax = 128
cwMin = 16cwMax = 128
cwMin = 16cwMax = 128
cwMin = 16cwMax = 128
cwMin = 16cwMax = 128
cwMin = 16cwMax = 128
cwMin = 16cwMax = 128
cwMin = 16cwMax = 128
cwMin = 16cwMax = 128
cwMin = 16cwMax = 128
cwMin = 16cwMax = 128
cwMin = 16cwMax = 128
cwMin = 16cwMax = 128
cwMin = 16cwMax = 128
cwMin = 16cwMax = 128
cwMin = 16cwMax = 128
cwMin = 16cwMax = 128
cwMin = 16cwMax = 128
cwMin = 16cwMax = 128
cwMin = 16cwMax = 128
cwMin = 16cwMax = 128
cwMin = 16cwMax = 128
cwMin = 16cwMax = 128
cwMin = 16cwMax = 128
cwMin = 16cwMax = 128
cwMin = 16cwMax = 128
cwMin = 16cwMax = 128
cwMin = 16cwMax = 128
cwMin = 16cwMax = 128
cwMin = 16cwMax = 128
cwMin = 16cwMax = 128
cwMin = 16cwMax = 128
cwMin = 16cwMax = 128
cwMin = 16cwMax = 128
cwMin = 16cwMax = 128
cwMin = 16cwMax = 128
cwMin = 16cwMax = 128
cwMin = 16cwMax = 128
cwMin = 16cwMax = 128
cwMin = 16cwMax = 128
cwMin = 16cwMax = 128
cwMin = 16cwMax = 128
cwMin = 16cwMax = 128
cwMin = 16cwMax = 128
cwMin = 16cwMax = 128
cwMin = 16cwMax = 128
cwMin = 16cwMax = 128
cwMin = 16cwMax = 128
cwMin = 16cwMax = 128
cwMin = 16cwMax = 128
cwMin = 16cwMax = 128
cwMin = 16cwMax = 128
cwMin = 16cwMax = 128
cwMin = 16cwMax = 128
cwMin = 16cwMax = 128
cwMin = 16cwMax = 128
cwMin = 16cwMax = 128
cwMin = 16cwMax = 128
cwMin = 16cwMax = 128
cwMin = 16cwMax = 128
cwMin = 16cwMax = 128
cwMin = 16cwMax = 128
cwMin = 16cwMax = 128
cwMin = 16cwMax = 128
cwMin = 16cwMax = 128
cwMin = 16cwMax = 128
cwMin = 16cwMax = 128
cwMin = 16cwMax = 128
cwMin = 16cwMax = 128
cwMin = 16cwMax = 128
cwMin = 16cwMax = 128
cwMin = 16cwMax = 128
cwMin = 16cwMax = 128
cwMin = 16cwMax = 128
cwMin = 16cwMax = 128
cwMin = 16cwMax = 128
cwMin = 16cwMax = 128
cwMin = 16cwMax = 128
cwMin = 16cwMax = 128
cwMin = 16cwMax = 128
cwMin = 16cwMax = 128
cwMin = 16cwMax = 128
cwMin = 16cwMax = 128
cwMin = 16cwMax = 128
cwMin = 16cwMax = 128
cwMin = 16cwMax = 128
cwMin = 16cwMax = 128
cwMin = 16cwMax = 128
cwMin = 16cwMax = 128
cwMin = 16cwMax = 128
cwMin = 16cwMax = 128
cwMin = 16cwMax = 128
cwMin = 16cwMax = 128
cwMin = 16cwMax = 128
cwMin = 16cwMax = 128
cwMin = 16cwMax = 128
cwMin = 16cwMax = 128
cwMin = 16cwMax = 128
cwMin = 16cwMax = 128
cwMin = 16cwMax = 128
cwMin = 16cwMax = 128
cwMin = 16cwMax = 128
cwMin = 16cwMax = 128
cwMin = 16cwMax = 128
cwMin = 16cwMax = 128
cwMin = 16cwMax = 128
cwMin = 16cwMax = 128
cwMin = 16cwMax = 128
cwMin = 16cwMax = 128
cwMin = 16cwMax = 128
cwMin = 16cwMax = 128
cwMin = 16cwMax = 128
cwMin = 16cwMax = 128
cwMin = 16cwMax = 128
cwMin = 16cwMax = 128
cwMin = 16cwMax = 128
cwMin = 16cwMax = 128
cwMin = 16cwMax = 128
cwMin = 16cwMax = 128
cwMin = 16cwMax = 128
cwMin = 16cwMax = 128
cwMin = 16cwMax = 128
cwMin = 16cwMax = 128
cwMin = 16cwMax = 128
cwMin = 16cwMax = 128
cwMin = 16cwMax = 128
cwMin = 16cwMax = 128
cwMin = 16cwMax = 128
cwMin = 16cwMax = 128
cwMin = 16cwMax = 128
cwMin = 16cwMax = 128
cwMin = 16cwMax = 128
cwMin = 16cwMax = 128
cwMin = 16cwMax = 128
cwMin = 16cwMax = 128
cwMin = 16cwMax = 128
cwMin = 16cwMax = 128
cwMin = 16cwMax = 128
cwMin = 16cwMax = 128
cwMin = 16cwMax = 128
cwMin = 16cwMax = 128
cwMin = 16cwMax = 128
cwMin = 16cwMax = 128
cwMin = 16cwMax = 128
cwMin = 16cwMax = 128
cwMin = 16cwMax = 128
cwMin = 16cwMax = 128
cwMin = 16cwMax = 128
cwMin = 16cwMax = 128
cwMin = 16cwMax = 128
cwMin = 16cwMax = 128
cwMin = 16cwMax = 128
cwMin = 16cwMax = 128
cwMin = 16cwMax = 128
cwMin = 16cwMax = 128
cwMin = 16cwMax = 128
cwMin = 16cwMax = 128
cwMin = 16cwMax = 128
cwMin = 16cwMax = 128
cwMin = 16cwMax = 128
cwMin = 16cwMax = 128
cwMin = 16cwMax = 128
cwMin = 16cwMax = 128
cwMin = 16cwMax = 128
cwMin = 16cwMax = 128
cwMin = 16cwMax = 128
cwMin = 16cwMax = 128
cwMin = 16cwMax = 128
cwMin = 16cwMax = 128
cwMin = 16cwMax = 128
cwMin = 16cwMax = 128
cwMin = 16cwMax = 128
cwMin = 16cwMax = 128
cwMin = 16cwMax = 128
cwMin = 16cwMax = 128
cwMin = 16cwMax = 128
cwMin = 16cwMax = 128
cwMin = 16cwMax = 128
cwMin = 16cwMax = 128
cwMin = 16cwMax = 128
cwMin = 16cwMax = 128
cwMin = 16cwMax = 128
cwMin = 16cwMax = 128
cwMin = 16cwMax = 128
cwMin = 16cwMax = 128
cwMin = 16cwMax = 128
cwMin = 16cwMax = 128
cwMin = 16cwMax = 128
cwMin = 16cwMax = 128
cwMin = 16cwMax = 128
cwMin = 16cwMax = 128
cwMin = 16cwMax = 128
cwMin = 16cwMax = 128
cwMin = 16cwMax = 128
cwMin = 16cwMax = 128
cwMin = 16cwMax = 128
cwMin = 16cwMax = 128
cwMin = 16cwMax = 128
cwMin = 16cwMax = 128
cwMin = 16cwMax = 128
cwMin = 16cwMax = 128
cwMin = 16cwMax = 128
cwMin = 16cwMax = 128
cwMin = 16cwMax = 128
cwMin = 16cwMax = 128
cwMin = 16cwMax = 128
cwMin = 16cwMax = 128
cwMin = 16cwMax = 128
cwMin = 16cwMax = 128
