/home/jgottard/.profile: line 8: :/home/jgottard/ns-3/ns-3.26/build:/home/jgottard/ns-3/libs:/usr/local/cuda/lib64:/usr/local/cula/lib64:/usr/local/culasparse/lib64: No such file or directory
ROFF Vanet Experiment URBAN
Invalid command-line arguments: --protocol=0
roff-test [Program Arguments] [General Arguments]

Program Arguments:
    --startingNode:                     Id of the first node who will start an alert [-1]
    --actualRange:                      Actual transimision range (meters) [100, 300, 500] [300]
    --area:                             Radius of the area of interest [1000]
    --vehicleDistance:                  Distance between vehicles [25]
    --buildings:                        Load building (obstacles) [1]
    --poly:                             Buildings trace file (poly format) []
    --trace:                            Vehicles trace file (ns2mobility format) []
    --mapBasePath:                      Base path of map required for simulation (e.g. ../maps/Padova-25.osm.xml. The dash '-' in the name is mandatory) []
    --printToFile:                      Print data to file or not: 0 not print, 1 print  [1]
    --printCoords:                      Print coords to file or not: 0 not print, 1 print  [1]
    --createObstacleShadowingLossFile:  Create file which saves obstacle losses (dBm) keyed by senderCoord, receiverCoord : 0 not create, 1 create  [0]
    --useObstacleShadowingLossFile:     Use optimization based on file which saves obstacle losses *dBm) keyed by senderCoord, receiverCoord:  0 don't use it, 1 use it  [1]
    --beaconInterval:                   Time between beacons (hello messages) in milliseconds  [100]
    --distanceRange:                    Distance range used to create ESD bitmap (called 'k' in ROFF article [1]
    --propagationLoss:                  Type of propagation loss model: 0=RangePropagation, 1=TwoRayGround [1]

General Arguments:
    --PrintGlobals:              Print the list of globals.
    --PrintGroups:               Print the list of groups.
    --PrintGroup=[group]:        Print all TypeIds of group.
    --PrintTypeIds:              Print all TypeIds.
    --PrintAttributes=[typeid]:  Print all attributes of typeid.
    --PrintHelp:                 Print this help message.

