Host di esecuzione: hpblade16
Data: Tue Jan 22 04:52:03 CET 2019
Directory: /home/jgottard/ns-3/ns-3.26
Questo job viene eseguito sui seguenti nodi:
hpblade16
PBS_WORKDIR=/home/jgottard
Launching job for execution
after set
Start main urban
numNodes = 1464
startingNode = 801
run = 0
numNodes = 1464
startingNode = 1129
cwMin = 32cwMax = 1024
cwMin = 32cwMax = 1024
cwMin = 32cwMax = 1024
cwMin = 32cwMax = 1024
cwMin = 32cwMax = 1024
cwMin = 32cwMax = 1024
cwMin = 32cwMax = 1024
cwMin = 32cwMax = 1024
cwMin = 32cwMax = 1024
cwMin = 32cwMax = 1024
cwMin = 32cwMax = 1024
cwMin = 32cwMax = 1024
cwMin = 32cwMax = 1024
cwMin = 32cwMax = 1024
cwMin = 32cwMax = 1024
cwMin = 32cwMax = 1024
cwMin = 32cwMax = 1024
cwMin = 32cwMax = 1024
cwMin = 32cwMax = 1024
cwMin = 32cwMax = 1024
cwMin = 32cwMax = 1024
cwMin = 32cwMax = 1024
cwMin = 32cwMax = 1024
cwMin = 32cwMax = 1024
cwMin = 32cwMax = 1024
cwMin = 32cwMax = 1024
cwMin = 32cwMax = 1024
cwMin = 32cwMax = 1024
cwMin = 32cwMax = 1024
cwMin = 32cwMax = 1024
cwMin = 32cwMax = 1024
cwMin = 32cwMax = 1024
cwMin = 32cwMax = 1024
cwMin = 32cwMax = 1024
cwMin = 32cwMax = 1024
cwMin = 32cwMax = 1024
cwMin = 32cwMax = 1024
cwMin = 32cwMax = 1024
cwMin = 32cwMax = 1024
cwMin = 32cwMax = 1024
cwMin = 32cwMax = 1024
cwMin = 32cwMax = 1024
cwMin = 32cwMax = 1024
cwMin = 32cwMax = 1024
cwMin = 32cwMax = 1024
cwMin = 32cwMax = 1024
cwMin = 32cwMax = 1024
cwMin = 32cwMax = 1024
cwMin = 32cwMax = 1024
cwMin = 32cwMax = 1024
cwMin = 32cwMax = 1024
cwMin = 32cwMax = 1024
cwMin = 32cwMax = 1024
cwMin = 32cwMax = 1024
cwMin = 32cwMax = 1024
cwMin = 32cwMax = 1024
cwMin = 32cwMax = 1024
cwMin = 32cwMax = 1024
cwMin = 32cwMax = 1024
cwMin = 32cwMax = 1024
cwMin = 32cwMax = 1024
cwMin = 32cwMax = 1024
cwMin = 32cwMax = 1024
cwMin = 32cwMax = 1024
cwMin = 32cwMax = 1024
cwMin = 32cwMax = 1024
cwMin = 32cwMax = 1024
cwMin = 32cwMax = 1024
cwMin = 32cwMax = 1024
cwMin = 32cwMax = 1024
cwMin = 32cwMax = 1024
cwMin = 32cwMax = 1024
cwMin = 32cwMax = 1024
cwMin = 32cwMax = 1024
cwMin = 32cwMax = 1024
cwMin = 32cwMax = 1024
cwMin = 32cwMax = 1024
cwMin = 32cwMax = 1024
cwMin = 32cwMax = 1024
cwMin = 32cwMax = 1024
cwMin = 32cwMax = 1024
cwMin = 32cwMax = 1024
cwMin = 32cwMax = 1024
cwMin = 32cwMax = 1024
cwMin = 32cwMax = 1024
cwMin = 32cwMax = 1024
cwMin = 32cwMax = 1024
cwMin = 32cwMax = 1024
cwMin = 32cwMax = 1024
cwMin = 32cwMax = 1024
cwMin = 32cwMax = 1024
cwMin = 32cwMax = 1024
cwMin = 32cwMax = 1024
cwMin = 32cwMax = 1024
cwMin = 32cwMax = 1024
cwMin = 32cwMax = 1024
cwMin = 32cwMax = 1024
cwMin = 32cwMax = 1024
cwMin = 32cwMax = 1024
cwMin = 32cwMax = 1024
cwMin = 32cwMax = 1024
cwMin = 32cwMax = 1024
cwMin = 32cwMax = 1024
cwMin = 32cwMax = 1024
cwMin = 32cwMax = 1024
cwMin = 32cwMax = 1024
cwMin = 32cwMax = 1024
cwMin = 32cwMax = 1024
cwMin = 32cwMax = 1024
cwMin = 32cwMax = 1024
cwMin = 32cwMax = 1024
cwMin = 32cwMax = 1024
cwMin = 32cwMax = 1024
cwMin = 32cwMax = 1024
cwMin = 32cwMax = 1024
cwMin = 32cwMax = 1024
cwMin = 32cwMax = 1024
cwMin = 32cwMax = 1024
cwMin = 32cwMax = 1024
cwMin = 32cwMax = 1024
cwMin = 32cwMax = 1024
cwMin = 32cwMax = 1024
cwMin = 32cwMax = 1024
cwMin = 32cwMax = 1024
cwMin = 32cwMax = 1024
cwMin = 32cwMax = 1024
cwMin = 32cwMax = 1024
cwMin = 32cwMax = 1024
cwMin = 32cwMax = 1024
cwMin = 32cwMax = 1024
cwMin = 32cwMax = 1024
cwMin = 32cwMax = 1024
cwMin = 32cwMax = 1024
cwMin = 32cwMax = 1024
cwMin = 32cwMax = 1024
cwMin = 32cwMax = 1024
cwMin = 32cwMax = 1024
cwMin = 32cwMax = 1024
cwMin = 32cwMax = 1024
cwMin = 32cwMax = 1024
cwMin = 32cwMax = 1024
cwMin = 32cwMax = 1024
cwMin = 32cwMax = 1024
cwMin = 32cwMax = 1024
cwMin = 32cwMax = 1024
cwMin = 32cwMax = 1024
cwMin = 32cwMax = 1024
cwMin = 32cwMax = 1024
cwMin = 32cwMax = 1024
cwMin = 32cwMax = 1024
cwMin = 32cwMax = 1024
cwMin = 32cwMax = 1024
cwMin = 32cwMax = 1024
cwMin = 32cwMax = 1024
cwMin = 32cwMax = 1024
cwMin = 32cwMax = 1024
cwMin = 32cwMax = 1024
cwMin = 32cwMax = 1024
cwMin = 32cwMax = 1024
cwMin = 32cwMax = 1024
cwMin = 32cwMax = 1024
cwMin = 32cwMax = 1024
cwMin = 32cwMax = 1024
cwMin = 32cwMax = 1024
cwMin = 32cwMax = 1024
cwMin = 32cwMax = 1024
cwMin = 32cwMax = 1024
cwMin = 32cwMax = 1024
cwMin = 32cwMax = 1024
cwMin = 32cwMax = 1024
cwMin = 32cwMax = 1024
cwMin = 32cwMax = 1024
cwMin = 32cwMax = 1024
cwMin = 32cwMax = 1024
cwMin = 32cwMax = 1024
cwMin = 32cwMax = 1024
cwMin = 32cwMax = 1024
cwMin = 32cwMax = 1024
cwMin = 32cwMax = 1024
cwMin = 32cwMax = 1024
cwMin = 32cwMax = 1024
cwMin = 32cwMax = 1024
cwMin = 32cwMax = 1024
cwMin = 32cwMax = 1024
cwMin = 32cwMax = 1024
cwMin = 32cwMax = 1024
cwMin = 32cwMax = 1024
cwMin = 32cwMax = 1024
cwMin = 32cwMax = 1024
cwMin = 32cwMax = 1024
cwMin = 32cwMax = 1024
cwMin = 32cwMax = 1024
cwMin = 32cwMax = 1024
cwMin = 32cwMax = 1024
cwMin = 32cwMax = 1024
cwMin = 32cwMax = 1024
cwMin = 32cwMax = 1024
cwMin = 32cwMax = 1024
cwMin = 32cwMax = 1024
cwMin = 32cwMax = 1024
cwMin = 32cwMax = 1024
cwMin = 32cwMax = 1024
cwMin = 32cwMax = 1024
cwMin = 32cwMax = 1024
cwMin = 32cwMax = 1024
cwMin = 32cwMax = 1024
cwMin = 32cwMax = 1024
cwMin = 32cwMax = 1024
cwMin = 32cwMax = 1024
cwMin = 32cwMax = 1024
cwMin = 32cwMax = 1024
cwMin = 32cwMax = 1024
cwMin = 32cwMax = 1024
cwMin = 32cwMax = 1024
cwMin = 32cwMax = 1024
cwMin = 32cwMax = 1024
cwMin = 32cwMax = 1024
cwMin = 32cwMax = 1024
cwMin = 32cwMax = 1024
cwMin = 32cwMax = 1024
cwMin = 32cwMax = 1024
cwMin = 32cwMax = 1024
cwMin = 32cwMax = 1024
cwMin = 32cwMax = 1024
