Host di esecuzione: hpblade16
Data: Thu Dec 6 09:10:22 CET 2018
Directory: /home/jgottard/ns-3/ns-3.26
Questo job viene eseguito sui seguenti nodi:
hpblade16
PBS_WORKDIR=/home/jgottard
Launching job for execution
after set
boostdir = /home/jgottard/built/lib
==================================================================================================
/home/jgottard/ns-3/ns-3.26/build:/home/jgottard/ns-3/mpfr_4_0_1/lib:/home/jgottard/ns-3/CGAL_4_11/lib:/usr/local/cuda/lib64:/usr/local/cula/lib64:/usr/local/culasparse/lib64:/export/alt/torque/lib:/usr/lib/ibibverbs
after exports
==================================================================================================STAT
  File: ‘/home/jgottard/ns-3/ns-3.26/build/scratch/vanet-urban’
  Size: 7         	Blocks: 27         IO Block: 32768  directory
Device: 1ah/26d	Inode: 36842149    Links: 2
Access: (0755/drwxr-xr-x)  Uid: (  814/jgottard)   Gid: (  100/   users)
Access: 2018-12-04 17:21:53.623768731 +0100
Modify: 2018-12-05 16:25:24.923068585 +0100
Change: 2018-12-05 16:25:24.923068585 +0100
 Birth: -
================================================================================================== STAT2
  File: ‘/home/jgottard/ns-3/ns-3.26/build/scratch/vanet-urban’
  Size: 7         	Blocks: 27         IO Block: 32768  directory
Device: 1ah/26d	Inode: 36842149    Links: 2
Access: (0755/drwxr-xr-x)  Uid: (  814/jgottard)   Gid: (  100/   users)
Access: 2018-12-04 17:21:53.623768731 +0100
Modify: 2018-12-05 16:25:24.923068585 +0100
Change: 2018-12-05 16:25:24.923068585 +0100
 Birth: -
Waf: Entering directory `/home/jgottard/ns-3/ns-3.26/build'
Waf: Leaving directory `/home/jgottard/ns-3/ns-3.26/build'
Build commands will be stored in build/compile_commands.json
'build' finished successfully (0.623s)
Start main urban