Host di esecuzione: dellsrv6
Data: Mon Mar 4 15:24:40 CET 2019
Directory: /home/jgottard/ns-3/ns-3.26
Questo job viene eseguito sui seguenti nodi:
dellsrv6
PBS_WORKDIR=/home/jgottard
Launching job for execution
after set
Start main urban
numNodes = 1776
startingNode = 310
run = 0
numNodes = 1776
startingNode = 310
0
100
200
300
400
500
600
700
800
s= 1at time= Mon Mar  4 15:24:53 2019

0
100
200
300
400
500
600
700
800
s= 1at time= Tue Mar  5 08:36:20 2019

0
100
200
300
400
500
600
700
800
s= 1at time= Wed Mar  6 01:37:34 2019

0
100
200
300
400
500
600
700
800
s= 1at time= Wed Mar  6 17:53:33 2019

0
100
200
300
400
500
600
700
800
s= 1at time= Thu Mar  7 04:58:27 2019

