Detected shell (./waf shell) with incorrect configuration
=========================================================
Possible reasons for this problem:
  1. You switched to another ns-3 tree from inside this shell
  2. You switched ns-3 debug level (waf configure --debug)
  3. You modified the list of built ns-3 modules
You should correct this situation before running any program.  Possible solutions:
  1. Exit this shell, and start a new one
  2. Run a new nested shell
../scratch/vanet-urban/FBApplication.cc: In member function ‘void ns3::FBApplication::HandleHelloMessage(ns3::Ptr<ns3::FBNode>, ns3::FBHeader)’:
../scratch/vanet-urban/FBApplication.cc:354:11: warning: unused variable ‘nodeId’ [-Wunused-variable]
  uint32_t nodeId = fbNode->GetNode ()->GetId ();
           ^

In file included from /home/jgottard/ns-3/CGAL_4_11/include/CGAL/Gmp_coercion_traits.h:32:0,
                 from /home/jgottard/ns-3/CGAL_4_11/include/CGAL/Gmpz.h:33,
                 from /home/jgottard/ns-3/CGAL_4_11/include/CGAL/internal/Exact_type_selector.h:36,
                 from /home/jgottard/ns-3/CGAL_4_11/include/CGAL/Filtered_kernel.h:35,
                 from /home/jgottard/ns-3/CGAL_4_11/include/CGAL/Exact_predicates_exact_constructions_kernel.h:29,
                 from ./ns3/obstacle.h:31,
                 from ./ns3/topology.h:25,
                 from ../scratch/vanet-urban/fb-vanet.cc:38:
/home/jgottard/ns-3/CGAL_4_11/include/CGAL/GMP/Gmpfr_type.h: In member function ‘CGAL::Gmpfr CGAL::Gmpfr::kthroot(int, std::float_round_style) const’:
/home/jgottard/ns-3/CGAL_4_11/include/CGAL/GMP/Gmpfr_type.h:888:9: warning: ‘int mpfr_root(mpfr_ptr, mpfr_srcptr, long unsigned int, mpfr_rnd_t)’ is deprecated (declared at /home/jgottard/ns-3/mpfr_4_0_1/include/mpfr.h:693) [-Wdeprecated-declarations]
         mpfr_root(result.fr(),fr(),k,_gmp_rnd(r));
         ^
/home/jgottard/ns-3/CGAL_4_11/include/CGAL/GMP/Gmpfr_type.h:888:49: warning: ‘int mpfr_root(mpfr_ptr, mpfr_srcptr, long unsigned int, mpfr_rnd_t)’ is deprecated (declared at /home/jgottard/ns-3/mpfr_4_0_1/include/mpfr.h:693) [-Wdeprecated-declarations]
         mpfr_root(result.fr(),fr(),k,_gmp_rnd(r));
                                                 ^
/home/jgottard/ns-3/CGAL_4_11/include/CGAL/GMP/Gmpfr_type.h: In member function ‘CGAL::Gmpfr CGAL::Gmpfr::kthroot(int, CGAL::Gmpfr::Precision_type, std::float_round_style) const’:
/home/jgottard/ns-3/CGAL_4_11/include/CGAL/GMP/Gmpfr_type.h:898:9: warning: ‘int mpfr_root(mpfr_ptr, mpfr_srcptr, long unsigned int, mpfr_rnd_t)’ is deprecated (declared at /home/jgottard/ns-3/mpfr_4_0_1/include/mpfr.h:693) [-Wdeprecated-declarations]
         mpfr_root(result.fr(),fr(),k,_gmp_rnd(r));
         ^
/home/jgottard/ns-3/CGAL_4_11/include/CGAL/GMP/Gmpfr_type.h:898:49: warning: ‘int mpfr_root(mpfr_ptr, mpfr_srcptr, long unsigned int, mpfr_rnd_t)’ is deprecated (declared at /home/jgottard/ns-3/mpfr_4_0_1/include/mpfr.h:693) [-Wdeprecated-declarations]
         mpfr_root(result.fr(),fr(),k,_gmp_rnd(r));
                                                 ^

In file included from /home/jgottard/ns-3/CGAL_4_11/include/CGAL/Gmp_coercion_traits.h:32:0,
                 from /home/jgottard/ns-3/CGAL_4_11/include/CGAL/Gmpz.h:33,
                 from /home/jgottard/ns-3/CGAL_4_11/include/CGAL/internal/Exact_type_selector.h:36,
                 from /home/jgottard/ns-3/CGAL_4_11/include/CGAL/Filtered_kernel.h:35,
                 from /home/jgottard/ns-3/CGAL_4_11/include/CGAL/Exact_predicates_exact_constructions_kernel.h:29,
                 from ./ns3/obstacle.h:31,
                 from ../src/obstacle/helper/obstacle-helper.h:5,
                 from ../src/obstacle/helper/obstacle-helper.cc:3:
/home/jgottard/ns-3/CGAL_4_11/include/CGAL/GMP/Gmpfr_type.h: In member function ‘CGAL::Gmpfr CGAL::Gmpfr::kthroot(int, std::float_round_style) const’:
/home/jgottard/ns-3/CGAL_4_11/include/CGAL/GMP/Gmpfr_type.h:888:9: warning: ‘int mpfr_root(mpfr_ptr, mpfr_srcptr, long unsigned int, mpfr_rnd_t)’ is deprecated (declared at /home/jgottard/ns-3/mpfr_4_0_1/include/mpfr.h:693) [-Wdeprecated-declarations]
         mpfr_root(result.fr(),fr(),k,_gmp_rnd(r));
         ^
/home/jgottard/ns-3/CGAL_4_11/include/CGAL/GMP/Gmpfr_type.h:888:49: warning: ‘int mpfr_root(mpfr_ptr, mpfr_srcptr, long unsigned int, mpfr_rnd_t)’ is deprecated (declared at /home/jgottard/ns-3/mpfr_4_0_1/include/mpfr.h:693) [-Wdeprecated-declarations]
         mpfr_root(result.fr(),fr(),k,_gmp_rnd(r));
                                                 ^
/home/jgottard/ns-3/CGAL_4_11/include/CGAL/GMP/Gmpfr_type.h: In member function ‘CGAL::Gmpfr CGAL::Gmpfr::kthroot(int, CGAL::Gmpfr::Precision_type, std::float_round_style) const’:
/home/jgottard/ns-3/CGAL_4_11/include/CGAL/GMP/Gmpfr_type.h:898:9: warning: ‘int mpfr_root(mpfr_ptr, mpfr_srcptr, long unsigned int, mpfr_rnd_t)’ is deprecated (declared at /home/jgottard/ns-3/mpfr_4_0_1/include/mpfr.h:693) [-Wdeprecated-declarations]
         mpfr_root(result.fr(),fr(),k,_gmp_rnd(r));
         ^
/home/jgottard/ns-3/CGAL_4_11/include/CGAL/GMP/Gmpfr_type.h:898:49: warning: ‘int mpfr_root(mpfr_ptr, mpfr_srcptr, long unsigned int, mpfr_rnd_t)’ is deprecated (declared at /home/jgottard/ns-3/mpfr_4_0_1/include/mpfr.h:693) [-Wdeprecated-declarations]
         mpfr_root(result.fr(),fr(),k,_gmp_rnd(r));
                                                 ^

In file included from /home/jgottard/ns-3/CGAL_4_11/include/CGAL/Gmp_coercion_traits.h:32:0,
                 from /home/jgottard/ns-3/CGAL_4_11/include/CGAL/Gmpz.h:33,
                 from /home/jgottard/ns-3/CGAL_4_11/include/CGAL/internal/Exact_type_selector.h:36,
                 from /home/jgottard/ns-3/CGAL_4_11/include/CGAL/Filtered_kernel.h:35,
                 from /home/jgottard/ns-3/CGAL_4_11/include/CGAL/Exact_predicates_exact_constructions_kernel.h:29,
                 from ./ns3/obstacle.h:31,
                 from ./ns3/topology.h:25,
                 from ../src/obstacle/model/obstacle-shadowing-propagation-loss-model.cc:27:
/home/jgottard/ns-3/CGAL_4_11/include/CGAL/GMP/Gmpfr_type.h: In member function ‘CGAL::Gmpfr CGAL::Gmpfr::kthroot(int, std::float_round_style) const’:
/home/jgottard/ns-3/CGAL_4_11/include/CGAL/GMP/Gmpfr_type.h:888:9: warning: ‘int mpfr_root(mpfr_ptr, mpfr_srcptr, long unsigned int, mpfr_rnd_t)’ is deprecated (declared at /home/jgottard/ns-3/mpfr_4_0_1/include/mpfr.h:693) [-Wdeprecated-declarations]
         mpfr_root(result.fr(),fr(),k,_gmp_rnd(r));
         ^
/home/jgottard/ns-3/CGAL_4_11/include/CGAL/GMP/Gmpfr_type.h:888:49: warning: ‘int mpfr_root(mpfr_ptr, mpfr_srcptr, long unsigned int, mpfr_rnd_t)’ is deprecated (declared at /home/jgottard/ns-3/mpfr_4_0_1/include/mpfr.h:693) [-Wdeprecated-declarations]
         mpfr_root(result.fr(),fr(),k,_gmp_rnd(r));
                                                 ^
/home/jgottard/ns-3/CGAL_4_11/include/CGAL/GMP/Gmpfr_type.h: In member function ‘CGAL::Gmpfr CGAL::Gmpfr::kthroot(int, CGAL::Gmpfr::Precision_type, std::float_round_style) const’:
/home/jgottard/ns-3/CGAL_4_11/include/CGAL/GMP/Gmpfr_type.h:898:9: warning: ‘int mpfr_root(mpfr_ptr, mpfr_srcptr, long unsigned int, mpfr_rnd_t)’ is deprecated (declared at /home/jgottard/ns-3/mpfr_4_0_1/include/mpfr.h:693) [-Wdeprecated-declarations]
         mpfr_root(result.fr(),fr(),k,_gmp_rnd(r));
         ^
/home/jgottard/ns-3/CGAL_4_11/include/CGAL/GMP/Gmpfr_type.h:898:49: warning: ‘int mpfr_root(mpfr_ptr, mpfr_srcptr, long unsigned int, mpfr_rnd_t)’ is deprecated (declared at /home/jgottard/ns-3/mpfr_4_0_1/include/mpfr.h:693) [-Wdeprecated-declarations]
         mpfr_root(result.fr(),fr(),k,_gmp_rnd(r));
                                                 ^

In file included from /home/jgottard/ns-3/CGAL_4_11/include/CGAL/Gmp_coercion_traits.h:32:0,
                 from /home/jgottard/ns-3/CGAL_4_11/include/CGAL/Gmpz.h:33,
                 from /home/jgottard/ns-3/CGAL_4_11/include/CGAL/internal/Exact_type_selector.h:36,
                 from /home/jgottard/ns-3/CGAL_4_11/include/CGAL/Filtered_kernel.h:35,
                 from /home/jgottard/ns-3/CGAL_4_11/include/CGAL/Exact_predicates_exact_constructions_kernel.h:29,
                 from ./ns3/obstacle.h:31,
                 from ./ns3/topology.h:25,
                 from ../scratch/vanet/fb-vanet-3d.cc:38:
/home/jgottard/ns-3/CGAL_4_11/include/CGAL/GMP/Gmpfr_type.h: In member function ‘CGAL::Gmpfr CGAL::Gmpfr::kthroot(int, std::float_round_style) const’:
/home/jgottard/ns-3/CGAL_4_11/include/CGAL/GMP/Gmpfr_type.h:888:9: warning: ‘int mpfr_root(mpfr_ptr, mpfr_srcptr, long unsigned int, mpfr_rnd_t)’ is deprecated (declared at /home/jgottard/ns-3/mpfr_4_0_1/include/mpfr.h:693) [-Wdeprecated-declarations]
         mpfr_root(result.fr(),fr(),k,_gmp_rnd(r));
         ^
/home/jgottard/ns-3/CGAL_4_11/include/CGAL/GMP/Gmpfr_type.h:888:49: warning: ‘int mpfr_root(mpfr_ptr, mpfr_srcptr, long unsigned int, mpfr_rnd_t)’ is deprecated (declared at /home/jgottard/ns-3/mpfr_4_0_1/include/mpfr.h:693) [-Wdeprecated-declarations]
         mpfr_root(result.fr(),fr(),k,_gmp_rnd(r));
                                                 ^
/home/jgottard/ns-3/CGAL_4_11/include/CGAL/GMP/Gmpfr_type.h: In member function ‘CGAL::Gmpfr CGAL::Gmpfr::kthroot(int, CGAL::Gmpfr::Precision_type, std::float_round_style) const’:
/home/jgottard/ns-3/CGAL_4_11/include/CGAL/GMP/Gmpfr_type.h:898:9: warning: ‘int mpfr_root(mpfr_ptr, mpfr_srcptr, long unsigned int, mpfr_rnd_t)’ is deprecated (declared at /home/jgottard/ns-3/mpfr_4_0_1/include/mpfr.h:693) [-Wdeprecated-declarations]
         mpfr_root(result.fr(),fr(),k,_gmp_rnd(r));
         ^
/home/jgottard/ns-3/CGAL_4_11/include/CGAL/GMP/Gmpfr_type.h:898:49: warning: ‘int mpfr_root(mpfr_ptr, mpfr_srcptr, long unsigned int, mpfr_rnd_t)’ is deprecated (declared at /home/jgottard/ns-3/mpfr_4_0_1/include/mpfr.h:693) [-Wdeprecated-declarations]
         mpfr_root(result.fr(),fr(),k,_gmp_rnd(r));
                                                 ^

In file included from /home/jgottard/ns-3/CGAL_4_11/include/CGAL/Gmp_coercion_traits.h:32:0,
                 from /home/jgottard/ns-3/CGAL_4_11/include/CGAL/Gmpz.h:33,
                 from /home/jgottard/ns-3/CGAL_4_11/include/CGAL/internal/Exact_type_selector.h:36,
                 from /home/jgottard/ns-3/CGAL_4_11/include/CGAL/Filtered_kernel.h:35,
                 from /home/jgottard/ns-3/CGAL_4_11/include/CGAL/Exact_predicates_exact_constructions_kernel.h:29,
                 from ../src/obstacle/model/obstacle.h:31,
                 from ../src/obstacle/model/topology.h:25,
                 from ../src/obstacle/model/topology.cc:25:
/home/jgottard/ns-3/CGAL_4_11/include/CGAL/GMP/Gmpfr_type.h: In member function ‘CGAL::Gmpfr CGAL::Gmpfr::kthroot(int, std::float_round_style) const’:
/home/jgottard/ns-3/CGAL_4_11/include/CGAL/GMP/Gmpfr_type.h:888:9: warning: ‘int mpfr_root(mpfr_ptr, mpfr_srcptr, long unsigned int, mpfr_rnd_t)’ is deprecated (declared at /home/jgottard/ns-3/mpfr_4_0_1/include/mpfr.h:693) [-Wdeprecated-declarations]
         mpfr_root(result.fr(),fr(),k,_gmp_rnd(r));
         ^
/home/jgottard/ns-3/CGAL_4_11/include/CGAL/GMP/Gmpfr_type.h:888:49: warning: ‘int mpfr_root(mpfr_ptr, mpfr_srcptr, long unsigned int, mpfr_rnd_t)’ is deprecated (declared at /home/jgottard/ns-3/mpfr_4_0_1/include/mpfr.h:693) [-Wdeprecated-declarations]
         mpfr_root(result.fr(),fr(),k,_gmp_rnd(r));
                                                 ^
/home/jgottard/ns-3/CGAL_4_11/include/CGAL/GMP/Gmpfr_type.h: In member function ‘CGAL::Gmpfr CGAL::Gmpfr::kthroot(int, CGAL::Gmpfr::Precision_type, std::float_round_style) const’:
/home/jgottard/ns-3/CGAL_4_11/include/CGAL/GMP/Gmpfr_type.h:898:9: warning: ‘int mpfr_root(mpfr_ptr, mpfr_srcptr, long unsigned int, mpfr_rnd_t)’ is deprecated (declared at /home/jgottard/ns-3/mpfr_4_0_1/include/mpfr.h:693) [-Wdeprecated-declarations]
         mpfr_root(result.fr(),fr(),k,_gmp_rnd(r));
         ^
/home/jgottard/ns-3/CGAL_4_11/include/CGAL/GMP/Gmpfr_type.h:898:49: warning: ‘int mpfr_root(mpfr_ptr, mpfr_srcptr, long unsigned int, mpfr_rnd_t)’ is deprecated (declared at /home/jgottard/ns-3/mpfr_4_0_1/include/mpfr.h:693) [-Wdeprecated-declarations]
         mpfr_root(result.fr(),fr(),k,_gmp_rnd(r));
                                                 ^

In file included from /home/jgottard/ns-3/CGAL_4_11/include/CGAL/Gmp_coercion_traits.h:32:0,
                 from /home/jgottard/ns-3/CGAL_4_11/include/CGAL/Gmpz.h:33,
                 from /home/jgottard/ns-3/CGAL_4_11/include/CGAL/internal/Exact_type_selector.h:36,
                 from /home/jgottard/ns-3/CGAL_4_11/include/CGAL/Filtered_kernel.h:35,
                 from /home/jgottard/ns-3/CGAL_4_11/include/CGAL/Exact_predicates_exact_constructions_kernel.h:29,
                 from ../src/obstacle/model/obstacle.h:31,
                 from ../src/obstacle/model/obstacle.cc:23:
/home/jgottard/ns-3/CGAL_4_11/include/CGAL/GMP/Gmpfr_type.h: In member function ‘CGAL::Gmpfr CGAL::Gmpfr::kthroot(int, std::float_round_style) const’:
/home/jgottard/ns-3/CGAL_4_11/include/CGAL/GMP/Gmpfr_type.h:888:9: warning: ‘int mpfr_root(mpfr_ptr, mpfr_srcptr, long unsigned int, mpfr_rnd_t)’ is deprecated (declared at /home/jgottard/ns-3/mpfr_4_0_1/include/mpfr.h:693) [-Wdeprecated-declarations]
         mpfr_root(result.fr(),fr(),k,_gmp_rnd(r));
         ^
/home/jgottard/ns-3/CGAL_4_11/include/CGAL/GMP/Gmpfr_type.h:888:49: warning: ‘int mpfr_root(mpfr_ptr, mpfr_srcptr, long unsigned int, mpfr_rnd_t)’ is deprecated (declared at /home/jgottard/ns-3/mpfr_4_0_1/include/mpfr.h:693) [-Wdeprecated-declarations]
         mpfr_root(result.fr(),fr(),k,_gmp_rnd(r));
                                                 ^
/home/jgottard/ns-3/CGAL_4_11/include/CGAL/GMP/Gmpfr_type.h: In member function ‘CGAL::Gmpfr CGAL::Gmpfr::kthroot(int, CGAL::Gmpfr::Precision_type, std::float_round_style) const’:
/home/jgottard/ns-3/CGAL_4_11/include/CGAL/GMP/Gmpfr_type.h:898:9: warning: ‘int mpfr_root(mpfr_ptr, mpfr_srcptr, long unsigned int, mpfr_rnd_t)’ is deprecated (declared at /home/jgottard/ns-3/mpfr_4_0_1/include/mpfr.h:693) [-Wdeprecated-declarations]
         mpfr_root(result.fr(),fr(),k,_gmp_rnd(r));
         ^
/home/jgottard/ns-3/CGAL_4_11/include/CGAL/GMP/Gmpfr_type.h:898:49: warning: ‘int mpfr_root(mpfr_ptr, mpfr_srcptr, long unsigned int, mpfr_rnd_t)’ is deprecated (declared at /home/jgottard/ns-3/mpfr_4_0_1/include/mpfr.h:693) [-Wdeprecated-declarations]
         mpfr_root(result.fr(),fr(),k,_gmp_rnd(r));
                                                 ^

Detected shell (./waf shell) with incorrect configuration
=========================================================
Possible reasons for this problem:
  1. You switched to another ns-3 tree from inside this shell
  2. You switched ns-3 debug level (waf configure --debug)
  3. You modified the list of built ns-3 modules
You should correct this situation before running any program.  Possible solutions:
  1. Exit this shell, and start a new one
  2. Run a new nested shell
FB Vanet Experiment URBAN
run id = 
1
run id = 
2
run id = 
3
run id = 
4
run id = 
5
run id = 
6
run id = 
7
run id = 
8
run id = 
9
run id = 
10
run id = 
11
run id = 
12
run id = 
13
run id = 
14
run id = 
15
run id = 
16
run id = 
17
run id = 
18
run id = 
19
run id = 
20
run id = 
21
run id = 
22
run id = 
23
run id = 
24
run id = 
25
run id = 
26
run id = 
27
run id = 
28
run id = 
29
run id = 
30
run id = 
31
run id = 
32
run id = 
33
run id = 
34
run id = 
35
run id = 
36
run id = 
37
run id = 
38
run id = 
39
run id = 
40
run id = 
41
run id = 
42
run id = 
43
run id = 
44
run id = 
45
run id = 
46
run id = 
47
run id = 
48
run id = 
49
run id = 
50
run id = 
51
run id = 
52
run id = 
53
run id = 
54
run id = 
55
run id = 
56
run id = 
57
run id = 
58
run id = 
59
run id = 
60
run id = 
61
run id = 
62
run id = 
63
run id = 
64
run id = 
65
run id = 
66
run id = 
67
run id = 
68
run id = 
69
run id = 
70
run id = 
71
run id = 
72
run id = 
73
run id = 
74
run id = 
75
run id = 
76
run id = 
77
run id = 
78
run id = 
79
run id = 
80
run id = 
81
run id = 
82
run id = 
83
run id = 
84
run id = 
85
run id = 
86
run id = 
87
run id = 
88
run id = 
89
run id = 
90
run id = 
91
run id = 
92
run id = 
93
run id = 
94
run id = 
95
run id = 
96
run id = 
97
run id = 
98
run id = 
99
run id = 
100
