Host di esecuzione: hpblade07
Data: Wed Jan 30 09:28:02 CET 2019
Directory: /home/jgottard/ns-3/ns-3.26
Questo job viene eseguito sui seguenti nodi:
hpblade07
PBS_WORKDIR=/home/jgottard
Launching job for execution
after set
Start main urban
numNodes = 1775
startingNode = 110
run = 0
numNodes = 1775
startingNode = 1693
cwMin = 16cwMax = 128
cwMin = 16cwMax = 128
cwMin = 16cwMax = 128
cwMin = 16cwMax = 128
cwMin = 16cwMax = 128
cwMin = 16cwMax = 128
cwMin = 16cwMax = 128
cwMin = 16cwMax = 128
cwMin = 16cwMax = 128
cwMin = 16cwMax = 128
cwMin = 16cwMax = 128
cwMin = 16cwMax = 128
cwMin = 16cwMax = 128
cwMin = 16cwMax = 128
cwMin = 16cwMax = 128
cwMin = 16cwMax = 128
cwMin = 16cwMax = 128
cwMin = 16cwMax = 128
cwMin = 16cwMax = 128
cwMin = 16cwMax = 128
cwMin = 16cwMax = 128
cwMin = 16cwMax = 128
cwMin = 16cwMax = 128
cwMin = 16cwMax = 128
cwMin = 16cwMax = 128
cwMin = 16cwMax = 128
cwMin = 16cwMax = 128
cwMin = 16cwMax = 128
cwMin = 16cwMax = 128
cwMin = 16cwMax = 128
cwMin = 16cwMax = 128
cwMin = 16cwMax = 128
cwMin = 16cwMax = 128
cwMin = 16cwMax = 128
cwMin = 16cwMax = 128
cwMin = 16cwMax = 128
cwMin = 16cwMax = 128
cwMin = 16cwMax = 128
cwMin = 16cwMax = 128
cwMin = 16cwMax = 128
cwMin = 16cwMax = 128
cwMin = 16cwMax = 128
cwMin = 16cwMax = 128
cwMin = 16cwMax = 128
cwMin = 16cwMax = 128
cwMin = 16cwMax = 128
cwMin = 16cwMax = 128
cwMin = 16cwMax = 128
cwMin = 16cwMax = 128
cwMin = 16cwMax = 128
cwMin = 16cwMax = 128
cwMin = 16cwMax = 128
cwMin = 16cwMax = 128
cwMin = 16cwMax = 128
cwMin = 16cwMax = 128
cwMin = 16cwMax = 128
cwMin = 16cwMax = 128
cwMin = 16cwMax = 128
cwMin = 16cwMax = 128
cwMin = 16cwMax = 128
cwMin = 16cwMax = 128
cwMin = 16cwMax = 128
cwMin = 16cwMax = 128
cwMin = 16cwMax = 128
cwMin = 16cwMax = 128
cwMin = 16cwMax = 128
cwMin = 16cwMax = 128
cwMin = 16cwMax = 128
cwMin = 16cwMax = 128
cwMin = 16cwMax = 128
cwMin = 16cwMax = 128
cwMin = 16cwMax = 128
cwMin = 16cwMax = 128
cwMin = 16cwMax = 128
cwMin = 16cwMax = 128
cwMin = 16cwMax = 128
cwMin = 16cwMax = 128
cwMin = 16cwMax = 128
cwMin = 16cwMax = 128
cwMin = 16cwMax = 128
cwMin = 16cwMax = 128
cwMin = 16cwMax = 128
cwMin = 16cwMax = 128
cwMin = 16cwMax = 128
cwMin = 16cwMax = 128
cwMin = 16cwMax = 128
cwMin = 16cwMax = 128
cwMin = 16cwMax = 128
cwMin = 16cwMax = 128
cwMin = 16cwMax = 128
cwMin = 16cwMax = 128
cwMin = 16cwMax = 128
cwMin = 16cwMax = 128
cwMin = 16cwMax = 128
cwMin = 16cwMax = 128
cwMin = 16cwMax = 128
cwMin = 16cwMax = 128
cwMin = 16cwMax = 128
cwMin = 16cwMax = 128
cwMin = 16cwMax = 128
cwMin = 16cwMax = 128
cwMin = 16cwMax = 128
cwMin = 16cwMax = 128
cwMin = 16cwMax = 128
cwMin = 16cwMax = 128
cwMin = 16cwMax = 128
cwMin = 16cwMax = 128
cwMin = 16cwMax = 128
cwMin = 16cwMax = 128
cwMin = 16cwMax = 128
cwMin = 16cwMax = 128
cwMin = 16cwMax = 128
cwMin = 16cwMax = 128
cwMin = 16cwMax = 128
cwMin = 16cwMax = 128
cwMin = 16cwMax = 128
cwMin = 16cwMax = 128
cwMin = 16cwMax = 128
cwMin = 16cwMax = 128
cwMin = 16cwMax = 128
cwMin = 16cwMax = 128
