Host di esecuzione: dellsrv3
Data: Mon Mar 4 15:16:07 CET 2019
Directory: /home/jgottard/ns-3/ns-3.26
Questo job viene eseguito sui seguenti nodi:
dellsrv3
PBS_WORKDIR=/home/jgottard
Launching job for execution
after set
Start main urban
numNodes = 1776
startingNode = 310
run = 0
numNodes = 1776
startingNode = 310
0
100
200
300
400
500
600
700
800
s= 1at time= Mon Mar  4 15:16:13 2019

0
100
200
300
400
500
600
700
800
s= 1at time= Tue Mar  5 02:35:22 2019

0
100
200
300
400
500
600
700
800
s= 1at time= Tue Mar  5 13:42:00 2019

0
100
200
300
400
500
600
700
800
s= 1at time= Wed Mar  6 00:44:46 2019

0
100
200
300
400
500
600
700
800
s= 1at time= Wed Mar  6 11:39:14 2019

