Host di esecuzione: dellsrv1
Data: Fri Apr 12 11:59:38 CEST 2019
Directory: /home/jgottard/ns-3/ns-3.26
Questo job viene eseguito sui seguenti nodi:
dellsrv1
PBS_WORKDIR=/home/jgottard
Launching job for execution
after set
Start main urban
numNodes = 861
startingNode = 0
LA-45/b0/r100/ROFF/LA-45-b0-r100-ROFF
roffTest= "/home/jgottard/ns-3/ns-3.26/out/scenario-urbano-con-coord/LA-45/b0/r100/ROFF/LA-45-b0-r100-ROFF-1555063178397.csv"
run = 0
numNodes = 861
startingNode = 0
1 
2 
generateHelloTraffic7
generateHelloTraffic6
generateHelloTraffic5
generateHelloTraffic4
generateHelloTraffic3
generateHelloTraffic2
generateHelloTraffic1
generateHelloTraffic0
