Host di esecuzione: dellsrv4
Data: Fri Apr 12 12:00:03 CEST 2019
Directory: /home/jgottard/ns-3/ns-3.26
Questo job viene eseguito sui seguenti nodi:
dellsrv4
PBS_WORKDIR=/home/jgottard
Launching job for execution
after set
Start main urban
numNodes = 2856
startingNode = 0
Topology::LoadTableFromFile filename= ../maps/Padova-15/Padova-15.losses
Padova-15/b1/r100/ROFF/Padova-15-b1-r100-ROFF
roffTest= "/home/jgottard/ns-3/ns-3.26/out/scenario-urbano-con-coord/Padova-15/b1/r100/ROFF/Padova-15-b1-r100-ROFF-1555063230946.csv"
run = 0
numNodes = 2856
startingNode = 0
Topology::LoadTableFromFile filename= ../maps/Padova-15/Padova-15.losses
1 
2 
generateHelloTraffic7
generateHelloTraffic6
generateHelloTraffic5
generateHelloTraffic4
generateHelloTraffic3
generateHelloTraffic2
generateHelloTraffic1
generateHelloTraffic0
