Host di esecuzione: dellsrv3
Data: Mon Mar 4 15:16:07 CET 2019
Directory: /home/jgottard/ns-3/ns-3.26
Questo job viene eseguito sui seguenti nodi:
dellsrv3
PBS_WORKDIR=/home/jgottard
Launching job for execution
after set
Start main urban
numNodes = 1776
startingNode = 310
run = 0
numNodes = 1776
startingNode = 310
0
100
200
300
400
500
600
700
800
s= 1at time= Mon Mar  4 15:16:16 2019

0
100
200
300
400
500
600
700
800
s= 1at time= Tue Mar  5 10:31:03 2019

0
100
200
300
400
500
600
700
800
s= 1at time= Wed Mar  6 05:44:15 2019

0
100
200
300
400
500
600
700
800
s= 1at time= Thu Mar  7 01:47:51 2019

0
100
200
300
400
500
600
700
800
s= 1at time= Thu Mar  7 14:53:02 2019

