Host di esecuzione: dellsrv4
Data: Fri Apr 12 12:01:02 CEST 2019
Directory: /home/jgottard/ns-3/ns-3.26
Questo job viene eseguito sui seguenti nodi:
dellsrv4
PBS_WORKDIR=/home/jgottard
Launching job for execution
after set
Start main urban
numNodes = 1318
startingNode = 0
Topology::LoadTableFromFile filename= ../maps/Padova-35/Padova-35.losses
Padova-35/b1/r100/ROFF/Padova-35-b1-r100-ROFF
roffTest= "/home/jgottard/ns-3/ns-3.26/out/scenario-urbano-con-coord/Padova-35/b1/r100/ROFF/Padova-35-b1-r100-ROFF-1555063267875.csv"
run = 0
numNodes = 1318
startingNode = 0
Topology::LoadTableFromFile filename= ../maps/Padova-35/Padova-35.losses
1 
2 
generateHelloTraffic7
generateHelloTraffic6
generateHelloTraffic5
generateHelloTraffic4
generateHelloTraffic3
generateHelloTraffic2
generateHelloTraffic1
generateHelloTraffic0
