Host di esecuzione: hpblade08
Data: Mon Mar 4 15:16:05 CET 2019
Directory: /home/jgottard/ns-3/ns-3.26
Questo job viene eseguito sui seguenti nodi:
hpblade08
PBS_WORKDIR=/home/jgottard
Launching job for execution
after set
Start main urban
numNodes = 1776
startingNode = 310
run = 0
numNodes = 1776
startingNode = 310
0
100
200
300
400
500
600
700
800
s= 1at time= Mon Mar  4 15:16:16 2019

0
100
200
300
400
500
600
700
800
s= 1at time= Tue Mar  5 04:01:44 2019

0
100
200
300
400
500
600
700
800
s= 1at time= Tue Mar  5 16:46:06 2019

0
100
200
300
400
500
600
700
800
s= 1at time= Wed Mar  6 06:12:12 2019

0
100
200
300
400
500
600
700
800
s= 1at time= Wed Mar  6 19:35:54 2019

