Host di esecuzione: hpblade16
Data: Tue Dec 11 18:02:04 CET 2018
Directory: /home/jgottard/ns-3/ns-3.26
Questo job viene eseguito sui seguenti nodi:
hpblade16
PBS_WORKDIR=/home/jgottard/ns-3
Launching job for execution
after set
boostdir = /home/jgottard/built/lib
==================================================================================================
/home/jgottard/ns-3/ns-3.26/build:/home/jgottard/ns-3/mpfr_4_0_1/lib:/home/jgottard/ns-3/CGAL_4_11/lib:/usr/local/cuda/lib64:/usr/local/cula/lib64:/usr/local/culasparse/lib64:/home/jgottard/ns-3/boost_1_54_0/lib:/export/alt/torque/lib:/usr/lib/ibibverbs
after exports
==================================================================================================STAT
  File: ‘/home/jgottard/ns-3/ns-3.26/build/scratch/vanet-urban’
  Size: 7         	Blocks: 27         IO Block: 32768  directory
Device: 1ah/26d	Inode: 36842149    Links: 2
Access: (0755/drwxr-xr-x)  Uid: (  814/jgottard)   Gid: (  100/   users)
Access: 2018-12-11 17:54:58.462334617 +0100
Modify: 2018-12-11 17:54:18.734468737 +0100
Change: 2018-12-11 17:54:18.734468737 +0100
 Birth: -
'clean' finished successfully (0.334s)
Setting top to                           : /home/jgottard/ns-3/ns-3.26 
Setting out to                           : /home/jgottard/ns-3/ns-3.26/build 
================================================================================================================================================================================================
<waflib.Configure.ConfigurationContext object at 0x7f647a251650>
Checking for 'gcc' (C compiler)          : /usr/bin/gcc 
Checking for cc version                  : 4.8.4 
Checking for 'g++' (C++ compiler)        : /usr/bin/g++ 
Checking for compilation flag -Wl,--soname=foo support : ok 
Checking for program 'python'                          : /usr/bin/python 
Checking for python version                            : (2, 7, 6, 'final', 0) 
python-config                                          : /usr/bin/python-config 
Asking python-config for pyembed '--cflags --libs --ldflags' flags : yes 
Testing pyembed configuration                                      : yes 
Asking python-config for pyext '--cflags --libs --ldflags' flags   : yes 
Testing pyext configuration                                        : yes 
Checking for compilation flag -fvisibility=hidden support          : ok 
Checking for compilation flag -Wno-array-bounds support            : ok 
Checking for pybindgen location                                    : ../pybindgen-0.17.0.post57+nga6376f2 (guessed) 
Checking for python module 'pybindgen'                             : 0.17.0.post57+nga6376f2 
Checking for pybindgen version                                     : 0.17.0.post57+nga6376f2 
Checking for code snippet                                          : yes 
Checking for types uint64_t and unsigned long equivalence          : no 
Checking for code snippet                                          : no 
Checking for types uint64_t and unsigned long long equivalence     : yes 
Checking for the apidefs that can be used for Python bindings      : gcc-LP64 
Checking for internal GCC cxxabi                                   : complete 
Checking for python module 'pygccxml'                              : not found 
Checking boost includes                                            : 1_54 
Checking boost libs                                                : ok 
Checking for boost linkage                                         : ok 
Checking for click location                                        : not found 
Checking for program 'pkg-config'                                  : /usr/bin/pkg-config 
Checking for 'gtk+-2.0' >= 2.12                                    : not found 
Checking for 'libxml-2.0' >= 2.7                                   : yes 
Checking for type uint128_t                                        : not found 
Checking for type __uint128_t                                      : yes 
Checking high precision implementation                             : 128-bit integer (default) 
Checking for header stdint.h                                       : yes 
Checking for header inttypes.h                                     : yes 
Checking for header sys/inttypes.h                                 : not found 
Checking for header sys/types.h                                    : yes 
Checking for header sys/stat.h                                     : yes 
Checking for header dirent.h                                       : yes 
Checking for header stdlib.h                                       : yes 
Checking for header signal.h                                       : yes 
Checking for header pthread.h                                      : yes 
Checking for header stdint.h                                       : yes 
Checking for header inttypes.h                                     : yes 
Checking for header sys/inttypes.h                                 : not found 
Checking for library rt                                            : yes 
Checking for header sys/ioctl.h                                    : yes 
Checking for header net/if.h                                       : yes 
Checking for header net/ethernet.h                                 : yes 
Checking for header linux/if_tun.h                                 : yes 
Checking for header netpacket/packet.h                             : yes 
Checking for NSC location                                          : not found 
Checking for OpenFlow location                                     : not found 
Checking for 'sqlite3'                                             : not found 
Checking for header linux/if_tun.h                                 : yes 
Checking for python module 'gtk'                                   : ok 
Checking for python module 'goocanvas'                             : not found 
Checking for python module 'pygraphviz'                            : not found 
Checking for program 'sudo'                                        : /usr/bin/sudo 
Checking for program 'valgrind'                                    : not found 
Checking for 'gsl'                                                 : yes 
python-config                                                      : not found 
Checking for compilation flag -Wno-error=deprecated-d... support   : ok 
Checking for compilation flag -fstrict-aliasing support            : ok 
Checking for compilation flag -Wstrict-aliasing support            : ok 
Checking for program 'doxygen'                                     : not found 
---- Summary of optional NS-3 features:
Build profile                 : debug
Build directory               : 
BRITE Integration             : not enabled (BRITE not enabled (see option --with-brite))
DES Metrics event collection  : not enabled (defaults to disabled)
Emulation FdNetDevice         : enabled
Examples                      : not enabled (based on configuration file)
File descriptor NetDevice     : enabled
GNU Scientific Library (GSL)  : enabled
Gcrypt library                : not enabled (libgcrypt not found: you can use libgcrypt-config to find its location.)
GtkConfigStore                : not enabled (library 'gtk+-2.0 >= 2.12' not found)
MPI Support                   : not enabled (option --enable-mpi not selected)
NS-3 Click Integration        : not enabled (nsclick not enabled (see option --with-nsclick))
NS-3 OpenFlow Integration     : not enabled (OpenFlow not enabled (see option --with-openflow))
Network Simulation Cradle     : not enabled (NSC not found (see option --with-nsc))
PlanetLab FdNetDevice         : not enabled (PlanetLab operating system not detected (see option --force-planetlab))
PyViz visualizer              : not enabled (Missing python modules: goocanvas, pygraphviz)
Python API Scanning Support   : not enabled (Missing 'pygccxml' Python module)
Python Bindings               : enabled
Real Time Simulator           : enabled
SQlite stats data output      : not enabled (library 'sqlite3' not found)
Tap Bridge                    : enabled
Tap FdNetDevice               : enabled
Tests                         : not enabled (based on configuration file)
Threading Primitives          : enabled
Use sudo to set suid bit      : not enabled (option --enable-sudo not selected)
XmlIo                         : enabled
'configure' finished successfully (3.693s)
Waf: Entering directory `/home/jgottard/ns-3/ns-3.26/build'
[   1/1401] Compiling install-ns3-header: ns3/antenna-model.h
[   2/1401] Compiling install-ns3-header: ns3/isotropic-antenna-model.h
[   3/1401] Compiling install-ns3-header: ns3/angles.h
[   4/1401] Compiling install-ns3-header: ns3/parabolic-antenna-model.h
[   6/1401] Compiling install-ns3-header: ns3/cosine-antenna-model.h
[  14/1401] Compiling install-ns3-header: ns3/udp-client.h
[  15/1401] Compiling install-ns3-header: ns3/bulk-send-application.h
[  16/1401] Compiling install-ns3-header: ns3/on-off-helper.h
[  17/1401] Compiling install-ns3-header: ns3/udp-client-server-helper.h
[  18/1401] Compiling install-ns3-header: ns3/udp-trace-client.h
[  19/1401] Compiling install-ns3-header: ns3/udp-echo-server.h
[  20/1401] Compiling install-ns3-header: ns3/packet-sink.h
[  21/1401] Compiling install-ns3-header: ns3/bulk-send-helper.h
[  22/1401] Compiling install-ns3-header: ns3/udp-server.h
[  23/1401] Compiling install-ns3-header: ns3/packet-sink-helper.h
[  24/1401] Compiling install-ns3-header: ns3/udp-echo-client.h
[  25/1401] Compiling install-ns3-header: ns3/onoff-application.h
[  26/1401] Compiling install-ns3-header: ns3/packet-loss-counter.h
[  27/1401] Compiling install-ns3-header: ns3/udp-echo-helper.h
[  28/1401] Compiling install-ns3-header: ns3/application-packet-probe.h
[  29/1401] Compiling install-ns3-header: ns3/seq-ts-header.h
[  30/1401] Processing command (${PYTHON}): ../bindings/python/ns3modulegen-modular.py ../src/applications/bindings/modulegen__gcc_LP64.py ../src/applications/bindings/modulegen_customizations.py -> src/applications/bindings/ns3module.cc src/applications/bindings/ns3module.h src/applications/bindings/ns3modulegen.log

[  31/1401] Compiling install-ns3-header: ns3/bridge-net-device.h
[  32/1401] Compiling install-ns3-header: ns3/bridge-channel.h
[  36/1401] Compiling install-ns3-header: ns3/bridge-helper.h
[  45/1401] Compiling install-ns3-header: ns3/file-config.h
[  46/1401] Compiling install-ns3-header: ns3/config-store.h
[  47/1401] Compiling install-ns3-header: ns3/log.h
[  48/1401] Compiling install-ns3-header: ns3/calendar-scheduler.h
[  49/1401] Compiling install-ns3-header: ns3/rng-seed-manager.h
[  50/1401] Compiling install-ns3-header: ns3/pointer.h
[  52/1401] Compiling install-ns3-header: ns3/object.h
[  52/1401] Compiling install-ns3-header: ns3/timer-impl.h
[  53/1401] Compiling install-ns3-header: ns3/int64x64.h
[  54/1401] Compiling install-ns3-header: ns3/math.h
[  55/1401] Compiling install-ns3-header: ns3/log-macros-disabled.h
[  56/1401] Compiling install-ns3-header: ns3/int64x64-double.h
[  57/1401] Compiling install-ns3-header: ns3/traced-value.h
[  58/1401] Compiling install-ns3-header: ns3/event-id.h
[  59/1401] Compiling install-ns3-header: ns3/attribute-construction-list.h
[  60/1401] Compiling install-ns3-header: ns3/global-value.h
[  61/1401] Compiling install-ns3-header: ns3/object-factory.h
[  62/1401] Compiling install-ns3-header: ns3/integer.h
[  63/1401] Compiling install-ns3-header: ns3/command-line.h
[  64/1401] Compiling install-ns3-header: ns3/fatal-impl.h
[  65/1401] Compiling install-ns3-header: ns3/int-to-type.h
[  66/1401] Compiling install-ns3-header: ns3/attribute-helper.h
[  67/1401] Compiling install-ns3-header: ns3/singleton.h
[  68/1401] Compiling install-ns3-header: ns3/type-name.h
[  69/1401] Compiling install-ns3-header: ns3/random-variable-stream.h
[  70/1401] Compiling install-ns3-header: ns3/timer.h
[  71/1401] Compiling install-ns3-header: ns3/build-profile.h
[  72/1401] Compiling install-ns3-header: ns3/unix-fd-reader.h
[  73/1401] Compiling install-ns3-header: ns3/map-scheduler.h
[  74/1401] Compiling install-ns3-header: ns3/traced-callback.h
[  75/1401] Compiling install-ns3-header: ns3/uinteger.h
[  76/1401] Compiling install-ns3-header: ns3/breakpoint.h
[  77/1401] Compiling install-ns3-header: ns3/fatal-error.h
[  78/1401] Compiling install-ns3-header: ns3/simple-ref-count.h
[  79/1401] Compiling install-ns3-header: ns3/attribute-accessor-helper.h
[  80/1401] Compiling install-ns3-header: ns3/ptr.h
[  81/1401] Compiling install-ns3-header: ns3/enum.h
[  82/1401] Compiling install-ns3-header: ns3/system-wall-clock-ms.h
[  83/1401] Compiling install-ns3-header: ns3/type-id.h
[  84/1401] Compiling install-ns3-header: ns3/system-path.h
[  85/1401] Compiling install-ns3-header: ns3/scheduler.h
[  86/1401] Compiling install-ns3-header: ns3/simulator.h
[  87/1401] Compiling install-ns3-header: ns3/system-mutex.h
[  88/1401] Compiling install-ns3-header: ns3/system-condition.h
[  89/1401] Compiling install-ns3-header: ns3/assert.h
[  90/1401] Compiling install-ns3-header: ns3/make-event.h
[  91/1401] Compiling install-ns3-header: ns3/synchronizer.h
[  92/1401] Compiling install-ns3-header: ns3/hash-murmur3.h
[  93/1401] Compiling install-ns3-header: ns3/event-garbage-collector.h
[  94/1401] Compiling install-ns3-header: ns3/wall-clock-synchronizer.h
[  95/1401] Compiling install-ns3-header: ns3/hash-function.h
[  96/1401] Compiling install-ns3-header: ns3/watchdog.h
[  97/1401] Compiling install-ns3-header: ns3/object-ptr-container.h
[  98/1401] Compiling install-ns3-header: ns3/random-variable-stream-helper.h
[  99/1401] Compiling install-ns3-header: ns3/object-base.h
[ 100/1401] Compiling install-ns3-header: ns3/event-impl.h
[ 101/1401] Compiling install-ns3-header: ns3/heap-scheduler.h
[ 102/1401] Compiling install-ns3-header: ns3/simulation-singleton.h
[ 103/1401] Compiling install-ns3-header: ns3/abort.h
[ 104/1401] Compiling install-ns3-header: ns3/nstime.h
[ 105/1401] Compiling install-ns3-header: ns3/int64x64-128.h
[ 106/1401] Compiling install-ns3-header: ns3/empty.h
[ 107/1401] Compiling install-ns3-header: ns3/object-vector.h
[ 108/1401] Compiling install-ns3-header: ns3/hash.h
[ 109/1401] Compiling install-ns3-header: ns3/object-map.h
[ 110/1401] Compiling install-ns3-header: ns3/vector.h
[ 111/1401] Compiling install-ns3-header: ns3/names.h
[ 112/1401] Compiling install-ns3-header: ns3/type-traits.h
[ 113/1401] Compiling install-ns3-header: ns3/boolean.h
[ 114/1401] Compiling install-ns3-header: ns3/trace-source-accessor.h
[ 115/1401] Compiling install-ns3-header: ns3/callback.h
[ 116/1401] Compiling install-ns3-header: ns3/valgrind.h
[ 117/1401] Compiling install-ns3-header: ns3/test.h
[ 118/1401] Compiling install-ns3-header: ns3/des-metrics.h
[ 119/1401] Compiling install-ns3-header: ns3/deprecated.h
[ 120/1401] Compiling install-ns3-header: ns3/log-macros-enabled.h
[ 121/1401] Compiling install-ns3-header: ns3/default-simulator-impl.h
[ 122/1401] Compiling install-ns3-header: ns3/non-copyable.h
[ 123/1401] Compiling install-ns3-header: ns3/unused.h
[ 124/1401] Compiling install-ns3-header: ns3/attribute.h
[ 125/1401] Compiling install-ns3-header: ns3/ref-count-base.h
[ 126/1401] Compiling install-ns3-header: ns3/simulator-impl.h
[ 127/1401] Compiling install-ns3-header: ns3/realtime-simulator-impl.h
[ 128/1401] Compiling install-ns3-header: ns3/list-scheduler.h
[ 129/1401] Compiling install-ns3-header: ns3/hash-fnv.h
[ 130/1401] Compiling install-ns3-header: ns3/system-thread.h
[ 131/1401] Compiling install-ns3-header: ns3/rng-stream.h
[ 132/1401] Compiling install-ns3-header: ns3/config.h
[ 133/1401] Compiling install-ns3-header: ns3/default-deleter.h
[ 134/1401] Compiling install-ns3-header: ns3/double.h
[ 135/1401] Compiling install-ns3-header: ns3/string.h
[ 160/1401] Compiling install-ns3-header: ns3/basic-energy-harvester.h
[ 161/1401] Compiling install-ns3-header: ns3/energy-harvester-helper.h
[ 162/1401] Compiling install-ns3-header: ns3/energy-source.h
[ 163/1401] Compiling install-ns3-header: ns3/simple-device-energy-model.h
[ 164/1401] Compiling install-ns3-header: ns3/energy-harvester-container.h
[ 165/1401] Compiling install-ns3-header: ns3/energy-source-container.h
[ 166/1401] Compiling install-ns3-header: ns3/device-energy-model-container.h
[ 167/1401] Compiling install-ns3-header: ns3/energy-harvester.h
[ 168/1401] Compiling install-ns3-header: ns3/energy-model-helper.h
[ 169/1401] Compiling install-ns3-header: ns3/li-ion-energy-source-helper.h
[ 170/1401] Compiling install-ns3-header: ns3/device-energy-model.h
[ 171/1401] Compiling install-ns3-header: ns3/li-ion-energy-source.h
[ 172/1401] Compiling install-ns3-header: ns3/basic-energy-harvester-helper.h
[ 173/1401] Compiling install-ns3-header: ns3/rv-battery-model.h
[ 174/1401] Compiling install-ns3-header: ns3/rv-battery-model-helper.h
[ 175/1401] Compiling install-ns3-header: ns3/basic-energy-source-helper.h
[ 176/1401] Compiling install-ns3-header: ns3/basic-energy-source.h
[ 190/1401] Compiling install-ns3-header: ns3/private/tcp-option-ts.h
[ 191/1401] Compiling install-ns3-header: ns3/private/tcp-option-winscale.h
[ 192/1401] Compiling install-ns3-header: ns3/private/tcp-option-rfc793.h
[ 193/1401] Compiling install-ns3-header: ns3/rip-header.h
[ 194/1401] Compiling install-ns3-header: ns3/ipv4-global-routing-helper.h
[ 195/1401] Compiling install-ns3-header: ns3/arp-cache.h
[ 196/1401] Compiling install-ns3-header: ns3/ipv4-raw-socket-factory.h
[ 197/1401] Compiling install-ns3-header: ns3/icmpv6-header.h
[ 198/1401] Compiling install-ns3-header: ns3/tcp-congestion-ops.h
[ 199/1401] Compiling install-ns3-header: ns3/ipv4-raw-socket-impl.h
[ 200/1401] Compiling install-ns3-header: ns3/ipv6-extension.h
[ 201/1401] Compiling install-ns3-header: ns3/ndisc-cache.h
[ 202/1401] Compiling install-ns3-header: ns3/tcp-header.h
[ 203/1401] Compiling install-ns3-header: ns3/tcp-vegas.h
[ 204/1401] Compiling install-ns3-header: ns3/ipv6-header.h
[ 205/1401] Compiling install-ns3-header: ns3/ipv4-interface.h
[ 206/1401] Compiling install-ns3-header: ns3/loopback-net-device.h
[ 207/1401] Compiling install-ns3-header: ns3/ipv6-packet-probe.h
[ 208/1401] Compiling install-ns3-header: ns3/arp-header.h
[ 209/1401] Compiling install-ns3-header: ns3/global-router-interface.h
[ 210/1401] Compiling install-ns3-header: ns3/ipv6-static-routing-helper.h
[ 211/1401] Compiling install-ns3-header: ns3/tcp-option.h
[ 212/1401] Compiling install-ns3-header: ns3/rtt-estimator.h
[ 213/1401] Compiling install-ns3-header: ns3/tcp-highspeed.h
[ 214/1401] Compiling install-ns3-header: ns3/ipv6-list-routing.h
[ 215/1401] Compiling install-ns3-header: ns3/ipv4-routing-table-entry.h
[ 216/1401] Compiling install-ns3-header: ns3/ipv4-routing-protocol.h
[ 217/1401] Compiling install-ns3-header: ns3/ipv4-static-routing.h
[ 218/1401] Compiling install-ns3-header: ns3/tcp-rx-buffer.h
[ 219/1401] Compiling install-ns3-header: ns3/ipv6-address-helper.h
[ 220/1401] Compiling install-ns3-header: ns3/arp-l3-protocol.h
[ 221/1401] Compiling install-ns3-header: ns3/ipv6-interface-address.h
[ 222/1401] Compiling install-ns3-header: ns3/tcp-illinois.h
[ 223/1401] Compiling install-ns3-header: ns3/ipv6-routing-helper.h
[ 224/1401] Compiling install-ns3-header: ns3/ripng-header.h
[ 225/1401] Compiling install-ns3-header: ns3/ipv4-queue-disc-item.h
[ 226/1401] Compiling install-ns3-header: ns3/ipv6-routing-table-entry.h
[ 227/1401] Compiling install-ns3-header: ns3/ipv6-interface.h
[ 228/1401] Compiling install-ns3-header: ns3/ipv6-packet-info-tag.h
[ 229/1401] Compiling install-ns3-header: ns3/ipv6-address-generator.h
[ 230/1401] Compiling install-ns3-header: ns3/ipv4-packet-info-tag.h
[ 231/1401] Compiling install-ns3-header: ns3/ipv4-routing-helper.h
[ 232/1401] Compiling install-ns3-header: ns3/ripng.h
[ 233/1401] Compiling install-ns3-header: ns3/global-route-manager-impl.h
[ 234/1401] Compiling install-ns3-header: ns3/candidate-queue.h
[ 235/1401] Compiling install-ns3-header: ns3/tcp-socket-factory.h
[ 236/1401] Compiling install-ns3-header: ns3/rip.h
[ 237/1401] Compiling install-ns3-header: ns3/ipv6-pmtu-cache.h
[ 238/1401] Compiling install-ns3-header: ns3/ipv4-address-generator.h
[ 239/1401] Compiling install-ns3-header: ns3/ipv4-header.h
[ 240/1401] Compiling install-ns3-header: ns3/udp-socket-factory.h
[ 241/1401] Compiling install-ns3-header: ns3/tcp-scalable.h
[ 242/1401] Compiling install-ns3-header: ns3/tcp-yeah.h
[ 243/1401] Compiling install-ns3-header: ns3/ipv6-queue-disc-item.h
[ 244/1401] Compiling install-ns3-header: ns3/ipv4-packet-filter.h
[ 245/1401] Compiling install-ns3-header: ns3/ipv4-list-routing.h
[ 246/1401] Compiling install-ns3-header: ns3/ipv6-static-routing.h
[ 247/1401] Compiling install-ns3-header: ns3/ipv4-route.h
[ 248/1401] Compiling install-ns3-header: ns3/udp-l4-protocol.h
[ 249/1401] Compiling install-ns3-header: ns3/rip-helper.h
[ 250/1401] Compiling install-ns3-header: ns3/udp-header.h
[ 251/1401] Compiling install-ns3-header: ns3/tcp-hybla.h
[ 252/1401] Compiling install-ns3-header: ns3/ipv6-routing-protocol.h
[ 253/1401] Compiling install-ns3-header: ns3/ip-l4-protocol.h
[ 254/1401] Compiling install-ns3-header: ns3/tcp-westwood.h
[ 255/1401] Compiling install-ns3-header: ns3/tcp-veno.h
[ 256/1401] Compiling install-ns3-header: ns3/ipv6-option-header.h
[ 257/1401] Compiling install-ns3-header: ns3/ipv4-l3-protocol.h
[ 258/1401] Compiling install-ns3-header: ns3/tcp-l4-protocol.h
[ 259/1401] Compiling install-ns3-header: ns3/ipv4-interface-container.h
[ 260/1401] Compiling install-ns3-header: ns3/icmpv4.h
[ 261/1401] Compiling install-ns3-header: ns3/icmpv4-l4-protocol.h
[ 262/1401] Compiling install-ns3-header: ns3/ipv4-interface-address.h
[ 263/1401] Compiling install-ns3-header: ns3/tcp-bic.h
[ 264/1401] Compiling install-ns3-header: ns3/ipv4-global-routing.h
[ 265/1401] Compiling install-ns3-header: ns3/ipv6-l3-protocol.h
[ 266/1401] Compiling install-ns3-header: ns3/tcp-htcp.h
[ 267/1401] Compiling install-ns3-header: ns3/ipv4-packet-probe.h
[ 268/1401] Compiling install-ns3-header: ns3/icmpv6-l4-protocol.h
[ 269/1401] Compiling install-ns3-header: ns3/ipv6-raw-socket-factory.h
[ 270/1401] Compiling install-ns3-header: ns3/ipv4-address-helper.h
[ 271/1401] Compiling install-ns3-header: ns3/ipv6-list-routing-helper.h
[ 272/1401] Compiling install-ns3-header: ns3/tcp-socket-base.h
[ 273/1401] Compiling install-ns3-header: ns3/ipv6-packet-filter.h
[ 274/1401] Compiling install-ns3-header: ns3/ipv6-extension-demux.h
[ 275/1401] Compiling install-ns3-header: ns3/global-route-manager.h
[ 276/1401] Compiling install-ns3-header: ns3/ipv4-list-routing-helper.h
[ 277/1401] Compiling install-ns3-header: ns3/ipv4.h
[ 278/1401] Compiling install-ns3-header: ns3/internet-trace-helper.h
[ 279/1401] Compiling install-ns3-header: ns3/ipv6-interface-container.h
[ 280/1401] Compiling install-ns3-header: ns3/ipv4-static-routing-helper.h
[ 281/1401] Compiling install-ns3-header: ns3/udp-socket.h
[ 282/1401] Compiling install-ns3-header: ns3/internet-stack-helper.h
[ 283/1401] Compiling install-ns3-header: ns3/ipv6-extension-header.h
[ 284/1401] Compiling install-ns3-header: ns3/ipv6.h
[ 285/1401] Compiling install-ns3-header: ns3/ripng-helper.h
[ 286/1401] Compiling install-ns3-header: ns3/ipv6-route.h
[ 287/1401] Compiling install-ns3-header: ns3/tcp-tx-buffer.h
[ 288/1401] Compiling install-ns3-header: ns3/tcp-socket.h
[ 292/1401] Processing command (${PYTHON}): ../bindings/python/ns3modulegen-modular.py ../src/internet/bindings/modulegen__gcc_LP64.py -> src/internet/bindings/ns3module.cc src/internet/bindings/ns3module.h src/internet/bindings/ns3modulegen.log

[ 455/1401] Compiling install-ns3-header: ns3/gauss-markov-mobility-model.h
[ 456/1401] Compiling install-ns3-header: ns3/steady-state-random-waypoint-mobility-model.h
[ 457/1401] Compiling install-ns3-header: ns3/box.h
[ 458/1401] Compiling install-ns3-header: ns3/geographic-positions.h
[ 459/1401] Compiling install-ns3-header: ns3/constant-velocity-mobility-model.h
[ 460/1401] Compiling install-ns3-header: ns3/position-allocator.h
[ 461/1401] Compiling install-ns3-header: ns3/constant-acceleration-mobility-model.h
[ 462/1401] Compiling install-ns3-header: ns3/rectangle.h
[ 463/1401] Compiling install-ns3-header: ns3/random-walk-2d-mobility-model.h
[ 464/1401] Compiling install-ns3-header: ns3/waypoint.h
[ 465/1401] Compiling install-ns3-header: ns3/ns2-mobility-helper.h
[ 466/1401] Compiling install-ns3-header: ns3/waypoint-mobility-model.h
[ 467/1401] Compiling install-ns3-header: ns3/hierarchical-mobility-model.h
[ 468/1401] Compiling install-ns3-header: ns3/constant-position-mobility-model.h
[ 469/1401] Compiling install-ns3-header: ns3/random-waypoint-mobility-model.h
[ 470/1401] Compiling install-ns3-header: ns3/random-direction-2d-mobility-model.h
[ 471/1401] Compiling install-ns3-header: ns3/mobility-helper.h
[ 472/1401] Compiling install-ns3-header: ns3/constant-velocity-helper.h
[ 473/1401] Compiling install-ns3-header: ns3/mobility-model.h
[ 474/1401] Compiling install-ns3-header: ns3/parallel-communication-interface.h
[ 475/1401] Compiling install-ns3-header: ns3/mpi-receiver.h
[ 476/1401] Compiling install-ns3-header: ns3/mpi-interface.h
[ 478/1401] Compiling install-ns3-header: ns3/trace-helper.h
[ 479/1401] Compiling install-ns3-header: ns3/mac64-address.h
[ 480/1401] Compiling install-ns3-header: ns3/output-stream-wrapper.h
[ 481/1401] Compiling install-ns3-header: ns3/ascii-test.h
[ 482/1401] Compiling install-ns3-header: ns3/llc-snap-header.h
[ 483/1401] Compiling install-ns3-header: ns3/dynamic-queue-limits.h
[ 484/1401] Compiling install-ns3-header: ns3/pcap-file-wrapper.h
[ 485/1401] Compiling install-ns3-header: ns3/simple-channel.h
[ 486/1401] Compiling install-ns3-header: ns3/drop-tail-queue.h
[ 487/1401] Compiling install-ns3-header: ns3/ipv6-address.h
[ 488/1401] Compiling install-ns3-header: ns3/net-device-container.h
[ 489/1401] Compiling install-ns3-header: ns3/pcap-file.h
[ 490/1401] Compiling install-ns3-header: ns3/crc32.h
[ 491/1401] Compiling install-ns3-header: ns3/packet-socket-factory.h
[ 492/1401] Compiling install-ns3-header: ns3/packet-socket.h
[ 493/1401] Compiling install-ns3-header: ns3/node-list.h
[ 494/1401] Compiling install-ns3-header: ns3/header.h
[ 495/1401] Compiling install-ns3-header: ns3/ipv4-address.h
[ 496/1401] Compiling install-ns3-header: ns3/node.h
[ 497/1401] Compiling install-ns3-header: ns3/net-device.h
[ 498/1401] Compiling install-ns3-header: ns3/radiotap-header.h
[ 499/1401] Compiling install-ns3-header: ns3/address.h
[ 500/1401] Compiling install-ns3-header: ns3/simple-net-device-helper.h
[ 501/1401] Compiling install-ns3-header: ns3/packet-metadata.h
[ 502/1401] Compiling install-ns3-header: ns3/ascii-file.h
[ 503/1401] Compiling install-ns3-header: ns3/packet-tag-list.h
[ 504/1401] Compiling install-ns3-header: ns3/application.h
[ 505/1401] Compiling install-ns3-header: ns3/chunk.h
[ 506/1401] Compiling install-ns3-header: ns3/packet-probe.h
[ 507/1401] Compiling install-ns3-header: ns3/packet.h
[ 508/1401] Compiling install-ns3-header: ns3/queue.h
[ 509/1401] Compiling install-ns3-header: ns3/sgi-hashmap.h
[ 510/1401] Compiling install-ns3-header: ns3/channel.h
[ 511/1401] Compiling install-ns3-header: ns3/byte-tag-list.h
[ 512/1401] Compiling install-ns3-header: ns3/delay-jitter-estimation.h
[ 513/1401] Compiling install-ns3-header: ns3/pcap-test.h
[ 514/1401] Compiling install-ns3-header: ns3/error-model.h
[ 515/1401] Compiling install-ns3-header: ns3/address-utils.h
[ 516/1401] Compiling install-ns3-header: ns3/flow-id-tag.h
[ 517/1401] Compiling install-ns3-header: ns3/node-container.h
[ 518/1401] Compiling install-ns3-header: ns3/simple-net-device.h
[ 519/1401] Compiling install-ns3-header: ns3/data-rate.h
[ 520/1401] Compiling install-ns3-header: ns3/packet-socket-helper.h
[ 521/1401] Compiling install-ns3-header: ns3/tag-buffer.h
[ 522/1401] Compiling install-ns3-header: ns3/generic-phy.h
[ 523/1401] Compiling install-ns3-header: ns3/packet-socket-client.h
[ 524/1401] Compiling install-ns3-header: ns3/inet-socket-address.h
[ 525/1401] Compiling install-ns3-header: ns3/packet-socket-server.h
[ 526/1401] Compiling install-ns3-header: ns3/buffer.h
[ 527/1401] Compiling install-ns3-header: ns3/queue-limits.h
[ 528/1401] Compiling install-ns3-header: ns3/packet-burst.h
[ 529/1401] Compiling install-ns3-header: ns3/sll-header.h
[ 530/1401] Compiling install-ns3-header: ns3/application-container.h
[ 531/1401] Compiling install-ns3-header: ns3/mac48-address.h
[ 532/1401] Compiling install-ns3-header: ns3/packet-data-calculators.h
[ 533/1401] Compiling install-ns3-header: ns3/mac16-address.h
[ 534/1401] Compiling install-ns3-header: ns3/tag.h
[ 535/1401] Compiling install-ns3-header: ns3/socket.h
[ 536/1401] Compiling install-ns3-header: ns3/packetbb.h
[ 537/1401] Compiling install-ns3-header: ns3/sequence-number.h
[ 538/1401] Compiling install-ns3-header: ns3/inet6-socket-address.h
[ 539/1401] Compiling install-ns3-header: ns3/ethernet-header.h
[ 540/1401] Compiling install-ns3-header: ns3/ethernet-trailer.h
[ 541/1401] Compiling install-ns3-header: ns3/socket-factory.h
[ 542/1401] Compiling install-ns3-header: ns3/trailer.h
[ 543/1401] Compiling install-ns3-header: ns3/channel-list.h
[ 544/1401] Compiling install-ns3-header: ns3/packet-socket-address.h
[ 546/1401] Compiling install-ns3-header: ns3/nix-vector.h
[ 548/1401] Compiling install-ns3-header: ns3/obstacle-shadowing-propagation-loss-model.h
[ 549/1401] Compiling install-ns3-header: ns3/obstacle.h
[ 550/1401] Compiling install-ns3-header: ns3/obstacle-helper.h
[ 551/1401] Compiling install-ns3-header: ns3/topology.h
[ 565/1401] Compiling install-ns3-header: ns3/jakes-process.h
[ 566/1401] Compiling install-ns3-header: ns3/cost231-propagation-loss-model.h
[ 567/1401] Compiling install-ns3-header: ns3/kun-2600-mhz-propagation-loss-model.h
[ 568/1401] Compiling install-ns3-header: ns3/propagation-delay-model.h
[ 569/1401] Compiling install-ns3-header: ns3/propagation-loss-model.h
[ 570/1401] Compiling install-ns3-header: ns3/jakes-propagation-loss-model.h
[ 571/1401] Compiling install-ns3-header: ns3/okumura-hata-propagation-loss-model.h
[ 572/1401] Compiling install-ns3-header: ns3/propagation-cache.h
[ 573/1401] Compiling install-ns3-header: ns3/itu-r-1411-nlos-over-rooftop-propagation-loss-model.h
[ 574/1401] Compiling install-ns3-header: ns3/propagation-environment.h
[ 575/1401] Compiling install-ns3-header: ns3/itu-r-1411-los-propagation-loss-model.h
[ 579/1401] Compiling install-ns3-header: ns3/microwave-oven-spectrum-value-helper.h
[ 580/1401] Compiling install-ns3-header: ns3/spectrum-value.h
[ 581/1401] Compiling install-ns3-header: ns3/waveform-generator-helper.h
[ 582/1401] Compiling install-ns3-header: ns3/half-duplex-ideal-phy.h
[ 583/1401] Compiling install-ns3-header: ns3/spectrum-model-300kHz-300GHz-log.h
[ 584/1401] Compiling install-ns3-header: ns3/spectrum-helper.h
[ 585/1401] Compiling install-ns3-header: ns3/half-duplex-ideal-phy-signal-parameters.h
[ 586/1401] Compiling install-ns3-header: ns3/spectrum-error-model.h
[ 587/1401] Compiling install-ns3-header: ns3/multi-model-spectrum-channel.h
[ 588/1401] Compiling install-ns3-header: ns3/single-model-spectrum-channel.h
[ 589/1401] Compiling install-ns3-header: ns3/spectrum-propagation-loss-model.h
[ 590/1401] Compiling install-ns3-header: ns3/aloha-noack-mac-header.h
[ 591/1401] Compiling install-ns3-header: ns3/spectrum-test.h
[ 592/1401] Compiling install-ns3-header: ns3/tv-spectrum-transmitter-helper.h
[ 593/1401] Compiling install-ns3-header: ns3/wifi-spectrum-value-helper.h
[ 594/1401] Compiling install-ns3-header: ns3/spectrum-converter.h
[ 595/1401] Compiling install-ns3-header: ns3/adhoc-aloha-noack-ideal-phy-helper.h
[ 596/1401] Compiling install-ns3-header: ns3/spectrum-analyzer-helper.h
[ 597/1401] Compiling install-ns3-header: ns3/spectrum-channel.h
[ 598/1401] Compiling install-ns3-header: ns3/waveform-generator.h
[ 599/1401] Compiling install-ns3-header: ns3/constant-spectrum-propagation-loss.h
[ 600/1401] Compiling install-ns3-header: ns3/spectrum-signal-parameters.h
[ 601/1401] Compiling install-ns3-header: ns3/spectrum-interference.h
[ 602/1401] Compiling install-ns3-header: ns3/spectrum-model.h
[ 603/1401] Compiling install-ns3-header: ns3/aloha-noack-net-device.h
[ 604/1401] Compiling install-ns3-header: ns3/spectrum-model-ism2400MHz-res1MHz.h
[ 605/1401] Compiling install-ns3-header: ns3/spectrum-phy.h
[ 606/1401] Compiling install-ns3-header: ns3/spectrum-analyzer.h
[ 607/1401] Compiling install-ns3-header: ns3/tv-spectrum-transmitter.h
[ 608/1401] Compiling install-ns3-header: ns3/friis-spectrum-propagation-loss.h
[ 609/1401] Compiling install-ns3-header: ns3/non-communicating-net-device.h
[ 610/1401] Compiling install-ns3-header: ns3/basic-data-calculators.h
[ 611/1401] Compiling install-ns3-header: ns3/boolean-probe.h
[ 612/1401] Compiling install-ns3-header: ns3/data-collection-object.h
[ 613/1401] Compiling install-ns3-header: ns3/gnuplot.h
[ 614/1401] Compiling install-ns3-header: ns3/time-data-calculators.h
[ 615/1401] Compiling install-ns3-header: ns3/data-calculator.h
[ 616/1401] Compiling install-ns3-header: ns3/gnuplot-helper.h
[ 617/1401] Compiling install-ns3-header: ns3/uinteger-16-probe.h
[ 618/1401] Compiling install-ns3-header: ns3/gnuplot-aggregator.h
[ 619/1401] Compiling install-ns3-header: ns3/probe.h
[ 620/1401] Compiling install-ns3-header: ns3/uinteger-32-probe.h
[ 621/1401] Compiling install-ns3-header: ns3/file-helper.h
[ 622/1401] Compiling install-ns3-header: ns3/double-probe.h
[ 623/1401] Compiling install-ns3-header: ns3/uinteger-8-probe.h
[ 624/1401] Compiling install-ns3-header: ns3/omnet-data-output.h
[ 625/1401] Compiling install-ns3-header: ns3/file-aggregator.h
[ 626/1401] Compiling install-ns3-header: ns3/data-collector.h
[ 627/1401] Compiling install-ns3-header: ns3/time-series-adaptor.h
[ 628/1401] Compiling install-ns3-header: ns3/time-probe.h
[ 629/1401] Compiling install-ns3-header: ns3/data-output-interface.h
[ 630/1401] Compiling install-ns3-header: ns3/get-wildcard-matches.h
[ 632/1401] Compiling install-ns3-header: ns3/average.h
[ 640/1401] Compiling install-ns3-header: ns3/pie-queue-disc.h
[ 641/1401] Compiling install-ns3-header: ns3/packet-filter.h
[ 642/1401] Compiling install-ns3-header: ns3/queue-disc-container.h
[ 643/1401] Compiling install-ns3-header: ns3/traffic-control-helper.h
[ 644/1401] Compiling install-ns3-header: ns3/queue-disc.h
[ 645/1401] Compiling install-ns3-header: ns3/fq-codel-queue-disc.h
[ 646/1401] Compiling install-ns3-header: ns3/red-queue-disc.h
[ 647/1401] Compiling install-ns3-header: ns3/codel-queue-disc.h
[ 648/1401] Compiling install-ns3-header: ns3/pfifo-fast-queue-disc.h
[ 649/1401] Compiling install-ns3-header: ns3/traffic-control-layer.h
[ 675/1401] Compiling install-ns3-header: ns3/vendor-specific-action.h
[ 676/1401] Compiling install-ns3-header: ns3/wifi-80211p-helper.h
[ 677/1401] Compiling install-ns3-header: ns3/wave-net-device.h
[ 678/1401] Compiling install-ns3-header: ns3/higher-tx-tag.h
[ 679/1401] Compiling install-ns3-header: ns3/wave-helper.h
[ 680/1401] Compiling install-ns3-header: ns3/wave-mac-low.h
[ 681/1401] Compiling install-ns3-header: ns3/wave-mac-helper.h
[ 682/1401] Compiling install-ns3-header: ns3/wave-bsm-stats.h
[ 683/1401] Compiling install-ns3-header: ns3/channel-coordinator.h
[ 684/1401] Compiling install-ns3-header: ns3/channel-manager.h
[ 685/1401] Compiling install-ns3-header: ns3/vsa-manager.h
[ 686/1401] Compiling install-ns3-header: ns3/ocb-wifi-mac.h
[ 687/1401] Compiling install-ns3-header: ns3/bsm-application.h
[ 688/1401] Compiling install-ns3-header: ns3/default-channel-scheduler.h
[ 689/1401] Compiling install-ns3-header: ns3/channel-scheduler.h
[ 690/1401] Compiling install-ns3-header: ns3/wave-bsm-helper.h
[ 691/1401] Processing command (${PYTHON}): ../bindings/python/ns3modulegen-modular.py ../src/wave/bindings/modulegen__gcc_LP64.py -> src/wave/bindings/ns3module.cc src/wave/bindings/ns3module.h src/wave/bindings/ns3modulegen.log

[ 692/1401] Compiling install-ns3-header: ns3/wifi-mac.h
[ 693/1401] Compiling install-ns3-header: ns3/spectrum-wifi-phy.h
[ 694/1401] Compiling install-ns3-header: ns3/capability-information.h
[ 695/1401] Compiling install-ns3-header: ns3/wifi-information-element.h
[ 696/1401] Compiling install-ns3-header: ns3/onoe-wifi-manager.h
[ 697/1401] Compiling install-ns3-header: ns3/wifi-radio-energy-model-helper.h
[ 698/1401] Compiling install-ns3-header: ns3/qos-utils.h
[ 699/1401] Compiling install-ns3-header: ns3/block-ack-manager.h
[ 700/1401] Compiling install-ns3-header: ns3/edca-parameter-set.h
[ 701/1401] Compiling install-ns3-header: ns3/parf-wifi-manager.h
[ 702/1401] Compiling install-ns3-header: ns3/interference-helper.h
[ 703/1401] Compiling install-ns3-header: ns3/amrr-wifi-manager.h
[ 704/1401] Compiling install-ns3-header: ns3/wifi-information-element-vector.h
[ 705/1401] Compiling install-ns3-header: ns3/minstrel-wifi-manager.h
[ 706/1401] Compiling install-ns3-header: ns3/aarfcd-wifi-manager.h
[ 707/1401] Compiling install-ns3-header: ns3/dcf.h
[ 708/1401] Compiling install-ns3-header: ns3/wifi-mac-header.h
[ 709/1401] Compiling install-ns3-header: ns3/ht-operations.h
[ 710/1401] Compiling install-ns3-header: ns3/wifi-channel.h
[ 711/1401] Compiling install-ns3-header: ns3/rraa-wifi-manager.h
[ 712/1401] Compiling install-ns3-header: ns3/nist-error-rate-model.h
[ 713/1401] Compiling install-ns3-header: ns3/originator-block-ack-agreement.h
[ 714/1401] Compiling install-ns3-header: ns3/ssid.h
[ 715/1401] Compiling install-ns3-header: ns3/minstrel-ht-wifi-manager.h
[ 716/1401] Compiling install-ns3-header: ns3/wifi-net-device.h
[ 717/1401] Compiling install-ns3-header: ns3/wifi-mode.h
[ 718/1401] Compiling install-ns3-header: ns3/wifi-tx-current-model.h
[ 719/1401] Compiling install-ns3-header: ns3/athstats-helper.h
[ 720/1401] Compiling install-ns3-header: ns3/adhoc-wifi-mac.h
[ 721/1401] Compiling install-ns3-header: ns3/wifi-mac-trailer.h
[ 722/1401] Compiling install-ns3-header: ns3/mac-tx-middle.h
[ 723/1401] Compiling install-ns3-header: ns3/vht-wifi-mac-helper.h
[ 724/1401] Compiling install-ns3-header: ns3/constant-rate-wifi-manager.h
[ 725/1401] Compiling install-ns3-header: ns3/mgt-headers.h
[ 726/1401] Compiling install-ns3-header: ns3/mpdu-aggregator.h
[ 727/1401] Compiling install-ns3-header: ns3/sta-wifi-mac.h
[ 728/1401] Compiling install-ns3-header: ns3/ctrl-headers.h
[ 729/1401] Compiling install-ns3-header: ns3/amsdu-subframe-header.h
[ 730/1401] Compiling install-ns3-header: ns3/spectrum-wifi-helper.h
[ 731/1401] Compiling install-ns3-header: ns3/mac-low.h
[ 732/1401] Compiling install-ns3-header: ns3/yans-wifi-phy.h
[ 733/1401] Compiling install-ns3-header: ns3/error-rate-model.h
[ 734/1401] Compiling install-ns3-header: ns3/wifi-tx-vector.h
[ 735/1401] Compiling install-ns3-header: ns3/yans-wifi-helper.h
[ 736/1401] Compiling install-ns3-header: ns3/qos-wifi-mac-helper.h
[ 737/1401] Compiling install-ns3-header: ns3/arf-wifi-manager.h
[ 738/1401] Compiling install-ns3-header: ns3/block-ack-cache.h
[ 739/1401] Compiling install-ns3-header: ns3/wifi-phy-tag.h
[ 740/1401] Compiling install-ns3-header: ns3/mac-rx-middle.h
[ 741/1401] Compiling install-ns3-header: ns3/ampdu-subframe-header.h
[ 742/1401] Compiling install-ns3-header: ns3/wifi-spectrum-phy-interface.h
[ 743/1401] Compiling install-ns3-header: ns3/dsss-parameter-set.h
[ 744/1401] Compiling install-ns3-header: ns3/edca-txop-n.h
[ 745/1401] Compiling install-ns3-header: ns3/cara-wifi-manager.h
[ 746/1401] Compiling install-ns3-header: ns3/nqos-wifi-mac-helper.h
[ 747/1401] Compiling install-ns3-header: ns3/wifi-phy-standard.h
[ 748/1401] Compiling install-ns3-header: ns3/wifi-radio-energy-model.h
[ 749/1401] Compiling install-ns3-header: ns3/wifi-helper.h
[ 750/1401] Compiling install-ns3-header: ns3/wifi-preamble.h
[ 751/1401] Compiling install-ns3-header: ns3/supported-rates.h
[ 752/1401] Compiling install-ns3-header: ns3/yans-wifi-channel.h
[ 753/1401] Compiling install-ns3-header: ns3/msdu-standard-aggregator.h
[ 754/1401] Compiling install-ns3-header: ns3/regular-wifi-mac.h
[ 755/1401] Compiling install-ns3-header: ns3/dcf-manager.h
[ 756/1401] Compiling install-ns3-header: ns3/wifi-spectrum-signal-parameters.h
[ 757/1401] Compiling install-ns3-header: ns3/yans-error-rate-model.h
[ 758/1401] Compiling install-ns3-header: ns3/dsss-error-rate-model.h
[ 759/1401] Compiling install-ns3-header: ns3/status-code.h
[ 760/1401] Compiling install-ns3-header: ns3/ht-wifi-mac-helper.h
[ 761/1401] Compiling install-ns3-header: ns3/aarf-wifi-manager.h
[ 762/1401] Compiling install-ns3-header: ns3/wifi-mac-queue.h
[ 763/1401] Compiling install-ns3-header: ns3/wifi-mac-helper.h
[ 764/1401] Compiling install-ns3-header: ns3/wifi-remote-station-manager.h
[ 765/1401] Compiling install-ns3-header: ns3/block-ack-agreement.h
[ 766/1401] Compiling install-ns3-header: ns3/mpdu-standard-aggregator.h
[ 767/1401] Compiling install-ns3-header: ns3/wifi-phy.h
[ 768/1401] Compiling install-ns3-header: ns3/dca-txop.h
[ 769/1401] Compiling install-ns3-header: ns3/wifi-phy-state-helper.h
[ 770/1401] Compiling install-ns3-header: ns3/ht-capabilities.h
[ 771/1401] Compiling install-ns3-header: ns3/ampdu-tag.h
[ 772/1401] Compiling install-ns3-header: ns3/ap-wifi-mac.h
[ 773/1401] Compiling install-ns3-header: ns3/ideal-wifi-manager.h
[ 774/1401] Compiling install-ns3-header: ns3/erp-information.h
[ 775/1401] Compiling install-ns3-header: ns3/snr-tag.h
[ 776/1401] Compiling install-ns3-header: ns3/vht-capabilities.h
[ 777/1401] Compiling install-ns3-header: ns3/aparf-wifi-manager.h
[ 778/1401] Compiling install-ns3-header: ns3/msdu-aggregator.h
[ 779/1401] Processing command (${PYTHON}): ../bindings/python/ns3modulegen-modular.py ../src/wifi/bindings/modulegen__gcc_LP64.py ../src/wifi/bindings/modulegen_customizations.py -> src/wifi/bindings/ns3module.cc src/wifi/bindings/ns3module.h src/wifi/bindings/ns3modulegen.log

[ 825/1401] Processing gen-module-header: ns3/antenna-module.h
[ 826/1401] Processing gen-module-header: ns3/applications-module.h
[ 826/1401] Processing gen-module-header: ns3/bridge-module.h
[ 827/1401] Processing gen-module-header: ns3/config-store-module.h
[ 829/1401] Processing gen-module-header: ns3/core-module.h
[ 830/1401] Processing gen-module-header: ns3/energy-module.h
[ 830/1401] Processing gen-module-header: ns3/internet-module.h
[ 831/1401] Processing gen-module-header: ns3/mobility-module.h
[ 832/1401] Processing gen-module-header: ns3/mpi-module.h
[ 833/1401] Processing gen-module-header: ns3/network-module.h
[ 835/1401] Processing gen-module-header: ns3/obstacle-module.h
[ 835/1401] Processing gen-module-header: ns3/propagation-module.h
[ 836/1401] Processing gen-module-header: ns3/spectrum-module.h
[ 837/1401] Processing gen-module-header: ns3/stats-module.h
[ 838/1401] Processing gen-module-header: ns3/traffic-control-module.h
[ 839/1401] Processing gen-module-header: ns3/wave-module.h
[ 840/1401] Processing gen-module-header: ns3/wifi-module.h
[ 841/1401] Creating build/bindings/python/ns3.py
[ 842/1401] Compiling bindings/python/ns__init__.py
[ 843/1401] Compiling src/wave/helper/wave-bsm-stats.cc
[ 844/1401] Compiling src/wave/helper/wave-helper.cc
[ 845/1401] Compiling src/wifi/model/wifi-mode.cc
[ 846/1401] Compiling src/wifi/model/yans-wifi-phy.cc
[ 847/1401] Compiling src/wifi/model/wifi-spectrum-signal-parameters.cc
[ 848/1401] Compiling src/wifi/model/wifi-mac-trailer.cc
[ 849/1401] Compiling src/wifi/model/capability-information.cc
[ 850/1401] Compiling src/wifi/model/ap-wifi-mac.cc
[ 851/1401] Compiling src/wifi/model/adhoc-wifi-mac.cc
[ 852/1401] Compiling src/wifi/model/onoe-wifi-manager.cc
[ 853/1401] Compiling src/wifi/model/minstrel-wifi-manager.cc
[ 854/1401] Compiling src/wifi/model/msdu-aggregator.cc
[ 855/1401] Compiling src/wifi/model/amsdu-subframe-header.cc
[ 856/1401] Compiling src/wifi/model/qos-blocked-destinations.cc
[ 857/1401] Compiling src/wifi/model/ht-capabilities.cc
[ 858/1401] Compiling src/wifi/model/parf-wifi-manager.cc
[ 859/1401] Compiling src/wifi/model/aparf-wifi-manager.cc
[ 860/1401] Compiling src/wifi/model/ampdu-subframe-header.cc
[ 861/1401] Compiling src/wifi/helper/vht-wifi-mac-helper.cc
[ 862/1401] Compiling src/wifi/helper/wifi-helper.cc
[ 863/1401] Compiling scratch/vanet/fb-vanet-3d.cc
[ 864/1401] Compiling utils/test-runner.cc
[ 865/1401] Compiling utils/bench-packets.cc
[ 866/1401] Compiling utils/print-introspected-doxygen.cc
[ 867/1401] Compiling scratch/vanet/FBApplication.cc
[ 868/1401] Compiling src/wifi/helper/nqos-wifi-mac-helper.cc
[ 869/1401] Compiling src/wifi/helper/yans-wifi-helper.cc
[ 870/1401] Compiling src/wifi/model/dsss-parameter-set.cc
[ 871/1401] Compiling src/wifi/model/vht-capabilities.cc
[ 872/1401] Compiling src/wifi/model/wifi-tx-current-model.cc
[ 873/1401] Compiling src/wifi/model/mpdu-standard-aggregator.cc
[ 874/1401] Compiling src/wifi/model/wifi-tx-vector.cc
[ 875/1401] Compiling src/wifi/model/snr-tag.cc
[ 876/1401] Compiling src/wifi/model/block-ack-cache.cc
[ 877/1401] Compiling src/wifi/model/edca-txop-n.cc
[ 878/1401] Compiling src/wifi/model/qos-utils.cc
[ 879/1401] Compiling src/wifi/model/aarfcd-wifi-manager.cc
[ 880/1401] Compiling src/wifi/model/sta-wifi-mac.cc
[ 881/1401] Compiling src/wifi/model/wifi-remote-station-manager.cc
[ 882/1401] Compiling src/wifi/model/wifi-mac.cc
[ 883/1401] Compiling src/wifi/model/mgt-headers.cc
[ 884/1401] Compiling src/wifi/model/supported-rates.cc
[ 885/1401] Compiling src/wifi/model/mac-tx-middle.cc
[ 886/1401] Compiling src/wifi/model/wifi-mac-header.cc
[ 887/1401] Compiling src/wifi/model/nist-error-rate-model.cc
[ 888/1401] Compiling src/wifi/model/error-rate-model.cc
[ 889/1401] Compiling src/wifi/model/wifi-phy-state-helper.cc
[ 890/1401] Compiling src/wifi/model/ssid.cc
[ 891/1401] Compiling src/wave/helper/wave-bsm-helper.cc
[ 892/1401] Compiling src/wave/helper/wifi-80211p-helper.cc
[ 893/1401] Compiling src/wave/helper/wave-mac-helper.cc
[ 894/1401] Compiling src/wave/model/vsa-manager.cc
[ 895/1401] Compiling src/wave/model/ocb-wifi-mac.cc
[ 896/1401] Compiling src/traffic-control/model/pfifo-fast-queue-disc.cc
[ 897/1401] Compiling src/stats/model/time-series-adaptor.cc
[ 898/1401] Compiling src/stats/model/data-collection-object.cc
[ 899/1401] Compiling src/stats/helper/gnuplot-helper.cc
[ 900/1401] Compiling src/spectrum/model/half-duplex-ideal-phy.cc
[ 901/1401] Compiling src/spectrum/model/waveform-generator.cc
[ 902/1401] Compiling src/spectrum/model/spectrum-interference.cc
[ 903/1401] Compiling src/spectrum/model/spectrum-channel.cc
[ 904/1401] Compiling src/spectrum/model/spectrum-signal-parameters.cc
[ 905/1401] Compiling src/spectrum/model/spectrum-converter.cc
[ 906/1401] Compiling src/spectrum/model/spectrum-value.cc
[ 907/1401] Compiling src/spectrum/model/spectrum-model.cc
[ 908/1401] Compiling src/propagation/model/itu-r-1411-los-propagation-loss-model.cc
[ 909/1401] Compiling src/propagation/model/okumura-hata-propagation-loss-model.cc
[ 910/1401] Compiling src/obstacle/model/topology.cc
[ 911/1401] Compiling src/network/helper/packet-socket-helper.cc
[ 912/1401] Compiling src/network/helper/net-device-container.cc
[ 913/1401] Compiling src/network/utils/packet-probe.cc
[ 914/1401] Compiling src/network/utils/queue-limits.cc
[ 915/1401] Compiling src/network/utils/queue.cc
[ 916/1401] Compiling src/network/utils/pcap-file.cc
[ 917/1401] Compiling src/network/utils/packet-socket.cc
[ 918/1401] Compiling src/network/utils/llc-snap-header.cc
[ 919/1401] Compiling src/network/utils/inet-socket-address.cc
[ 920/1401] Compiling src/mpi/model/remote-channel-bundle-manager.cc
[ 921/1401] Compiling src/mobility/model/hierarchical-mobility-model.cc
[ 922/1401] Compiling src/mobility/model/constant-velocity-helper.cc
[ 923/1401] Compiling src/internet/model/rip.cc
[ 924/1401] Compiling src/internet/model/ipv4-packet-probe.cc
[ 925/1401] Compiling src/internet/helper/ipv6-address-helper.cc
[ 926/1401] Compiling src/internet/helper/internet-stack-helper.cc
[ 927/1401] Compiling src/internet/model/ipv4-global-routing.cc
[ 928/1401] Compiling src/internet/model/ipv6-routing-table-entry.cc
[ 929/1401] Compiling src/internet/model/ipv6-static-routing.cc
[ 930/1401] Compiling src/internet/model/ipv4-static-routing.cc
[ 931/1401] Compiling src/internet/helper/ipv4-list-routing-helper.cc
[ 932/1401] Compiling src/internet/model/ipv6-list-routing.cc
[ 933/1401] Compiling src/internet/model/ipv4-list-routing.cc
[ 934/1401] Compiling src/internet/model/ipv6-routing-protocol.cc
[ 935/1401] Compiling src/internet/model/ipv6.cc
[ 936/1401] Compiling src/internet/model/ipv6-packet-filter.cc
[ 937/1401] Compiling src/internet/model/ipv6-queue-disc-item.cc
[ 938/1401] Compiling src/internet/model/ipv4-raw-socket-factory.cc
[ 939/1401] Compiling src/internet/model/udp-socket-factory.cc
[ 940/1401] Compiling src/internet/model/ipv4-routing-protocol.cc
[ 941/1401] Compiling src/internet/model/ipv4-queue-disc-item.cc
[ 942/1401] Compiling src/internet/model/ipv4-interface-address.cc
[ 943/1401] Compiling src/internet/model/ipv6-packet-info-tag.cc
[ 944/1401] Compiling src/internet/model/tcp-option-ts.cc
[ 945/1401] Compiling src/internet/model/tcp-htcp.cc
[ 946/1401] Compiling src/internet/model/tcp-illinois.cc
[ 947/1401] Compiling src/internet/model/tcp-yeah.cc
[ 948/1401] Compiling src/internet/model/tcp-veno.cc
[ 949/1401] Compiling src/internet/model/tcp-highspeed.cc
[ 950/1401] Compiling src/internet/model/tcp-socket-base.cc
[ 951/1401] Compiling src/internet/model/ipv6-option.cc
[ 952/1401] Compiling src/internet/model/ipv6-extension-demux.cc
[ 953/1401] Compiling src/internet/model/ipv6-extension-header.cc
[ 954/1401] Compiling src/internet/model/ipv6-l3-protocol.cc
[ 955/1401] Compiling src/internet/model/icmpv6-header.cc
[ 956/1401] Compiling src/internet/model/udp-socket-factory-impl.cc
[ 957/1401] Compiling src/internet/model/udp-l4-protocol.cc
[ 958/1401] Compiling src/internet/model/tcp-header.cc
[ 959/1401] Compiling src/energy/helper/li-ion-energy-source-helper.cc
[ 960/1401] Compiling src/energy/helper/basic-energy-source-helper.cc
[ 961/1401] Compiling src/energy/model/energy-harvester.cc
[ 962/1401] Compiling src/core/model/system-path.cc
[ 963/1401] Compiling src/core/model/pointer.cc
[ 964/1401] Compiling src/core/model/type-name.cc
[ 965/1401] Compiling src/core/model/rng-seed-manager.cc
[ 966/1401] Compiling src/core/model/test.cc
[ 967/1401] Compiling src/core/model/object.cc
[ 968/1401] Compiling src/core/model/ref-count-base.cc
[ 969/1401] Compiling src/core/model/object-base.cc
[ 970/1401] Compiling src/core/model/breakpoint.cc
[ 971/1401] Compiling src/core/model/event-impl.cc
[ 972/1401] Compiling src/core/model/calendar-scheduler.cc
[ 973/1401] Compiling src/core/model/scheduler.cc
[ 974/1401] Compiling src/config-store/model/xml-config.cc
[ 975/1401] Compiling src/config-store/model/raw-text-config.cc
[ 976/1401] Compiling src/bridge/helper/bridge-helper.cc
[ 977/1401] Compiling src/bridge/model/bridge-channel.cc
[ 978/1401] Compiling build/src/applications/bindings/ns3module.cc
[ 979/1401] Compiling src/applications/helper/bulk-send-helper.cc
[ 980/1401] Compiling src/applications/model/udp-echo-server.cc
[ 981/1401] Compiling src/applications/model/udp-echo-client.cc
[ 982/1401] Compiling src/applications/model/packet-loss-counter.cc
[ 983/1401] Compiling src/applications/model/udp-trace-client.cc
[ 984/1401] Compiling src/applications/model/packet-sink.cc
[ 985/1401] Compiling src/applications/model/bulk-send-application.cc
[ 986/1401] Compiling src/applications/model/onoff-application.cc
[ 987/1401] Compiling src/core/model/simulator-impl.cc
[ 988/1401] Compiling src/core/model/default-simulator-impl.cc
[ 989/1401] Compiling src/core/model/log.cc
[ 990/1401] Compiling src/core/model/rng-stream.cc
[ 991/1401] Compiling src/core/model/attribute.cc
[ 992/1401] Compiling src/core/model/enum.cc
[ 993/1401] Compiling src/core/model/double.cc
[ 994/1401] Compiling src/core/model/object-factory.cc
[ 995/1401] Compiling src/core/model/global-value.cc
[ 996/1401] Compiling src/core/model/trace-source-accessor.cc
[ 997/1401] Compiling src/core/model/config.cc
[ 998/1401] Compiling src/core/model/names.cc
[ 999/1401] Compiling src/core/helper/event-garbage-collector.cc
[1000/1401] Compiling src/core/model/hash-fnv.cc
[1001/1401] Compiling src/core/model/des-metrics.cc
[1002/1401] Compiling src/core/model/unix-system-wall-clock-ms.cc
[1003/1401] Compiling src/core/model/unix-system-condition.cc
[1004/1401] Compiling src/energy/model/energy-source.cc
[1005/1401] Compiling src/energy/model/li-ion-energy-source.cc
[1006/1401] Compiling src/energy/model/device-energy-model.cc
[1007/1401] Compiling src/energy/model/simple-device-energy-model.cc
[1008/1401] Compiling src/energy/helper/energy-model-helper.cc
[1009/1401] Compiling src/internet/model/ip-l4-protocol.cc
[1010/1401] Compiling src/internet/model/ipv4-end-point.cc
[1011/1401] Compiling src/internet/model/tcp-l4-protocol.cc
[1012/1401] Compiling src/internet/model/arp-header.cc
[1013/1401] Compiling src/internet/model/arp-cache.cc
[1014/1401] Compiling src/internet/model/arp-l3-protocol.cc
[1015/1401] Compiling src/internet/model/udp-socket-impl.cc
[1016/1401] Compiling src/internet/model/tcp-socket-factory-impl.cc
[1017/1401] Compiling src/internet/model/icmpv4.cc
[1018/1401] Compiling src/internet/model/icmpv4-l4-protocol.cc
[1019/1401] Compiling src/internet/model/ipv6-autoconfigured-prefix.cc
[1020/1401] Compiling src/internet/model/ipv6-option-header.cc
[1021/1401] Compiling src/internet/model/ipv6-option-demux.cc
[1022/1401] Compiling src/internet/model/tcp-bic.cc
[1023/1401] Compiling src/internet/model/tcp-rx-buffer.cc
[1024/1401] Compiling src/internet/model/tcp-option-rfc793.cc
[1025/1401] Compiling src/internet/model/tcp-socket.cc
[1026/1401] Compiling src/internet/model/ipv6-interface-address.cc
[1027/1401] Compiling src/internet/model/ipv6-raw-socket-factory.cc
[1028/1401] Compiling src/internet/model/ipv4-routing-table-entry.cc
[1029/1401] Compiling src/internet/helper/ipv4-static-routing-helper.cc
[1030/1401] Compiling src/internet/helper/internet-trace-helper.cc
[1031/1401] Compiling src/internet/helper/ipv6-interface-container.cc
[1032/1401] Compiling src/internet/helper/ipv6-routing-helper.cc
[1033/1401] Compiling src/internet/model/ipv6-address-generator.cc
[1034/1401] Compiling src/internet/model/ipv6-packet-probe.cc
[1035/1401] Compiling src/internet/model/ipv6-pmtu-cache.cc
[1036/1401] Compiling src/internet/helper/rip-helper.cc
[1037/1401] Compiling src/mobility/model/constant-acceleration-mobility-model.cc
[1038/1401] Compiling src/mobility/model/constant-velocity-mobility-model.cc
[1039/1401] Compiling src/mobility/model/steady-state-random-waypoint-mobility-model.cc
[1040/1401] Compiling src/mobility/helper/mobility-helper.cc
[1041/1401] Compiling src/mobility/helper/ns2-mobility-helper.cc
[1042/1401] Compiling src/mpi/model/distributed-simulator-impl.cc
[1043/1401] Compiling src/mpi/model/remote-channel-bundle.cc
[1044/1401] Compiling src/network/model/address.cc
[1045/1401] Compiling src/network/model/application.cc
[1046/1401] Compiling src/network/model/buffer.cc
[1047/1401] Compiling src/network/model/nix-vector.cc
[1048/1401] Compiling src/network/model/net-device.cc
[1049/1401] Compiling src/network/model/packet.cc
[1050/1401] Compiling src/network/model/tag-buffer.cc
[1051/1401] Compiling src/network/utils/drop-tail-queue.cc
[1052/1401] Compiling src/network/utils/dynamic-queue-limits.cc
[1053/1401] Compiling src/network/utils/ipv4-address.cc
[1054/1401] Compiling src/network/utils/ipv6-address.cc
[1055/1401] Compiling src/network/utils/packetbb.cc
[1056/1401] Compiling src/network/utils/packet-burst.cc
[1057/1401] Compiling src/network/utils/radiotap-header.cc
[1058/1401] Compiling src/network/utils/sll-header.cc
[1059/1401] Compiling src/obstacle/helper/obstacle-helper.cc
[1060/1401] Compiling src/propagation/model/propagation-delay-model.cc
[1061/1401] Compiling src/propagation/model/jakes-process.cc
[1062/1401] Compiling src/propagation/model/cost231-propagation-loss-model.cc
[1063/1401] Compiling src/propagation/model/itu-r-1411-nlos-over-rooftop-propagation-loss-model.cc
[1064/1401] Compiling src/spectrum/model/multi-model-spectrum-channel.cc
[1065/1401] Compiling src/spectrum/model/spectrum-error-model.cc
[1066/1401] Compiling src/spectrum/model/spectrum-model-ism2400MHz-res1MHz.cc
[1067/1401] Compiling src/spectrum/model/spectrum-model-300kHz-300GHz-log.cc
[1068/1401] Compiling src/spectrum/model/wifi-spectrum-value-helper.cc
[1069/1401] Compiling src/spectrum/model/spectrum-analyzer.cc
[1070/1401] Compiling src/spectrum/model/aloha-noack-net-device.cc
[1071/1401] Compiling src/spectrum/model/non-communicating-net-device.cc
[1072/1401] Compiling src/spectrum/helper/waveform-generator-helper.cc
[1073/1401] Compiling src/spectrum/helper/spectrum-analyzer-helper.cc
[1074/1401] Compiling src/stats/model/data-output-interface.cc
[1075/1401] Compiling src/stats/model/omnet-data-output.cc
[1076/1401] Compiling src/stats/model/gnuplot.cc
[1077/1401] Compiling src/stats/model/boolean-probe.cc
[1078/1401] Compiling src/stats/model/double-probe.cc
[1079/1401] Compiling src/stats/model/time-probe.cc
[1080/1401] Compiling src/traffic-control/model/packet-filter.cc
[1081/1401] Compiling src/traffic-control/model/queue-disc.cc
[1082/1401] Compiling src/traffic-control/model/red-queue-disc.cc
[1083/1401] Compiling src/traffic-control/model/codel-queue-disc.cc
[1084/1401] Compiling src/wave/model/wave-mac-low.cc
[1085/1401] Compiling src/wave/model/bsm-application.cc
[1086/1401] Compiling src/wave/model/higher-tx-tag.cc
[1087/1401] Compiling src/wave/model/wave-net-device.cc
[1088/1401] Compiling src/wifi/model/wifi-information-element.cc
[1089/1401] Compiling src/wifi/model/wifi-channel.cc
[1090/1401] Compiling src/wifi/model/wifi-phy.cc
[1091/1401] Compiling src/wifi/model/yans-error-rate-model.cc
[1092/1401] Compiling src/wifi/model/interference-helper.cc
[1093/1401] Compiling src/wifi/model/spectrum-wifi-phy.cc
[1094/1401] Compiling src/wifi/model/wifi-phy-tag.cc
[1095/1401] Compiling src/wifi/model/wifi-spectrum-phy-interface.cc
[1096/1401] Compiling src/wifi/model/mac-low.cc
[1097/1401] Compiling src/wifi/model/dca-txop.cc
[1098/1401] Compiling src/wifi/model/status-code.cc
[1099/1401] Compiling src/wifi/model/dcf-manager.cc
[1100/1401] Compiling src/wifi/model/regular-wifi-mac.cc
[1101/1401] Compiling src/wifi/model/ideal-wifi-manager.cc
[1102/1401] Compiling src/wifi/model/constant-rate-wifi-manager.cc
[1103/1401] Compiling src/wifi/model/amrr-wifi-manager.cc
[1104/1401] Compiling src/wifi/model/cara-wifi-manager.cc
[1105/1401] Compiling src/wifi/model/minstrel-ht-wifi-manager.cc
[1106/1401] Compiling src/wifi/model/dcf.cc
[1107/1401] Compiling src/wifi/model/block-ack-agreement.cc
[1108/1401] Compiling src/wifi/model/block-ack-manager.cc
[1109/1401] Compiling src/wifi/model/ampdu-tag.cc
[1110/1401] Compiling src/wifi/model/ht-operations.cc
[1111/1401] Compiling src/wifi/helper/wifi-radio-energy-model-helper.cc
[1112/1401] Compiling src/wifi/helper/wifi-mac-helper.cc
[1113/1401] Compiling scratch/vanet-urban/FBHeader.cc
[1114/1401] Compiling scratch/vanet-urban/FBNode.cc
[1115/1401] Compiling scratch/vanet-urban/fb-vanet.cc
[1116/1401] Compiling utils/bench-simulator.cc
[1117/1401] Compiling src/wave/model/channel-manager.cc
[1118/1401] Compiling src/traffic-control/helper/traffic-control-helper.cc
[1119/1401] Compiling src/traffic-control/model/pie-queue-disc.cc
[1120/1401] Compiling src/traffic-control/model/fq-codel-queue-disc.cc
[1121/1401] Compiling src/stats/model/data-calculator.cc
[1122/1401] Compiling src/stats/helper/file-helper.cc
[1123/1401] Compiling src/spectrum/helper/tv-spectrum-transmitter-helper.cc
[1124/1401] Compiling src/spectrum/model/microwave-oven-spectrum-value-helper.cc
[1125/1401] Compiling src/spectrum/model/spectrum-phy.cc
[1126/1401] Compiling src/spectrum/model/spectrum-propagation-loss-model.cc
[1127/1401] Compiling src/propagation/model/propagation-loss-model.cc
[1128/1401] Compiling src/obstacle/model/obstacle.cc
[1129/1401] Compiling src/network/helper/node-container.cc
[1130/1401] Compiling src/network/utils/packet-socket-server.cc
[1131/1401] Compiling src/network/utils/simple-net-device.cc
[1132/1401] Compiling src/network/utils/pcap-file-wrapper.cc
[1133/1401] Compiling src/network/utils/packet-socket-factory.cc
[1134/1401] Compiling src/network/utils/mac48-address.cc
[1135/1401] Compiling src/network/utils/error-model.cc
[1136/1401] Compiling src/network/utils/data-rate.cc
[1137/1401] Compiling src/network/utils/ascii-file.cc
[1138/1401] Compiling src/network/model/tag.cc
[1139/1401] Compiling src/network/model/channel.cc
[1140/1401] Compiling src/network/model/byte-tag-list.cc
[1141/1401] Compiling src/mpi/model/null-message-simulator-impl.cc
[1142/1401] Compiling src/mpi/model/mpi-receiver.cc
[1143/1401] Compiling src/mobility/model/gauss-markov-mobility-model.cc
[1144/1401] Compiling src/mobility/model/box.cc
[1145/1401] Compiling src/internet/helper/ipv4-address-helper.cc
[1146/1401] Compiling src/internet/model/candidate-queue.cc
[1147/1401] Compiling src/internet/model/global-route-manager-impl.cc
[1148/1401] Compiling src/internet/model/ipv6-header.cc
[1149/1401] Compiling src/internet/model/ipv4-packet-filter.cc
[1150/1401] Compiling src/internet/model/ipv4-header.cc
[1151/1401] Compiling src/internet/model/ipv4-address-generator.cc
[1152/1401] Compiling src/internet/model/tcp-tx-buffer.cc
[1153/1401] Compiling src/internet/model/tcp-scalable.cc
[1154/1401] Compiling src/internet/model/pending-data.cc
[1155/1401] Compiling src/internet/model/ipv4-interface.cc
[1156/1401] Compiling src/internet/model/udp-header.cc
[1157/1401] Compiling src/energy/helper/basic-energy-harvester-helper.cc
[1158/1401] Compiling src/energy/helper/rv-battery-model-helper.cc
[1159/1401] Compiling src/energy/helper/energy-source-container.cc
[1160/1401] Compiling src/energy/model/device-energy-model-container.cc
[1161/1401] Compiling src/energy/model/rv-battery-model.cc
[1162/1401] Compiling src/core/model/unix-system-mutex.cc
[1163/1401] Compiling src/core/model/integer.cc
[1164/1401] Compiling src/core/model/type-id.cc
[1165/1401] Compiling src/core/model/timer.cc
[1166/1401] Compiling src/core/model/event-id.cc
[1167/1401] Compiling src/core/model/time.cc
[1168/1401] Compiling src/config-store/model/file-config.cc
[1169/1401] Compiling src/applications/helper/udp-echo-helper.cc
[1170/1401] Compiling src/applications/model/seq-ts-header.cc
[1171/1401] Compiling src/antenna/model/parabolic-antenna-model.cc
[1172/1401] Compiling src/antenna/model/antenna-model.cc
[1173/1401] Compiling src/antenna/model/isotropic-antenna-model.cc
[1174/1401] Compiling src/config-store/model/attribute-iterator.cc
[1175/1401] Compiling src/config-store/model/config-store.cc
[1176/1401] Compiling src/core/model/heap-scheduler.cc
[1177/1401] Compiling src/core/model/simulator.cc
[1178/1401] Compiling src/core/model/attribute-construction-list.cc
[1179/1401] Compiling src/core/model/uinteger.cc
[1180/1401] Compiling src/core/model/int64x64.cc
[1181/1401] Compiling src/core/model/fatal-impl.cc
[1182/1401] Compiling src/core/helper/random-variable-stream-helper.cc
[1183/1401] Compiling src/core/model/hash-function.cc
[1184/1401] Compiling src/core/model/hash.cc
[1185/1401] Compiling src/core/model/int64x64-128.cc
[1186/1401] Compiling src/core/model/wall-clock-synchronizer.cc
[1187/1401] Compiling src/energy/model/basic-energy-source.cc
[1188/1401] Compiling src/energy/model/basic-energy-harvester.cc
[1189/1401] Compiling src/energy/helper/energy-harvester-helper.cc
[1190/1401] Compiling src/internet/model/ipv4-l3-protocol.cc
[1191/1401] Compiling src/internet/model/ipv4-raw-socket-factory-impl.cc
[1192/1401] Compiling src/internet/model/tcp-westwood.cc
[1193/1401] Compiling src/internet/model/tcp-option-winscale.cc
[1194/1401] Compiling src/internet/helper/ipv4-global-routing-helper.cc
[1195/1401] Compiling src/internet/helper/ipv4-interface-container.cc
[1196/1401] Compiling src/internet/helper/ipv4-routing-helper.cc
[1197/1401] Compiling src/internet/model/ripng-header.cc
[1198/1401] Compiling src/internet/model/rip-header.cc
[1199/1401] Compiling src/mobility/model/constant-position-mobility-model.cc
[1200/1401] Compiling src/mobility/model/random-walk-2d-mobility-model.cc
[1201/1401] Compiling src/mobility/model/random-waypoint-mobility-model.cc
[1202/1401] Compiling src/mobility/model/waypoint.cc
[1203/1401] Compiling src/mpi/model/mpi-interface.cc
[1204/1401] Compiling src/network/model/header.cc
[1205/1401] Compiling src/network/model/node-list.cc
[1206/1401] Compiling src/network/model/packet-tag-list.cc
[1207/1401] Compiling src/network/model/socket-factory.cc
[1208/1401] Compiling src/network/utils/address-utils.cc
[1209/1401] Compiling src/network/utils/output-stream-wrapper.cc
[1210/1401] Compiling src/network/helper/application-container.cc
[1211/1401] Compiling src/network/helper/trace-helper.cc
[1212/1401] Compiling src/obstacle/model/obstacle-shadowing-propagation-loss-model.cc
[1213/1401] Compiling src/propagation/model/kun-2600-mhz-propagation-loss-model.cc
[1214/1401] Compiling src/spectrum/model/half-duplex-ideal-phy-signal-parameters.cc
[1215/1401] Compiling src/stats/model/probe.cc
[1216/1401] Compiling src/stats/model/get-wildcard-matches.cc
[1217/1401] Compiling src/wave/model/vendor-specific-action.cc
[1218/1401] Compiling src/wave/model/channel-scheduler.cc
[1219/1401] Compiling src/wave/model/default-channel-scheduler.cc
[1220/1401] Compiling src/wifi/model/wifi-information-element-vector.cc
[1221/1401] Compiling src/wifi/model/dsss-error-rate-model.cc
[1222/1401] Compiling src/wifi/model/mac-rx-middle.cc
[1223/1401] Compiling src/wifi/model/wifi-net-device.cc
[1224/1401] Compiling src/wifi/model/aarf-wifi-manager.cc
[1225/1401] Compiling src/wifi/model/rraa-wifi-manager.cc
[1226/1401] Compiling src/wifi/model/originator-block-ack-agreement.cc
[1227/1401] Compiling src/wifi/model/ctrl-headers.cc
[1228/1401] Compiling src/wifi/model/mpdu-aggregator.cc
[1229/1401] Compiling src/wifi/model/wifi-radio-energy-model.cc
[1230/1401] Compiling src/wifi/model/erp-information.cc
[1231/1401] Compiling src/wifi/model/edca-parameter-set.cc
[1232/1401] Compiling src/wifi/helper/spectrum-wifi-helper.cc
[1233/1401] Compiling src/wifi/helper/qos-wifi-mac-helper.cc
[1234/1401] Compiling scratch/vanet/FBHeader.cc
[1235/1401] Compiling scratch/vanet/FBNode.cc
[1236/1401] Compiling scratch/vanet-urban/FBApplication.cc
[1237/1401] Compiling src/wifi/helper/athstats-helper.cc
[1238/1401] Compiling src/wifi/helper/ht-wifi-mac-helper.cc
[1239/1401] Compiling src/wifi/model/msdu-standard-aggregator.cc
[1240/1401] Compiling src/wifi/model/arf-wifi-manager.cc
[1241/1401] Compiling src/wifi/model/random-stream.cc
[1242/1401] Compiling src/wifi/model/wifi-mac-queue.cc
[1243/1401] Compiling src/wifi/model/yans-wifi-channel.cc
[1244/1401] Compiling src/wave/model/channel-coordinator.cc
[1245/1401] Compiling src/traffic-control/model/traffic-control-layer.cc
[1246/1401] Compiling src/stats/model/gnuplot-aggregator.cc
[1247/1401] Compiling src/stats/model/uinteger-32-probe.cc
[1248/1401] Compiling src/stats/model/data-collector.cc
[1249/1401] Compiling src/stats/model/time-data-calculators.cc
[1250/1401] Compiling src/spectrum/model/tv-spectrum-transmitter.cc
[1251/1401] Compiling src/spectrum/model/aloha-noack-mac-header.cc
[1252/1401] Compiling src/spectrum/model/constant-spectrum-propagation-loss.cc
[1253/1401] Compiling src/propagation/model/jakes-propagation-loss-model.cc
[1254/1401] Compiling src/network/helper/simple-net-device-helper.cc
[1255/1401] Compiling src/network/utils/packet-data-calculators.cc
[1256/1401] Compiling src/network/utils/packet-socket-address.cc
[1257/1401] Compiling src/network/utils/mac64-address.cc
[1258/1401] Compiling src/network/utils/inet6-socket-address.cc
[1259/1401] Compiling src/network/utils/ethernet-trailer.cc
[1260/1401] Compiling src/network/utils/ethernet-header.cc
[1261/1401] Compiling src/network/model/packet-metadata.cc
[1262/1401] Compiling src/network/model/chunk.cc
[1263/1401] Compiling src/network/model/channel-list.cc
[1264/1401] Compiling src/mobility/model/rectangle.cc
[1265/1401] Compiling src/mobility/model/position-allocator.cc
[1266/1401] Compiling src/internet/model/global-router-interface.cc
[1267/1401] Compiling src/internet/helper/ipv6-list-routing-helper.cc
[1268/1401] Compiling src/internet/model/ipv6-route.cc
[1269/1401] Compiling src/internet/model/tcp-socket-factory.cc
[1270/1401] Compiling src/internet/model/udp-socket.cc
[1271/1401] Compiling src/internet/model/tcp-option.cc
[1272/1401] Compiling src/internet/model/tcp-congestion-ops.cc
[1273/1401] Compiling src/internet/model/tcp-vegas.cc
[1274/1401] Compiling src/internet/model/tcp-hybla.cc
[1275/1401] Compiling src/internet/model/ipv6-extension.cc
[1276/1401] Compiling src/internet/model/ipv6-raw-socket-factory-impl.cc
[1277/1401] Compiling src/internet/model/ipv6-end-point-demux.cc
[1278/1401] Compiling src/internet/model/ipv6-end-point.cc
[1279/1401] Compiling src/internet/model/ndisc-cache.cc
[1280/1401] Compiling src/internet/model/ipv4-raw-socket-impl.cc
[1281/1401] Compiling src/internet/model/rtt-estimator.cc
[1282/1401] Compiling src/internet/model/ipv4-end-point-demux.cc
[1283/1401] Compiling src/energy/helper/energy-harvester-container.cc
[1284/1401] Compiling src/core/model/system-thread.cc
[1285/1401] Compiling src/core/model/realtime-simulator-impl.cc
[1286/1401] Compiling src/core/model/object-ptr-container.cc
[1287/1401] Compiling src/core/model/random-variable-stream.cc
[1288/1401] Compiling src/core/model/list-scheduler.cc
[1289/1401] Compiling src/bridge/model/bridge-net-device.cc
[1290/1401] Compiling src/applications/helper/udp-client-server-helper.cc
[1291/1401] Compiling src/applications/helper/on-off-helper.cc
[1292/1401] Compiling src/applications/model/udp-server.cc
[1293/1401] Compiling src/applications/model/udp-client.cc
[1294/1401] Compiling src/antenna/model/cosine-antenna-model.cc
[1295/1401] Compiling src/antenna/model/angles.cc
[1296/1401] Compiling src/applications/model/application-packet-probe.cc
[1297/1401] Compiling src/applications/helper/packet-sink-helper.cc
[1298/1401] Compiling src/config-store/model/attribute-default-iterator.cc
[1299/1401] Compiling src/core/model/map-scheduler.cc
[1300/1401] Compiling src/core/model/watchdog.cc
[1301/1401] Compiling src/core/model/synchronizer.cc
[1302/1401] Compiling src/core/model/make-event.cc
[1303/1401] Compiling src/core/model/command-line.cc
[1304/1401] Compiling src/core/model/boolean.cc
[1305/1401] Compiling src/core/model/string.cc
[1306/1401] Compiling src/core/model/callback.cc
[1307/1401] Compiling src/core/model/vector.cc
[1308/1401] Compiling src/core/model/hash-murmur3.cc
[1309/1401] Compiling src/core/model/unix-fd-reader.cc
[1310/1401] Compiling src/internet/model/loopback-net-device.cc
[1311/1401] Compiling src/internet/model/ipv6-interface.cc
[1312/1401] Compiling src/internet/model/ipv6-raw-socket-impl.cc
[1313/1401] Compiling src/internet/model/icmpv6-l4-protocol.cc
[1314/1401] Compiling src/internet/model/ipv4-packet-info-tag.cc
[1315/1401] Compiling src/internet/model/ipv4-route.cc
[1316/1401] Compiling src/internet/model/ipv4.cc
[1317/1401] Compiling src/internet/helper/ipv6-static-routing-helper.cc
[1318/1401] Compiling src/internet/model/global-route-manager.cc
[1319/1401] Compiling src/internet/model/ripng.cc
[1320/1401] Compiling src/internet/helper/ripng-helper.cc
[1321/1401] Compiling src/mobility/model/geographic-positions.cc
[1322/1401] Compiling src/mobility/model/mobility-model.cc
[1323/1401] Compiling src/mobility/model/random-direction-2d-mobility-model.cc
[1324/1401] Compiling src/mobility/model/waypoint-mobility-model.cc
[1325/1401] Compiling src/mpi/model/granted-time-window-mpi-interface.cc
[1326/1401] Compiling src/mpi/model/null-message-mpi-interface.cc
[1327/1401] Compiling src/network/model/node.cc
[1328/1401] Compiling src/network/model/socket.cc
[1329/1401] Compiling src/network/model/trailer.cc
[1330/1401] Compiling src/network/utils/crc32.cc
[1331/1401] Compiling src/network/utils/flow-id-tag.cc
[1332/1401] Compiling src/network/utils/mac16-address.cc
[1333/1401] Compiling src/network/utils/simple-channel.cc
[1334/1401] Compiling src/network/utils/packet-socket-client.cc
[1335/1401] Compiling src/network/helper/delay-jitter-estimation.cc
[1336/1401] Compiling src/spectrum/model/friis-spectrum-propagation-loss.cc
[1337/1401] Compiling src/spectrum/model/single-model-spectrum-channel.cc
[1338/1401] Compiling src/spectrum/helper/spectrum-helper.cc
[1339/1401] Compiling src/spectrum/helper/adhoc-aloha-noack-ideal-phy-helper.cc
[1340/1401] Compiling src/stats/model/uinteger-8-probe.cc
[1341/1401] Compiling src/stats/model/uinteger-16-probe.cc
[1342/1401] Compiling src/stats/model/file-aggregator.cc
[1343/1401] Compiling src/traffic-control/helper/queue-disc-container.cc
[1344/1401] Compiling build/src/wifi/bindings/ns3module.cc
[1345/1401] Compiling build/src/wave/bindings/ns3module.cc
[1346/1401] Compiling build/src/internet/bindings/ns3module.cc
[1347/1401] Linking build/libns3.26-core-debug.so
[1348/1401] Linking build/libns3.26-antenna-debug.so
[1349/1401] Linking build/utils/ns3.26-bench-simulator-debug
[1350/1401] Linking build/libns3.26-stats-debug.so
Waf: Leaving directory `/home/jgottard/ns-3/ns-3.26/build'
================================================================================================== STAT2
  File: ‘/home/jgottard/ns-3/ns-3.26/build/scratch/vanet-urban’
  Size: 6         	Blocks: 27         IO Block: 32768  directory
Device: 1ah/26d	Inode: 36842149    Links: 2
Access: (0755/drwxr-xr-x)  Uid: (  814/jgottard)   Gid: (  100/   users)
Access: 2018-12-11 18:02:04.478890287 +0100
Modify: 2018-12-11 18:02:51.868124234 +0100
Change: 2018-12-11 18:02:51.868124234 +0100
 Birth: -
Waf: Entering directory `/home/jgottard/ns-3/ns-3.26/build'
[1349/1401] Creating pcfile: src/mpi/libns3.26-mpi-debug.pc

[1352/1401] Creating pcfile: src/core/libns3.26-core-debug.pc

[1353/1401] Creating pcfile: src/energy/libns3.26-energy-debug.pc

[1356/1401] Creating pcfile: src/wave/libns3.26-wave-debug.pc

[1357/1401] Creating pcfile: src/mobility/libns3.26-mobility-debug.pc

[1357/1401] Creating pcfile: src/bridge/libns3.26-bridge-debug.pc

[1358/1401] Creating pcfile: src/network/libns3.26-network-debug.pc

[1357/1401] Creating pcfile: src/traffic-control/libns3.26-traffic-control-debug.pc

[1358/1401] Creating pcfile: src/config-store/libns3.26-config-store-debug.pc

[1358/1401] Creating pcfile: src/wifi/libns3.26-wifi-debug.pc

[1358/1401] Creating pcfile: src/spectrum/libns3.26-spectrum-debug.pc

[1360/1401] Creating pcfile: src/applications/libns3.26-applications-debug.pc

[1360/1401] Creating pcfile: src/antenna/libns3.26-antenna-debug.pc

[1362/1401] Creating pcfile: src/internet/libns3.26-internet-debug.pc

[1363/1401] Creating pcfile: src/obstacle/libns3.26-obstacle-debug.pc

[1366/1401] Creating pcfile: src/propagation/libns3.26-propagation-debug.pc

[1366/1401] Creating pcfile: src/stats/libns3.26-stats-debug.pc

[1366/1401] Linking build/utils/ns3.26-bench-simulator-debug
[1368/1401] Linking build/libns3.26-network-debug.so
Waf: Leaving directory `/home/jgottard/ns-3/ns-3.26/build'
