Host di esecuzione: hpblade13
Data: Mon Jan 28 12:43:03 CET 2019
Directory: /home/jgottard/ns-3/ns-3.26
Questo job viene eseguito sui seguenti nodi:
hpblade13
PBS_WORKDIR=/home/jgottard
Launching job for execution
after set
Start main urban
numNodes = 1071
startingNode = 918
run = 0
numNodes = 1071
startingNode = 796
cwMin = 16cwMax = 128
cwMin = 16cwMax = 128
cwMin = 16cwMax = 128
cwMin = 16cwMax = 128
cwMin = 16cwMax = 128
cwMin = 16cwMax = 128
cwMin = 16cwMax = 128
cwMin = 16cwMax = 128
cwMin = 16cwMax = 128
cwMin = 16cwMax = 128
cwMin = 16cwMax = 128
cwMin = 16cwMax = 128
cwMin = 16cwMax = 128
cwMin = 16cwMax = 128
cwMin = 16cwMax = 128
cwMin = 16cwMax = 128
cwMin = 16cwMax = 128
cwMin = 16cwMax = 128
cwMin = 16cwMax = 128
cwMin = 16cwMax = 128
cwMin = 16cwMax = 128
cwMin = 16cwMax = 128
cwMin = 16cwMax = 128
cwMin = 16cwMax = 128
cwMin = 16cwMax = 128
cwMin = 16cwMax = 128
cwMin = 16cwMax = 128
cwMin = 16cwMax = 128
cwMin = 16cwMax = 128
cwMin = 16cwMax = 128
cwMin = 16cwMax = 128
cwMin = 16cwMax = 128
cwMin = 16cwMax = 128
cwMin = 16cwMax = 128
cwMin = 16cwMax = 128
cwMin = 16cwMax = 128
cwMin = 16cwMax = 128
cwMin = 16cwMax = 128
cwMin = 16cwMax = 128
cwMin = 16cwMax = 128
cwMin = 16cwMax = 128
cwMin = 16cwMax = 128
cwMin = 16cwMax = 128
cwMin = 16cwMax = 128
cwMin = 16cwMax = 128
cwMin = 16cwMax = 128
cwMin = 16cwMax = 128
cwMin = 16cwMax = 128
cwMin = 16cwMax = 128
cwMin = 16cwMax = 128
cwMin = 16cwMax = 128
cwMin = 16cwMax = 128
cwMin = 16cwMax = 128
cwMin = 16cwMax = 128
cwMin = 16cwMax = 128
cwMin = 16cwMax = 128
cwMin = 16cwMax = 128
cwMin = 16cwMax = 128
cwMin = 16cwMax = 128
cwMin = 16cwMax = 128
cwMin = 16cwMax = 128
cwMin = 16cwMax = 128
cwMin = 16cwMax = 128
cwMin = 16cwMax = 128
cwMin = 16cwMax = 128
cwMin = 16cwMax = 128
cwMin = 16cwMax = 128
cwMin = 16cwMax = 128
cwMin = 16cwMax = 128
cwMin = 16cwMax = 128
cwMin = 16cwMax = 128
cwMin = 16cwMax = 128
cwMin = 16cwMax = 128
cwMin = 16cwMax = 128
cwMin = 16cwMax = 128
cwMin = 16cwMax = 128
cwMin = 16cwMax = 128
cwMin = 16cwMax = 128
cwMin = 16cwMax = 128
cwMin = 16cwMax = 128
cwMin = 16cwMax = 128
cwMin = 16cwMax = 128
cwMin = 16cwMax = 128
cwMin = 16cwMax = 128
cwMin = 16cwMax = 128
cwMin = 16cwMax = 128
cwMin = 16cwMax = 128
cwMin = 16cwMax = 128
cwMin = 16cwMax = 128
cwMin = 16cwMax = 128
cwMin = 16cwMax = 128
cwMin = 16cwMax = 128
cwMin = 16cwMax = 128
cwMin = 16cwMax = 128
cwMin = 16cwMax = 128
cwMin = 16cwMax = 128
cwMin = 16cwMax = 128
cwMin = 16cwMax = 128
cwMin = 16cwMax = 128
cwMin = 16cwMax = 128
cwMin = 16cwMax = 128
cwMin = 16cwMax = 128
cwMin = 16cwMax = 128
cwMin = 16cwMax = 128
cwMin = 16cwMax = 128
cwMin = 16cwMax = 128
cwMin = 16cwMax = 128
cwMin = 16cwMax = 128
cwMin = 16cwMax = 128
cwMin = 16cwMax = 128
cwMin = 16cwMax = 128
cwMin = 16cwMax = 128
cwMin = 16cwMax = 128
cwMin = 16cwMax = 128
cwMin = 16cwMax = 128
cwMin = 16cwMax = 128
cwMin = 16cwMax = 128
cwMin = 16cwMax = 128
cwMin = 16cwMax = 128
cwMin = 16cwMax = 128
cwMin = 16cwMax = 128
cwMin = 16cwMax = 128
cwMin = 16cwMax = 128
cwMin = 16cwMax = 128
cwMin = 16cwMax = 128
cwMin = 16cwMax = 128
cwMin = 16cwMax = 128
cwMin = 16cwMax = 128
cwMin = 16cwMax = 128
cwMin = 16cwMax = 128
cwMin = 16cwMax = 128
cwMin = 16cwMax = 128
cwMin = 16cwMax = 128
cwMin = 16cwMax = 128
cwMin = 16cwMax = 128
cwMin = 16cwMax = 128
cwMin = 16cwMax = 128
cwMin = 16cwMax = 128
cwMin = 16cwMax = 128
cwMin = 16cwMax = 128
cwMin = 16cwMax = 128
cwMin = 16cwMax = 128
cwMin = 16cwMax = 128
cwMin = 16cwMax = 128
cwMin = 16cwMax = 128
cwMin = 16cwMax = 128
cwMin = 16cwMax = 128
cwMin = 16cwMax = 128
cwMin = 16cwMax = 128
cwMin = 16cwMax = 128
cwMin = 16cwMax = 128
cwMin = 16cwMax = 128
cwMin = 16cwMax = 128
cwMin = 16cwMax = 128
cwMin = 16cwMax = 128
cwMin = 16cwMax = 128
cwMin = 16cwMax = 128
cwMin = 16cwMax = 128
cwMin = 16cwMax = 128
cwMin = 16cwMax = 128
cwMin = 16cwMax = 128
cwMin = 16cwMax = 128
cwMin = 16cwMax = 128
cwMin = 16cwMax = 128
cwMin = 16cwMax = 128
cwMin = 16cwMax = 128
cwMin = 16cwMax = 128
cwMin = 16cwMax = 128
cwMin = 16cwMax = 128
cwMin = 16cwMax = 128
cwMin = 16cwMax = 128
cwMin = 16cwMax = 128
cwMin = 16cwMax = 128
cwMin = 16cwMax = 128
cwMin = 16cwMax = 128
cwMin = 16cwMax = 128
cwMin = 16cwMax = 128
cwMin = 16cwMax = 128
cwMin = 16cwMax = 128
cwMin = 16cwMax = 128
cwMin = 16cwMax = 128
cwMin = 16cwMax = 128
cwMin = 16cwMax = 128
cwMin = 16cwMax = 128
cwMin = 16cwMax = 128
cwMin = 16cwMax = 128
cwMin = 16cwMax = 128
cwMin = 16cwMax = 128
cwMin = 16cwMax = 128
cwMin = 16cwMax = 128
cwMin = 16cwMax = 128
cwMin = 16cwMax = 128
cwMin = 16cwMax = 128
cwMin = 16cwMax = 128
cwMin = 16cwMax = 128
cwMin = 16cwMax = 128
cwMin = 16cwMax = 128
cwMin = 16cwMax = 128
cwMin = 16cwMax = 128
cwMin = 16cwMax = 128
cwMin = 16cwMax = 128
cwMin = 16cwMax = 128
cwMin = 16cwMax = 128
cwMin = 16cwMax = 128
cwMin = 16cwMax = 128
cwMin = 16cwMax = 128
cwMin = 16cwMax = 128
cwMin = 16cwMax = 128
cwMin = 16cwMax = 128
cwMin = 16cwMax = 128
cwMin = 16cwMax = 128
cwMin = 16cwMax = 128
cwMin = 16cwMax = 128
cwMin = 16cwMax = 128
cwMin = 16cwMax = 128
cwMin = 16cwMax = 128
cwMin = 16cwMax = 128
cwMin = 16cwMax = 128
cwMin = 16cwMax = 128
cwMin = 16cwMax = 128
cwMin = 16cwMax = 128
cwMin = 16cwMax = 128
cwMin = 16cwMax = 128
cwMin = 16cwMax = 128
cwMin = 16cwMax = 128
cwMin = 16cwMax = 128
cwMin = 16cwMax = 128
cwMin = 16cwMax = 128
cwMin = 16cwMax = 128
cwMin = 16cwMax = 128
cwMin = 16cwMax = 128
cwMin = 16cwMax = 128
cwMin = 16cwMax = 128
cwMin = 16cwMax = 128
cwMin = 16cwMax = 128
cwMin = 16cwMax = 128
cwMin = 16cwMax = 128
cwMin = 16cwMax = 128
cwMin = 16cwMax = 128
cwMin = 16cwMax = 128
cwMin = 16cwMax = 128
cwMin = 16cwMax = 128
cwMin = 16cwMax = 128
cwMin = 16cwMax = 128
cwMin = 16cwMax = 128
cwMin = 16cwMax = 128
cwMin = 16cwMax = 128
cwMin = 16cwMax = 128
cwMin = 16cwMax = 128
cwMin = 16cwMax = 128
cwMin = 16cwMax = 128
cwMin = 16cwMax = 128
cwMin = 16cwMax = 128
