This file contains any messages produced by compilers while
running configure, to aid debugging if configure makes a mistake.

It was created by sumo configure 0.30.0, which was
generated by GNU Autoconf 2.69.  Invocation command line was

  $ ./configure --prefix=/home/jordan/Downloads/sumo-0.30.0/bin

## --------- ##
## Platform. ##
## --------- ##

hostname = Mi-Notebook-Pro
uname -m = x86_64
uname -r = 4.15.0-39-generic
uname -s = Linux
uname -v = #42-Ubuntu SMP Tue Oct 23 15:48:01 UTC 2018

/usr/bin/uname -p = unknown
/bin/uname -X     = unknown

/bin/arch              = unknown
/usr/bin/arch -k       = unknown
/usr/convex/getsysinfo = unknown
/usr/bin/hostinfo      = unknown
/bin/machine           = unknown
/usr/bin/oslevel       = unknown
/bin/universe          = unknown

PATH: /home/jordan/MEGA/Universita_mia/Magistrale/Tesi/sumo-1.0.1/bin
PATH: /home/jordan/.local/bin
PATH: /usr/local/sbin
PATH: /usr/local/bin
PATH: /usr/sbin
PATH: /usr/bin
PATH: /sbin
PATH: /bin
PATH: /usr/games
PATH: /usr/local/games


## ----------- ##
## Core tests. ##
## ----------- ##

configure:2623: checking build system type
configure:2637: result: x86_64-unknown-linux-gnu
configure:2657: checking host system type
configure:2670: result: x86_64-unknown-linux-gnu
configure:2690: checking target system type
configure:2703: result: x86_64-unknown-linux-gnu
configure:2750: checking for a BSD-compatible install
configure:2818: result: /usr/bin/install -c
configure:2829: checking whether build environment is sane
configure:2884: result: yes
configure:3035: checking for a thread-safe mkdir -p
configure:3074: result: /bin/mkdir -p
configure:3081: checking for gawk
configure:3097: found /usr/bin/gawk
configure:3108: result: gawk
configure:3119: checking whether make sets $(MAKE)
configure:3141: result: yes
configure:3170: checking whether make supports nested variables
configure:3187: result: yes
configure:3276: checking whether UID '1000' is supported by ustar format
configure:3279: result: yes
configure:3286: checking whether GID '1000' is supported by ustar format
configure:3289: result: yes
configure:3297: checking how to create a ustar tar archive
configure:3308: tar --version
tar (GNU tar) 1.29
Copyright (C) 2015 Free Software Foundation, Inc.
License GPLv3+: GNU GPL version 3 or later <http://gnu.org/licenses/gpl.html>.
This is free software: you are free to change and redistribute it.
There is NO WARRANTY, to the extent permitted by law.

Written by John Gilmore and Jay Fenlason.
configure:3311: $? = 0
configure:3351: tardir=conftest.dir && eval tar --format=ustar -chf - "$tardir" >conftest.tar
configure:3354: $? = 0
configure:3358: tar -xf - <conftest.tar
configure:3361: $? = 0
configure:3363: cat conftest.dir/file
GrepMe
configure:3366: $? = 0
configure:3379: result: gnutar
configure:3498: checking for gcc
configure:3514: found /usr/bin/gcc
configure:3525: result: gcc
configure:3754: checking for C compiler version
configure:3763: gcc --version >&5
gcc (Ubuntu 7.3.0-27ubuntu1~18.04) 7.3.0
Copyright (C) 2017 Free Software Foundation, Inc.
This is free software; see the source for copying conditions.  There is NO
warranty; not even for MERCHANTABILITY or FITNESS FOR A PARTICULAR PURPOSE.

configure:3774: $? = 0
configure:3763: gcc -v >&5
Using built-in specs.
COLLECT_GCC=gcc
COLLECT_LTO_WRAPPER=/usr/lib/gcc/x86_64-linux-gnu/7/lto-wrapper
OFFLOAD_TARGET_NAMES=nvptx-none
OFFLOAD_TARGET_DEFAULT=1
Target: x86_64-linux-gnu
Configured with: ../src/configure -v --with-pkgversion='Ubuntu 7.3.0-27ubuntu1~18.04' --with-bugurl=file:///usr/share/doc/gcc-7/README.Bugs --enable-languages=c,ada,c++,go,brig,d,fortran,objc,obj-c++ --prefix=/usr --with-gcc-major-version-only --program-suffix=-7 --program-prefix=x86_64-linux-gnu- --enable-shared --enable-linker-build-id --libexecdir=/usr/lib --without-included-gettext --enable-threads=posix --libdir=/usr/lib --enable-nls --with-sysroot=/ --enable-clocale=gnu --enable-libstdcxx-debug --enable-libstdcxx-time=yes --with-default-libstdcxx-abi=new --enable-gnu-unique-object --disable-vtable-verify --enable-libmpx --enable-plugin --enable-default-pie --with-system-zlib --with-target-system-zlib --enable-objc-gc=auto --enable-multiarch --disable-werror --with-arch-32=i686 --with-abi=m64 --with-multilib-list=m32,m64,mx32 --enable-multilib --with-tune=generic --enable-offload-targets=nvptx-none --without-cuda-driver --enable-checking=release --build=x86_64-linux-gnu --host=x86_64-linux-gnu --target=x86_64-linux-gnu
Thread model: posix
gcc version 7.3.0 (Ubuntu 7.3.0-27ubuntu1~18.04) 
configure:3774: $? = 0
configure:3763: gcc -V >&5
gcc: error: unrecognized command line option '-V'
gcc: fatal error: no input files
compilation terminated.
configure:3774: $? = 1
configure:3763: gcc -qversion >&5
gcc: error: unrecognized command line option '-qversion'; did you mean '--version'?
gcc: fatal error: no input files
compilation terminated.
configure:3774: $? = 1
configure:3794: checking whether the C compiler works
configure:3816: gcc    conftest.c  >&5
configure:3820: $? = 0
configure:3868: result: yes
configure:3871: checking for C compiler default output file name
configure:3873: result: a.out
configure:3879: checking for suffix of executables
configure:3886: gcc -o conftest    conftest.c  >&5
configure:3890: $? = 0
configure:3912: result: 
configure:3934: checking whether we are cross compiling
configure:3942: gcc -o conftest    conftest.c  >&5
configure:3946: $? = 0
configure:3953: ./conftest
configure:3957: $? = 0
configure:3972: result: no
configure:3977: checking for suffix of object files
configure:3999: gcc -c   conftest.c >&5
configure:4003: $? = 0
configure:4024: result: o
configure:4028: checking whether we are using the GNU C compiler
configure:4047: gcc -c   conftest.c >&5
configure:4047: $? = 0
configure:4056: result: yes
configure:4065: checking whether gcc accepts -g
configure:4085: gcc -c -g  conftest.c >&5
configure:4085: $? = 0
configure:4126: result: yes
configure:4143: checking for gcc option to accept ISO C89
configure:4206: gcc  -c -g -O2  conftest.c >&5
configure:4206: $? = 0
configure:4219: result: none needed
configure:4250: checking for style of include used by make
configure:4278: result: GNU
configure:4304: checking dependency style of gcc
configure:4415: result: gcc3
configure:4435: checking how to run the C preprocessor
configure:4466: gcc -E  conftest.c
configure:4466: $? = 0
configure:4480: gcc -E  conftest.c
conftest.c:11:10: fatal error: ac_nonexistent.h: No such file or directory
 #include <ac_nonexistent.h>
          ^~~~~~~~~~~~~~~~~~
compilation terminated.
configure:4480: $? = 1
configure: failed program was:
| /* confdefs.h */
| #define PACKAGE_NAME "sumo"
| #define PACKAGE_TARNAME "sumo"
| #define PACKAGE_VERSION "0.30.0"
| #define PACKAGE_STRING "sumo 0.30.0"
| #define PACKAGE_BUGREPORT ""
| #define PACKAGE_URL ""
| #define PACKAGE "sumo"
| #define VERSION "0.30.0"
| /* end confdefs.h.  */
| #include <ac_nonexistent.h>
configure:4505: result: gcc -E
configure:4525: gcc -E  conftest.c
configure:4525: $? = 0
configure:4539: gcc -E  conftest.c
conftest.c:11:10: fatal error: ac_nonexistent.h: No such file or directory
 #include <ac_nonexistent.h>
          ^~~~~~~~~~~~~~~~~~
compilation terminated.
configure:4539: $? = 1
configure: failed program was:
| /* confdefs.h */
| #define PACKAGE_NAME "sumo"
| #define PACKAGE_TARNAME "sumo"
| #define PACKAGE_VERSION "0.30.0"
| #define PACKAGE_STRING "sumo 0.30.0"
| #define PACKAGE_BUGREPORT ""
| #define PACKAGE_URL ""
| #define PACKAGE "sumo"
| #define VERSION "0.30.0"
| /* end confdefs.h.  */
| #include <ac_nonexistent.h>
configure:4625: checking for g++
configure:4641: found /usr/bin/g++
configure:4652: result: g++
configure:4679: checking for C++ compiler version
configure:4688: g++ --version >&5
g++ (Ubuntu 7.3.0-27ubuntu1~18.04) 7.3.0
Copyright (C) 2017 Free Software Foundation, Inc.
This is free software; see the source for copying conditions.  There is NO
warranty; not even for MERCHANTABILITY or FITNESS FOR A PARTICULAR PURPOSE.

configure:4699: $? = 0
configure:4688: g++ -v >&5
Using built-in specs.
COLLECT_GCC=g++
COLLECT_LTO_WRAPPER=/usr/lib/gcc/x86_64-linux-gnu/7/lto-wrapper
OFFLOAD_TARGET_NAMES=nvptx-none
OFFLOAD_TARGET_DEFAULT=1
Target: x86_64-linux-gnu
Configured with: ../src/configure -v --with-pkgversion='Ubuntu 7.3.0-27ubuntu1~18.04' --with-bugurl=file:///usr/share/doc/gcc-7/README.Bugs --enable-languages=c,ada,c++,go,brig,d,fortran,objc,obj-c++ --prefix=/usr --with-gcc-major-version-only --program-suffix=-7 --program-prefix=x86_64-linux-gnu- --enable-shared --enable-linker-build-id --libexecdir=/usr/lib --without-included-gettext --enable-threads=posix --libdir=/usr/lib --enable-nls --with-sysroot=/ --enable-clocale=gnu --enable-libstdcxx-debug --enable-libstdcxx-time=yes --with-default-libstdcxx-abi=new --enable-gnu-unique-object --disable-vtable-verify --enable-libmpx --enable-plugin --enable-default-pie --with-system-zlib --with-target-system-zlib --enable-objc-gc=auto --enable-multiarch --disable-werror --with-arch-32=i686 --with-abi=m64 --with-multilib-list=m32,m64,mx32 --enable-multilib --with-tune=generic --enable-offload-targets=nvptx-none --without-cuda-driver --enable-checking=release --build=x86_64-linux-gnu --host=x86_64-linux-gnu --target=x86_64-linux-gnu
Thread model: posix
gcc version 7.3.0 (Ubuntu 7.3.0-27ubuntu1~18.04) 
configure:4699: $? = 0
configure:4688: g++ -V >&5
g++: error: unrecognized command line option '-V'
g++: fatal error: no input files
compilation terminated.
configure:4699: $? = 1
configure:4688: g++ -qversion >&5
g++: error: unrecognized command line option '-qversion'; did you mean '--version'?
g++: fatal error: no input files
compilation terminated.
configure:4699: $? = 1
configure:4703: checking whether we are using the GNU C++ compiler
configure:4722: g++ -c -O2 -DNDEBUG   conftest.cpp >&5
configure:4722: $? = 0
configure:4731: result: yes
configure:4740: checking whether g++ accepts -g
configure:4760: g++ -c -g  conftest.cpp >&5
configure:4760: $? = 0
configure:4801: result: yes
configure:4826: checking dependency style of g++
configure:4937: result: gcc3
configure:4953: checking whether ln -s works
configure:4957: result: yes
configure:4964: checking whether make sets $(MAKE)
configure:4986: result: yes
configure:5039: checking for ranlib
configure:5055: found /usr/bin/ranlib
configure:5066: result: ranlib
configure:5134: checking how to print strings
configure:5161: result: printf
configure:5182: checking for a sed that does not truncate output
configure:5246: result: /bin/sed
configure:5264: checking for grep that handles long lines and -e
configure:5322: result: /bin/grep
configure:5327: checking for egrep
configure:5389: result: /bin/grep -E
configure:5394: checking for fgrep
configure:5456: result: /bin/grep -F
configure:5491: checking for ld used by gcc
configure:5558: result: /usr/bin/ld
configure:5565: checking if the linker (/usr/bin/ld) is GNU ld
configure:5580: result: yes
configure:5592: checking for BSD- or MS-compatible name lister (nm)
configure:5641: result: /usr/bin/nm -B
configure:5771: checking the name lister (/usr/bin/nm -B) interface
configure:5778: g++ -c -O2 -DNDEBUG   conftest.cpp >&5
configure:5781: /usr/bin/nm -B "conftest.o"
configure:5784: output
0000000000000000 B some_variable
configure:5791: result: BSD nm
configure:5795: checking the maximum length of command line arguments
configure:5925: result: 1572864
configure:5942: checking whether the shell understands some XSI constructs
configure:5952: result: yes
configure:5956: checking whether the shell understands "+="
configure:5962: result: yes
configure:5997: checking how to convert x86_64-unknown-linux-gnu file names to x86_64-unknown-linux-gnu format
configure:6037: result: func_convert_file_noop
configure:6044: checking how to convert x86_64-unknown-linux-gnu file names to toolchain format
configure:6064: result: func_convert_file_noop
configure:6071: checking for /usr/bin/ld option to reload object files
configure:6078: result: -r
configure:6152: checking for objdump
configure:6168: found /usr/bin/objdump
configure:6179: result: objdump
configure:6211: checking how to recognize dependent libraries
configure:6413: result: pass_all
configure:6498: checking for dlltool
configure:6528: result: no
configure:6558: checking how to associate runtime and link libraries
configure:6585: result: printf %s\n
configure:6646: checking for ar
configure:6662: found /usr/bin/ar
configure:6673: result: ar
configure:6710: checking for archiver @FILE support
configure:6727: g++ -c -O2 -DNDEBUG   conftest.cpp >&5
configure:6727: $? = 0
configure:6730: ar cru libconftest.a @conftest.lst >&5
ar: `u' modifier ignored since `D' is the default (see `U')
configure:6733: $? = 0
configure:6738: ar cru libconftest.a @conftest.lst >&5
ar: `u' modifier ignored since `D' is the default (see `U')
ar: conftest.o: No such file or directory
configure:6741: $? = 1
configure:6753: result: @
configure:6811: checking for strip
configure:6827: found /usr/bin/strip
configure:6838: result: strip
configure:6910: checking for ranlib
configure:6937: result: ranlib
configure:7039: checking command to parse /usr/bin/nm -B output from gcc object
configure:7159: g++ -c -O2 -DNDEBUG   conftest.cpp >&5
configure:7162: $? = 0
configure:7166: /usr/bin/nm -B conftest.o \| sed -n -e 's/^.*[ ]\([ABCDGIRSTW][ABCDGIRSTW]*\)[ ][ ]*\([_A-Za-z][_A-Za-z0-9]*\)$/\1 \2 \2/p' | sed '/ __gnu_lto/d' \> conftest.nm
configure:7169: $? = 0
configure:7235: g++ -o conftest -O2 -DNDEBUG    conftest.cpp conftstm.o >&5
configure:7238: $? = 0
configure:7276: result: ok
configure:7313: checking for sysroot
configure:7343: result: no
configure:7421: g++ -c -O2 -DNDEBUG   conftest.cpp >&5
configure:7424: $? = 0
configure:7606: checking for mt
configure:7622: found /bin/mt
configure:7633: result: mt
configure:7656: checking if mt is a manifest tool
configure:7662: mt '-?'
configure:7670: result: no
configure:8308: checking for ANSI C header files
configure:8328: g++ -c -O2 -DNDEBUG   conftest.cpp >&5
configure:8328: $? = 0
./configure: line 8342: conftest.cpp: command not found
configure:8412: result: no
configure:8425: checking for sys/types.h
configure:8425: g++ -c -O2 -DNDEBUG   conftest.cpp >&5
configure:8425: $? = 0
configure:8425: result: yes
configure:8425: checking for sys/stat.h
configure:8425: g++ -c -O2 -DNDEBUG   conftest.cpp >&5
configure:8425: $? = 0
configure:8425: result: yes
configure:8425: checking for stdlib.h
configure:8425: g++ -c -O2 -DNDEBUG   conftest.cpp >&5
configure:8425: $? = 0
configure:8425: result: yes
configure:8425: checking for string.h
configure:8425: g++ -c -O2 -DNDEBUG   conftest.cpp >&5
configure:8425: $? = 0
configure:8425: result: yes
configure:8425: checking for memory.h
configure:8425: g++ -c -O2 -DNDEBUG   conftest.cpp >&5
configure:8425: $? = 0
configure:8425: result: yes
configure:8425: checking for strings.h
configure:8425: g++ -c -O2 -DNDEBUG   conftest.cpp >&5
configure:8425: $? = 0
configure:8425: result: yes
configure:8425: checking for inttypes.h
configure:8425: g++ -c -O2 -DNDEBUG   conftest.cpp >&5
configure:8425: $? = 0
configure:8425: result: yes
configure:8425: checking for stdint.h
configure:8425: g++ -c -O2 -DNDEBUG   conftest.cpp >&5
configure:8425: $? = 0
configure:8425: result: yes
configure:8425: checking for unistd.h
configure:8425: g++ -c -O2 -DNDEBUG   conftest.cpp >&5
configure:8425: $? = 0
configure:8425: result: yes
configure:8439: checking for dlfcn.h
configure:8439: g++ -c -O2 -DNDEBUG   conftest.cpp >&5
configure:8439: $? = 0
configure:8439: result: yes
configure:8655: checking for objdir
configure:8670: result: .libs
configure:8937: checking if gcc supports -fno-rtti -fno-exceptions
configure:8955: gcc -c -g -O2  -fno-rtti -fno-exceptions conftest.c >&5
cc1: warning: command line option '-fno-rtti' is valid for C++/ObjC++ but not for C
configure:8959: $? = 0
configure:8972: result: no
configure:9299: checking for gcc option to produce PIC
configure:9306: result: -fPIC -DPIC
configure:9314: checking if gcc PIC flag -fPIC -DPIC works
configure:9332: gcc -c -g -O2  -fPIC -DPIC -DPIC conftest.c >&5
configure:9336: $? = 0
configure:9349: result: yes
configure:9378: checking if gcc static flag -static works
configure:9406: result: yes
configure:9421: checking if gcc supports -c -o file.o
configure:9442: gcc -c -g -O2  -o out/conftest2.o conftest.c >&5
configure:9446: $? = 0
configure:9468: result: yes
configure:9476: checking if gcc supports -c -o file.o
configure:9523: result: yes
configure:9556: checking whether the gcc linker (/usr/bin/ld -m elf_x86_64) supports shared libraries
configure:10709: result: yes
configure:10746: checking whether -lc should be explicitly linked in
configure:10754: gcc -c -g -O2  conftest.c >&5
configure:10757: $? = 0
configure:10772: gcc -shared  -fPIC -DPIC conftest.o  -v -Wl,-soname -Wl,conftest -o conftest 2\>\&1 \| /bin/grep  -lc  \>/dev/null 2\>\&1
configure:10775: $? = 0
configure:10789: result: no
configure:10949: checking dynamic linker characteristics
configure:11460: gcc -o conftest -g -O2   -Wl,-rpath -Wl,/foo conftest.c  >&5
configure:11460: $? = 0
configure:11682: result: GNU/Linux ld.so
configure:11789: checking how to hardcode library paths into programs
configure:11814: result: immediate
configure:12354: checking whether stripping libraries is possible
configure:12359: result: yes
configure:12394: checking if libtool supports shared libraries
configure:12396: result: yes
configure:12399: checking whether to build shared libraries
configure:12420: result: yes
configure:12423: checking whether to build static libraries
configure:12427: result: yes
configure:12450: checking how to run the C++ preprocessor
configure:12477: g++ -E  conftest.cpp
configure:12477: $? = 0
configure:12491: g++ -E  conftest.cpp
conftest.cpp:22:10: fatal error: ac_nonexistent.h: No such file or directory
 #include <ac_nonexistent.h>
          ^~~~~~~~~~~~~~~~~~
compilation terminated.
configure:12491: $? = 1
configure: failed program was:
| /* confdefs.h */
| #define PACKAGE_NAME "sumo"
| #define PACKAGE_TARNAME "sumo"
| #define PACKAGE_VERSION "0.30.0"
| #define PACKAGE_STRING "sumo 0.30.0"
| #define PACKAGE_BUGREPORT ""
| #define PACKAGE_URL ""
| #define PACKAGE "sumo"
| #define VERSION "0.30.0"
| #define HAVE_SYS_TYPES_H 1
| #define HAVE_SYS_STAT_H 1
| #define HAVE_STDLIB_H 1
| #define HAVE_STRING_H 1
| #define HAVE_MEMORY_H 1
| #define HAVE_STRINGS_H 1
| #define HAVE_INTTYPES_H 1
| #define HAVE_STDINT_H 1
| #define HAVE_UNISTD_H 1
| #define HAVE_DLFCN_H 1
| #define LT_OBJDIR ".libs/"
| /* end confdefs.h.  */
| #include <ac_nonexistent.h>
configure:12516: result: g++ -E
configure:12536: g++ -E  conftest.cpp
configure:12536: $? = 0
configure:12550: g++ -E  conftest.cpp
conftest.cpp:22:10: fatal error: ac_nonexistent.h: No such file or directory
 #include <ac_nonexistent.h>
          ^~~~~~~~~~~~~~~~~~
compilation terminated.
configure:12550: $? = 1
configure: failed program was:
| /* confdefs.h */
| #define PACKAGE_NAME "sumo"
| #define PACKAGE_TARNAME "sumo"
| #define PACKAGE_VERSION "0.30.0"
| #define PACKAGE_STRING "sumo 0.30.0"
| #define PACKAGE_BUGREPORT ""
| #define PACKAGE_URL ""
| #define PACKAGE "sumo"
| #define VERSION "0.30.0"
| #define HAVE_SYS_TYPES_H 1
| #define HAVE_SYS_STAT_H 1
| #define HAVE_STDLIB_H 1
| #define HAVE_STRING_H 1
| #define HAVE_MEMORY_H 1
| #define HAVE_STRINGS_H 1
| #define HAVE_INTTYPES_H 1
| #define HAVE_STDINT_H 1
| #define HAVE_UNISTD_H 1
| #define HAVE_DLFCN_H 1
| #define LT_OBJDIR ".libs/"
| /* end confdefs.h.  */
| #include <ac_nonexistent.h>
configure:12719: checking for ld used by g++
configure:12786: result: /usr/bin/ld -m elf_x86_64
configure:12793: checking if the linker (/usr/bin/ld -m elf_x86_64) is GNU ld
configure:12808: result: yes
configure:12863: checking whether the g++ linker (/usr/bin/ld -m elf_x86_64) supports shared libraries
configure:13868: result: yes
configure:13904: g++ -c -O2 -DNDEBUG   conftest.cpp >&5
configure:13907: $? = 0
configure:14427: checking for g++ option to produce PIC
configure:14434: result: -fPIC -DPIC
configure:14442: checking if g++ PIC flag -fPIC -DPIC works
configure:14460: g++ -c -O2 -DNDEBUG   -fPIC -DPIC -DPIC conftest.cpp >&5
configure:14464: $? = 0
configure:14477: result: yes
configure:14500: checking if g++ static flag -static works
configure:14528: result: yes
configure:14540: checking if g++ supports -c -o file.o
configure:14561: g++ -c -O2 -DNDEBUG   -o out/conftest2.o conftest.cpp >&5
configure:14565: $? = 0
configure:14587: result: yes
configure:14592: checking if g++ supports -c -o file.o
configure:14639: result: yes
configure:14669: checking whether the g++ linker (/usr/bin/ld -m elf_x86_64) supports shared libraries
configure:14705: result: yes
configure:14846: checking dynamic linker characteristics
configure:15513: result: GNU/Linux ld.so
configure:15566: checking how to hardcode library paths into programs
configure:15591: result: immediate
configure:15787: checking for pkg-config
configure:15805: found /usr/bin/pkg-config
configure:15817: result: /usr/bin/pkg-config
configure:15842: checking pkg-config is at least version 0.9.0
configure:15845: result: yes
configure:15855: checking for XERCES
configure:15862: $PKG_CONFIG --exists --print-errors "xerces-c >= 3.0"
configure:15865: $? = 0
configure:15879: $PKG_CONFIG --exists --print-errors "xerces-c >= 3.0"
configure:15882: $? = 0
configure:15924: result: yes
configure:15955: checking for main in -lxerces-c
configure:15974: g++ -o conftest -msse2 -mfpmath=sse -O2 -DNDEBUG    conftest.cpp -lxerces-c   >&5
configure:15974: $? = 0
configure:15984: result: yes
configure:16050: checking xercesc/util/XercesVersion.hpp usability
configure:16050: g++ -c -msse2 -mfpmath=sse -O2 -DNDEBUG   -I/usr/local/include -I/usr/include conftest.cpp >&5
configure:16050: $? = 0
configure:16050: result: yes
configure:16050: checking xercesc/util/XercesVersion.hpp presence
configure:16050: g++ -E  -I/usr/local/include -I/usr/include conftest.cpp
configure:16050: $? = 0
configure:16050: result: yes
configure:16050: checking for xercesc/util/XercesVersion.hpp
configure:16050: result: yes
configure:16101: checking for main in -lproj
configure:16120: g++ -o conftest -msse2 -mfpmath=sse -O2 -DNDEBUG    conftest.cpp -lproj   >&5
configure:16120: $? = 0
configure:16129: result: yes
configure:16189: checking proj_api.h usability
configure:16189: g++ -c -msse2 -mfpmath=sse -O2 -DNDEBUG   conftest.cpp >&5
configure:16189: $? = 0
configure:16189: result: yes
configure:16189: checking proj_api.h presence
configure:16189: g++ -E  conftest.cpp
configure:16189: $? = 0
configure:16189: result: yes
configure:16189: checking for proj_api.h
configure:16189: result: yes
configure:16235: checking for gdal-config
configure:16253: found /usr/bin/gdal-config
configure:16265: result: /usr/bin/gdal-config
configure:16296: checking ogr_api.h usability
configure:16296: g++ -c -msse2 -mfpmath=sse -O2 -DNDEBUG  -I/usr/include/gdal conftest.cpp >&5
In file included from /usr/include/gdal/cpl_port.h:66:0,
                 from /usr/include/gdal/cpl_progress.h:33,
                 from /usr/include/gdal/ogr_api.h:43,
                 from conftest.cpp:60:
/usr/include/gdal/cpl_config.h:263:0: warning: "PACKAGE_NAME" redefined
 #define PACKAGE_NAME ""
 
conftest.cpp:2:0: note: this is the location of the previous definition
 #define PACKAGE_NAME "sumo"
 
In file included from /usr/include/gdal/cpl_port.h:66:0,
                 from /usr/include/gdal/cpl_progress.h:33,
                 from /usr/include/gdal/ogr_api.h:43,
                 from conftest.cpp:60:
/usr/include/gdal/cpl_config.h:266:0: warning: "PACKAGE_STRING" redefined
 #define PACKAGE_STRING ""
 
conftest.cpp:5:0: note: this is the location of the previous definition
 #define PACKAGE_STRING "sumo 0.30.0"
 
In file included from /usr/include/gdal/cpl_port.h:66:0,
                 from /usr/include/gdal/cpl_progress.h:33,
                 from /usr/include/gdal/ogr_api.h:43,
                 from conftest.cpp:60:
/usr/include/gdal/cpl_config.h:269:0: warning: "PACKAGE_TARNAME" redefined
 #define PACKAGE_TARNAME ""
 
conftest.cpp:3:0: note: this is the location of the previous definition
 #define PACKAGE_TARNAME "sumo"
 
In file included from /usr/include/gdal/cpl_port.h:66:0,
                 from /usr/include/gdal/cpl_progress.h:33,
                 from /usr/include/gdal/ogr_api.h:43,
                 from conftest.cpp:60:
/usr/include/gdal/cpl_config.h:275:0: warning: "PACKAGE_VERSION" redefined
 #define PACKAGE_VERSION ""
 
conftest.cpp:4:0: note: this is the location of the previous definition
 #define PACKAGE_VERSION "0.30.0"
 
configure:16296: $? = 0
configure:16296: result: yes
configure:16296: checking ogr_api.h presence
configure:16296: g++ -E -I/usr/include/gdal conftest.cpp
In file included from /usr/include/gdal/cpl_port.h:66:0,
                 from /usr/include/gdal/cpl_progress.h:33,
                 from /usr/include/gdal/ogr_api.h:43,
                 from conftest.cpp:27:
/usr/include/gdal/cpl_config.h:263:0: warning: "PACKAGE_NAME" redefined
 #define PACKAGE_NAME ""
 
conftest.cpp:2:0: note: this is the location of the previous definition
 #define PACKAGE_NAME "sumo"
 
In file included from /usr/include/gdal/cpl_port.h:66:0,
                 from /usr/include/gdal/cpl_progress.h:33,
                 from /usr/include/gdal/ogr_api.h:43,
                 from conftest.cpp:27:
/usr/include/gdal/cpl_config.h:266:0: warning: "PACKAGE_STRING" redefined
 #define PACKAGE_STRING ""
 
conftest.cpp:5:0: note: this is the location of the previous definition
 #define PACKAGE_STRING "sumo 0.30.0"
 
In file included from /usr/include/gdal/cpl_port.h:66:0,
                 from /usr/include/gdal/cpl_progress.h:33,
                 from /usr/include/gdal/ogr_api.h:43,
                 from conftest.cpp:27:
/usr/include/gdal/cpl_config.h:269:0: warning: "PACKAGE_TARNAME" redefined
 #define PACKAGE_TARNAME ""
 
conftest.cpp:3:0: note: this is the location of the previous definition
 #define PACKAGE_TARNAME "sumo"
 
In file included from /usr/include/gdal/cpl_port.h:66:0,
                 from /usr/include/gdal/cpl_progress.h:33,
                 from /usr/include/gdal/ogr_api.h:43,
                 from conftest.cpp:27:
/usr/include/gdal/cpl_config.h:275:0: warning: "PACKAGE_VERSION" redefined
 #define PACKAGE_VERSION ""
 
conftest.cpp:4:0: note: this is the location of the previous definition
 #define PACKAGE_VERSION "0.30.0"
 
configure:16296: $? = 0
configure:16296: result: yes
configure:16296: checking for ogr_api.h
configure:16296: result: yes
configure:16327: checking for fox-config
configure:16345: found /usr/bin/fox-config
configure:16357: result: /usr/bin/fox-config
configure:16388: checking fxver.h usability
configure:16388: g++ -c -msse2 -mfpmath=sse -O2 -DNDEBUG  -I/usr/include/fox-1.6 conftest.cpp >&5
configure:16388: $? = 0
configure:16388: result: yes
configure:16388: checking fxver.h presence
configure:16388: g++ -E -I/usr/include/fox-1.6 conftest.cpp
configure:16388: $? = 0
configure:16388: result: yes
configure:16388: checking for fxver.h
configure:16388: result: yes
configure:16427: checking for gtest-config
configure:16460: result: no
configure:16577: checking libavformat/version.h usability
configure:16577: g++ -c -msse2 -mfpmath=sse -O2 -DNDEBUG   -I/usr/include/ffmpeg -I/usr/local/include conftest.cpp >&5
conftest.cpp:62:10: fatal error: libavformat/version.h: No such file or directory
 #include <libavformat/version.h>
          ^~~~~~~~~~~~~~~~~~~~~~~
compilation terminated.
configure:16577: $? = 1
configure: failed program was:
| /* confdefs.h */
| #define PACKAGE_NAME "sumo"
| #define PACKAGE_TARNAME "sumo"
| #define PACKAGE_VERSION "0.30.0"
| #define PACKAGE_STRING "sumo 0.30.0"
| #define PACKAGE_BUGREPORT ""
| #define PACKAGE_URL ""
| #define PACKAGE "sumo"
| #define VERSION "0.30.0"
| #define HAVE_SYS_TYPES_H 1
| #define HAVE_SYS_STAT_H 1
| #define HAVE_STDLIB_H 1
| #define HAVE_STRING_H 1
| #define HAVE_MEMORY_H 1
| #define HAVE_STRINGS_H 1
| #define HAVE_INTTYPES_H 1
| #define HAVE_STDINT_H 1
| #define HAVE_UNISTD_H 1
| #define HAVE_DLFCN_H 1
| #define LT_OBJDIR ".libs/"
| #define POSITION_EPS 0.1
| #define NUMERICAL_EPS 0.001
| #define VERSION_STRING "0.30.0"
| #define XERCES3_SIZE_t XMLSize_t
| #define HAVE_PROJ 1
| #define HAVE_GDAL 1
| #define HAVE_FOX 1
| /* end confdefs.h.  */
| #include <stdio.h>
| #ifdef HAVE_SYS_TYPES_H
| # include <sys/types.h>
| #endif
| #ifdef HAVE_SYS_STAT_H
| # include <sys/stat.h>
| #endif
| #ifdef STDC_HEADERS
| # include <stdlib.h>
| # include <stddef.h>
| #else
| # ifdef HAVE_STDLIB_H
| #  include <stdlib.h>
| # endif
| #endif
| #ifdef HAVE_STRING_H
| # if !defined STDC_HEADERS && defined HAVE_MEMORY_H
| #  include <memory.h>
| # endif
| # include <string.h>
| #endif
| #ifdef HAVE_STRINGS_H
| # include <strings.h>
| #endif
| #ifdef HAVE_INTTYPES_H
| # include <inttypes.h>
| #endif
| #ifdef HAVE_STDINT_H
| # include <stdint.h>
| #endif
| #ifdef HAVE_UNISTD_H
| # include <unistd.h>
| #endif
| #include <libavformat/version.h>
configure:16577: result: no
configure:16577: checking libavformat/version.h presence
configure:16577: g++ -E  -I/usr/include/ffmpeg -I/usr/local/include conftest.cpp
conftest.cpp:29:10: fatal error: libavformat/version.h: No such file or directory
 #include <libavformat/version.h>
          ^~~~~~~~~~~~~~~~~~~~~~~
compilation terminated.
configure:16577: $? = 1
configure: failed program was:
| /* confdefs.h */
| #define PACKAGE_NAME "sumo"
| #define PACKAGE_TARNAME "sumo"
| #define PACKAGE_VERSION "0.30.0"
| #define PACKAGE_STRING "sumo 0.30.0"
| #define PACKAGE_BUGREPORT ""
| #define PACKAGE_URL ""
| #define PACKAGE "sumo"
| #define VERSION "0.30.0"
| #define HAVE_SYS_TYPES_H 1
| #define HAVE_SYS_STAT_H 1
| #define HAVE_STDLIB_H 1
| #define HAVE_STRING_H 1
| #define HAVE_MEMORY_H 1
| #define HAVE_STRINGS_H 1
| #define HAVE_INTTYPES_H 1
| #define HAVE_STDINT_H 1
| #define HAVE_UNISTD_H 1
| #define HAVE_DLFCN_H 1
| #define LT_OBJDIR ".libs/"
| #define POSITION_EPS 0.1
| #define NUMERICAL_EPS 0.001
| #define VERSION_STRING "0.30.0"
| #define XERCES3_SIZE_t XMLSize_t
| #define HAVE_PROJ 1
| #define HAVE_GDAL 1
| #define HAVE_FOX 1
| /* end confdefs.h.  */
| #include <libavformat/version.h>
configure:16577: result: no
configure:16577: checking for libavformat/version.h
configure:16577: result: no
configure:16611: checking for size_t
configure:16611: g++ -c -msse2 -mfpmath=sse -O2 -DNDEBUG   conftest.cpp >&5
configure:16611: $? = 0
configure:16611: g++ -c -msse2 -mfpmath=sse -O2 -DNDEBUG   conftest.cpp >&5
conftest.cpp: In function 'int main()':
conftest.cpp:66:20: error: expected primary-expression before ')' token
 if (sizeof ((size_t)))
                    ^
configure:16611: $? = 1
configure: failed program was:
| /* confdefs.h */
| #define PACKAGE_NAME "sumo"
| #define PACKAGE_TARNAME "sumo"
| #define PACKAGE_VERSION "0.30.0"
| #define PACKAGE_STRING "sumo 0.30.0"
| #define PACKAGE_BUGREPORT ""
| #define PACKAGE_URL ""
| #define PACKAGE "sumo"
| #define VERSION "0.30.0"
| #define HAVE_SYS_TYPES_H 1
| #define HAVE_SYS_STAT_H 1
| #define HAVE_STDLIB_H 1
| #define HAVE_STRING_H 1
| #define HAVE_MEMORY_H 1
| #define HAVE_STRINGS_H 1
| #define HAVE_INTTYPES_H 1
| #define HAVE_STDINT_H 1
| #define HAVE_UNISTD_H 1
| #define HAVE_DLFCN_H 1
| #define LT_OBJDIR ".libs/"
| #define POSITION_EPS 0.1
| #define NUMERICAL_EPS 0.001
| #define VERSION_STRING "0.30.0"
| #define XERCES3_SIZE_t XMLSize_t
| #define HAVE_PROJ 1
| #define HAVE_GDAL 1
| #define HAVE_FOX 1
| #define HAVE_ENABLED "x86_64-unknown-linux-gnu TRACI PROJ GDAL GUI"
| /* end confdefs.h.  */
| #include <stdio.h>
| #ifdef HAVE_SYS_TYPES_H
| # include <sys/types.h>
| #endif
| #ifdef HAVE_SYS_STAT_H
| # include <sys/stat.h>
| #endif
| #ifdef STDC_HEADERS
| # include <stdlib.h>
| # include <stddef.h>
| #else
| # ifdef HAVE_STDLIB_H
| #  include <stdlib.h>
| # endif
| #endif
| #ifdef HAVE_STRING_H
| # if !defined STDC_HEADERS && defined HAVE_MEMORY_H
| #  include <memory.h>
| # endif
| # include <string.h>
| #endif
| #ifdef HAVE_STRINGS_H
| # include <strings.h>
| #endif
| #ifdef HAVE_INTTYPES_H
| # include <inttypes.h>
| #endif
| #ifdef HAVE_STDINT_H
| # include <stdint.h>
| #endif
| #ifdef HAVE_UNISTD_H
| # include <unistd.h>
| #endif
| int
| main ()
| {
| if (sizeof ((size_t)))
| 	    return 0;
|   ;
|   return 0;
| }
configure:16611: result: yes
configure:16624: checking for working alloca.h
configure:16641: g++ -o conftest -msse2 -mfpmath=sse -O2 -DNDEBUG    conftest.cpp  >&5
configure:16641: $? = 0
configure:16649: result: yes
configure:16657: checking for alloca
configure:16694: g++ -o conftest -msse2 -mfpmath=sse -O2 -DNDEBUG    conftest.cpp  >&5
configure:16694: $? = 0
configure:16702: result: yes
configure:16808: checking for ANSI C header files
configure:16912: result: no
configure:16923: checking float.h usability
configure:16923: g++ -c -msse2 -mfpmath=sse -O2 -DNDEBUG   conftest.cpp >&5
configure:16923: $? = 0
configure:16923: result: yes
configure:16923: checking float.h presence
configure:16923: g++ -E  conftest.cpp
configure:16923: $? = 0
configure:16923: result: yes
configure:16923: checking for float.h
configure:16923: result: yes
configure:16923: checking limits.h usability
configure:16923: g++ -c -msse2 -mfpmath=sse -O2 -DNDEBUG   conftest.cpp >&5
configure:16923: $? = 0
configure:16923: result: yes
configure:16923: checking limits.h presence
configure:16923: g++ -E  conftest.cpp
configure:16923: $? = 0
configure:16923: result: yes
configure:16923: checking for limits.h
configure:16923: result: yes
configure:16923: checking malloc.h usability
configure:16923: g++ -c -msse2 -mfpmath=sse -O2 -DNDEBUG   conftest.cpp >&5
configure:16923: $? = 0
configure:16923: result: yes
configure:16923: checking malloc.h presence
configure:16923: g++ -E  conftest.cpp
configure:16923: $? = 0
configure:16923: result: yes
configure:16923: checking for malloc.h
configure:16923: result: yes
configure:16923: checking math.h usability
configure:16923: g++ -c -msse2 -mfpmath=sse -O2 -DNDEBUG   conftest.cpp >&5
configure:16923: $? = 0
configure:16923: result: yes
configure:16923: checking math.h presence
configure:16923: g++ -E  conftest.cpp
configure:16923: $? = 0
configure:16923: result: yes
configure:16923: checking for math.h
configure:16923: result: yes
configure:16923: checking stddef.h usability
configure:16923: g++ -c -msse2 -mfpmath=sse -O2 -DNDEBUG   conftest.cpp >&5
configure:16923: $? = 0
configure:16923: result: yes
configure:16923: checking stddef.h presence
configure:16923: g++ -E  conftest.cpp
configure:16923: $? = 0
configure:16923: result: yes
configure:16923: checking for stddef.h
configure:16923: result: yes
configure:16923: checking for stdlib.h
configure:16923: result: yes
configure:16923: checking for string.h
configure:16923: result: yes
configure:16923: checking sys/time.h usability
configure:16923: g++ -c -msse2 -mfpmath=sse -O2 -DNDEBUG   conftest.cpp >&5
configure:16923: $? = 0
configure:16923: result: yes
configure:16923: checking sys/time.h presence
configure:16923: g++ -E  conftest.cpp
configure:16923: $? = 0
configure:16923: result: yes
configure:16923: checking for sys/time.h
configure:16923: result: yes
configure:16923: checking for unistd.h
configure:16923: result: yes
configure:16923: checking wchar.h usability
configure:16923: g++ -c -msse2 -mfpmath=sse -O2 -DNDEBUG   conftest.cpp >&5
configure:16923: $? = 0
configure:16923: result: yes
configure:16923: checking wchar.h presence
configure:16923: g++ -E  conftest.cpp
configure:16923: $? = 0
configure:16923: result: yes
configure:16923: checking for wchar.h
configure:16923: result: yes
configure:16934: checking for stdbool.h that conforms to C99
configure:17001: g++ -c -msse2 -mfpmath=sse -O2 -DNDEBUG   conftest.cpp >&5
conftest.cpp:45:15: error: expected unqualified-id before string constant
               "error: bool is not defined"
               ^~~~~~~~~~~~~~~~~~~~~~~~~~~~
conftest.cpp:63:48: error: 's' does not name a type
              struct s { _Bool s: 1; _Bool t; } s;
                                                ^
conftest.cpp:73:28: error: 's' was not declared in this scope
              char i[sizeof s.t];
                            ^
conftest.cpp: In function 'int main()':
conftest.cpp:91:24: error: 's' was not declared in this scope
              bool e = &s;
                        ^
conftest.cpp:95:63: error: 'i' was not declared in this scope
              return (!a + !b + !c + !d + !e + !f + !g + !h + !i + !!j + !k + !!l
                                                               ^
configure:17001: $? = 1
configure: failed program was:
| /* confdefs.h */
| #define PACKAGE_NAME "sumo"
| #define PACKAGE_TARNAME "sumo"
| #define PACKAGE_VERSION "0.30.0"
| #define PACKAGE_STRING "sumo 0.30.0"
| #define PACKAGE_BUGREPORT ""
| #define PACKAGE_URL ""
| #define PACKAGE "sumo"
| #define VERSION "0.30.0"
| #define HAVE_SYS_TYPES_H 1
| #define HAVE_SYS_STAT_H 1
| #define HAVE_STDLIB_H 1
| #define HAVE_STRING_H 1
| #define HAVE_MEMORY_H 1
| #define HAVE_STRINGS_H 1
| #define HAVE_INTTYPES_H 1
| #define HAVE_STDINT_H 1
| #define HAVE_UNISTD_H 1
| #define HAVE_DLFCN_H 1
| #define LT_OBJDIR ".libs/"
| #define POSITION_EPS 0.1
| #define NUMERICAL_EPS 0.001
| #define VERSION_STRING "0.30.0"
| #define XERCES3_SIZE_t XMLSize_t
| #define HAVE_PROJ 1
| #define HAVE_GDAL 1
| #define HAVE_FOX 1
| #define HAVE_ENABLED "x86_64-unknown-linux-gnu TRACI PROJ GDAL GUI"
| #define HAVE_ALLOCA_H 1
| #define HAVE_ALLOCA 1
| #define HAVE_FLOAT_H 1
| #define HAVE_LIMITS_H 1
| #define HAVE_MALLOC_H 1
| #define HAVE_MATH_H 1
| #define HAVE_STDDEF_H 1
| #define HAVE_STDLIB_H 1
| #define HAVE_STRING_H 1
| #define HAVE_SYS_TIME_H 1
| #define HAVE_UNISTD_H 1
| #define HAVE_WCHAR_H 1
| /* end confdefs.h.  */
| 
|              #include <stdbool.h>
|              #ifndef bool
|               "error: bool is not defined"
|              #endif
|              #ifndef false
|               "error: false is not defined"
|              #endif
|              #if false
|               "error: false is not 0"
|              #endif
|              #ifndef true
|               "error: true is not defined"
|              #endif
|              #if true != 1
|               "error: true is not 1"
|              #endif
|              #ifndef __bool_true_false_are_defined
|               "error: __bool_true_false_are_defined is not defined"
|              #endif
| 
|              struct s { _Bool s: 1; _Bool t; } s;
| 
|              char a[true == 1 ? 1 : -1];
|              char b[false == 0 ? 1 : -1];
|              char c[__bool_true_false_are_defined == 1 ? 1 : -1];
|              char d[(bool) 0.5 == true ? 1 : -1];
|              /* See body of main program for 'e'.  */
|              char f[(_Bool) 0.0 == false ? 1 : -1];
|              char g[true];
|              char h[sizeof (_Bool)];
|              char i[sizeof s.t];
|              enum { j = false, k = true, l = false * true, m = true * 256 };
|              /* The following fails for
|                 HP aC++/ANSI C B3910B A.05.55 [Dec 04 2003]. */
|              _Bool n[m];
|              char o[sizeof n == m * sizeof n[0] ? 1 : -1];
|              char p[-1 - (_Bool) 0 < 0 && -1 - (bool) 0 < 0 ? 1 : -1];
|              /* Catch a bug in an HP-UX C compiler.  See
|                 http://gcc.gnu.org/ml/gcc-patches/2003-12/msg02303.html
|                 http://lists.gnu.org/archive/html/bug-coreutils/2005-11/msg00161.html
|               */
|              _Bool q = true;
|              _Bool *pq = &q;
| 
| int
| main ()
| {
| 
|              bool e = &s;
|              *pq |= q;
|              *pq |= ! q;
|              /* Refer to every declared value, to avoid compiler optimizations.  */
|              return (!a + !b + !c + !d + !e + !f + !g + !h + !i + !!j + !k + !!l
|                      + !m + !n + !o + !p + !q + !pq);
| 
|   ;
|   return 0;
| }
configure:17008: result: no
configure:17010: checking for _Bool
configure:17010: g++ -c -msse2 -mfpmath=sse -O2 -DNDEBUG   conftest.cpp >&5
conftest.cpp: In function 'int main()':
conftest.cpp:78:13: error: '_Bool' was not declared in this scope
 if (sizeof (_Bool))
             ^~~~~
conftest.cpp:78:13: note: suggested alternative: 'bool'
 if (sizeof (_Bool))
             ^~~~~
             bool
configure:17010: $? = 1
configure: failed program was:
| /* confdefs.h */
| #define PACKAGE_NAME "sumo"
| #define PACKAGE_TARNAME "sumo"
| #define PACKAGE_VERSION "0.30.0"
| #define PACKAGE_STRING "sumo 0.30.0"
| #define PACKAGE_BUGREPORT ""
| #define PACKAGE_URL ""
| #define PACKAGE "sumo"
| #define VERSION "0.30.0"
| #define HAVE_SYS_TYPES_H 1
| #define HAVE_SYS_STAT_H 1
| #define HAVE_STDLIB_H 1
| #define HAVE_STRING_H 1
| #define HAVE_MEMORY_H 1
| #define HAVE_STRINGS_H 1
| #define HAVE_INTTYPES_H 1
| #define HAVE_STDINT_H 1
| #define HAVE_UNISTD_H 1
| #define HAVE_DLFCN_H 1
| #define LT_OBJDIR ".libs/"
| #define POSITION_EPS 0.1
| #define NUMERICAL_EPS 0.001
| #define VERSION_STRING "0.30.0"
| #define XERCES3_SIZE_t XMLSize_t
| #define HAVE_PROJ 1
| #define HAVE_GDAL 1
| #define HAVE_FOX 1
| #define HAVE_ENABLED "x86_64-unknown-linux-gnu TRACI PROJ GDAL GUI"
| #define HAVE_ALLOCA_H 1
| #define HAVE_ALLOCA 1
| #define HAVE_FLOAT_H 1
| #define HAVE_LIMITS_H 1
| #define HAVE_MALLOC_H 1
| #define HAVE_MATH_H 1
| #define HAVE_STDDEF_H 1
| #define HAVE_STDLIB_H 1
| #define HAVE_STRING_H 1
| #define HAVE_SYS_TIME_H 1
| #define HAVE_UNISTD_H 1
| #define HAVE_WCHAR_H 1
| /* end confdefs.h.  */
| #include <stdio.h>
| #ifdef HAVE_SYS_TYPES_H
| # include <sys/types.h>
| #endif
| #ifdef HAVE_SYS_STAT_H
| # include <sys/stat.h>
| #endif
| #ifdef STDC_HEADERS
| # include <stdlib.h>
| # include <stddef.h>
| #else
| # ifdef HAVE_STDLIB_H
| #  include <stdlib.h>
| # endif
| #endif
| #ifdef HAVE_STRING_H
| # if !defined STDC_HEADERS && defined HAVE_MEMORY_H
| #  include <memory.h>
| # endif
| # include <string.h>
| #endif
| #ifdef HAVE_STRINGS_H
| # include <strings.h>
| #endif
| #ifdef HAVE_INTTYPES_H
| # include <inttypes.h>
| #endif
| #ifdef HAVE_STDINT_H
| # include <stdint.h>
| #endif
| #ifdef HAVE_UNISTD_H
| # include <unistd.h>
| #endif
| int
| main ()
| {
| if (sizeof (_Bool))
| 	 return 0;
|   ;
|   return 0;
| }
configure:17010: result: no
configure:17027: checking for an ANSI C-conforming const
configure:17093: g++ -c -msse2 -mfpmath=sse -O2 -DNDEBUG   conftest.cpp >&5
configure:17093: $? = 0
configure:17100: result: yes
configure:17108: checking for inline
configure:17124: g++ -c -msse2 -mfpmath=sse -O2 -DNDEBUG   conftest.cpp >&5
configure:17124: $? = 0
configure:17132: result: inline
configure:17150: checking for size_t
configure:17150: result: yes
configure:17161: checking whether time.h and sys/time.h may both be included
configure:17181: g++ -c -msse2 -mfpmath=sse -O2 -DNDEBUG   conftest.cpp >&5
configure:17181: $? = 0
configure:17188: result: yes
configure:17196: checking whether struct tm is in sys/time.h or time.h
configure:17216: g++ -c -msse2 -mfpmath=sse -O2 -DNDEBUG   conftest.cpp >&5
configure:17216: $? = 0
configure:17223: result: time.h
configure:17231: checking for working volatile
configure:17250: g++ -c -msse2 -mfpmath=sse -O2 -DNDEBUG   conftest.cpp >&5
configure:17250: $? = 0
configure:17257: result: yes
configure:17266: checking for error_at_line
configure:17282: g++ -o conftest -msse2 -mfpmath=sse -O2 -DNDEBUG    conftest.cpp  >&5
configure:17282: $? = 0
configure:17290: result: yes
configure:17304: checking sys/select.h usability
configure:17304: g++ -c -msse2 -mfpmath=sse -O2 -DNDEBUG   conftest.cpp >&5
configure:17304: $? = 0
configure:17304: result: yes
configure:17304: checking sys/select.h presence
configure:17304: g++ -E  conftest.cpp
configure:17304: $? = 0
configure:17304: result: yes
configure:17304: checking for sys/select.h
configure:17304: result: yes
configure:17304: checking sys/socket.h usability
configure:17304: g++ -c -msse2 -mfpmath=sse -O2 -DNDEBUG   conftest.cpp >&5
configure:17304: $? = 0
configure:17304: result: yes
configure:17304: checking sys/socket.h presence
configure:17304: g++ -E  conftest.cpp
configure:17304: $? = 0
configure:17304: result: yes
configure:17304: checking for sys/socket.h
configure:17304: result: yes
configure:17314: checking types of arguments for select
configure:17342: g++ -c -msse2 -mfpmath=sse -O2 -DNDEBUG   conftest.cpp >&5
configure:17342: $? = 0
configure:17353: result: int,fd_set *,struct timeval *
configure:17376: checking return type of signal handlers
configure:17394: g++ -c -msse2 -mfpmath=sse -O2 -DNDEBUG   conftest.cpp >&5
conftest.cpp: In function 'int main()':
conftest.cpp:54:25: error: void value not ignored as it ought to be
 return *(signal (0, 0)) (0) == 1;
         ~~~~~~~~~~~~~~~~^~~
configure:17394: $? = 1
configure: failed program was:
| /* confdefs.h */
| #define PACKAGE_NAME "sumo"
| #define PACKAGE_TARNAME "sumo"
| #define PACKAGE_VERSION "0.30.0"
| #define PACKAGE_STRING "sumo 0.30.0"
| #define PACKAGE_BUGREPORT ""
| #define PACKAGE_URL ""
| #define PACKAGE "sumo"
| #define VERSION "0.30.0"
| #define HAVE_SYS_TYPES_H 1
| #define HAVE_SYS_STAT_H 1
| #define HAVE_STDLIB_H 1
| #define HAVE_STRING_H 1
| #define HAVE_MEMORY_H 1
| #define HAVE_STRINGS_H 1
| #define HAVE_INTTYPES_H 1
| #define HAVE_STDINT_H 1
| #define HAVE_UNISTD_H 1
| #define HAVE_DLFCN_H 1
| #define LT_OBJDIR ".libs/"
| #define POSITION_EPS 0.1
| #define NUMERICAL_EPS 0.001
| #define VERSION_STRING "0.30.0"
| #define XERCES3_SIZE_t XMLSize_t
| #define HAVE_PROJ 1
| #define HAVE_GDAL 1
| #define HAVE_FOX 1
| #define HAVE_ENABLED "x86_64-unknown-linux-gnu TRACI PROJ GDAL GUI"
| #define HAVE_ALLOCA_H 1
| #define HAVE_ALLOCA 1
| #define HAVE_FLOAT_H 1
| #define HAVE_LIMITS_H 1
| #define HAVE_MALLOC_H 1
| #define HAVE_MATH_H 1
| #define HAVE_STDDEF_H 1
| #define HAVE_STDLIB_H 1
| #define HAVE_STRING_H 1
| #define HAVE_SYS_TIME_H 1
| #define HAVE_UNISTD_H 1
| #define HAVE_WCHAR_H 1
| #define TIME_WITH_SYS_TIME 1
| #define HAVE_SYS_SELECT_H 1
| #define HAVE_SYS_SOCKET_H 1
| #define SELECT_TYPE_ARG1 int
| #define SELECT_TYPE_ARG234 (fd_set *)
| #define SELECT_TYPE_ARG5 (struct timeval *)
| /* end confdefs.h.  */
| #include <sys/types.h>
| #include <signal.h>
| 
| int
| main ()
| {
| return *(signal (0, 0)) (0) == 1;
|   ;
|   return 0;
| }
configure:17401: result: void
configure:17409: checking whether lstat correctly handles trailing slash
configure:17435: g++ -o conftest -msse2 -mfpmath=sse -O2 -DNDEBUG    conftest.cpp  >&5
configure:17435: $? = 0
configure:17435: ./conftest
configure:17435: $? = 0
configure:17452: result: yes
configure:17471: checking whether stat accepts an empty string
configure:17491: g++ -o conftest -msse2 -mfpmath=sse -O2 -DNDEBUG    conftest.cpp  >&5
configure:17491: $? = 0
configure:17491: ./conftest
configure:17491: $? = 0
configure:17501: result: no
configure:17520: checking for floor
configure:17520: g++ -o conftest -msse2 -mfpmath=sse -O2 -DNDEBUG    conftest.cpp  >&5
conftest.cpp:73:6: warning: declaration of 'char floor()' conflicts with built-in declaration 'double floor(double)' [-Wbuiltin-declaration-mismatch]
 char floor ();
      ^~~~~
configure:17520: $? = 0
configure:17520: result: yes
configure:17520: checking for getcwd
configure:17520: g++ -o conftest -msse2 -mfpmath=sse -O2 -DNDEBUG    conftest.cpp  >&5
configure:17520: $? = 0
configure:17520: result: yes
configure:17520: checking for gettimeofday
configure:17520: g++ -o conftest -msse2 -mfpmath=sse -O2 -DNDEBUG    conftest.cpp  >&5
configure:17520: $? = 0
configure:17520: result: yes
configure:17520: checking for memset
configure:17520: g++ -o conftest -msse2 -mfpmath=sse -O2 -DNDEBUG    conftest.cpp  >&5
conftest.cpp:76:6: warning: declaration of 'char memset()' conflicts with built-in declaration 'void* memset(void*, int, long unsigned int)' [-Wbuiltin-declaration-mismatch]
 char memset ();
      ^~~~~~
configure:17520: $? = 0
configure:17520: result: yes
configure:17520: checking for pow
configure:17520: g++ -o conftest -msse2 -mfpmath=sse -O2 -DNDEBUG    conftest.cpp  >&5
conftest.cpp:77:6: warning: declaration of 'char pow()' conflicts with built-in declaration 'double pow(double, double)' [-Wbuiltin-declaration-mismatch]
 char pow ();
      ^~~
configure:17520: $? = 0
configure:17520: result: yes
configure:17520: checking for select
configure:17520: g++ -o conftest -msse2 -mfpmath=sse -O2 -DNDEBUG    conftest.cpp  >&5
configure:17520: $? = 0
configure:17520: result: yes
configure:17520: checking for socket
configure:17520: g++ -o conftest -msse2 -mfpmath=sse -O2 -DNDEBUG    conftest.cpp  >&5
configure:17520: $? = 0
configure:17520: result: yes
configure:17520: checking for sqrt
configure:17520: g++ -o conftest -msse2 -mfpmath=sse -O2 -DNDEBUG    conftest.cpp  >&5
conftest.cpp:80:6: warning: declaration of 'char sqrt()' conflicts with built-in declaration 'double sqrt(double)' [-Wbuiltin-declaration-mismatch]
 char sqrt ();
      ^~~~
configure:17520: $? = 0
configure:17520: result: yes
configure:17642: checking that generated files are newer than configure
configure:17648: result: done
configure:17691: creating ./config.status

## ---------------------- ##
## Running config.status. ##
## ---------------------- ##

This file was extended by sumo config.status 0.30.0, which was
generated by GNU Autoconf 2.69.  Invocation command line was

  CONFIG_FILES    = 
  CONFIG_HEADERS  = 
  CONFIG_LINKS    = 
  CONFIG_COMMANDS = 
  $ ./config.status 

on Mi-Notebook-Pro

config.status:1292: creating src/Makefile
config.status:1292: creating src/activitygen/Makefile
config.status:1292: creating src/activitygen/activities/Makefile
config.status:1292: creating src/activitygen/city/Makefile
config.status:1292: creating src/foreign/Makefile
config.status:1292: creating src/foreign/eulerspiral/Makefile
config.status:1292: creating src/foreign/gl2ps/Makefile
config.status:1292: creating src/foreign/mersenne/Makefile
config.status:1292: creating src/foreign/PHEMlight/Makefile
config.status:1292: creating src/foreign/PHEMlight/cpp/Makefile
config.status:1292: creating src/foreign/polyfonts/Makefile
config.status:1292: creating src/foreign/rtree/Makefile
config.status:1292: creating src/foreign/tcpip/Makefile
config.status:1292: creating src/gui/Makefile
config.status:1292: creating src/gui/dialogs/Makefile
config.status:1292: creating src/guinetload/Makefile
config.status:1292: creating src/guisim/Makefile
config.status:1292: creating src/microsim/Makefile
config.status:1292: creating src/microsim/actions/Makefile
config.status:1292: creating src/microsim/cfmodels/Makefile
config.status:1292: creating src/microsim/devices/Makefile
config.status:1292: creating src/microsim/lcmodels/Makefile
config.status:1292: creating src/microsim/logging/Makefile
config.status:1292: creating src/microsim/output/Makefile
config.status:1292: creating src/microsim/pedestrians/Makefile
config.status:1292: creating src/microsim/traffic_lights/Makefile
config.status:1292: creating src/microsim/trigger/Makefile
config.status:1292: creating src/marouter/Makefile
config.status:1292: creating src/netbuild/Makefile
config.status:1292: creating src/netedit/Makefile
config.status:1292: creating src/mesogui/Makefile
config.status:1292: creating src/mesosim/Makefile
config.status:1292: creating src/osgview/Makefile
config.status:1292: creating src/netgen/Makefile
config.status:1292: creating src/netimport/Makefile
config.status:1292: creating src/netimport/vissim/Makefile
config.status:1292: creating src/netimport/vissim/tempstructs/Makefile
config.status:1292: creating src/netimport/vissim/typeloader/Makefile
config.status:1292: creating src/netload/Makefile
config.status:1292: creating src/netwrite/Makefile
config.status:1292: creating src/od/Makefile
config.status:1292: creating src/polyconvert/Makefile
config.status:1292: creating src/router/Makefile
config.status:1292: creating src/dfrouter/Makefile
config.status:1292: creating src/duarouter/Makefile
config.status:1292: creating src/jtrrouter/Makefile
config.status:1292: creating src/tools/Makefile
config.status:1292: creating src/traci_testclient/Makefile
config.status:1292: creating src/traci-server/Makefile
config.status:1292: creating src/traci-server/lib/Makefile
config.status:1292: creating src/utils/Makefile
config.status:1292: creating src/utils/common/Makefile
config.status:1292: creating src/utils/distribution/Makefile
config.status:1292: creating src/utils/emissions/Makefile
config.status:1292: creating src/utils/foxtools/Makefile
config.status:1292: creating src/utils/geom/Makefile
config.status:1292: creating src/utils/gui/Makefile
config.status:1292: creating src/utils/gui/div/Makefile
config.status:1292: creating src/utils/gui/events/Makefile
config.status:1292: creating src/utils/gui/globjects/Makefile
config.status:1292: creating src/utils/gui/images/Makefile
config.status:1292: creating src/utils/gui/settings/Makefile
config.status:1292: creating src/utils/gui/tracker/Makefile
config.status:1292: creating src/utils/gui/windows/Makefile
config.status:1292: creating src/utils/importio/Makefile
config.status:1292: creating src/utils/iodevices/Makefile
config.status:1292: creating src/utils/options/Makefile
config.status:1292: creating src/utils/shapes/Makefile
config.status:1292: creating src/utils/traci/Makefile
config.status:1292: creating src/utils/vehicle/Makefile
config.status:1292: creating src/utils/xml/Makefile
config.status:1292: creating unittest/Makefile
config.status:1292: creating unittest/src/Makefile
config.status:1292: creating unittest/src/microsim/Makefile
config.status:1292: creating unittest/src/netbuild/Makefile
config.status:1292: creating unittest/src/utils/Makefile
config.status:1292: creating unittest/src/utils/common/Makefile
config.status:1292: creating unittest/src/utils/foxtools/Makefile
config.status:1292: creating unittest/src/utils/geom/Makefile
config.status:1292: creating unittest/src/utils/iodevices/Makefile
config.status:1292: creating bin/Makefile
config.status:1292: creating Makefile
config.status:1292: creating src/config.h
config.status:1473: src/config.h is unchanged
config.status:1521: executing depfiles commands
config.status:1521: executing libtool commands
configure:20263: result: 
configure:20265: result: Optional features summary
configure:20267: result: -------------------------
configure:20269: result: Enabled: TRACI PROJ GDAL GUI
configure:20271: result: Disabled: Debug Profiling Coverage PIC UnitTests Python OSG ffmpeg

## ---------------- ##
## Cache variables. ##
## ---------------- ##

ac_cv_build=x86_64-unknown-linux-gnu
ac_cv_c_compiler_gnu=yes
ac_cv_c_const=yes
ac_cv_c_inline=inline
ac_cv_c_volatile=yes
ac_cv_cxx_compiler_gnu=yes
ac_cv_env_CCC_set=
ac_cv_env_CCC_value=
ac_cv_env_CC_set=
ac_cv_env_CC_value=
ac_cv_env_CFLAGS_set=
ac_cv_env_CFLAGS_value=
ac_cv_env_CPPFLAGS_set=
ac_cv_env_CPPFLAGS_value=
ac_cv_env_CPP_set=
ac_cv_env_CPP_value=
ac_cv_env_CXXCPP_set=
ac_cv_env_CXXCPP_value=
ac_cv_env_CXXFLAGS_set=
ac_cv_env_CXXFLAGS_value=
ac_cv_env_CXX_set=
ac_cv_env_CXX_value=
ac_cv_env_LDFLAGS_set=
ac_cv_env_LDFLAGS_value=
ac_cv_env_LIBS_set=
ac_cv_env_LIBS_value=
ac_cv_env_PKG_CONFIG_LIBDIR_set=
ac_cv_env_PKG_CONFIG_LIBDIR_value=
ac_cv_env_PKG_CONFIG_PATH_set=
ac_cv_env_PKG_CONFIG_PATH_value=
ac_cv_env_PKG_CONFIG_set=
ac_cv_env_PKG_CONFIG_value=
ac_cv_env_XERCES_CFLAGS_set=
ac_cv_env_XERCES_CFLAGS_value=
ac_cv_env_XERCES_LIBS_set=
ac_cv_env_XERCES_LIBS_value=
ac_cv_env_build_alias_set=
ac_cv_env_build_alias_value=
ac_cv_env_host_alias_set=
ac_cv_env_host_alias_value=
ac_cv_env_target_alias_set=
ac_cv_env_target_alias_value=
ac_cv_func_alloca_works=yes
ac_cv_func_floor=yes
ac_cv_func_getcwd=yes
ac_cv_func_gettimeofday=yes
ac_cv_func_lstat_dereferences_slashed_symlink=yes
ac_cv_func_memset=yes
ac_cv_func_pow=yes
ac_cv_func_select=yes
ac_cv_func_select_args='int,fd_set *,struct timeval *'
ac_cv_func_socket=yes
ac_cv_func_sqrt=yes
ac_cv_func_stat_empty_string_bug=no
ac_cv_header_dlfcn_h=yes
ac_cv_header_float_h=yes
ac_cv_header_fxver_h=yes
ac_cv_header_inttypes_h=yes
ac_cv_header_libavformat_version_h=no
ac_cv_header_limits_h=yes
ac_cv_header_malloc_h=yes
ac_cv_header_math_h=yes
ac_cv_header_memory_h=yes
ac_cv_header_ogr_api_h=yes
ac_cv_header_proj_api_h=yes
ac_cv_header_stdbool_h=no
ac_cv_header_stdc=no
ac_cv_header_stddef_h=yes
ac_cv_header_stdint_h=yes
ac_cv_header_stdlib_h=yes
ac_cv_header_string_h=yes
ac_cv_header_strings_h=yes
ac_cv_header_sys_select_h=yes
ac_cv_header_sys_socket_h=yes
ac_cv_header_sys_stat_h=yes
ac_cv_header_sys_time_h=yes
ac_cv_header_sys_types_h=yes
ac_cv_header_time=yes
ac_cv_header_unistd_h=yes
ac_cv_header_wchar_h=yes
ac_cv_header_xercesc_util_XercesVersion_hpp=yes
ac_cv_host=x86_64-unknown-linux-gnu
ac_cv_lib_error_at_line=yes
ac_cv_lib_proj_main=yes
ac_cv_lib_xerces_c___main=yes
ac_cv_objext=o
ac_cv_path_EGREP='/bin/grep -E'
ac_cv_path_FGREP='/bin/grep -F'
ac_cv_path_FOX_CONFIG=/usr/bin/fox-config
ac_cv_path_GDAL_CONFIG=/usr/bin/gdal-config
ac_cv_path_GREP=/bin/grep
ac_cv_path_SED=/bin/sed
ac_cv_path_ac_pt_PKG_CONFIG=/usr/bin/pkg-config
ac_cv_path_install='/usr/bin/install -c'
ac_cv_path_mkdir=/bin/mkdir
ac_cv_prog_AWK=gawk
ac_cv_prog_CPP='gcc -E'
ac_cv_prog_CXXCPP='g++ -E'
ac_cv_prog_ac_ct_AR=ar
ac_cv_prog_ac_ct_CC=gcc
ac_cv_prog_ac_ct_CXX=g++
ac_cv_prog_ac_ct_MANIFEST_TOOL=mt
ac_cv_prog_ac_ct_OBJDUMP=objdump
ac_cv_prog_ac_ct_RANLIB=ranlib
ac_cv_prog_ac_ct_STRIP=strip
ac_cv_prog_cc_c89=
ac_cv_prog_cc_g=yes
ac_cv_prog_cxx_g=yes
ac_cv_prog_make_make_set=yes
ac_cv_struct_tm=time.h
ac_cv_target=x86_64-unknown-linux-gnu
ac_cv_type__Bool=no
ac_cv_type_signal=void
ac_cv_type_size_t=yes
ac_cv_working_alloca_h=yes
am_cv_CC_dependencies_compiler_type=gcc3
am_cv_CXX_dependencies_compiler_type=gcc3
am_cv_make_support_nested_variables=yes
am_cv_prog_tar_ustar=gnutar
lt_cv_ar_at_file=@
lt_cv_archive_cmds_need_lc=no
lt_cv_deplibs_check_method=pass_all
lt_cv_file_magic_cmd='$MAGIC_CMD'
lt_cv_file_magic_test_file=
lt_cv_ld_reload_flag=-r
lt_cv_nm_interface='BSD nm'
lt_cv_objdir=.libs
lt_cv_path_LD=/usr/bin/ld
lt_cv_path_LDCXX='/usr/bin/ld -m elf_x86_64'
lt_cv_path_NM='/usr/bin/nm -B'
lt_cv_path_mainfest_tool=no
lt_cv_prog_compiler_c_o=yes
lt_cv_prog_compiler_c_o_CXX=yes
lt_cv_prog_compiler_pic='-fPIC -DPIC'
lt_cv_prog_compiler_pic_CXX='-fPIC -DPIC'
lt_cv_prog_compiler_pic_works=yes
lt_cv_prog_compiler_pic_works_CXX=yes
lt_cv_prog_compiler_rtti_exceptions=no
lt_cv_prog_compiler_static_works=yes
lt_cv_prog_compiler_static_works_CXX=yes
lt_cv_prog_gnu_ld=yes
lt_cv_prog_gnu_ldcxx=yes
lt_cv_sharedlib_from_linklib_cmd='printf %s\n'
lt_cv_shlibpath_overrides_runpath=yes
lt_cv_sys_global_symbol_pipe='sed -n -e '\''s/^.*[	 ]\([ABCDGIRSTW][ABCDGIRSTW]*\)[	 ][	 ]*\([_A-Za-z][_A-Za-z0-9]*\)$/\1 \2 \2/p'\'' | sed '\''/ __gnu_lto/d'\'''
lt_cv_sys_global_symbol_to_c_name_address='sed -n -e '\''s/^: \([^ ]*\)[ ]*$/  {\"\1\", (void *) 0},/p'\'' -e '\''s/^[ABCDGIRSTW]* \([^ ]*\) \([^ ]*\)$/  {"\2", (void *) \&\2},/p'\'''
lt_cv_sys_global_symbol_to_c_name_address_lib_prefix='sed -n -e '\''s/^: \([^ ]*\)[ ]*$/  {\"\1\", (void *) 0},/p'\'' -e '\''s/^[ABCDGIRSTW]* \([^ ]*\) \(lib[^ ]*\)$/  {"\2", (void *) \&\2},/p'\'' -e '\''s/^[ABCDGIRSTW]* \([^ ]*\) \([^ ]*\)$/  {"lib\2", (void *) \&\2},/p'\'''
lt_cv_sys_global_symbol_to_cdecl='sed -n -e '\''s/^T .* \(.*\)$/extern int \1();/p'\'' -e '\''s/^[ABCDGIRSTW]* .* \(.*\)$/extern char \1;/p'\'''
lt_cv_sys_max_cmd_len=1572864
lt_cv_to_host_file_cmd=func_convert_file_noop
lt_cv_to_tool_file_cmd=func_convert_file_noop
pkg_cv_XERCES_CFLAGS=
pkg_cv_XERCES_LIBS=-lxerces-c

## ----------------- ##
## Output variables. ##
## ----------------- ##

ACLOCAL='${SHELL} /home/jordan/Downloads/sumo-0.30.0/missing aclocal-1.13'
ALLOCA=''
AMDEPBACKSLASH='\'
AMDEP_FALSE='#'
AMDEP_TRUE=''
AMTAR='$${TAR-tar}'
AM_BACKSLASH='\'
AM_CPPFLAGS='-I/home/jordan/Downloads/sumo-0.30.0/./src -I/usr/include/fox-1.6 -I/usr/include/gdal  -I/usr/local/include -I/usr/include '
AM_CXXFLAGS=''
AM_DEFAULT_V='$(AM_DEFAULT_VERBOSITY)'
AM_DEFAULT_VERBOSITY='1'
AM_V='$(V)'
AR='ar'
AUTOCONF='${SHELL} /home/jordan/Downloads/sumo-0.30.0/missing autoconf'
AUTOHEADER='${SHELL} /home/jordan/Downloads/sumo-0.30.0/missing autoheader'
AUTOMAKE='${SHELL} /home/jordan/Downloads/sumo-0.30.0/missing automake-1.13'
AWK='gawk'
CC='gcc'
CCDEPMODE='depmode=gcc3'
CFLAGS='-g -O2'
CPP='gcc -E'
CPPFLAGS=''
CXX='g++'
CXXCPP='g++ -E'
CXXDEPMODE='depmode=gcc3'
CXXFLAGS='-msse2 -mfpmath=sse -O2 -DNDEBUG '
CYGPATH_W='echo'
DEFS='-DHAVE_CONFIG_H'
DEPDIR='.deps'
DLLTOOL='false'
DSYMUTIL=''
DUMPBIN=''
ECHO_C=''
ECHO_N='-n'
ECHO_T=''
EGREP='/bin/grep -E'
EXEEXT=''
FFMPEG_LIBS=''
FGREP='/bin/grep -F'
FOX_CONFIG='/usr/bin/fox-config'
FOX_LDFLAGS='-L/usr/lib/x86_64-linux-gnu -lFOX-1.6 -lX11 -lXext -lfreetype -lfontconfig -lXft -lXcursor -lfreetype -lfontconfig -lfreetype -lGL -lGLU -ldl -lpthread -lrt -ljpeg -lpng -ltiff -lz -lGLU -lGL'
GDAL_CONFIG='/usr/bin/gdal-config'
GDAL_LDFLAGS='-L/usr/lib -lgdal'
GREP='/bin/grep'
GTEST_CONFIG=''
GTEST_LDFLAGS=''
INSTALL_DATA='${INSTALL} -m 644'
INSTALL_PROGRAM='${INSTALL}'
INSTALL_SCRIPT='${INSTALL}'
INSTALL_STRIP_PROGRAM='$(install_sh) -c -s'
LD='/usr/bin/ld -m elf_x86_64'
LDFLAGS=''
LIBOBJS=''
LIBS=''
LIBTOOL='$(SHELL) $(top_builddir)/libtool'
LIB_XERCES='xerces-c'
LIPO=''
LN_S='ln -s'
LTLIBOBJS=''
MAKEINFO='${SHELL} /home/jordan/Downloads/sumo-0.30.0/missing makeinfo'
MANIFEST_TOOL=':'
MKDIR_P='/bin/mkdir -p'
NM='/usr/bin/nm -B'
NMEDIT=''
OBJDUMP='objdump'
OBJEXT='o'
OSG_LIBS=''
OTOOL64=''
OTOOL=''
PACKAGE='sumo'
PACKAGE_BUGREPORT=''
PACKAGE_NAME='sumo'
PACKAGE_STRING='sumo 0.30.0'
PACKAGE_TARNAME='sumo'
PACKAGE_URL=''
PACKAGE_VERSION='0.30.0'
PATH_SEPARATOR=':'
PKG_CONFIG='/usr/bin/pkg-config'
PKG_CONFIG_LIBDIR=''
PKG_CONFIG_PATH=''
PROJ_LDFLAGS='-lproj'
PYTHON_LIBS=''
RANLIB='ranlib'
SED='/bin/sed'
SET_MAKE=''
SHELL='/bin/bash'
STRIP='strip'
TRACI_FALSE='#'
TRACI_TRUE=''
VERSION='0.30.0'
WITH_GTEST_FALSE=''
WITH_GTEST_TRUE='#'
WITH_GUI_FALSE='#'
WITH_GUI_TRUE=''
WITH_VERSION_H_FALSE=''
WITH_VERSION_H_TRUE='#'
XERCES_CFLAGS=''
XERCES_LDFLAGS=''
XERCES_LIBS='-lxerces-c'
ac_ct_AR='ar'
ac_ct_CC='gcc'
ac_ct_CXX='g++'
ac_ct_DUMPBIN=''
am__EXEEXT_FALSE=''
am__EXEEXT_TRUE='#'
am__fastdepCC_FALSE='#'
am__fastdepCC_TRUE=''
am__fastdepCXX_FALSE='#'
am__fastdepCXX_TRUE=''
am__include='include'
am__isrc=''
am__leading_dot='.'
am__nodep='_no'
am__quote=''
am__tar='tar --format=ustar -chf - "$$tardir"'
am__untar='tar -xf -'
bindir='${exec_prefix}/bin'
build='x86_64-unknown-linux-gnu'
build_alias=''
build_cpu='x86_64'
build_os='linux-gnu'
build_vendor='unknown'
datadir='${datarootdir}'
datarootdir='${prefix}/share'
docdir='${datarootdir}/doc/${PACKAGE_TARNAME}'
dvidir='${docdir}'
exec_prefix='${prefix}'
host='x86_64-unknown-linux-gnu'
host_alias=''
host_cpu='x86_64'
host_os='linux-gnu'
host_vendor='unknown'
htmldir='${docdir}'
includedir='${prefix}/include'
infodir='${datarootdir}/info'
install_sh='${SHELL} /home/jordan/Downloads/sumo-0.30.0/install-sh'
libdir='${exec_prefix}/lib'
libexecdir='${exec_prefix}/libexec'
localedir='${datarootdir}/locale'
localstatedir='${prefix}/var'
mandir='${datarootdir}/man'
mkdir_p='$(MKDIR_P)'
oldincludedir='/usr/include'
pdfdir='${docdir}'
prefix='/home/jordan/Downloads/sumo-0.30.0/bin'
program_transform_name='s,x,x,'
psdir='${docdir}'
sbindir='${exec_prefix}/sbin'
sharedstatedir='${prefix}/com'
sysconfdir='${prefix}/etc'
target='x86_64-unknown-linux-gnu'
target_alias=''
target_cpu='x86_64'
target_os='linux-gnu'
target_vendor='unknown'

## ----------- ##
## confdefs.h. ##
## ----------- ##

/* confdefs.h */
#define PACKAGE_NAME "sumo"
#define PACKAGE_TARNAME "sumo"
#define PACKAGE_VERSION "0.30.0"
#define PACKAGE_STRING "sumo 0.30.0"
#define PACKAGE_BUGREPORT ""
#define PACKAGE_URL ""
#define PACKAGE "sumo"
#define VERSION "0.30.0"
#define HAVE_SYS_TYPES_H 1
#define HAVE_SYS_STAT_H 1
#define HAVE_STDLIB_H 1
#define HAVE_STRING_H 1
#define HAVE_MEMORY_H 1
#define HAVE_STRINGS_H 1
#define HAVE_INTTYPES_H 1
#define HAVE_STDINT_H 1
#define HAVE_UNISTD_H 1
#define HAVE_DLFCN_H 1
#define LT_OBJDIR ".libs/"
#define POSITION_EPS 0.1
#define NUMERICAL_EPS 0.001
#define VERSION_STRING "0.30.0"
#define XERCES3_SIZE_t XMLSize_t
#define HAVE_PROJ 1
#define HAVE_GDAL 1
#define HAVE_FOX 1
#define HAVE_ENABLED "x86_64-unknown-linux-gnu TRACI PROJ GDAL GUI"
#define HAVE_ALLOCA_H 1
#define HAVE_ALLOCA 1
#define HAVE_FLOAT_H 1
#define HAVE_LIMITS_H 1
#define HAVE_MALLOC_H 1
#define HAVE_MATH_H 1
#define HAVE_STDDEF_H 1
#define HAVE_STDLIB_H 1
#define HAVE_STRING_H 1
#define HAVE_SYS_TIME_H 1
#define HAVE_UNISTD_H 1
#define HAVE_WCHAR_H 1
#define TIME_WITH_SYS_TIME 1
#define HAVE_SYS_SELECT_H 1
#define HAVE_SYS_SOCKET_H 1
#define SELECT_TYPE_ARG1 int
#define SELECT_TYPE_ARG234 (fd_set *)
#define SELECT_TYPE_ARG5 (struct timeval *)
#define RETSIGTYPE void
#define LSTAT_FOLLOWS_SLASHED_SYMLINK 1
#define HAVE_FLOOR 1
#define HAVE_GETCWD 1
#define HAVE_GETTIMEOFDAY 1
#define HAVE_MEMSET 1
#define HAVE_POW 1
#define HAVE_SELECT 1
#define HAVE_SOCKET 1
#define HAVE_SQRT 1

configure: exit 0
